[0.759s] Invoking command in '/home/wade/ros2_ws/src/robot_math': PYTHONPATH=/home/wade/ros2_ws/build/robot_math/prefix_override:/usr/lib/python3/dist-packages/colcon_core/task/python/colcon_distutils_commands:/home/wade/ros2_ws/install/robot_math/lib/python3.10/site-packages:${PYTHONPATH} /usr/bin/python3 -W ignore:setup.py install is deprecated -W ignore:easy_install command is deprecated setup.py egg_info --egg-base ../../build/robot_math build --build-base /home/wade/ros2_ws/build/robot_math/build install --record /home/wade/ros2_ws/build/robot_math/install.log --single-version-externally-managed install_data
[0.901s] running egg_info
[0.902s] writing ../../build/robot_math/robot_math.egg-info/PKG-INFO
[0.902s] writing dependency_links to ../../build/robot_math/robot_math.egg-info/dependency_links.txt
[0.902s] writing entry points to ../../build/robot_math/robot_math.egg-info/entry_points.txt
[0.902s] writing requirements to ../../build/robot_math/robot_math.egg-info/requires.txt
[0.902s] writing top-level names to ../../build/robot_math/robot_math.egg-info/top_level.txt
[0.903s] reading manifest file '../../build/robot_math/robot_math.egg-info/SOURCES.txt'
[0.904s] adding license file 'LICENSE'
[0.904s] writing manifest file '../../build/robot_math/robot_math.egg-info/SOURCES.txt'
[0.904s] running build
[0.904s] running build_py
[0.904s] running install
[0.905s] running install_lib
[0.906s] byte-compiling /home/wade/ros2_ws/install/robot_math/lib/python3.10/site-packages/robot_math/gtg.py to gtg.cpython-310.pyc
[0.906s] running install_data
[0.906s] Sorry: IndentationError: unindent does not match any outer indentation level (gtg.py, line 14)
[0.906s] running install_egg_info
[0.907s] removing '/home/wade/ros2_ws/install/robot_math/lib/python3.10/site-packages/robot_math-0.0.0-py3.10.egg-info' (and everything under it)
[0.908s] Copying ../../build/robot_math/robot_math.egg-info to /home/wade/ros2_ws/install/robot_math/lib/python3.10/site-packages/robot_math-0.0.0-py3.10.egg-info
[0.908s] running install_scripts
[0.923s] Installing circle_motion_node script to /home/wade/ros2_ws/install/robot_math/lib/robot_math
[0.923s] Installing go_To_Goal_node script to /home/wade/ros2_ws/install/robot_math/lib/robot_math
[0.923s] writing list of installed files to '/home/wade/ros2_ws/build/robot_math/install.log'
[0.945s] Invoked command in '/home/wade/ros2_ws/src/robot_math' returned '0': PYTHONPATH=/home/wade/ros2_ws/build/robot_math/prefix_override:/usr/lib/python3/dist-packages/colcon_core/task/python/colcon_distutils_commands:/home/wade/ros2_ws/install/robot_math/lib/python3.10/site-packages:${PYTHONPATH} /usr/bin/python3 -W ignore:setup.py install is deprecated -W ignore:easy_install command is deprecated setup.py egg_info --egg-base ../../build/robot_math build --build-base /home/wade/ros2_ws/build/robot_math/build install --record /home/wade/ros2_ws/build/robot_math/install.log --single-version-externally-managed install_data
