[0.548s] Invoking command in '/home/wade/ros2_ws/src/py_srvcli': AMENT_PREFIX_PATH=/home/wade/ros2_ws/install/tutorial_interfaces:${AMENT_PREFIX_PATH} CMAKE_PREFIX_PATH=/home/wade/ros2_ws/install/tutorial_interfaces LD_LIBRARY_PATH=/home/wade/ros2_ws/install/tutorial_interfaces/lib:${LD_LIBRARY_PATH} PYTHONPATH=/home/wade/ros2_ws/build/py_srvcli/prefix_override:/usr/lib/python3/dist-packages/colcon_core/task/python/colcon_distutils_commands:/home/wade/ros2_ws/install/py_srvcli/lib/python3.10/site-packages:/home/wade/ros2_ws/install/tutorial_interfaces/local/lib/python3.10/dist-packages:${PYTHONPATH} /usr/bin/python3 -W ignore:setup.py install is deprecated -W ignore:easy_install command is deprecated setup.py egg_info --egg-base ../../build/py_srvcli build --build-base /home/wade/ros2_ws/build/py_srvcli/build install --record /home/wade/ros2_ws/build/py_srvcli/install.log --single-version-externally-managed install_data
[0.682s] running egg_info
[0.682s] writing ../../build/py_srvcli/py_srvcli.egg-info/PKG-INFO
[0.683s] writing dependency_links to ../../build/py_srvcli/py_srvcli.egg-info/dependency_links.txt
[0.683s] writing entry points to ../../build/py_srvcli/py_srvcli.egg-info/entry_points.txt
[0.683s] writing requirements to ../../build/py_srvcli/py_srvcli.egg-info/requires.txt
[0.683s] writing top-level names to ../../build/py_srvcli/py_srvcli.egg-info/top_level.txt
[0.684s] reading manifest file '../../build/py_srvcli/py_srvcli.egg-info/SOURCES.txt'
[0.684s] adding license file 'LICENSE'
[0.684s] writing manifest file '../../build/py_srvcli/py_srvcli.egg-info/SOURCES.txt'
[0.684s] running build
[0.684s] running build_py
[0.685s] running install
[0.685s] running install_lib
[0.686s] running install_data
[0.686s] running install_egg_info
[0.687s] removing '/home/wade/ros2_ws/install/py_srvcli/lib/python3.10/site-packages/py_srvcli-0.0.0-py3.10.egg-info' (and everything under it)
[0.687s] Copying ../../build/py_srvcli/py_srvcli.egg-info to /home/wade/ros2_ws/install/py_srvcli/lib/python3.10/site-packages/py_srvcli-0.0.0-py3.10.egg-info
[0.688s] running install_scripts
[0.700s] Installing client script to /home/wade/ros2_ws/install/py_srvcli/lib/py_srvcli
[0.700s] Installing service script to /home/wade/ros2_ws/install/py_srvcli/lib/py_srvcli
[0.701s] writing list of installed files to '/home/wade/ros2_ws/build/py_srvcli/install.log'
[0.719s] Invoked command in '/home/wade/ros2_ws/src/py_srvcli' returned '0': AMENT_PREFIX_PATH=/home/wade/ros2_ws/install/tutorial_interfaces:${AMENT_PREFIX_PATH} CMAKE_PREFIX_PATH=/home/wade/ros2_ws/install/tutorial_interfaces LD_LIBRARY_PATH=/home/wade/ros2_ws/install/tutorial_interfaces/lib:${LD_LIBRARY_PATH} PYTHONPATH=/home/wade/ros2_ws/build/py_srvcli/prefix_override:/usr/lib/python3/dist-packages/colcon_core/task/python/colcon_distutils_commands:/home/wade/ros2_ws/install/py_srvcli/lib/python3.10/site-packages:/home/wade/ros2_ws/install/tutorial_interfaces/local/lib/python3.10/dist-packages:${PYTHONPATH} /usr/bin/python3 -W ignore:setup.py install is deprecated -W ignore:easy_install command is deprecated setup.py egg_info --egg-base ../../build/py_srvcli build --build-base /home/wade/ros2_ws/build/py_srvcli/build install --record /home/wade/ros2_ws/build/py_srvcli/install.log --single-version-externally-managed install_data
