[0.071s] Invoking command in '/home/wade/ros2_ws/build/examples_rclcpp_minimal_action_server': CMAKE_PREFIX_PATH=/opt/ros/humble /usr/bin/cmake /home/wade/ros2_ws/src/examples/rclcpp/actions/minimal_action_server -DCMAKE_INSTALL_PREFIX=/home/wade/ros2_ws/install/examples_rclcpp_minimal_action_server
[0.120s] -- Found ament_cmake: 1.3.11 (/opt/ros/humble/share/ament_cmake/cmake)
[0.372s] -- Override CMake install command with custom implementation using symlinks instead of copying resources
[0.393s] -- Found example_interfaces: 0.9.3 (/opt/ros/humble/share/example_interfaces/cmake)
[0.453s] -- Found rosidl_generator_c: 3.1.6 (/opt/ros/humble/share/rosidl_generator_c/cmake)
[0.458s] -- Found rosidl_adapter: 3.1.6 (/opt/ros/humble/share/rosidl_adapter/cmake)
[0.471s] -- Found rosidl_generator_cpp: 3.1.6 (/opt/ros/humble/share/rosidl_generator_cpp/cmake)
[0.494s] -- Using all available rosidl_typesupport_c: rosidl_typesupport_fastrtps_c;rosidl_typesupport_introspection_c
[0.518s] -- Using all available rosidl_typesupport_cpp: rosidl_typesupport_fastrtps_cpp;rosidl_typesupport_introspection_cpp
[0.627s] -- Found rclcpp: 16.0.11 (/opt/ros/humble/share/rclcpp/cmake)
[0.683s] -- Found rmw_implementation_cmake: 6.1.2 (/opt/ros/humble/share/rmw_implementation_cmake/cmake)
[0.685s] -- Found rmw_fastrtps_cpp: 6.2.7 (/opt/ros/humble/share/rmw_fastrtps_cpp/cmake)
[0.913s] -- Using RMW implementation 'rmw_fastrtps_cpp' as default
[1.024s] -- Found rclcpp_action: 16.0.11 (/opt/ros/humble/share/rclcpp_action/cmake)
[1.047s] -- Found ament_lint_auto: 0.12.11 (/opt/ros/humble/share/ament_lint_auto/cmake)
[1.195s] -- Added test 'copyright' to check source files copyright and LICENSE
[1.195s] -- Added test 'cppcheck' to perform static code analysis on C / C++ code
[1.195s] -- Configured cppcheck include dirs: 
[1.196s] -- Configured cppcheck exclude dirs and/or files: 
[1.196s] -- Added test 'cpplint' to check C / C++ code against the Google style
[1.196s] -- Configured cpplint exclude dirs and/or files: 
[1.196s] -- Added test 'lint_cmake' to check CMake code style
[1.198s] -- Added test 'uncrustify' to check C / C++ code style
[1.198s] -- Configured uncrustify additional arguments: 
[1.198s] -- Added test 'xmllint' to check XML markup files
[1.203s] -- Configuring done
[1.227s] -- Generating done
[1.235s] -- Build files have been written to: /home/wade/ros2_ws/build/examples_rclcpp_minimal_action_server
[1.247s] Invoked command in '/home/wade/ros2_ws/build/examples_rclcpp_minimal_action_server' returned '0': CMAKE_PREFIX_PATH=/opt/ros/humble /usr/bin/cmake /home/wade/ros2_ws/src/examples/rclcpp/actions/minimal_action_server -DCMAKE_INSTALL_PREFIX=/home/wade/ros2_ws/install/examples_rclcpp_minimal_action_server
[1.251s] Invoking command in '/home/wade/ros2_ws/build/examples_rclcpp_minimal_action_server': CMAKE_PREFIX_PATH=/opt/ros/humble /usr/bin/cmake --build /home/wade/ros2_ws/build/examples_rclcpp_minimal_action_server -- -j12 -l12
[1.511s] [35m[1mConsolidate compiler generated dependencies of target action_server_not_composable[0m
[1.511s] [35m[1mConsolidate compiler generated dependencies of target action_server_member_functions[0m
[1.511s] [ 50%] Built target action_server_member_functions
[1.512s] [100%] Built target action_server_not_composable
[1.518s] Invoked command in '/home/wade/ros2_ws/build/examples_rclcpp_minimal_action_server' returned '0': CMAKE_PREFIX_PATH=/opt/ros/humble /usr/bin/cmake --build /home/wade/ros2_ws/build/examples_rclcpp_minimal_action_server -- -j12 -l12
[1.544s] Invoking command in '/home/wade/ros2_ws/build/examples_rclcpp_minimal_action_server': CMAKE_PREFIX_PATH=/opt/ros/humble /usr/bin/cmake --install /home/wade/ros2_ws/build/examples_rclcpp_minimal_action_server
[1.577s] -- Install configuration: ""
[1.577s] -- Execute custom install script
[1.577s] -- Up-to-date symlink: /home/wade/ros2_ws/install/examples_rclcpp_minimal_action_server/lib/examples_rclcpp_minimal_action_server/action_server_not_composable
[1.577s] -- Up-to-date symlink: /home/wade/ros2_ws/install/examples_rclcpp_minimal_action_server/lib/examples_rclcpp_minimal_action_server/action_server_member_functions
[1.578s] -- Up-to-date symlink: /home/wade/ros2_ws/install/examples_rclcpp_minimal_action_server/share/ament_index/resource_index/package_run_dependencies/examples_rclcpp_minimal_action_server
[1.578s] -- Up-to-date symlink: /home/wade/ros2_ws/install/examples_rclcpp_minimal_action_server/share/ament_index/resource_index/parent_prefix_path/examples_rclcpp_minimal_action_server
[1.579s] -- Up-to-date symlink: /home/wade/ros2_ws/install/examples_rclcpp_minimal_action_server/share/examples_rclcpp_minimal_action_server/environment/ament_prefix_path.sh
[1.580s] -- Up-to-date symlink: /home/wade/ros2_ws/install/examples_rclcpp_minimal_action_server/share/examples_rclcpp_minimal_action_server/environment/ament_prefix_path.dsv
[1.583s] -- Up-to-date symlink: /home/wade/ros2_ws/install/examples_rclcpp_minimal_action_server/share/examples_rclcpp_minimal_action_server/environment/path.sh
[1.584s] -- Up-to-date symlink: /home/wade/ros2_ws/install/examples_rclcpp_minimal_action_server/share/examples_rclcpp_minimal_action_server/environment/path.dsv
[1.584s] -- Up-to-date symlink: /home/wade/ros2_ws/install/examples_rclcpp_minimal_action_server/share/examples_rclcpp_minimal_action_server/local_setup.bash
[1.594s] -- Up-to-date symlink: /home/wade/ros2_ws/install/examples_rclcpp_minimal_action_server/share/examples_rclcpp_minimal_action_server/local_setup.sh
[1.604s] -- Up-to-date symlink: /home/wade/ros2_ws/install/examples_rclcpp_minimal_action_server/share/examples_rclcpp_minimal_action_server/local_setup.zsh
[1.604s] -- Up-to-date symlink: /home/wade/ros2_ws/install/examples_rclcpp_minimal_action_server/share/examples_rclcpp_minimal_action_server/local_setup.dsv
[1.604s] -- Symlinking: /home/wade/ros2_ws/install/examples_rclcpp_minimal_action_server/share/examples_rclcpp_minimal_action_server/package.dsv
[1.641s] -- Up-to-date symlink: /home/wade/ros2_ws/install/examples_rclcpp_minimal_action_server/share/ament_index/resource_index/packages/examples_rclcpp_minimal_action_server
[1.644s] -- Up-to-date symlink: /home/wade/ros2_ws/install/examples_rclcpp_minimal_action_server/share/examples_rclcpp_minimal_action_server/cmake/examples_rclcpp_minimal_action_serverConfig.cmake
[1.645s] -- Up-to-date symlink: /home/wade/ros2_ws/install/examples_rclcpp_minimal_action_server/share/examples_rclcpp_minimal_action_server/cmake/examples_rclcpp_minimal_action_serverConfig-version.cmake
[1.648s] -- Up-to-date symlink: /home/wade/ros2_ws/install/examples_rclcpp_minimal_action_server/share/examples_rclcpp_minimal_action_server/package.xml
[1.673s] Invoked command in '/home/wade/ros2_ws/build/examples_rclcpp_minimal_action_server' returned '0': CMAKE_PREFIX_PATH=/opt/ros/humble /usr/bin/cmake --install /home/wade/ros2_ws/build/examples_rclcpp_minimal_action_server
