[0.009s] Invoking command in '/home/wade/ros2_ws/build/more_interfaces': CMAKE_PREFIX_PATH=${CMAKE_PREFIX_PATH}:/home/wade/ros2_ws/install/py_srvcli:/home/wade/ros2_ws/install/py_pubsub:/home/wade/ros2_ws/install/my_package:/home/wade/ros2_ws/install/launch_testing_examples:/home/wade/ros2_ws/install/examples_rclpy_pointcloud_publisher:/home/wade/ros2_ws/install/examples_rclpy_minimal_subscriber:/home/wade/ros2_ws/install/examples_rclpy_minimal_service:/home/wade/ros2_ws/install/examples_rclpy_minimal_publisher:/home/wade/ros2_ws/install/examples_rclpy_minimal_client:/home/wade/ros2_ws/install/examples_rclpy_minimal_action_server:/home/wade/ros2_ws/install/examples_rclpy_minimal_action_client:/home/wade/ros2_ws/install/examples_rclpy_guard_conditions:/home/wade/ros2_ws/install/examples_rclpy_executors:/opt/ros/humble /usr/bin/cmake --build /home/wade/ros2_ws/build/more_interfaces -- -j12 -l12
[0.032s] -- Found ament_cmake: 1.3.11 (/opt/ros/humble/share/ament_cmake/cmake)
[0.121s] -- Found rosidl_default_generators: 1.2.0 (/opt/ros/humble/share/rosidl_default_generators/cmake)
[0.123s] -- Using all available rosidl_typesupport_c: rosidl_typesupport_fastrtps_c;rosidl_typesupport_introspection_c
[0.125s] -- Found rosidl_adapter: 3.1.6 (/opt/ros/humble/share/rosidl_adapter/cmake)
[0.142s] -- Using all available rosidl_typesupport_cpp: rosidl_typesupport_fastrtps_cpp;rosidl_typesupport_introspection_cpp
[0.160s] -- Found rclcpp: 16.0.11 (/opt/ros/humble/share/rclcpp/cmake)
[0.220s] -- Found rmw_implementation_cmake: 6.1.2 (/opt/ros/humble/share/rmw_implementation_cmake/cmake)
[0.224s] -- Found rmw_fastrtps_cpp: 6.2.7 (/opt/ros/humble/share/rmw_fastrtps_cpp/cmake)
[0.321s] -- Found OpenSSL: /usr/lib/x86_64-linux-gnu/libcrypto.so (found version "3.0.2")  
[0.344s] -- Found FastRTPS: /opt/ros/humble/include  
[0.377s] -- Using RMW implementation 'rmw_fastrtps_cpp' as default
[0.390s] -- Looking for pthread.h
[0.454s] -- Looking for pthread.h - found
[0.454s] -- Performing Test CMAKE_HAVE_LIBC_PTHREAD
[0.513s] -- Performing Test CMAKE_HAVE_LIBC_PTHREAD - Success
[0.513s] -- Found Threads: TRUE  
[0.727s] -- Found ament_cmake_ros: 0.10.0 (/opt/ros/humble/share/ament_cmake_ros/cmake)
[0.862s] -- Using all available rosidl_typesupport_c: rosidl_typesupport_fastrtps_c;rosidl_typesupport_introspection_c
[1.043s] -- Using all available rosidl_typesupport_cpp: rosidl_typesupport_fastrtps_cpp;rosidl_typesupport_introspection_cpp
[1.060s] -- Found python_cmake_module: 0.10.0 (/opt/ros/humble/share/python_cmake_module/cmake)
[1.079s] -- Using PYTHON_EXECUTABLE: /usr/bin/python3
[1.079s] -- Using PYTHON_INCLUDE_DIRS: /usr/include/python3.10
[1.079s] -- Using PYTHON_LIBRARIES: /usr/lib/x86_64-linux-gnu/libpython3.10.so
[1.091s] -- Found ament_lint_auto: 0.12.11 (/opt/ros/humble/share/ament_lint_auto/cmake)
[1.096s] -- Added test 'cppcheck' to perform static code analysis on C / C++ code
[1.096s] -- Configured cppcheck include dirs: 
[1.096s] -- Configured cppcheck exclude dirs and/or files: 
[1.096s] -- Added test 'lint_cmake' to check CMake code style
[1.097s] -- Added test 'uncrustify' to check C / C++ code style
[1.097s] -- Configured uncrustify additional arguments: 
[1.097s] -- Added test 'xmllint' to check XML markup files
[1.098s] -- Configuring done
[1.119s] -- Generating done
[1.127s] -- Build files have been written to: /home/wade/ros2_ws/build/more_interfaces
[1.157s] [35m[1mConsolidate compiler generated dependencies of target more_interfaces__rosidl_generator_c[0m
[1.164s] [  3%] Built target more_interfaces__cpp
[1.165s] [ 12%] Built target more_interfaces__rosidl_generator_c
[1.173s] [35m[1mConsolidate compiler generated dependencies of target more_interfaces__rosidl_typesupport_cpp[0m
[1.173s] [35m[1mConsolidate compiler generated dependencies of target more_interfaces__rosidl_typesupport_fastrtps_cpp[0m
[1.173s] [35m[1mConsolidate compiler generated dependencies of target more_interfaces__rosidl_typesupport_introspection_cpp[0m
[1.173s] [ 12%] Built target ament_cmake_python_copy_more_interfaces
[1.173s] [35m[1mConsolidate compiler generated dependencies of target more_interfaces__rosidl_typesupport_c[0m
[1.173s] [35m[1mConsolidate compiler generated dependencies of target more_interfaces__rosidl_typesupport_fastrtps_c[0m
[1.174s] [35m[1mConsolidate compiler generated dependencies of target more_interfaces__rosidl_typesupport_introspection_c[0m
[1.182s] [ 21%] Built target more_interfaces__rosidl_typesupport_cpp
[1.182s] [ 30%] Built target more_interfaces__rosidl_typesupport_fastrtps_cpp
[1.182s] [ 39%] Built target more_interfaces__rosidl_typesupport_c
[1.183s] [ 54%] Built target more_interfaces__rosidl_typesupport_introspection_c
[1.183s] [ 57%] Built target more_interfaces__rosidl_typesupport_introspection_cpp
[1.184s] [ 66%] Built target more_interfaces__rosidl_typesupport_fastrtps_c
[1.198s] [ 69%] [32mBuilding CXX object CMakeFiles/publish_address_book.dir/src/publish_address_book.cpp.o[0m
[1.200s] [ 69%] Built target more_interfaces
[1.216s] [ 72%] Built target more_interfaces__py
[1.225s] [35m[1mConsolidate compiler generated dependencies of target more_interfaces__rosidl_generator_py[0m
[1.236s] [ 78%] Built target more_interfaces__rosidl_generator_py
[1.246s] [35m[1mConsolidate compiler generated dependencies of target more_interfaces__rosidl_typesupport_introspection_c__pyext[0m
[1.246s] [35m[1mConsolidate compiler generated dependencies of target more_interfaces__rosidl_typesupport_c__pyext[0m
[1.246s] [35m[1mConsolidate compiler generated dependencies of target more_interfaces__rosidl_typesupport_fastrtps_c__pyext[0m
[1.255s] [ 90%] Built target more_interfaces__rosidl_typesupport_fastrtps_c__pyext
[1.255s] [ 90%] Built target more_interfaces__rosidl_typesupport_introspection_c__pyext
[1.255s] [ 96%] Built target more_interfaces__rosidl_typesupport_c__pyext
[1.315s] running egg_info
[1.315s] writing more_interfaces.egg-info/PKG-INFO
[1.315s] writing dependency_links to more_interfaces.egg-info/dependency_links.txt
[1.315s] writing top-level names to more_interfaces.egg-info/top_level.txt
[1.316s] reading manifest file 'more_interfaces.egg-info/SOURCES.txt'
[1.317s] writing manifest file 'more_interfaces.egg-info/SOURCES.txt'
[1.336s] [ 96%] Built target ament_cmake_python_build_more_interfaces_egg
[3.681s] [100%] [32m[1mLinking CXX executable publish_address_book[0m
[3.797s] [100%] Built target publish_address_book
[3.808s] Invoked command in '/home/wade/ros2_ws/build/more_interfaces' returned '0': CMAKE_PREFIX_PATH=${CMAKE_PREFIX_PATH}:/home/wade/ros2_ws/install/py_srvcli:/home/wade/ros2_ws/install/py_pubsub:/home/wade/ros2_ws/install/my_package:/home/wade/ros2_ws/install/launch_testing_examples:/home/wade/ros2_ws/install/examples_rclpy_pointcloud_publisher:/home/wade/ros2_ws/install/examples_rclpy_minimal_subscriber:/home/wade/ros2_ws/install/examples_rclpy_minimal_service:/home/wade/ros2_ws/install/examples_rclpy_minimal_publisher:/home/wade/ros2_ws/install/examples_rclpy_minimal_client:/home/wade/ros2_ws/install/examples_rclpy_minimal_action_server:/home/wade/ros2_ws/install/examples_rclpy_minimal_action_client:/home/wade/ros2_ws/install/examples_rclpy_guard_conditions:/home/wade/ros2_ws/install/examples_rclpy_executors:/opt/ros/humble /usr/bin/cmake --build /home/wade/ros2_ws/build/more_interfaces -- -j12 -l12
[3.817s] Invoking command in '/home/wade/ros2_ws/build/more_interfaces': CMAKE_PREFIX_PATH=${CMAKE_PREFIX_PATH}:/home/wade/ros2_ws/install/py_srvcli:/home/wade/ros2_ws/install/py_pubsub:/home/wade/ros2_ws/install/my_package:/home/wade/ros2_ws/install/launch_testing_examples:/home/wade/ros2_ws/install/examples_rclpy_pointcloud_publisher:/home/wade/ros2_ws/install/examples_rclpy_minimal_subscriber:/home/wade/ros2_ws/install/examples_rclpy_minimal_service:/home/wade/ros2_ws/install/examples_rclpy_minimal_publisher:/home/wade/ros2_ws/install/examples_rclpy_minimal_client:/home/wade/ros2_ws/install/examples_rclpy_minimal_action_server:/home/wade/ros2_ws/install/examples_rclpy_minimal_action_client:/home/wade/ros2_ws/install/examples_rclpy_guard_conditions:/home/wade/ros2_ws/install/examples_rclpy_executors:/opt/ros/humble /usr/bin/cmake --install /home/wade/ros2_ws/build/more_interfaces
[3.823s] -- Install configuration: ""
[3.824s] -- Installing: /home/wade/ros2_ws/install/more_interfaces/lib/more_interfaces/publish_address_book
[3.824s] -- Set runtime path of "/home/wade/ros2_ws/install/more_interfaces/lib/more_interfaces/publish_address_book" to ""
[3.824s] -- Up-to-date: /home/wade/ros2_ws/install/more_interfaces/share/ament_index/resource_index/rosidl_interfaces/more_interfaces
[3.824s] -- Up-to-date: /home/wade/ros2_ws/install/more_interfaces/include/more_interfaces/more_interfaces
[3.825s] -- Up-to-date: /home/wade/ros2_ws/install/more_interfaces/include/more_interfaces/more_interfaces/msg
[3.825s] -- Up-to-date: /home/wade/ros2_ws/install/more_interfaces/include/more_interfaces/more_interfaces/msg/detail
[3.825s] -- Up-to-date: /home/wade/ros2_ws/install/more_interfaces/include/more_interfaces/more_interfaces/msg/detail/address_book__struct.h
[3.825s] -- Up-to-date: /home/wade/ros2_ws/install/more_interfaces/include/more_interfaces/more_interfaces/msg/detail/address_book__type_support.h
[3.825s] -- Up-to-date: /home/wade/ros2_ws/install/more_interfaces/include/more_interfaces/more_interfaces/msg/detail/address_book__functions.h
[3.825s] -- Up-to-date: /home/wade/ros2_ws/install/more_interfaces/include/more_interfaces/more_interfaces/msg/detail/address_book__functions.c
[3.825s] -- Up-to-date: /home/wade/ros2_ws/install/more_interfaces/include/more_interfaces/more_interfaces/msg/rosidl_generator_c__visibility_control.h
[3.825s] -- Up-to-date: /home/wade/ros2_ws/install/more_interfaces/include/more_interfaces/more_interfaces/msg/address_book.h
[3.825s] -- Up-to-date: /home/wade/ros2_ws/install/more_interfaces/share/more_interfaces/environment/library_path.sh
[3.825s] -- Installing: /home/wade/ros2_ws/install/more_interfaces/share/more_interfaces/environment/library_path.dsv
[3.825s] -- Up-to-date: /home/wade/ros2_ws/install/more_interfaces/lib/libmore_interfaces__rosidl_generator_c.so
[3.825s] -- Up-to-date: /home/wade/ros2_ws/install/more_interfaces/include/more_interfaces/more_interfaces
[3.825s] -- Up-to-date: /home/wade/ros2_ws/install/more_interfaces/include/more_interfaces/more_interfaces/msg
[3.825s] -- Up-to-date: /home/wade/ros2_ws/install/more_interfaces/include/more_interfaces/more_interfaces/msg/detail
[3.825s] -- Up-to-date: /home/wade/ros2_ws/install/more_interfaces/include/more_interfaces/more_interfaces/msg/detail/address_book__rosidl_typesupport_fastrtps_c.h
[3.825s] -- Up-to-date: /home/wade/ros2_ws/install/more_interfaces/include/more_interfaces/more_interfaces/msg/rosidl_typesupport_fastrtps_c__visibility_control.h
[3.825s] -- Up-to-date: /home/wade/ros2_ws/install/more_interfaces/lib/libmore_interfaces__rosidl_typesupport_fastrtps_c.so
[3.825s] -- Up-to-date: /home/wade/ros2_ws/install/more_interfaces/include/more_interfaces/more_interfaces
[3.825s] -- Up-to-date: /home/wade/ros2_ws/install/more_interfaces/include/more_interfaces/more_interfaces/msg
[3.825s] -- Up-to-date: /home/wade/ros2_ws/install/more_interfaces/include/more_interfaces/more_interfaces/msg/detail
[3.825s] -- Up-to-date: /home/wade/ros2_ws/install/more_interfaces/include/more_interfaces/more_interfaces/msg/detail/address_book__type_support.c
[3.825s] -- Up-to-date: /home/wade/ros2_ws/install/more_interfaces/include/more_interfaces/more_interfaces/msg/detail/address_book__rosidl_typesupport_introspection_c.h
[3.825s] -- Up-to-date: /home/wade/ros2_ws/install/more_interfaces/include/more_interfaces/more_interfaces/msg/rosidl_typesupport_introspection_c__visibility_control.h
[3.825s] -- Up-to-date: /home/wade/ros2_ws/install/more_interfaces/lib/libmore_interfaces__rosidl_typesupport_introspection_c.so
[3.826s] -- Up-to-date: /home/wade/ros2_ws/install/more_interfaces/lib/libmore_interfaces__rosidl_typesupport_c.so
[3.826s] -- Up-to-date: /home/wade/ros2_ws/install/more_interfaces/include/more_interfaces/more_interfaces
[3.826s] -- Up-to-date: /home/wade/ros2_ws/install/more_interfaces/include/more_interfaces/more_interfaces/msg
[3.826s] -- Up-to-date: /home/wade/ros2_ws/install/more_interfaces/include/more_interfaces/more_interfaces/msg/address_book.hpp
[3.826s] -- Up-to-date: /home/wade/ros2_ws/install/more_interfaces/include/more_interfaces/more_interfaces/msg/detail
[3.826s] -- Up-to-date: /home/wade/ros2_ws/install/more_interfaces/include/more_interfaces/more_interfaces/msg/detail/address_book__type_support.hpp
[3.826s] -- Up-to-date: /home/wade/ros2_ws/install/more_interfaces/include/more_interfaces/more_interfaces/msg/detail/address_book__traits.hpp
[3.826s] -- Up-to-date: /home/wade/ros2_ws/install/more_interfaces/include/more_interfaces/more_interfaces/msg/detail/address_book__builder.hpp
[3.826s] -- Up-to-date: /home/wade/ros2_ws/install/more_interfaces/include/more_interfaces/more_interfaces/msg/detail/address_book__struct.hpp
[3.826s] -- Up-to-date: /home/wade/ros2_ws/install/more_interfaces/include/more_interfaces/more_interfaces/msg/rosidl_generator_cpp__visibility_control.hpp
[3.826s] -- Up-to-date: /home/wade/ros2_ws/install/more_interfaces/include/more_interfaces/more_interfaces
[3.826s] -- Up-to-date: /home/wade/ros2_ws/install/more_interfaces/include/more_interfaces/more_interfaces/msg
[3.826s] -- Up-to-date: /home/wade/ros2_ws/install/more_interfaces/include/more_interfaces/more_interfaces/msg/rosidl_typesupport_fastrtps_cpp__visibility_control.h
[3.826s] -- Up-to-date: /home/wade/ros2_ws/install/more_interfaces/include/more_interfaces/more_interfaces/msg/detail
[3.826s] -- Up-to-date: /home/wade/ros2_ws/install/more_interfaces/include/more_interfaces/more_interfaces/msg/detail/address_book__rosidl_typesupport_fastrtps_cpp.hpp
[3.826s] -- Up-to-date: /home/wade/ros2_ws/install/more_interfaces/include/more_interfaces/more_interfaces/msg/detail/dds_fastrtps
[3.826s] -- Up-to-date: /home/wade/ros2_ws/install/more_interfaces/lib/libmore_interfaces__rosidl_typesupport_fastrtps_cpp.so
[3.826s] -- Up-to-date: /home/wade/ros2_ws/install/more_interfaces/include/more_interfaces/more_interfaces
[3.826s] -- Up-to-date: /home/wade/ros2_ws/install/more_interfaces/include/more_interfaces/more_interfaces/msg
[3.826s] -- Up-to-date: /home/wade/ros2_ws/install/more_interfaces/include/more_interfaces/more_interfaces/msg/detail
[3.826s] -- Up-to-date: /home/wade/ros2_ws/install/more_interfaces/include/more_interfaces/more_interfaces/msg/detail/address_book__type_support.cpp
[3.826s] -- Up-to-date: /home/wade/ros2_ws/install/more_interfaces/include/more_interfaces/more_interfaces/msg/detail/address_book__rosidl_typesupport_introspection_cpp.hpp
[3.826s] -- Up-to-date: /home/wade/ros2_ws/install/more_interfaces/lib/libmore_interfaces__rosidl_typesupport_introspection_cpp.so
[3.826s] -- Up-to-date: /home/wade/ros2_ws/install/more_interfaces/lib/libmore_interfaces__rosidl_typesupport_cpp.so
[3.826s] -- Up-to-date: /home/wade/ros2_ws/install/more_interfaces/share/more_interfaces/environment/pythonpath.sh
[3.827s] -- Installing: /home/wade/ros2_ws/install/more_interfaces/share/more_interfaces/environment/pythonpath.dsv
[3.827s] -- Up-to-date: /home/wade/ros2_ws/install/more_interfaces/local/lib/python3.10/dist-packages/more_interfaces-0.0.0-py3.10.egg-info
[3.827s] -- Installing: /home/wade/ros2_ws/install/more_interfaces/local/lib/python3.10/dist-packages/more_interfaces-0.0.0-py3.10.egg-info/top_level.txt
[3.827s] -- Installing: /home/wade/ros2_ws/install/more_interfaces/local/lib/python3.10/dist-packages/more_interfaces-0.0.0-py3.10.egg-info/SOURCES.txt
[3.827s] -- Installing: /home/wade/ros2_ws/install/more_interfaces/local/lib/python3.10/dist-packages/more_interfaces-0.0.0-py3.10.egg-info/dependency_links.txt
[3.827s] -- Installing: /home/wade/ros2_ws/install/more_interfaces/local/lib/python3.10/dist-packages/more_interfaces-0.0.0-py3.10.egg-info/PKG-INFO
[3.827s] -- Up-to-date: /home/wade/ros2_ws/install/more_interfaces/local/lib/python3.10/dist-packages/more_interfaces
[3.827s] -- Up-to-date: /home/wade/ros2_ws/install/more_interfaces/local/lib/python3.10/dist-packages/more_interfaces/_more_interfaces_s.ep.rosidl_typesupport_introspection_c.c
[3.827s] -- Up-to-date: /home/wade/ros2_ws/install/more_interfaces/local/lib/python3.10/dist-packages/more_interfaces/libmore_interfaces__rosidl_generator_py.so
[3.827s] -- Up-to-date: /home/wade/ros2_ws/install/more_interfaces/local/lib/python3.10/dist-packages/more_interfaces/_more_interfaces_s.ep.rosidl_typesupport_c.c
[3.827s] -- Installing: /home/wade/ros2_ws/install/more_interfaces/local/lib/python3.10/dist-packages/more_interfaces/__init__.py
[3.827s] -- Up-to-date: /home/wade/ros2_ws/install/more_interfaces/local/lib/python3.10/dist-packages/more_interfaces/more_interfaces_s__rosidl_typesupport_c.cpython-310-x86_64-linux-gnu.so
[3.827s] -- Up-to-date: /home/wade/ros2_ws/install/more_interfaces/local/lib/python3.10/dist-packages/more_interfaces/more_interfaces_s__rosidl_typesupport_fastrtps_c.cpython-310-x86_64-linux-gnu.so
[3.827s] -- Up-to-date: /home/wade/ros2_ws/install/more_interfaces/local/lib/python3.10/dist-packages/more_interfaces/_more_interfaces_s.ep.rosidl_typesupport_fastrtps_c.c
[3.827s] -- Up-to-date: /home/wade/ros2_ws/install/more_interfaces/local/lib/python3.10/dist-packages/more_interfaces/msg
[3.827s] -- Up-to-date: /home/wade/ros2_ws/install/more_interfaces/local/lib/python3.10/dist-packages/more_interfaces/msg/_address_book.py
[3.827s] -- Up-to-date: /home/wade/ros2_ws/install/more_interfaces/local/lib/python3.10/dist-packages/more_interfaces/msg/__init__.py
[3.827s] -- Up-to-date: /home/wade/ros2_ws/install/more_interfaces/local/lib/python3.10/dist-packages/more_interfaces/msg/_address_book_s.c
[3.827s] -- Up-to-date: /home/wade/ros2_ws/install/more_interfaces/local/lib/python3.10/dist-packages/more_interfaces/more_interfaces_s__rosidl_typesupport_introspection_c.cpython-310-x86_64-linux-gnu.so
[3.853s] Listing '/home/wade/ros2_ws/install/more_interfaces/local/lib/python3.10/dist-packages/more_interfaces'...
[3.853s] Compiling '/home/wade/ros2_ws/install/more_interfaces/local/lib/python3.10/dist-packages/more_interfaces/__init__.py'...
[3.853s] Listing '/home/wade/ros2_ws/install/more_interfaces/local/lib/python3.10/dist-packages/more_interfaces/msg'...
[3.856s] -- Up-to-date: /home/wade/ros2_ws/install/more_interfaces/local/lib/python3.10/dist-packages/more_interfaces/more_interfaces_s__rosidl_typesupport_fastrtps_c.cpython-310-x86_64-linux-gnu.so
[3.856s] -- Up-to-date: /home/wade/ros2_ws/install/more_interfaces/local/lib/python3.10/dist-packages/more_interfaces/more_interfaces_s__rosidl_typesupport_introspection_c.cpython-310-x86_64-linux-gnu.so
[3.857s] -- Up-to-date: /home/wade/ros2_ws/install/more_interfaces/local/lib/python3.10/dist-packages/more_interfaces/more_interfaces_s__rosidl_typesupport_c.cpython-310-x86_64-linux-gnu.so
[3.857s] -- Up-to-date: /home/wade/ros2_ws/install/more_interfaces/lib/libmore_interfaces__rosidl_generator_py.so
[3.857s] -- Up-to-date: /home/wade/ros2_ws/install/more_interfaces/share/more_interfaces/msg/AddressBook.idl
[3.857s] -- Installing: /home/wade/ros2_ws/install/more_interfaces/share/more_interfaces/msg/AddressBook.msg
[3.857s] -- Up-to-date: /home/wade/ros2_ws/install/more_interfaces/share/ament_index/resource_index/package_run_dependencies/more_interfaces
[3.857s] -- Installing: /home/wade/ros2_ws/install/more_interfaces/share/ament_index/resource_index/parent_prefix_path/more_interfaces
[3.857s] -- Up-to-date: /home/wade/ros2_ws/install/more_interfaces/share/more_interfaces/environment/ament_prefix_path.sh
[3.857s] -- Installing: /home/wade/ros2_ws/install/more_interfaces/share/more_interfaces/environment/ament_prefix_path.dsv
[3.858s] -- Up-to-date: /home/wade/ros2_ws/install/more_interfaces/share/more_interfaces/environment/path.sh
[3.858s] -- Installing: /home/wade/ros2_ws/install/more_interfaces/share/more_interfaces/environment/path.dsv
[3.858s] -- Up-to-date: /home/wade/ros2_ws/install/more_interfaces/share/more_interfaces/local_setup.bash
[3.858s] -- Up-to-date: /home/wade/ros2_ws/install/more_interfaces/share/more_interfaces/local_setup.sh
[3.858s] -- Up-to-date: /home/wade/ros2_ws/install/more_interfaces/share/more_interfaces/local_setup.zsh
[3.858s] -- Installing: /home/wade/ros2_ws/install/more_interfaces/share/more_interfaces/local_setup.dsv
[3.858s] -- Installing: /home/wade/ros2_ws/install/more_interfaces/share/more_interfaces/package.dsv
[3.858s] -- Up-to-date: /home/wade/ros2_ws/install/more_interfaces/share/ament_index/resource_index/packages/more_interfaces
[3.858s] -- Up-to-date: /home/wade/ros2_ws/install/more_interfaces/share/more_interfaces/cmake/export_more_interfaces__rosidl_generator_cExport.cmake
[3.858s] -- Up-to-date: /home/wade/ros2_ws/install/more_interfaces/share/more_interfaces/cmake/export_more_interfaces__rosidl_generator_cExport-noconfig.cmake
[3.858s] -- Up-to-date: /home/wade/ros2_ws/install/more_interfaces/share/more_interfaces/cmake/export_more_interfaces__rosidl_typesupport_fastrtps_cExport.cmake
[3.858s] -- Up-to-date: /home/wade/ros2_ws/install/more_interfaces/share/more_interfaces/cmake/export_more_interfaces__rosidl_typesupport_fastrtps_cExport-noconfig.cmake
[3.858s] -- Up-to-date: /home/wade/ros2_ws/install/more_interfaces/share/more_interfaces/cmake/more_interfaces__rosidl_typesupport_introspection_cExport.cmake
[3.858s] -- Up-to-date: /home/wade/ros2_ws/install/more_interfaces/share/more_interfaces/cmake/more_interfaces__rosidl_typesupport_introspection_cExport-noconfig.cmake
[3.858s] -- Up-to-date: /home/wade/ros2_ws/install/more_interfaces/share/more_interfaces/cmake/more_interfaces__rosidl_typesupport_cExport.cmake
[3.858s] -- Up-to-date: /home/wade/ros2_ws/install/more_interfaces/share/more_interfaces/cmake/more_interfaces__rosidl_typesupport_cExport-noconfig.cmake
[3.858s] -- Up-to-date: /home/wade/ros2_ws/install/more_interfaces/share/more_interfaces/cmake/export_more_interfaces__rosidl_generator_cppExport.cmake
[3.858s] -- Up-to-date: /home/wade/ros2_ws/install/more_interfaces/share/more_interfaces/cmake/export_more_interfaces__rosidl_typesupport_fastrtps_cppExport.cmake
[3.858s] -- Up-to-date: /home/wade/ros2_ws/install/more_interfaces/share/more_interfaces/cmake/export_more_interfaces__rosidl_typesupport_fastrtps_cppExport-noconfig.cmake
[3.858s] -- Up-to-date: /home/wade/ros2_ws/install/more_interfaces/share/more_interfaces/cmake/more_interfaces__rosidl_typesupport_introspection_cppExport.cmake
[3.858s] -- Up-to-date: /home/wade/ros2_ws/install/more_interfaces/share/more_interfaces/cmake/more_interfaces__rosidl_typesupport_introspection_cppExport-noconfig.cmake
[3.858s] -- Up-to-date: /home/wade/ros2_ws/install/more_interfaces/share/more_interfaces/cmake/more_interfaces__rosidl_typesupport_cppExport.cmake
[3.859s] -- Up-to-date: /home/wade/ros2_ws/install/more_interfaces/share/more_interfaces/cmake/more_interfaces__rosidl_typesupport_cppExport-noconfig.cmake
[3.859s] -- Up-to-date: /home/wade/ros2_ws/install/more_interfaces/share/more_interfaces/cmake/export_more_interfaces__rosidl_generator_pyExport.cmake
[3.859s] -- Up-to-date: /home/wade/ros2_ws/install/more_interfaces/share/more_interfaces/cmake/export_more_interfaces__rosidl_generator_pyExport-noconfig.cmake
[3.859s] -- Up-to-date: /home/wade/ros2_ws/install/more_interfaces/share/more_interfaces/cmake/rosidl_cmake-extras.cmake
[3.859s] -- Up-to-date: /home/wade/ros2_ws/install/more_interfaces/share/more_interfaces/cmake/ament_cmake_export_include_directories-extras.cmake
[3.859s] -- Up-to-date: /home/wade/ros2_ws/install/more_interfaces/share/more_interfaces/cmake/ament_cmake_export_libraries-extras.cmake
[3.859s] -- Up-to-date: /home/wade/ros2_ws/install/more_interfaces/share/more_interfaces/cmake/ament_cmake_export_targets-extras.cmake
[3.859s] -- Up-to-date: /home/wade/ros2_ws/install/more_interfaces/share/more_interfaces/cmake/rosidl_cmake_export_typesupport_targets-extras.cmake
[3.859s] -- Up-to-date: /home/wade/ros2_ws/install/more_interfaces/share/more_interfaces/cmake/ament_cmake_export_dependencies-extras.cmake
[3.859s] -- Up-to-date: /home/wade/ros2_ws/install/more_interfaces/share/more_interfaces/cmake/rosidl_cmake_export_typesupport_libraries-extras.cmake
[3.859s] -- Up-to-date: /home/wade/ros2_ws/install/more_interfaces/share/more_interfaces/cmake/more_interfacesConfig.cmake
[3.859s] -- Up-to-date: /home/wade/ros2_ws/install/more_interfaces/share/more_interfaces/cmake/more_interfacesConfig-version.cmake
[3.859s] -- Installing: /home/wade/ros2_ws/install/more_interfaces/share/more_interfaces/package.xml
[3.861s] Invoked command in '/home/wade/ros2_ws/build/more_interfaces' returned '0': CMAKE_PREFIX_PATH=${CMAKE_PREFIX_PATH}:/home/wade/ros2_ws/install/py_srvcli:/home/wade/ros2_ws/install/py_pubsub:/home/wade/ros2_ws/install/my_package:/home/wade/ros2_ws/install/launch_testing_examples:/home/wade/ros2_ws/install/examples_rclpy_pointcloud_publisher:/home/wade/ros2_ws/install/examples_rclpy_minimal_subscriber:/home/wade/ros2_ws/install/examples_rclpy_minimal_service:/home/wade/ros2_ws/install/examples_rclpy_minimal_publisher:/home/wade/ros2_ws/install/examples_rclpy_minimal_client:/home/wade/ros2_ws/install/examples_rclpy_minimal_action_server:/home/wade/ros2_ws/install/examples_rclpy_minimal_action_client:/home/wade/ros2_ws/install/examples_rclpy_guard_conditions:/home/wade/ros2_ws/install/examples_rclpy_executors:/opt/ros/humble /usr/bin/cmake --install /home/wade/ros2_ws/build/more_interfaces
