[2.162s] Invoking command in '/home/wade/ros2_ws/build/examples_rclpy_pointcloud_publisher': PYTHONPATH=/home/wade/ros2_ws/build/examples_rclpy_pointcloud_publisher/prefix_override:/usr/lib/python3/dist-packages/colcon_core/task/python/colcon_distutils_commands:/home/wade/ros2_ws/install/examples_rclpy_pointcloud_publisher/lib/python3.10/site-packages:${PYTHONPATH} /usr/bin/python3 -W ignore:setup.py install is deprecated -W ignore:easy_install command is deprecated setup.py develop --editable --build-directory /home/wade/ros2_ws/build/examples_rclpy_pointcloud_publisher/build --no-deps symlink_data
[2.732s] running develop
[3.049s] running egg_info
[3.049s] creating examples_rclpy_pointcloud_publisher.egg-info
[3.049s] writing examples_rclpy_pointcloud_publisher.egg-info/PKG-INFO
[3.049s] writing dependency_links to examples_rclpy_pointcloud_publisher.egg-info/dependency_links.txt
[3.049s] writing entry points to examples_rclpy_pointcloud_publisher.egg-info/entry_points.txt
[3.049s] writing requirements to examples_rclpy_pointcloud_publisher.egg-info/requires.txt
[3.049s] writing top-level names to examples_rclpy_pointcloud_publisher.egg-info/top_level.txt
[3.049s] writing manifest file 'examples_rclpy_pointcloud_publisher.egg-info/SOURCES.txt'
[3.056s] reading manifest file 'examples_rclpy_pointcloud_publisher.egg-info/SOURCES.txt'
[3.056s] writing manifest file 'examples_rclpy_pointcloud_publisher.egg-info/SOURCES.txt'
[3.060s] running build_ext
[3.073s] Creating /home/wade/ros2_ws/install/examples_rclpy_pointcloud_publisher/lib/python3.10/site-packages/examples-rclpy-pointcloud-publisher.egg-link (link to .)
[3.073s] Installing pointcloud_publisher script to /home/wade/ros2_ws/install/examples_rclpy_pointcloud_publisher/lib/examples_rclpy_pointcloud_publisher
[3.073s] 
[3.073s] Installed /home/wade/ros2_ws/build/examples_rclpy_pointcloud_publisher
[3.073s] running symlink_data
[3.073s] creating /home/wade/ros2_ws/install/examples_rclpy_pointcloud_publisher/share/ament_index
[3.073s] creating /home/wade/ros2_ws/install/examples_rclpy_pointcloud_publisher/share/ament_index/resource_index
[3.073s] creating /home/wade/ros2_ws/install/examples_rclpy_pointcloud_publisher/share/ament_index/resource_index/packages
[3.073s] symbolically linking /home/wade/ros2_ws/build/examples_rclpy_pointcloud_publisher/resource/examples_rclpy_pointcloud_publisher -> /home/wade/ros2_ws/install/examples_rclpy_pointcloud_publisher/share/ament_index/resource_index/packages
[3.073s] symbolically linking /home/wade/ros2_ws/build/examples_rclpy_pointcloud_publisher/package.xml -> /home/wade/ros2_ws/install/examples_rclpy_pointcloud_publisher/share/examples_rclpy_pointcloud_publisher
[3.183s] Invoked command in '/home/wade/ros2_ws/build/examples_rclpy_pointcloud_publisher' returned '0': PYTHONPATH=/home/wade/ros2_ws/build/examples_rclpy_pointcloud_publisher/prefix_override:/usr/lib/python3/dist-packages/colcon_core/task/python/colcon_distutils_commands:/home/wade/ros2_ws/install/examples_rclpy_pointcloud_publisher/lib/python3.10/site-packages:${PYTHONPATH} /usr/bin/python3 -W ignore:setup.py install is deprecated -W ignore:easy_install command is deprecated setup.py develop --editable --build-directory /home/wade/ros2_ws/build/examples_rclpy_pointcloud_publisher/build --no-deps symlink_data
