[2.228s] Invoking command in '/home/wade/ros2_ws/build/examples_rclpy_minimal_client': PYTHONPATH=/home/wade/ros2_ws/build/examples_rclpy_minimal_client/prefix_override:/usr/lib/python3/dist-packages/colcon_core/task/python/colcon_distutils_commands:/home/wade/ros2_ws/install/examples_rclpy_minimal_client/lib/python3.10/site-packages:${PYTHONPATH} /usr/bin/python3 -W ignore:setup.py install is deprecated -W ignore:easy_install command is deprecated setup.py develop --editable --build-directory /home/wade/ros2_ws/build/examples_rclpy_minimal_client/build --no-deps symlink_data
[2.878s] running develop
[3.260s] running egg_info
[3.260s] creating examples_rclpy_minimal_client.egg-info
[3.260s] writing examples_rclpy_minimal_client.egg-info/PKG-INFO
[3.261s] writing dependency_links to examples_rclpy_minimal_client.egg-info/dependency_links.txt
[3.261s] writing entry points to examples_rclpy_minimal_client.egg-info/entry_points.txt
[3.261s] writing requirements to examples_rclpy_minimal_client.egg-info/requires.txt
[3.261s] writing top-level names to examples_rclpy_minimal_client.egg-info/top_level.txt
[3.261s] writing manifest file 'examples_rclpy_minimal_client.egg-info/SOURCES.txt'
[3.270s] reading manifest file 'examples_rclpy_minimal_client.egg-info/SOURCES.txt'
[3.270s] writing manifest file 'examples_rclpy_minimal_client.egg-info/SOURCES.txt'
[3.272s] running build_ext
[3.272s] Creating /home/wade/ros2_ws/install/examples_rclpy_minimal_client/lib/python3.10/site-packages/examples-rclpy-minimal-client.egg-link (link to .)
[3.273s] Installing client script to /home/wade/ros2_ws/install/examples_rclpy_minimal_client/lib/examples_rclpy_minimal_client
[3.273s] Installing client_async script to /home/wade/ros2_ws/install/examples_rclpy_minimal_client/lib/examples_rclpy_minimal_client
[3.273s] Installing client_async_callback script to /home/wade/ros2_ws/install/examples_rclpy_minimal_client/lib/examples_rclpy_minimal_client
[3.273s] Installing client_async_member_function script to /home/wade/ros2_ws/install/examples_rclpy_minimal_client/lib/examples_rclpy_minimal_client
[3.279s] 
[3.279s] Installed /home/wade/ros2_ws/build/examples_rclpy_minimal_client
[3.279s] running symlink_data
[3.279s] creating /home/wade/ros2_ws/install/examples_rclpy_minimal_client/share/ament_index
[3.280s] creating /home/wade/ros2_ws/install/examples_rclpy_minimal_client/share/ament_index/resource_index
[3.280s] creating /home/wade/ros2_ws/install/examples_rclpy_minimal_client/share/ament_index/resource_index/packages
[3.280s] symbolically linking /home/wade/ros2_ws/build/examples_rclpy_minimal_client/resource/examples_rclpy_minimal_client -> /home/wade/ros2_ws/install/examples_rclpy_minimal_client/share/ament_index/resource_index/packages
[3.280s] symbolically linking /home/wade/ros2_ws/build/examples_rclpy_minimal_client/package.xml -> /home/wade/ros2_ws/install/examples_rclpy_minimal_client/share/examples_rclpy_minimal_client
[3.502s] Invoked command in '/home/wade/ros2_ws/build/examples_rclpy_minimal_client' returned '0': PYTHONPATH=/home/wade/ros2_ws/build/examples_rclpy_minimal_client/prefix_override:/usr/lib/python3/dist-packages/colcon_core/task/python/colcon_distutils_commands:/home/wade/ros2_ws/install/examples_rclpy_minimal_client/lib/python3.10/site-packages:${PYTHONPATH} /usr/bin/python3 -W ignore:setup.py install is deprecated -W ignore:easy_install command is deprecated setup.py develop --editable --build-directory /home/wade/ros2_ws/build/examples_rclpy_minimal_client/build --no-deps symlink_data
