[2.653s] Invoking command in '/home/wade/ros2_ws/build/examples_rclpy_minimal_publisher': PYTHONPATH=/home/wade/ros2_ws/build/examples_rclpy_minimal_publisher/prefix_override:/usr/lib/python3/dist-packages/colcon_core/task/python/colcon_distutils_commands:/home/wade/ros2_ws/install/examples_rclpy_minimal_publisher/lib/python3.10/site-packages:${PYTHONPATH} /usr/bin/python3 -W ignore:setup.py install is deprecated -W ignore:easy_install command is deprecated setup.py develop --editable --build-directory /home/wade/ros2_ws/build/examples_rclpy_minimal_publisher/build --no-deps symlink_data
[3.019s] running develop
[3.308s] running egg_info
[3.308s] creating examples_rclpy_minimal_publisher.egg-info
[3.308s] writing examples_rclpy_minimal_publisher.egg-info/PKG-INFO
[3.308s] writing dependency_links to examples_rclpy_minimal_publisher.egg-info/dependency_links.txt
[3.308s] writing entry points to examples_rclpy_minimal_publisher.egg-info/entry_points.txt
[3.308s] writing requirements to examples_rclpy_minimal_publisher.egg-info/requires.txt
[3.308s] writing top-level names to examples_rclpy_minimal_publisher.egg-info/top_level.txt
[3.308s] writing manifest file 'examples_rclpy_minimal_publisher.egg-info/SOURCES.txt'
[3.309s] reading manifest file 'examples_rclpy_minimal_publisher.egg-info/SOURCES.txt'
[3.310s] writing manifest file 'examples_rclpy_minimal_publisher.egg-info/SOURCES.txt'
[3.316s] running build_ext
[3.317s] Creating /home/wade/ros2_ws/install/examples_rclpy_minimal_publisher/lib/python3.10/site-packages/examples-rclpy-minimal-publisher.egg-link (link to .)
[3.317s] Installing publisher_local_function script to /home/wade/ros2_ws/install/examples_rclpy_minimal_publisher/lib/examples_rclpy_minimal_publisher
[3.317s] Installing publisher_member_function script to /home/wade/ros2_ws/install/examples_rclpy_minimal_publisher/lib/examples_rclpy_minimal_publisher
[3.317s] Installing publisher_old_school script to /home/wade/ros2_ws/install/examples_rclpy_minimal_publisher/lib/examples_rclpy_minimal_publisher
[3.317s] 
[3.317s] Installed /home/wade/ros2_ws/build/examples_rclpy_minimal_publisher
[3.317s] running symlink_data
[3.317s] creating /home/wade/ros2_ws/install/examples_rclpy_minimal_publisher/share/ament_index
[3.320s] creating /home/wade/ros2_ws/install/examples_rclpy_minimal_publisher/share/ament_index/resource_index
[3.320s] creating /home/wade/ros2_ws/install/examples_rclpy_minimal_publisher/share/ament_index/resource_index/packages
[3.320s] symbolically linking /home/wade/ros2_ws/build/examples_rclpy_minimal_publisher/resource/examples_rclpy_minimal_publisher -> /home/wade/ros2_ws/install/examples_rclpy_minimal_publisher/share/ament_index/resource_index/packages
[3.320s] symbolically linking /home/wade/ros2_ws/build/examples_rclpy_minimal_publisher/package.xml -> /home/wade/ros2_ws/install/examples_rclpy_minimal_publisher/share/examples_rclpy_minimal_publisher
[3.445s] Invoked command in '/home/wade/ros2_ws/build/examples_rclpy_minimal_publisher' returned '0': PYTHONPATH=/home/wade/ros2_ws/build/examples_rclpy_minimal_publisher/prefix_override:/usr/lib/python3/dist-packages/colcon_core/task/python/colcon_distutils_commands:/home/wade/ros2_ws/install/examples_rclpy_minimal_publisher/lib/python3.10/site-packages:${PYTHONPATH} /usr/bin/python3 -W ignore:setup.py install is deprecated -W ignore:easy_install command is deprecated setup.py develop --editable --build-directory /home/wade/ros2_ws/build/examples_rclpy_minimal_publisher/build --no-deps symlink_data
