running egg_info
creating ../../build/turtlesim_goal/turtlesim_goal.egg-info
writing ../../build/turtlesim_goal/turtlesim_goal.egg-info/PKG-INFO
writing dependency_links to ../../build/turtlesim_goal/turtlesim_goal.egg-info/dependency_links.txt
writing entry points to ../../build/turtlesim_goal/turtlesim_goal.egg-info/entry_points.txt
writing requirements to ../../build/turtlesim_goal/turtlesim_goal.egg-info/requires.txt
writing top-level names to ../../build/turtlesim_goal/turtlesim_goal.egg-info/top_level.txt
writing manifest file '../../build/turtlesim_goal/turtlesim_goal.egg-info/SOURCES.txt'
reading manifest file '../../build/turtlesim_goal/turtlesim_goal.egg-info/SOURCES.txt'
writing manifest file '../../build/turtlesim_goal/turtlesim_goal.egg-info/SOURCES.txt'
running build
running build_py
creating /home/wade/ros2_ws/build/turtlesim_goal/build
creating /home/wade/ros2_ws/build/turtlesim_goal/build/lib
creating /home/wade/ros2_ws/build/turtlesim_goal/build/lib/turtlesim_goal
copying turtlesim_goal/go_to_goal.py -> /home/wade/ros2_ws/build/turtlesim_goal/build/lib/turtlesim_goal
copying turtlesim_goal/__init__.py -> /home/wade/ros2_ws/build/turtlesim_goal/build/lib/turtlesim_goal
running install
running install_lib
creating /home/wade/ros2_ws/install/turtlesim_goal/lib/python3.10/site-packages/turtlesim_goal
copying /home/wade/ros2_ws/build/turtlesim_goal/build/lib/turtlesim_goal/go_to_goal.py -> /home/wade/ros2_ws/install/turtlesim_goal/lib/python3.10/site-packages/turtlesim_goal
copying /home/wade/ros2_ws/build/turtlesim_goal/build/lib/turtlesim_goal/__init__.py -> /home/wade/ros2_ws/install/turtlesim_goal/lib/python3.10/site-packages/turtlesim_goal
byte-compiling /home/wade/ros2_ws/install/turtlesim_goal/lib/python3.10/site-packages/turtlesim_goal/go_to_goal.py to go_to_goal.cpython-310.pyc
byte-compiling /home/wade/ros2_ws/install/turtlesim_goal/lib/python3.10/site-packages/turtlesim_goal/__init__.py to __init__.cpython-310.pyc
running install_data
creating /home/wade/ros2_ws/install/turtlesim_goal/share
creating /home/wade/ros2_ws/install/turtlesim_goal/share/ament_index
creating /home/wade/ros2_ws/install/turtlesim_goal/share/ament_index/resource_index
creating /home/wade/ros2_ws/install/turtlesim_goal/share/ament_index/resource_index/packages
copying resource/turtlesim_goal -> /home/wade/ros2_ws/install/turtlesim_goal/share/ament_index/resource_index/packages
creating /home/wade/ros2_ws/install/turtlesim_goal/share/turtlesim_goal
copying package.xml -> /home/wade/ros2_ws/install/turtlesim_goal/share/turtlesim_goal
running install_egg_info
Copying ../../build/turtlesim_goal/turtlesim_goal.egg-info to /home/wade/ros2_ws/install/turtlesim_goal/lib/python3.10/site-packages/turtlesim_goal-0.0.0-py3.10.egg-info
running install_scripts
Installing go_to_goal script to /home/wade/ros2_ws/install/turtlesim_goal/lib/turtlesim_goal
writing list of installed files to '/home/wade/ros2_ws/build/turtlesim_goal/install.log'
