[0.751s] Invoking command in '/home/wade/ros2_ws/src/turtlesim_goal': PYTHONPATH=/home/wade/ros2_ws/build/turtlesim_goal/prefix_override:/usr/lib/python3/dist-packages/colcon_core/task/python/colcon_distutils_commands:/home/wade/ros2_ws/install/turtlesim_goal/lib/python3.10/site-packages:${PYTHONPATH} /usr/bin/python3 -W ignore:setup.py install is deprecated -W ignore:easy_install command is deprecated setup.py egg_info --egg-base ../../build/turtlesim_goal build --build-base /home/wade/ros2_ws/build/turtlesim_goal/build install --record /home/wade/ros2_ws/build/turtlesim_goal/install.log --single-version-externally-managed install_data
[0.930s] running egg_info
[0.930s] creating ../../build/turtlesim_goal/turtlesim_goal.egg-info
[0.930s] writing ../../build/turtlesim_goal/turtlesim_goal.egg-info/PKG-INFO
[0.930s] writing dependency_links to ../../build/turtlesim_goal/turtlesim_goal.egg-info/dependency_links.txt
[0.930s] writing entry points to ../../build/turtlesim_goal/turtlesim_goal.egg-info/entry_points.txt
[0.930s] writing requirements to ../../build/turtlesim_goal/turtlesim_goal.egg-info/requires.txt
[0.930s] writing top-level names to ../../build/turtlesim_goal/turtlesim_goal.egg-info/top_level.txt
[0.931s] writing manifest file '../../build/turtlesim_goal/turtlesim_goal.egg-info/SOURCES.txt'
[0.932s] reading manifest file '../../build/turtlesim_goal/turtlesim_goal.egg-info/SOURCES.txt'
[0.932s] writing manifest file '../../build/turtlesim_goal/turtlesim_goal.egg-info/SOURCES.txt'
[0.932s] running build
[0.932s] running build_py
[0.932s] creating /home/wade/ros2_ws/build/turtlesim_goal/build
[0.932s] creating /home/wade/ros2_ws/build/turtlesim_goal/build/lib
[0.932s] creating /home/wade/ros2_ws/build/turtlesim_goal/build/lib/turtlesim_goal
[0.932s] copying turtlesim_goal/go_to_goal.py -> /home/wade/ros2_ws/build/turtlesim_goal/build/lib/turtlesim_goal
[0.933s] copying turtlesim_goal/__init__.py -> /home/wade/ros2_ws/build/turtlesim_goal/build/lib/turtlesim_goal
[0.933s] running install
[0.933s] running install_lib
[0.933s] creating /home/wade/ros2_ws/install/turtlesim_goal/lib/python3.10/site-packages/turtlesim_goal
[0.933s] copying /home/wade/ros2_ws/build/turtlesim_goal/build/lib/turtlesim_goal/go_to_goal.py -> /home/wade/ros2_ws/install/turtlesim_goal/lib/python3.10/site-packages/turtlesim_goal
[0.933s] copying /home/wade/ros2_ws/build/turtlesim_goal/build/lib/turtlesim_goal/__init__.py -> /home/wade/ros2_ws/install/turtlesim_goal/lib/python3.10/site-packages/turtlesim_goal
[0.934s] byte-compiling /home/wade/ros2_ws/install/turtlesim_goal/lib/python3.10/site-packages/turtlesim_goal/go_to_goal.py to go_to_goal.cpython-310.pyc
[0.934s] byte-compiling /home/wade/ros2_ws/install/turtlesim_goal/lib/python3.10/site-packages/turtlesim_goal/__init__.py to __init__.cpython-310.pyc
[0.934s] running install_data
[0.934s] creating /home/wade/ros2_ws/install/turtlesim_goal/share
[0.934s] creating /home/wade/ros2_ws/install/turtlesim_goal/share/ament_index
[0.935s] creating /home/wade/ros2_ws/install/turtlesim_goal/share/ament_index/resource_index
[0.935s] creating /home/wade/ros2_ws/install/turtlesim_goal/share/ament_index/resource_index/packages
[0.935s] copying resource/turtlesim_goal -> /home/wade/ros2_ws/install/turtlesim_goal/share/ament_index/resource_index/packages
[0.935s] creating /home/wade/ros2_ws/install/turtlesim_goal/share/turtlesim_goal
[0.935s] copying package.xml -> /home/wade/ros2_ws/install/turtlesim_goal/share/turtlesim_goal
[0.935s] running install_egg_info
[0.937s] Copying ../../build/turtlesim_goal/turtlesim_goal.egg-info to /home/wade/ros2_ws/install/turtlesim_goal/lib/python3.10/site-packages/turtlesim_goal-0.0.0-py3.10.egg-info
[0.938s] running install_scripts
[0.953s] Installing go_to_goal script to /home/wade/ros2_ws/install/turtlesim_goal/lib/turtlesim_goal
[0.953s] writing list of installed files to '/home/wade/ros2_ws/build/turtlesim_goal/install.log'
[0.976s] Invoked command in '/home/wade/ros2_ws/src/turtlesim_goal' returned '0': PYTHONPATH=/home/wade/ros2_ws/build/turtlesim_goal/prefix_override:/usr/lib/python3/dist-packages/colcon_core/task/python/colcon_distutils_commands:/home/wade/ros2_ws/install/turtlesim_goal/lib/python3.10/site-packages:${PYTHONPATH} /usr/bin/python3 -W ignore:setup.py install is deprecated -W ignore:easy_install command is deprecated setup.py egg_info --egg-base ../../build/turtlesim_goal build --build-base /home/wade/ros2_ws/build/turtlesim_goal/build install --record /home/wade/ros2_ws/build/turtlesim_goal/install.log --single-version-externally-managed install_data
