[0.535s] Invoking command in '/home/wade/ros2_ws/src/my_package': PYTHONPATH=/home/wade/ros2_ws/build/my_package/prefix_override:/usr/lib/python3/dist-packages/colcon_core/task/python/colcon_distutils_commands:/home/wade/ros2_ws/install/my_package/lib/python3.10/site-packages:${PYTHONPATH} /usr/bin/python3 -W ignore:setup.py install is deprecated -W ignore:easy_install command is deprecated setup.py egg_info --egg-base ../../build/my_package build --build-base /home/wade/ros2_ws/build/my_package/build install --record /home/wade/ros2_ws/build/my_package/install.log --single-version-externally-managed install_data
[0.729s] running egg_info
[0.730s] writing ../../build/my_package/my_package.egg-info/PKG-INFO
[0.730s] writing dependency_links to ../../build/my_package/my_package.egg-info/dependency_links.txt
[0.730s] writing entry points to ../../build/my_package/my_package.egg-info/entry_points.txt
[0.730s] writing requirements to ../../build/my_package/my_package.egg-info/requires.txt
[0.730s] writing top-level names to ../../build/my_package/my_package.egg-info/top_level.txt
[0.731s] reading manifest file '../../build/my_package/my_package.egg-info/SOURCES.txt'
[0.731s] adding license file 'LICENSE'
[0.732s] writing manifest file '../../build/my_package/my_package.egg-info/SOURCES.txt'
[0.732s] running build
[0.732s] running build_py
[0.732s] running install
[0.732s] running install_lib
[0.733s] running install_data
[0.733s] running install_egg_info
[0.735s] removing '/home/wade/ros2_ws/install/my_package/lib/python3.10/site-packages/my_package-0.0.0-py3.10.egg-info' (and everything under it)
[0.736s] Copying ../../build/my_package/my_package.egg-info to /home/wade/ros2_ws/install/my_package/lib/python3.10/site-packages/my_package-0.0.0-py3.10.egg-info
[0.736s] running install_scripts
[0.750s] Installing my_node script to /home/wade/ros2_ws/install/my_package/lib/my_package
[0.750s] writing list of installed files to '/home/wade/ros2_ws/build/my_package/install.log'
[0.931s] Invoked command in '/home/wade/ros2_ws/src/my_package' returned '0': PYTHONPATH=/home/wade/ros2_ws/build/my_package/prefix_override:/usr/lib/python3/dist-packages/colcon_core/task/python/colcon_distutils_commands:/home/wade/ros2_ws/install/my_package/lib/python3.10/site-packages:${PYTHONPATH} /usr/bin/python3 -W ignore:setup.py install is deprecated -W ignore:easy_install command is deprecated setup.py egg_info --egg-base ../../build/my_package build --build-base /home/wade/ros2_ws/build/my_package/build install --record /home/wade/ros2_ws/build/my_package/install.log --single-version-externally-managed install_data
