[1.537s] Invoking command in '/home/wade/ros2_ws/build/examples_rclpy_executors': PYTHONPATH=/home/wade/ros2_ws/build/examples_rclpy_executors/prefix_override:/usr/lib/python3/dist-packages/colcon_core/task/python/colcon_distutils_commands:/home/wade/ros2_ws/install/examples_rclpy_executors/lib/python3.10/site-packages:${PYTHONPATH} /usr/bin/python3 -W ignore:setup.py install is deprecated -W ignore:easy_install command is deprecated setup.py develop --uninstall --editable --build-directory /home/wade/ros2_ws/build/examples_rclpy_executors/build
[1.704s] running develop
[1.822s] Removing /home/wade/ros2_ws/install/examples_rclpy_executors/lib/python3.10/site-packages/examples-rclpy-executors.egg-link (link to .)
[1.867s] Invoked command in '/home/wade/ros2_ws/build/examples_rclpy_executors' returned '0': PYTHONPATH=/home/wade/ros2_ws/build/examples_rclpy_executors/prefix_override:/usr/lib/python3/dist-packages/colcon_core/task/python/colcon_distutils_commands:/home/wade/ros2_ws/install/examples_rclpy_executors/lib/python3.10/site-packages:${PYTHONPATH} /usr/bin/python3 -W ignore:setup.py install is deprecated -W ignore:easy_install command is deprecated setup.py develop --uninstall --editable --build-directory /home/wade/ros2_ws/build/examples_rclpy_executors/build
[1.867s] Invoking command in '/home/wade/ros2_ws/src/examples/rclpy/executors': PYTHONPATH=/home/wade/ros2_ws/build/examples_rclpy_executors/prefix_override:/usr/lib/python3/dist-packages/colcon_core/task/python/colcon_distutils_commands:/home/wade/ros2_ws/install/examples_rclpy_executors/lib/python3.10/site-packages:${PYTHONPATH} /usr/bin/python3 -W ignore:setup.py install is deprecated -W ignore:easy_install command is deprecated setup.py egg_info --egg-base ../../../../build/examples_rclpy_executors build --build-base /home/wade/ros2_ws/build/examples_rclpy_executors/build install --record /home/wade/ros2_ws/build/examples_rclpy_executors/install.log --single-version-externally-managed install_data --force
[2.072s] running egg_info
[2.073s] writing ../../../../build/examples_rclpy_executors/examples_rclpy_executors.egg-info/PKG-INFO
[2.073s] writing dependency_links to ../../../../build/examples_rclpy_executors/examples_rclpy_executors.egg-info/dependency_links.txt
[2.073s] writing entry points to ../../../../build/examples_rclpy_executors/examples_rclpy_executors.egg-info/entry_points.txt
[2.073s] writing requirements to ../../../../build/examples_rclpy_executors/examples_rclpy_executors.egg-info/requires.txt
[2.073s] writing top-level names to ../../../../build/examples_rclpy_executors/examples_rclpy_executors.egg-info/top_level.txt
[2.075s] reading manifest file '../../../../build/examples_rclpy_executors/examples_rclpy_executors.egg-info/SOURCES.txt'
[2.076s] writing manifest file '../../../../build/examples_rclpy_executors/examples_rclpy_executors.egg-info/SOURCES.txt'
[2.076s] running build
[2.077s] running build_py
[2.078s] running install
[2.079s] running install_lib
[2.080s] creating /home/wade/ros2_ws/install/examples_rclpy_executors/lib/python3.10/site-packages/examples_rclpy_executors
[2.082s] copying /home/wade/ros2_ws/build/examples_rclpy_executors/build/lib/examples_rclpy_executors/composed.py -> /home/wade/ros2_ws/install/examples_rclpy_executors/lib/python3.10/site-packages/examples_rclpy_executors
[2.082s] copying /home/wade/ros2_ws/build/examples_rclpy_executors/build/lib/examples_rclpy_executors/__init__.py -> /home/wade/ros2_ws/install/examples_rclpy_executors/lib/python3.10/site-packages/examples_rclpy_executors
[2.082s] copying /home/wade/ros2_ws/build/examples_rclpy_executors/build/lib/examples_rclpy_executors/listener.py -> /home/wade/ros2_ws/install/examples_rclpy_executors/lib/python3.10/site-packages/examples_rclpy_executors
[2.082s] copying /home/wade/ros2_ws/build/examples_rclpy_executors/build/lib/examples_rclpy_executors/custom_callback_group.py -> /home/wade/ros2_ws/install/examples_rclpy_executors/lib/python3.10/site-packages/examples_rclpy_executors
[2.083s] copying /home/wade/ros2_ws/build/examples_rclpy_executors/build/lib/examples_rclpy_executors/custom_executor.py -> /home/wade/ros2_ws/install/examples_rclpy_executors/lib/python3.10/site-packages/examples_rclpy_executors
[2.083s] copying /home/wade/ros2_ws/build/examples_rclpy_executors/build/lib/examples_rclpy_executors/talker.py -> /home/wade/ros2_ws/install/examples_rclpy_executors/lib/python3.10/site-packages/examples_rclpy_executors
[2.083s] copying /home/wade/ros2_ws/build/examples_rclpy_executors/build/lib/examples_rclpy_executors/callback_group.py -> /home/wade/ros2_ws/install/examples_rclpy_executors/lib/python3.10/site-packages/examples_rclpy_executors
[2.084s] byte-compiling /home/wade/ros2_ws/install/examples_rclpy_executors/lib/python3.10/site-packages/examples_rclpy_executors/composed.py to composed.cpython-310.pyc
[2.085s] byte-compiling /home/wade/ros2_ws/install/examples_rclpy_executors/lib/python3.10/site-packages/examples_rclpy_executors/__init__.py to __init__.cpython-310.pyc
[2.085s] byte-compiling /home/wade/ros2_ws/install/examples_rclpy_executors/lib/python3.10/site-packages/examples_rclpy_executors/listener.py to listener.cpython-310.pyc
[2.086s] byte-compiling /home/wade/ros2_ws/install/examples_rclpy_executors/lib/python3.10/site-packages/examples_rclpy_executors/custom_callback_group.py to custom_callback_group.cpython-310.pyc
[2.087s] byte-compiling /home/wade/ros2_ws/install/examples_rclpy_executors/lib/python3.10/site-packages/examples_rclpy_executors/custom_executor.py to custom_executor.cpython-310.pyc
[2.087s] byte-compiling /home/wade/ros2_ws/install/examples_rclpy_executors/lib/python3.10/site-packages/examples_rclpy_executors/talker.py to talker.cpython-310.pyc
[2.088s] byte-compiling /home/wade/ros2_ws/install/examples_rclpy_executors/lib/python3.10/site-packages/examples_rclpy_executors/callback_group.py to callback_group.cpython-310.pyc
[2.088s] running install_data
[2.089s] copying resource/examples_rclpy_executors -> /home/wade/ros2_ws/install/examples_rclpy_executors/share/ament_index/resource_index/packages
[2.089s] copying package.xml -> /home/wade/ros2_ws/install/examples_rclpy_executors/share/examples_rclpy_executors
[2.089s] running install_egg_info
[2.091s] Copying ../../../../build/examples_rclpy_executors/examples_rclpy_executors.egg-info to /home/wade/ros2_ws/install/examples_rclpy_executors/lib/python3.10/site-packages/examples_rclpy_executors-0.15.3-py3.10.egg-info
[2.092s] running install_scripts
[2.118s] Installing callback_group script to /home/wade/ros2_ws/install/examples_rclpy_executors/lib/examples_rclpy_executors
[2.118s] Installing composed script to /home/wade/ros2_ws/install/examples_rclpy_executors/lib/examples_rclpy_executors
[2.118s] Installing custom_callback_group script to /home/wade/ros2_ws/install/examples_rclpy_executors/lib/examples_rclpy_executors
[2.118s] Installing custom_executor script to /home/wade/ros2_ws/install/examples_rclpy_executors/lib/examples_rclpy_executors
[2.119s] Installing listener script to /home/wade/ros2_ws/install/examples_rclpy_executors/lib/examples_rclpy_executors
[2.119s] Installing talker script to /home/wade/ros2_ws/install/examples_rclpy_executors/lib/examples_rclpy_executors
[2.120s] writing list of installed files to '/home/wade/ros2_ws/build/examples_rclpy_executors/install.log'
[2.169s] Invoked command in '/home/wade/ros2_ws/src/examples/rclpy/executors' returned '0': PYTHONPATH=/home/wade/ros2_ws/build/examples_rclpy_executors/prefix_override:/usr/lib/python3/dist-packages/colcon_core/task/python/colcon_distutils_commands:/home/wade/ros2_ws/install/examples_rclpy_executors/lib/python3.10/site-packages:${PYTHONPATH} /usr/bin/python3 -W ignore:setup.py install is deprecated -W ignore:easy_install command is deprecated setup.py egg_info --egg-base ../../../../build/examples_rclpy_executors build --build-base /home/wade/ros2_ws/build/examples_rclpy_executors/build install --record /home/wade/ros2_ws/build/examples_rclpy_executors/install.log --single-version-externally-managed install_data --force
