[1.716s] Invoking command in '/home/wade/ros2_ws/build/more_interfaces': CMAKE_PREFIX_PATH=${CMAKE_PREFIX_PATH}:/home/wade/ros2_ws/install/py_srvcli:/home/wade/ros2_ws/install/py_pubsub:/home/wade/ros2_ws/install/robot_math:/home/wade/ros2_ws/install/python_parameters:/home/wade/ros2_ws/install/my_turtlebot3_sim:/home/wade/ros2_ws/install/my_package:/home/wade/ros2_ws/install/launch_testing_examples:/home/wade/ros2_ws/install/examples_rclpy_pointcloud_publisher:/home/wade/ros2_ws/install/examples_rclpy_minimal_subscriber:/home/wade/ros2_ws/install/examples_rclpy_minimal_service:/home/wade/ros2_ws/install/examples_rclpy_minimal_publisher:/home/wade/ros2_ws/install/examples_rclpy_minimal_client:/home/wade/ros2_ws/install/examples_rclpy_minimal_action_server:/home/wade/ros2_ws/install/examples_rclpy_minimal_action_client:/home/wade/ros2_ws/install/examples_rclpy_guard_conditions:/home/wade/ros2_ws/install/examples_rclpy_executors:/opt/ros/humble /usr/bin/cmake --build /home/wade/ros2_ws/build/more_interfaces -- -j12 -l12
[1.760s] [  9%] Built target more_interfaces__cpp
[1.760s] [ 12%] Built target more_interfaces__rosidl_generator_c
[1.775s] [ 12%] Built target ament_cmake_python_copy_more_interfaces
[1.782s] [ 30%] Built target more_interfaces__rosidl_typesupport_fastrtps_c
[1.782s] [ 39%] Built target more_interfaces__rosidl_typesupport_introspection_cpp
[1.782s] [ 39%] Built target more_interfaces__rosidl_typesupport_introspection_c
[1.782s] [ 48%] Built target more_interfaces__rosidl_typesupport_c
[1.782s] [ 57%] Built target more_interfaces__rosidl_typesupport_fastrtps_cpp
[1.794s] [ 66%] Built target more_interfaces__rosidl_typesupport_cpp
[1.815s] [ 66%] Built target more_interfaces
[1.815s] [ 72%] Built target publish_address_book
[1.832s] [ 75%] Built target more_interfaces__py
[1.850s] [ 81%] Built target more_interfaces__rosidl_generator_py
[1.872s] [ 87%] Built target more_interfaces__rosidl_typesupport_fastrtps_c__pyext
[1.873s] [ 93%] Built target more_interfaces__rosidl_typesupport_c__pyext
[1.875s] [100%] Built target more_interfaces__rosidl_typesupport_introspection_c__pyext
[1.959s] running egg_info
[1.961s] writing more_interfaces.egg-info/PKG-INFO
[1.961s] writing dependency_links to more_interfaces.egg-info/dependency_links.txt
[1.961s] writing top-level names to more_interfaces.egg-info/top_level.txt
[1.965s] reading manifest file 'more_interfaces.egg-info/SOURCES.txt'
[1.965s] writing manifest file 'more_interfaces.egg-info/SOURCES.txt'
[2.009s] [100%] Built target ament_cmake_python_build_more_interfaces_egg
[2.023s] Invoked command in '/home/wade/ros2_ws/build/more_interfaces' returned '0': CMAKE_PREFIX_PATH=${CMAKE_PREFIX_PATH}:/home/wade/ros2_ws/install/py_srvcli:/home/wade/ros2_ws/install/py_pubsub:/home/wade/ros2_ws/install/robot_math:/home/wade/ros2_ws/install/python_parameters:/home/wade/ros2_ws/install/my_turtlebot3_sim:/home/wade/ros2_ws/install/my_package:/home/wade/ros2_ws/install/launch_testing_examples:/home/wade/ros2_ws/install/examples_rclpy_pointcloud_publisher:/home/wade/ros2_ws/install/examples_rclpy_minimal_subscriber:/home/wade/ros2_ws/install/examples_rclpy_minimal_service:/home/wade/ros2_ws/install/examples_rclpy_minimal_publisher:/home/wade/ros2_ws/install/examples_rclpy_minimal_client:/home/wade/ros2_ws/install/examples_rclpy_minimal_action_server:/home/wade/ros2_ws/install/examples_rclpy_minimal_action_client:/home/wade/ros2_ws/install/examples_rclpy_guard_conditions:/home/wade/ros2_ws/install/examples_rclpy_executors:/opt/ros/humble /usr/bin/cmake --build /home/wade/ros2_ws/build/more_interfaces -- -j12 -l12
[2.023s] Invoking command in '/home/wade/ros2_ws/build/more_interfaces': CMAKE_PREFIX_PATH=${CMAKE_PREFIX_PATH}:/home/wade/ros2_ws/install/py_srvcli:/home/wade/ros2_ws/install/py_pubsub:/home/wade/ros2_ws/install/robot_math:/home/wade/ros2_ws/install/python_parameters:/home/wade/ros2_ws/install/my_turtlebot3_sim:/home/wade/ros2_ws/install/my_package:/home/wade/ros2_ws/install/launch_testing_examples:/home/wade/ros2_ws/install/examples_rclpy_pointcloud_publisher:/home/wade/ros2_ws/install/examples_rclpy_minimal_subscriber:/home/wade/ros2_ws/install/examples_rclpy_minimal_service:/home/wade/ros2_ws/install/examples_rclpy_minimal_publisher:/home/wade/ros2_ws/install/examples_rclpy_minimal_client:/home/wade/ros2_ws/install/examples_rclpy_minimal_action_server:/home/wade/ros2_ws/install/examples_rclpy_minimal_action_client:/home/wade/ros2_ws/install/examples_rclpy_guard_conditions:/home/wade/ros2_ws/install/examples_rclpy_executors:/opt/ros/humble /usr/bin/cmake --install /home/wade/ros2_ws/build/more_interfaces
[2.032s] -- Install configuration: ""
[2.032s] -- Up-to-date: /home/wade/ros2_ws/install/more_interfaces/lib/more_interfaces/publish_address_book
[2.032s] -- Up-to-date: /home/wade/ros2_ws/install/more_interfaces/share/ament_index/resource_index/rosidl_interfaces/more_interfaces
[2.032s] -- Up-to-date: /home/wade/ros2_ws/install/more_interfaces/include/more_interfaces/more_interfaces
[2.032s] -- Up-to-date: /home/wade/ros2_ws/install/more_interfaces/include/more_interfaces/more_interfaces/msg
[2.033s] -- Up-to-date: /home/wade/ros2_ws/install/more_interfaces/include/more_interfaces/more_interfaces/msg/detail
[2.033s] -- Up-to-date: /home/wade/ros2_ws/install/more_interfaces/include/more_interfaces/more_interfaces/msg/detail/address_book__struct.h
[2.033s] -- Up-to-date: /home/wade/ros2_ws/install/more_interfaces/include/more_interfaces/more_interfaces/msg/detail/address_book__type_support.h
[2.033s] -- Up-to-date: /home/wade/ros2_ws/install/more_interfaces/include/more_interfaces/more_interfaces/msg/detail/address_book__functions.h
[2.033s] -- Up-to-date: /home/wade/ros2_ws/install/more_interfaces/include/more_interfaces/more_interfaces/msg/detail/address_book__functions.c
[2.033s] -- Up-to-date: /home/wade/ros2_ws/install/more_interfaces/include/more_interfaces/more_interfaces/msg/rosidl_generator_c__visibility_control.h
[2.033s] -- Up-to-date: /home/wade/ros2_ws/install/more_interfaces/include/more_interfaces/more_interfaces/msg/address_book.h
[2.033s] -- Up-to-date: /home/wade/ros2_ws/install/more_interfaces/share/more_interfaces/environment/library_path.sh
[2.033s] -- Up-to-date: /home/wade/ros2_ws/install/more_interfaces/share/more_interfaces/environment/library_path.dsv
[2.033s] -- Up-to-date: /home/wade/ros2_ws/install/more_interfaces/lib/libmore_interfaces__rosidl_generator_c.so
[2.033s] -- Up-to-date: /home/wade/ros2_ws/install/more_interfaces/include/more_interfaces/more_interfaces
[2.033s] -- Up-to-date: /home/wade/ros2_ws/install/more_interfaces/include/more_interfaces/more_interfaces/msg
[2.033s] -- Up-to-date: /home/wade/ros2_ws/install/more_interfaces/include/more_interfaces/more_interfaces/msg/detail
[2.037s] -- Up-to-date: /home/wade/ros2_ws/install/more_interfaces/include/more_interfaces/more_interfaces/msg/detail/address_book__rosidl_typesupport_fastrtps_c.h
[2.037s] -- Up-to-date: /home/wade/ros2_ws/install/more_interfaces/include/more_interfaces/more_interfaces/msg/rosidl_typesupport_fastrtps_c__visibility_control.h
[2.037s] -- Up-to-date: /home/wade/ros2_ws/install/more_interfaces/lib/libmore_interfaces__rosidl_typesupport_fastrtps_c.so
[2.037s] -- Up-to-date: /home/wade/ros2_ws/install/more_interfaces/include/more_interfaces/more_interfaces
[2.037s] -- Up-to-date: /home/wade/ros2_ws/install/more_interfaces/include/more_interfaces/more_interfaces/msg
[2.037s] -- Up-to-date: /home/wade/ros2_ws/install/more_interfaces/include/more_interfaces/more_interfaces/msg/detail
[2.037s] -- Up-to-date: /home/wade/ros2_ws/install/more_interfaces/include/more_interfaces/more_interfaces/msg/detail/address_book__type_support.c
[2.037s] -- Up-to-date: /home/wade/ros2_ws/install/more_interfaces/include/more_interfaces/more_interfaces/msg/detail/address_book__rosidl_typesupport_introspection_c.h
[2.037s] -- Up-to-date: /home/wade/ros2_ws/install/more_interfaces/include/more_interfaces/more_interfaces/msg/rosidl_typesupport_introspection_c__visibility_control.h
[2.037s] -- Up-to-date: /home/wade/ros2_ws/install/more_interfaces/lib/libmore_interfaces__rosidl_typesupport_introspection_c.so
[2.037s] -- Up-to-date: /home/wade/ros2_ws/install/more_interfaces/lib/libmore_interfaces__rosidl_typesupport_c.so
[2.037s] -- Up-to-date: /home/wade/ros2_ws/install/more_interfaces/include/more_interfaces/more_interfaces
[2.037s] -- Up-to-date: /home/wade/ros2_ws/install/more_interfaces/include/more_interfaces/more_interfaces/msg
[2.037s] -- Up-to-date: /home/wade/ros2_ws/install/more_interfaces/include/more_interfaces/more_interfaces/msg/address_book.hpp
[2.037s] -- Up-to-date: /home/wade/ros2_ws/install/more_interfaces/include/more_interfaces/more_interfaces/msg/detail
[2.038s] -- Up-to-date: /home/wade/ros2_ws/install/more_interfaces/include/more_interfaces/more_interfaces/msg/detail/address_book__type_support.hpp
[2.038s] -- Up-to-date: /home/wade/ros2_ws/install/more_interfaces/include/more_interfaces/more_interfaces/msg/detail/address_book__traits.hpp
[2.038s] -- Up-to-date: /home/wade/ros2_ws/install/more_interfaces/include/more_interfaces/more_interfaces/msg/detail/address_book__builder.hpp
[2.038s] -- Up-to-date: /home/wade/ros2_ws/install/more_interfaces/include/more_interfaces/more_interfaces/msg/detail/address_book__struct.hpp
[2.038s] -- Up-to-date: /home/wade/ros2_ws/install/more_interfaces/include/more_interfaces/more_interfaces/msg/rosidl_generator_cpp__visibility_control.hpp
[2.038s] -- Up-to-date: /home/wade/ros2_ws/install/more_interfaces/include/more_interfaces/more_interfaces
[2.038s] -- Up-to-date: /home/wade/ros2_ws/install/more_interfaces/include/more_interfaces/more_interfaces/msg
[2.038s] -- Up-to-date: /home/wade/ros2_ws/install/more_interfaces/include/more_interfaces/more_interfaces/msg/rosidl_typesupport_fastrtps_cpp__visibility_control.h
[2.038s] -- Up-to-date: /home/wade/ros2_ws/install/more_interfaces/include/more_interfaces/more_interfaces/msg/detail
[2.038s] -- Up-to-date: /home/wade/ros2_ws/install/more_interfaces/include/more_interfaces/more_interfaces/msg/detail/address_book__rosidl_typesupport_fastrtps_cpp.hpp
[2.038s] -- Up-to-date: /home/wade/ros2_ws/install/more_interfaces/include/more_interfaces/more_interfaces/msg/detail/dds_fastrtps
[2.038s] -- Up-to-date: /home/wade/ros2_ws/install/more_interfaces/lib/libmore_interfaces__rosidl_typesupport_fastrtps_cpp.so
[2.038s] -- Up-to-date: /home/wade/ros2_ws/install/more_interfaces/include/more_interfaces/more_interfaces
[2.038s] -- Up-to-date: /home/wade/ros2_ws/install/more_interfaces/include/more_interfaces/more_interfaces/msg
[2.038s] -- Up-to-date: /home/wade/ros2_ws/install/more_interfaces/include/more_interfaces/more_interfaces/msg/detail
[2.038s] -- Up-to-date: /home/wade/ros2_ws/install/more_interfaces/include/more_interfaces/more_interfaces/msg/detail/address_book__type_support.cpp
[2.038s] -- Up-to-date: /home/wade/ros2_ws/install/more_interfaces/include/more_interfaces/more_interfaces/msg/detail/address_book__rosidl_typesupport_introspection_cpp.hpp
[2.038s] -- Up-to-date: /home/wade/ros2_ws/install/more_interfaces/lib/libmore_interfaces__rosidl_typesupport_introspection_cpp.so
[2.038s] -- Up-to-date: /home/wade/ros2_ws/install/more_interfaces/lib/libmore_interfaces__rosidl_typesupport_cpp.so
[2.038s] -- Up-to-date: /home/wade/ros2_ws/install/more_interfaces/share/more_interfaces/environment/pythonpath.sh
[2.038s] -- Up-to-date: /home/wade/ros2_ws/install/more_interfaces/share/more_interfaces/environment/pythonpath.dsv
[2.038s] -- Up-to-date: /home/wade/ros2_ws/install/more_interfaces/local/lib/python3.10/dist-packages/more_interfaces-0.0.0-py3.10.egg-info
[2.038s] -- Installing: /home/wade/ros2_ws/install/more_interfaces/local/lib/python3.10/dist-packages/more_interfaces-0.0.0-py3.10.egg-info/top_level.txt
[2.039s] -- Installing: /home/wade/ros2_ws/install/more_interfaces/local/lib/python3.10/dist-packages/more_interfaces-0.0.0-py3.10.egg-info/SOURCES.txt
[2.043s] -- Installing: /home/wade/ros2_ws/install/more_interfaces/local/lib/python3.10/dist-packages/more_interfaces-0.0.0-py3.10.egg-info/dependency_links.txt
[2.043s] -- Installing: /home/wade/ros2_ws/install/more_interfaces/local/lib/python3.10/dist-packages/more_interfaces-0.0.0-py3.10.egg-info/PKG-INFO
[2.043s] -- Up-to-date: /home/wade/ros2_ws/install/more_interfaces/local/lib/python3.10/dist-packages/more_interfaces
[2.043s] -- Up-to-date: /home/wade/ros2_ws/install/more_interfaces/local/lib/python3.10/dist-packages/more_interfaces/_more_interfaces_s.ep.rosidl_typesupport_introspection_c.c
[2.043s] -- Up-to-date: /home/wade/ros2_ws/install/more_interfaces/local/lib/python3.10/dist-packages/more_interfaces/libmore_interfaces__rosidl_generator_py.so
[2.043s] -- Up-to-date: /home/wade/ros2_ws/install/more_interfaces/local/lib/python3.10/dist-packages/more_interfaces/_more_interfaces_s.ep.rosidl_typesupport_c.c
[2.043s] -- Up-to-date: /home/wade/ros2_ws/install/more_interfaces/local/lib/python3.10/dist-packages/more_interfaces/__init__.py
[2.043s] -- Up-to-date: /home/wade/ros2_ws/install/more_interfaces/local/lib/python3.10/dist-packages/more_interfaces/more_interfaces_s__rosidl_typesupport_c.cpython-310-x86_64-linux-gnu.so
[2.043s] -- Up-to-date: /home/wade/ros2_ws/install/more_interfaces/local/lib/python3.10/dist-packages/more_interfaces/more_interfaces_s__rosidl_typesupport_fastrtps_c.cpython-310-x86_64-linux-gnu.so
[2.043s] -- Up-to-date: /home/wade/ros2_ws/install/more_interfaces/local/lib/python3.10/dist-packages/more_interfaces/_more_interfaces_s.ep.rosidl_typesupport_fastrtps_c.c
[2.043s] -- Up-to-date: /home/wade/ros2_ws/install/more_interfaces/local/lib/python3.10/dist-packages/more_interfaces/msg
[2.043s] -- Up-to-date: /home/wade/ros2_ws/install/more_interfaces/local/lib/python3.10/dist-packages/more_interfaces/msg/_address_book.py
[2.043s] -- Up-to-date: /home/wade/ros2_ws/install/more_interfaces/local/lib/python3.10/dist-packages/more_interfaces/msg/__init__.py
[2.043s] -- Up-to-date: /home/wade/ros2_ws/install/more_interfaces/local/lib/python3.10/dist-packages/more_interfaces/msg/_address_book_s.c
[2.043s] -- Up-to-date: /home/wade/ros2_ws/install/more_interfaces/local/lib/python3.10/dist-packages/more_interfaces/more_interfaces_s__rosidl_typesupport_introspection_c.cpython-310-x86_64-linux-gnu.so
[2.079s] Listing '/home/wade/ros2_ws/install/more_interfaces/local/lib/python3.10/dist-packages/more_interfaces'...
[2.079s] Listing '/home/wade/ros2_ws/install/more_interfaces/local/lib/python3.10/dist-packages/more_interfaces/msg'...
[2.084s] -- Up-to-date: /home/wade/ros2_ws/install/more_interfaces/local/lib/python3.10/dist-packages/more_interfaces/more_interfaces_s__rosidl_typesupport_fastrtps_c.cpython-310-x86_64-linux-gnu.so
[2.084s] -- Up-to-date: /home/wade/ros2_ws/install/more_interfaces/local/lib/python3.10/dist-packages/more_interfaces/more_interfaces_s__rosidl_typesupport_introspection_c.cpython-310-x86_64-linux-gnu.so
[2.085s] -- Up-to-date: /home/wade/ros2_ws/install/more_interfaces/local/lib/python3.10/dist-packages/more_interfaces/more_interfaces_s__rosidl_typesupport_c.cpython-310-x86_64-linux-gnu.so
[2.085s] -- Up-to-date: /home/wade/ros2_ws/install/more_interfaces/lib/libmore_interfaces__rosidl_generator_py.so
[2.085s] -- Up-to-date: /home/wade/ros2_ws/install/more_interfaces/share/more_interfaces/msg/AddressBook.idl
[2.086s] -- Up-to-date: /home/wade/ros2_ws/install/more_interfaces/share/more_interfaces/msg/AddressBook.msg
[2.086s] -- Up-to-date: /home/wade/ros2_ws/install/more_interfaces/share/ament_index/resource_index/package_run_dependencies/more_interfaces
[2.086s] -- Up-to-date: /home/wade/ros2_ws/install/more_interfaces/share/ament_index/resource_index/parent_prefix_path/more_interfaces
[2.086s] -- Up-to-date: /home/wade/ros2_ws/install/more_interfaces/share/more_interfaces/environment/ament_prefix_path.sh
[2.086s] -- Up-to-date: /home/wade/ros2_ws/install/more_interfaces/share/more_interfaces/environment/ament_prefix_path.dsv
[2.087s] -- Up-to-date: /home/wade/ros2_ws/install/more_interfaces/share/more_interfaces/environment/path.sh
[2.087s] -- Up-to-date: /home/wade/ros2_ws/install/more_interfaces/share/more_interfaces/environment/path.dsv
[2.087s] -- Up-to-date: /home/wade/ros2_ws/install/more_interfaces/share/more_interfaces/local_setup.bash
[2.087s] -- Up-to-date: /home/wade/ros2_ws/install/more_interfaces/share/more_interfaces/local_setup.sh
[2.087s] -- Up-to-date: /home/wade/ros2_ws/install/more_interfaces/share/more_interfaces/local_setup.zsh
[2.087s] -- Up-to-date: /home/wade/ros2_ws/install/more_interfaces/share/more_interfaces/local_setup.dsv
[2.089s] -- Installing: /home/wade/ros2_ws/install/more_interfaces/share/more_interfaces/package.dsv
[2.090s] -- Up-to-date: /home/wade/ros2_ws/install/more_interfaces/share/ament_index/resource_index/packages/more_interfaces
[2.090s] -- Up-to-date: /home/wade/ros2_ws/install/more_interfaces/share/more_interfaces/cmake/export_more_interfaces__rosidl_generator_cExport.cmake
[2.090s] -- Up-to-date: /home/wade/ros2_ws/install/more_interfaces/share/more_interfaces/cmake/export_more_interfaces__rosidl_generator_cExport-noconfig.cmake
[2.090s] -- Up-to-date: /home/wade/ros2_ws/install/more_interfaces/share/more_interfaces/cmake/export_more_interfaces__rosidl_typesupport_fastrtps_cExport.cmake
[2.090s] -- Up-to-date: /home/wade/ros2_ws/install/more_interfaces/share/more_interfaces/cmake/export_more_interfaces__rosidl_typesupport_fastrtps_cExport-noconfig.cmake
[2.091s] -- Up-to-date: /home/wade/ros2_ws/install/more_interfaces/share/more_interfaces/cmake/more_interfaces__rosidl_typesupport_introspection_cExport.cmake
[2.091s] -- Up-to-date: /home/wade/ros2_ws/install/more_interfaces/share/more_interfaces/cmake/more_interfaces__rosidl_typesupport_introspection_cExport-noconfig.cmake
[2.091s] -- Up-to-date: /home/wade/ros2_ws/install/more_interfaces/share/more_interfaces/cmake/more_interfaces__rosidl_typesupport_cExport.cmake
[2.091s] -- Up-to-date: /home/wade/ros2_ws/install/more_interfaces/share/more_interfaces/cmake/more_interfaces__rosidl_typesupport_cExport-noconfig.cmake
[2.091s] -- Up-to-date: /home/wade/ros2_ws/install/more_interfaces/share/more_interfaces/cmake/export_more_interfaces__rosidl_generator_cppExport.cmake
[2.092s] -- Up-to-date: /home/wade/ros2_ws/install/more_interfaces/share/more_interfaces/cmake/export_more_interfaces__rosidl_typesupport_fastrtps_cppExport.cmake
[2.092s] -- Up-to-date: /home/wade/ros2_ws/install/more_interfaces/share/more_interfaces/cmake/export_more_interfaces__rosidl_typesupport_fastrtps_cppExport-noconfig.cmake
[2.092s] -- Up-to-date: /home/wade/ros2_ws/install/more_interfaces/share/more_interfaces/cmake/more_interfaces__rosidl_typesupport_introspection_cppExport.cmake
[2.092s] -- Up-to-date: /home/wade/ros2_ws/install/more_interfaces/share/more_interfaces/cmake/more_interfaces__rosidl_typesupport_introspection_cppExport-noconfig.cmake
[2.092s] -- Up-to-date: /home/wade/ros2_ws/install/more_interfaces/share/more_interfaces/cmake/more_interfaces__rosidl_typesupport_cppExport.cmake
[2.093s] -- Up-to-date: /home/wade/ros2_ws/install/more_interfaces/share/more_interfaces/cmake/more_interfaces__rosidl_typesupport_cppExport-noconfig.cmake
[2.093s] -- Up-to-date: /home/wade/ros2_ws/install/more_interfaces/share/more_interfaces/cmake/export_more_interfaces__rosidl_generator_pyExport.cmake
[2.093s] -- Up-to-date: /home/wade/ros2_ws/install/more_interfaces/share/more_interfaces/cmake/export_more_interfaces__rosidl_generator_pyExport-noconfig.cmake
[2.093s] -- Up-to-date: /home/wade/ros2_ws/install/more_interfaces/share/more_interfaces/cmake/rosidl_cmake-extras.cmake
[2.093s] -- Up-to-date: /home/wade/ros2_ws/install/more_interfaces/share/more_interfaces/cmake/ament_cmake_export_include_directories-extras.cmake
[2.094s] -- Up-to-date: /home/wade/ros2_ws/install/more_interfaces/share/more_interfaces/cmake/ament_cmake_export_libraries-extras.cmake
[2.094s] -- Up-to-date: /home/wade/ros2_ws/install/more_interfaces/share/more_interfaces/cmake/ament_cmake_export_targets-extras.cmake
[2.094s] -- Up-to-date: /home/wade/ros2_ws/install/more_interfaces/share/more_interfaces/cmake/rosidl_cmake_export_typesupport_targets-extras.cmake
[2.094s] -- Up-to-date: /home/wade/ros2_ws/install/more_interfaces/share/more_interfaces/cmake/ament_cmake_export_dependencies-extras.cmake
[2.094s] -- Up-to-date: /home/wade/ros2_ws/install/more_interfaces/share/more_interfaces/cmake/rosidl_cmake_export_typesupport_libraries-extras.cmake
[2.094s] -- Up-to-date: /home/wade/ros2_ws/install/more_interfaces/share/more_interfaces/cmake/more_interfacesConfig.cmake
[2.094s] -- Up-to-date: /home/wade/ros2_ws/install/more_interfaces/share/more_interfaces/cmake/more_interfacesConfig-version.cmake
[2.095s] -- Up-to-date: /home/wade/ros2_ws/install/more_interfaces/share/more_interfaces/package.xml
[2.099s] Invoked command in '/home/wade/ros2_ws/build/more_interfaces' returned '0': CMAKE_PREFIX_PATH=${CMAKE_PREFIX_PATH}:/home/wade/ros2_ws/install/py_srvcli:/home/wade/ros2_ws/install/py_pubsub:/home/wade/ros2_ws/install/robot_math:/home/wade/ros2_ws/install/python_parameters:/home/wade/ros2_ws/install/my_turtlebot3_sim:/home/wade/ros2_ws/install/my_package:/home/wade/ros2_ws/install/launch_testing_examples:/home/wade/ros2_ws/install/examples_rclpy_pointcloud_publisher:/home/wade/ros2_ws/install/examples_rclpy_minimal_subscriber:/home/wade/ros2_ws/install/examples_rclpy_minimal_service:/home/wade/ros2_ws/install/examples_rclpy_minimal_publisher:/home/wade/ros2_ws/install/examples_rclpy_minimal_client:/home/wade/ros2_ws/install/examples_rclpy_minimal_action_server:/home/wade/ros2_ws/install/examples_rclpy_minimal_action_client:/home/wade/ros2_ws/install/examples_rclpy_guard_conditions:/home/wade/ros2_ws/install/examples_rclpy_executors:/opt/ros/humble /usr/bin/cmake --install /home/wade/ros2_ws/build/more_interfaces
