[0.051s] Invoking command in '/home/wade/ros2_ws/build/examples_rclcpp_minimal_composition': CMAKE_PREFIX_PATH=/opt/ros/humble /usr/bin/cmake --build /home/wade/ros2_ws/build/examples_rclcpp_minimal_composition -- -j12 -l12
[0.259s] [ 33%] Built target composition_nodes
[0.308s] [ 55%] Built target composition_publisher
[0.314s] [ 77%] Built target composition_composed
[0.322s] [100%] Built target composition_subscriber
[0.384s] Invoked command in '/home/wade/ros2_ws/build/examples_rclcpp_minimal_composition' returned '0': CMAKE_PREFIX_PATH=/opt/ros/humble /usr/bin/cmake --build /home/wade/ros2_ws/build/examples_rclcpp_minimal_composition -- -j12 -l12
[0.386s] Invoking command in '/home/wade/ros2_ws/build/examples_rclcpp_minimal_composition': CMAKE_PREFIX_PATH=/opt/ros/humble /usr/bin/cmake --install /home/wade/ros2_ws/build/examples_rclcpp_minimal_composition
[0.436s] -- Install configuration: ""
[0.436s] -- Execute custom install script
[0.436s] -- Up-to-date symlink: /home/wade/ros2_ws/install/examples_rclcpp_minimal_composition/share/examples_rclcpp_minimal_composition/environment/library_path.sh
[0.436s] -- Up-to-date symlink: /home/wade/ros2_ws/install/examples_rclcpp_minimal_composition/share/examples_rclcpp_minimal_composition/environment/library_path.dsv
[0.436s] -- Up-to-date symlink: /home/wade/ros2_ws/install/examples_rclcpp_minimal_composition/lib/libcomposition_nodes.so
[0.437s] -- Up-to-date symlink: /home/wade/ros2_ws/install/examples_rclcpp_minimal_composition/lib/examples_rclcpp_minimal_composition/composition_publisher
[0.437s] -- Up-to-date symlink: /home/wade/ros2_ws/install/examples_rclcpp_minimal_composition/lib/examples_rclcpp_minimal_composition/composition_subscriber
[0.437s] -- Up-to-date symlink: /home/wade/ros2_ws/install/examples_rclcpp_minimal_composition/lib/examples_rclcpp_minimal_composition/composition_composed
[0.437s] -- Up-to-date symlink: /home/wade/ros2_ws/install/examples_rclcpp_minimal_composition/share/ament_index/resource_index/package_run_dependencies/examples_rclcpp_minimal_composition
[0.437s] -- Up-to-date symlink: /home/wade/ros2_ws/install/examples_rclcpp_minimal_composition/share/ament_index/resource_index/parent_prefix_path/examples_rclcpp_minimal_composition
[0.437s] -- Up-to-date symlink: /home/wade/ros2_ws/install/examples_rclcpp_minimal_composition/share/examples_rclcpp_minimal_composition/environment/ament_prefix_path.sh
[0.437s] -- Up-to-date symlink: /home/wade/ros2_ws/install/examples_rclcpp_minimal_composition/share/examples_rclcpp_minimal_composition/environment/ament_prefix_path.dsv
[0.437s] -- Up-to-date symlink: /home/wade/ros2_ws/install/examples_rclcpp_minimal_composition/share/examples_rclcpp_minimal_composition/environment/path.sh
[0.437s] -- Up-to-date symlink: /home/wade/ros2_ws/install/examples_rclcpp_minimal_composition/share/examples_rclcpp_minimal_composition/environment/path.dsv
[0.437s] -- Up-to-date symlink: /home/wade/ros2_ws/install/examples_rclcpp_minimal_composition/share/examples_rclcpp_minimal_composition/local_setup.bash
[0.437s] -- Up-to-date symlink: /home/wade/ros2_ws/install/examples_rclcpp_minimal_composition/share/examples_rclcpp_minimal_composition/local_setup.sh
[0.437s] -- Up-to-date symlink: /home/wade/ros2_ws/install/examples_rclcpp_minimal_composition/share/examples_rclcpp_minimal_composition/local_setup.zsh
[0.437s] -- Up-to-date symlink: /home/wade/ros2_ws/install/examples_rclcpp_minimal_composition/share/examples_rclcpp_minimal_composition/local_setup.dsv
[0.437s] -- Symlinking: /home/wade/ros2_ws/install/examples_rclcpp_minimal_composition/share/examples_rclcpp_minimal_composition/package.dsv
[0.437s] -- Up-to-date symlink: /home/wade/ros2_ws/install/examples_rclcpp_minimal_composition/share/ament_index/resource_index/packages/examples_rclcpp_minimal_composition
[0.437s] -- Up-to-date symlink: /home/wade/ros2_ws/install/examples_rclcpp_minimal_composition/share/examples_rclcpp_minimal_composition/cmake/examples_rclcpp_minimal_compositionConfig.cmake
[0.437s] -- Up-to-date symlink: /home/wade/ros2_ws/install/examples_rclcpp_minimal_composition/share/examples_rclcpp_minimal_composition/cmake/examples_rclcpp_minimal_compositionConfig-version.cmake
[0.437s] -- Up-to-date symlink: /home/wade/ros2_ws/install/examples_rclcpp_minimal_composition/share/examples_rclcpp_minimal_composition/package.xml
[0.565s] Invoked command in '/home/wade/ros2_ws/build/examples_rclcpp_minimal_composition' returned '0': CMAKE_PREFIX_PATH=/opt/ros/humble /usr/bin/cmake --install /home/wade/ros2_ws/build/examples_rclcpp_minimal_composition
