[0.214s] DEBUG:colcon:Command line arguments: ['/usr/bin/colcon', 'list', '-p', '--base-paths', '/home/wade/ros2_ws']
[0.214s] DEBUG:colcon:Parsed command line arguments: Namespace(log_base=None, log_level=None, verb_name='list', build_base='build', ignore_user_meta=False, metas=['./colcon.meta'], base_paths=['/home/wade/ros2_ws'], packages_ignore=None, packages_ignore_regex=None, paths=None, packages_up_to=None, packages_up_to_regex=None, packages_above=None, packages_above_and_dependencies=None, packages_above_depth=None, packages_select_by_dep=None, packages_skip_by_dep=None, packages_skip_up_to=None, packages_select_build_failed=False, packages_skip_build_finished=False, packages_select_test_failures=False, packages_skip_test_passed=False, packages_select=None, packages_skip=None, packages_select_regex=None, packages_skip_regex=None, packages_start=None, packages_end=None, allow_overriding=[], topological_order=False, names_only=False, paths_only=True, topological_graph=False, topological_graph_dot=False, topological_graph_density=False, topological_graph_legend=False, topological_graph_dot_cluster=False, topological_graph_dot_include_skipped=False, mixin_files=None, mixin=None, verb_parser=<colcon_mixin.mixin.mixin_argument.MixinArgumentDecorator object at 0x7505c335d8a0>, verb_extension=<colcon_package_information.verb.list.ListVerb object at 0x7505c335c640>, main=<bound method ListVerb.main of <colcon_package_information.verb.list.ListVerb object at 0x7505c335c640>>, mixin_verb=('list',))
[0.478s] Level 1:colcon.colcon_core.package_discovery:discover_packages(colcon_meta) check parameters
[0.479s] Level 1:colcon.colcon_core.package_discovery:discover_packages(recursive) check parameters
[0.479s] Level 1:colcon.colcon_core.package_discovery:discover_packages(ignore) check parameters
[0.479s] Level 1:colcon.colcon_core.package_discovery:discover_packages(path) check parameters
[0.479s] Level 1:colcon.colcon_core.package_discovery:discover_packages(recursive) discover
[0.479s] INFO:colcon.colcon_core.package_discovery:Crawling recursively for packages in '/home/wade/ros2_ws'
[0.479s] Level 1:colcon.colcon_core.package_identification:_identify(/home/wade/ros2_ws) by extensions ['ignore', 'ignore_ament_install']
[0.479s] Level 1:colcon.colcon_core.package_identification:_identify(/home/wade/ros2_ws) by extension 'ignore'
[0.479s] Level 1:colcon.colcon_core.package_identification:_identify(/home/wade/ros2_ws) by extension 'ignore_ament_install'
[0.479s] Level 1:colcon.colcon_core.package_identification:_identify(/home/wade/ros2_ws) by extensions ['colcon_pkg']
[0.480s] Level 1:colcon.colcon_core.package_identification:_identify(/home/wade/ros2_ws) by extension 'colcon_pkg'
[0.480s] Level 1:colcon.colcon_core.package_identification:_identify(/home/wade/ros2_ws) by extensions ['colcon_meta']
[0.480s] Level 1:colcon.colcon_core.package_identification:_identify(/home/wade/ros2_ws) by extension 'colcon_meta'
[0.480s] Level 1:colcon.colcon_core.package_identification:_identify(/home/wade/ros2_ws) by extensions ['ros']
[0.480s] Level 1:colcon.colcon_core.package_identification:_identify(/home/wade/ros2_ws) by extension 'ros'
[0.506s] Level 1:colcon.colcon_core.package_identification:_identify(/home/wade/ros2_ws) by extensions ['cmake', 'python']
[0.506s] Level 1:colcon.colcon_core.package_identification:_identify(/home/wade/ros2_ws) by extension 'cmake'
[0.506s] Level 1:colcon.colcon_core.package_identification:_identify(/home/wade/ros2_ws) by extension 'python'
[0.506s] Level 1:colcon.colcon_core.package_identification:_identify(/home/wade/ros2_ws) by extensions ['python_setup_py']
[0.506s] Level 1:colcon.colcon_core.package_identification:_identify(/home/wade/ros2_ws) by extension 'python_setup_py'
[0.506s] Level 1:colcon.colcon_core.package_identification:_identify(/home/wade/ros2_ws/build) by extensions ['ignore', 'ignore_ament_install']
[0.506s] Level 1:colcon.colcon_core.package_identification:_identify(/home/wade/ros2_ws/build) by extension 'ignore'
[0.506s] Level 1:colcon.colcon_core.package_identification:_identify(/home/wade/ros2_ws/build) ignored
[0.507s] Level 1:colcon.colcon_core.package_identification:_identify(/home/wade/ros2_ws/install) by extensions ['ignore', 'ignore_ament_install']
[0.507s] Level 1:colcon.colcon_core.package_identification:_identify(/home/wade/ros2_ws/install) by extension 'ignore'
[0.507s] Level 1:colcon.colcon_core.package_identification:_identify(/home/wade/ros2_ws/install) ignored
[0.507s] Level 1:colcon.colcon_core.package_identification:_identify(/home/wade/ros2_ws/log) by extensions ['ignore', 'ignore_ament_install']
[0.507s] Level 1:colcon.colcon_core.package_identification:_identify(/home/wade/ros2_ws/log) by extension 'ignore'
[0.507s] Level 1:colcon.colcon_core.package_identification:_identify(/home/wade/ros2_ws/log) ignored
[0.507s] Level 1:colcon.colcon_core.package_identification:_identify(/home/wade/ros2_ws/src) by extensions ['ignore', 'ignore_ament_install']
[0.508s] Level 1:colcon.colcon_core.package_identification:_identify(/home/wade/ros2_ws/src) by extension 'ignore'
[0.508s] Level 1:colcon.colcon_core.package_identification:_identify(/home/wade/ros2_ws/src) by extension 'ignore_ament_install'
[0.508s] Level 1:colcon.colcon_core.package_identification:_identify(/home/wade/ros2_ws/src) by extensions ['colcon_pkg']
[0.508s] Level 1:colcon.colcon_core.package_identification:_identify(/home/wade/ros2_ws/src) by extension 'colcon_pkg'
[0.508s] Level 1:colcon.colcon_core.package_identification:_identify(/home/wade/ros2_ws/src) by extensions ['colcon_meta']
[0.508s] Level 1:colcon.colcon_core.package_identification:_identify(/home/wade/ros2_ws/src) by extension 'colcon_meta'
[0.508s] Level 1:colcon.colcon_core.package_identification:_identify(/home/wade/ros2_ws/src) by extensions ['ros']
[0.508s] Level 1:colcon.colcon_core.package_identification:_identify(/home/wade/ros2_ws/src) by extension 'ros'
[0.508s] Level 1:colcon.colcon_core.package_identification:_identify(/home/wade/ros2_ws/src) by extensions ['cmake', 'python']
[0.508s] Level 1:colcon.colcon_core.package_identification:_identify(/home/wade/ros2_ws/src) by extension 'cmake'
[0.508s] Level 1:colcon.colcon_core.package_identification:_identify(/home/wade/ros2_ws/src) by extension 'python'
[0.508s] Level 1:colcon.colcon_core.package_identification:_identify(/home/wade/ros2_ws/src) by extensions ['python_setup_py']
[0.508s] Level 1:colcon.colcon_core.package_identification:_identify(/home/wade/ros2_ws/src) by extension 'python_setup_py'
[0.508s] Level 1:colcon.colcon_core.package_identification:_identify(/home/wade/ros2_ws/src/examples) by extensions ['ignore', 'ignore_ament_install']
[0.508s] Level 1:colcon.colcon_core.package_identification:_identify(/home/wade/ros2_ws/src/examples) by extension 'ignore'
[0.508s] Level 1:colcon.colcon_core.package_identification:_identify(/home/wade/ros2_ws/src/examples) by extension 'ignore_ament_install'
[0.508s] Level 1:colcon.colcon_core.package_identification:_identify(/home/wade/ros2_ws/src/examples) by extensions ['colcon_pkg']
[0.508s] Level 1:colcon.colcon_core.package_identification:_identify(/home/wade/ros2_ws/src/examples) by extension 'colcon_pkg'
[0.508s] Level 1:colcon.colcon_core.package_identification:_identify(/home/wade/ros2_ws/src/examples) by extensions ['colcon_meta']
[0.508s] Level 1:colcon.colcon_core.package_identification:_identify(/home/wade/ros2_ws/src/examples) by extension 'colcon_meta'
[0.508s] Level 1:colcon.colcon_core.package_identification:_identify(/home/wade/ros2_ws/src/examples) by extensions ['ros']
[0.508s] Level 1:colcon.colcon_core.package_identification:_identify(/home/wade/ros2_ws/src/examples) by extension 'ros'
[0.508s] Level 1:colcon.colcon_core.package_identification:_identify(/home/wade/ros2_ws/src/examples) by extensions ['cmake', 'python']
[0.508s] Level 1:colcon.colcon_core.package_identification:_identify(/home/wade/ros2_ws/src/examples) by extension 'cmake'
[0.508s] Level 1:colcon.colcon_core.package_identification:_identify(/home/wade/ros2_ws/src/examples) by extension 'python'
[0.509s] Level 1:colcon.colcon_core.package_identification:_identify(/home/wade/ros2_ws/src/examples) by extensions ['python_setup_py']
[0.509s] Level 1:colcon.colcon_core.package_identification:_identify(/home/wade/ros2_ws/src/examples) by extension 'python_setup_py'
[0.509s] Level 1:colcon.colcon_core.package_identification:_identify(/home/wade/ros2_ws/src/examples/launch_testing) by extensions ['ignore', 'ignore_ament_install']
[0.509s] Level 1:colcon.colcon_core.package_identification:_identify(/home/wade/ros2_ws/src/examples/launch_testing) by extension 'ignore'
[0.509s] Level 1:colcon.colcon_core.package_identification:_identify(/home/wade/ros2_ws/src/examples/launch_testing) by extension 'ignore_ament_install'
[0.509s] Level 1:colcon.colcon_core.package_identification:_identify(/home/wade/ros2_ws/src/examples/launch_testing) by extensions ['colcon_pkg']
[0.509s] Level 1:colcon.colcon_core.package_identification:_identify(/home/wade/ros2_ws/src/examples/launch_testing) by extension 'colcon_pkg'
[0.509s] Level 1:colcon.colcon_core.package_identification:_identify(/home/wade/ros2_ws/src/examples/launch_testing) by extensions ['colcon_meta']
[0.509s] Level 1:colcon.colcon_core.package_identification:_identify(/home/wade/ros2_ws/src/examples/launch_testing) by extension 'colcon_meta'
[0.509s] Level 1:colcon.colcon_core.package_identification:_identify(/home/wade/ros2_ws/src/examples/launch_testing) by extensions ['ros']
[0.509s] Level 1:colcon.colcon_core.package_identification:_identify(/home/wade/ros2_ws/src/examples/launch_testing) by extension 'ros'
[0.509s] Level 1:colcon.colcon_core.package_identification:_identify(/home/wade/ros2_ws/src/examples/launch_testing) by extensions ['cmake', 'python']
[0.509s] Level 1:colcon.colcon_core.package_identification:_identify(/home/wade/ros2_ws/src/examples/launch_testing) by extension 'cmake'
[0.509s] Level 1:colcon.colcon_core.package_identification:_identify(/home/wade/ros2_ws/src/examples/launch_testing) by extension 'python'
[0.509s] Level 1:colcon.colcon_core.package_identification:_identify(/home/wade/ros2_ws/src/examples/launch_testing) by extensions ['python_setup_py']
[0.509s] Level 1:colcon.colcon_core.package_identification:_identify(/home/wade/ros2_ws/src/examples/launch_testing) by extension 'python_setup_py'
[0.509s] Level 1:colcon.colcon_core.package_identification:_identify(/home/wade/ros2_ws/src/examples/launch_testing/launch_testing_examples) by extensions ['ignore', 'ignore_ament_install']
[0.509s] Level 1:colcon.colcon_core.package_identification:_identify(/home/wade/ros2_ws/src/examples/launch_testing/launch_testing_examples) by extension 'ignore'
[0.509s] Level 1:colcon.colcon_core.package_identification:_identify(/home/wade/ros2_ws/src/examples/launch_testing/launch_testing_examples) by extension 'ignore_ament_install'
[0.509s] Level 1:colcon.colcon_core.package_identification:_identify(/home/wade/ros2_ws/src/examples/launch_testing/launch_testing_examples) by extensions ['colcon_pkg']
[0.509s] Level 1:colcon.colcon_core.package_identification:_identify(/home/wade/ros2_ws/src/examples/launch_testing/launch_testing_examples) by extension 'colcon_pkg'
[0.509s] Level 1:colcon.colcon_core.package_identification:_identify(/home/wade/ros2_ws/src/examples/launch_testing/launch_testing_examples) by extensions ['colcon_meta']
[0.509s] Level 1:colcon.colcon_core.package_identification:_identify(/home/wade/ros2_ws/src/examples/launch_testing/launch_testing_examples) by extension 'colcon_meta'
[0.510s] Level 1:colcon.colcon_core.package_identification:_identify(/home/wade/ros2_ws/src/examples/launch_testing/launch_testing_examples) by extensions ['ros']
[0.510s] Level 1:colcon.colcon_core.package_identification:_identify(/home/wade/ros2_ws/src/examples/launch_testing/launch_testing_examples) by extension 'ros'
[0.513s] DEBUG:colcon.colcon_core.package_identification:Package '/home/wade/ros2_ws/src/examples/launch_testing/launch_testing_examples' with type 'ros.ament_python' and name 'launch_testing_examples'
[0.513s] Level 1:colcon.colcon_core.package_identification:_identify(/home/wade/ros2_ws/src/examples/rclcpp) by extensions ['ignore', 'ignore_ament_install']
[0.514s] Level 1:colcon.colcon_core.package_identification:_identify(/home/wade/ros2_ws/src/examples/rclcpp) by extension 'ignore'
[0.514s] Level 1:colcon.colcon_core.package_identification:_identify(/home/wade/ros2_ws/src/examples/rclcpp) by extension 'ignore_ament_install'
[0.514s] Level 1:colcon.colcon_core.package_identification:_identify(/home/wade/ros2_ws/src/examples/rclcpp) by extensions ['colcon_pkg']
[0.514s] Level 1:colcon.colcon_core.package_identification:_identify(/home/wade/ros2_ws/src/examples/rclcpp) by extension 'colcon_pkg'
[0.514s] Level 1:colcon.colcon_core.package_identification:_identify(/home/wade/ros2_ws/src/examples/rclcpp) by extensions ['colcon_meta']
[0.514s] Level 1:colcon.colcon_core.package_identification:_identify(/home/wade/ros2_ws/src/examples/rclcpp) by extension 'colcon_meta'
[0.514s] Level 1:colcon.colcon_core.package_identification:_identify(/home/wade/ros2_ws/src/examples/rclcpp) by extensions ['ros']
[0.514s] Level 1:colcon.colcon_core.package_identification:_identify(/home/wade/ros2_ws/src/examples/rclcpp) by extension 'ros'
[0.515s] Level 1:colcon.colcon_core.package_identification:_identify(/home/wade/ros2_ws/src/examples/rclcpp) by extensions ['cmake', 'python']
[0.515s] Level 1:colcon.colcon_core.package_identification:_identify(/home/wade/ros2_ws/src/examples/rclcpp) by extension 'cmake'
[0.515s] Level 1:colcon.colcon_core.package_identification:_identify(/home/wade/ros2_ws/src/examples/rclcpp) by extension 'python'
[0.515s] Level 1:colcon.colcon_core.package_identification:_identify(/home/wade/ros2_ws/src/examples/rclcpp) by extensions ['python_setup_py']
[0.515s] Level 1:colcon.colcon_core.package_identification:_identify(/home/wade/ros2_ws/src/examples/rclcpp) by extension 'python_setup_py'
[0.515s] Level 1:colcon.colcon_core.package_identification:_identify(/home/wade/ros2_ws/src/examples/rclcpp/actions) by extensions ['ignore', 'ignore_ament_install']
[0.515s] Level 1:colcon.colcon_core.package_identification:_identify(/home/wade/ros2_ws/src/examples/rclcpp/actions) by extension 'ignore'
[0.516s] Level 1:colcon.colcon_core.package_identification:_identify(/home/wade/ros2_ws/src/examples/rclcpp/actions) by extension 'ignore_ament_install'
[0.516s] Level 1:colcon.colcon_core.package_identification:_identify(/home/wade/ros2_ws/src/examples/rclcpp/actions) by extensions ['colcon_pkg']
[0.516s] Level 1:colcon.colcon_core.package_identification:_identify(/home/wade/ros2_ws/src/examples/rclcpp/actions) by extension 'colcon_pkg'
[0.516s] Level 1:colcon.colcon_core.package_identification:_identify(/home/wade/ros2_ws/src/examples/rclcpp/actions) by extensions ['colcon_meta']
[0.516s] Level 1:colcon.colcon_core.package_identification:_identify(/home/wade/ros2_ws/src/examples/rclcpp/actions) by extension 'colcon_meta'
[0.516s] Level 1:colcon.colcon_core.package_identification:_identify(/home/wade/ros2_ws/src/examples/rclcpp/actions) by extensions ['ros']
[0.516s] Level 1:colcon.colcon_core.package_identification:_identify(/home/wade/ros2_ws/src/examples/rclcpp/actions) by extension 'ros'
[0.516s] Level 1:colcon.colcon_core.package_identification:_identify(/home/wade/ros2_ws/src/examples/rclcpp/actions) by extensions ['cmake', 'python']
[0.516s] Level 1:colcon.colcon_core.package_identification:_identify(/home/wade/ros2_ws/src/examples/rclcpp/actions) by extension 'cmake'
[0.516s] Level 1:colcon.colcon_core.package_identification:_identify(/home/wade/ros2_ws/src/examples/rclcpp/actions) by extension 'python'
[0.516s] Level 1:colcon.colcon_core.package_identification:_identify(/home/wade/ros2_ws/src/examples/rclcpp/actions) by extensions ['python_setup_py']
[0.516s] Level 1:colcon.colcon_core.package_identification:_identify(/home/wade/ros2_ws/src/examples/rclcpp/actions) by extension 'python_setup_py'
[0.517s] Level 1:colcon.colcon_core.package_identification:_identify(/home/wade/ros2_ws/src/examples/rclcpp/actions/minimal_action_client) by extensions ['ignore', 'ignore_ament_install']
[0.517s] Level 1:colcon.colcon_core.package_identification:_identify(/home/wade/ros2_ws/src/examples/rclcpp/actions/minimal_action_client) by extension 'ignore'
[0.517s] Level 1:colcon.colcon_core.package_identification:_identify(/home/wade/ros2_ws/src/examples/rclcpp/actions/minimal_action_client) by extension 'ignore_ament_install'
[0.517s] Level 1:colcon.colcon_core.package_identification:_identify(/home/wade/ros2_ws/src/examples/rclcpp/actions/minimal_action_client) by extensions ['colcon_pkg']
[0.517s] Level 1:colcon.colcon_core.package_identification:_identify(/home/wade/ros2_ws/src/examples/rclcpp/actions/minimal_action_client) by extension 'colcon_pkg'
[0.517s] Level 1:colcon.colcon_core.package_identification:_identify(/home/wade/ros2_ws/src/examples/rclcpp/actions/minimal_action_client) by extensions ['colcon_meta']
[0.517s] Level 1:colcon.colcon_core.package_identification:_identify(/home/wade/ros2_ws/src/examples/rclcpp/actions/minimal_action_client) by extension 'colcon_meta'
[0.517s] Level 1:colcon.colcon_core.package_identification:_identify(/home/wade/ros2_ws/src/examples/rclcpp/actions/minimal_action_client) by extensions ['ros']
[0.517s] Level 1:colcon.colcon_core.package_identification:_identify(/home/wade/ros2_ws/src/examples/rclcpp/actions/minimal_action_client) by extension 'ros'
[0.519s] DEBUG:colcon.colcon_core.package_identification:Package '/home/wade/ros2_ws/src/examples/rclcpp/actions/minimal_action_client' with type 'ros.ament_cmake' and name 'examples_rclcpp_minimal_action_client'
[0.520s] Level 1:colcon.colcon_core.package_identification:_identify(/home/wade/ros2_ws/src/examples/rclcpp/actions/minimal_action_server) by extensions ['ignore', 'ignore_ament_install']
[0.520s] Level 1:colcon.colcon_core.package_identification:_identify(/home/wade/ros2_ws/src/examples/rclcpp/actions/minimal_action_server) by extension 'ignore'
[0.520s] Level 1:colcon.colcon_core.package_identification:_identify(/home/wade/ros2_ws/src/examples/rclcpp/actions/minimal_action_server) by extension 'ignore_ament_install'
[0.520s] Level 1:colcon.colcon_core.package_identification:_identify(/home/wade/ros2_ws/src/examples/rclcpp/actions/minimal_action_server) by extensions ['colcon_pkg']
[0.520s] Level 1:colcon.colcon_core.package_identification:_identify(/home/wade/ros2_ws/src/examples/rclcpp/actions/minimal_action_server) by extension 'colcon_pkg'
[0.520s] Level 1:colcon.colcon_core.package_identification:_identify(/home/wade/ros2_ws/src/examples/rclcpp/actions/minimal_action_server) by extensions ['colcon_meta']
[0.520s] Level 1:colcon.colcon_core.package_identification:_identify(/home/wade/ros2_ws/src/examples/rclcpp/actions/minimal_action_server) by extension 'colcon_meta'
[0.520s] Level 1:colcon.colcon_core.package_identification:_identify(/home/wade/ros2_ws/src/examples/rclcpp/actions/minimal_action_server) by extensions ['ros']
[0.520s] Level 1:colcon.colcon_core.package_identification:_identify(/home/wade/ros2_ws/src/examples/rclcpp/actions/minimal_action_server) by extension 'ros'
[0.522s] DEBUG:colcon.colcon_core.package_identification:Package '/home/wade/ros2_ws/src/examples/rclcpp/actions/minimal_action_server' with type 'ros.ament_cmake' and name 'examples_rclcpp_minimal_action_server'
[0.523s] Level 1:colcon.colcon_core.package_identification:_identify(/home/wade/ros2_ws/src/examples/rclcpp/composition) by extensions ['ignore', 'ignore_ament_install']
[0.523s] Level 1:colcon.colcon_core.package_identification:_identify(/home/wade/ros2_ws/src/examples/rclcpp/composition) by extension 'ignore'
[0.523s] Level 1:colcon.colcon_core.package_identification:_identify(/home/wade/ros2_ws/src/examples/rclcpp/composition) by extension 'ignore_ament_install'
[0.523s] Level 1:colcon.colcon_core.package_identification:_identify(/home/wade/ros2_ws/src/examples/rclcpp/composition) by extensions ['colcon_pkg']
[0.523s] Level 1:colcon.colcon_core.package_identification:_identify(/home/wade/ros2_ws/src/examples/rclcpp/composition) by extension 'colcon_pkg'
[0.524s] Level 1:colcon.colcon_core.package_identification:_identify(/home/wade/ros2_ws/src/examples/rclcpp/composition) by extensions ['colcon_meta']
[0.524s] Level 1:colcon.colcon_core.package_identification:_identify(/home/wade/ros2_ws/src/examples/rclcpp/composition) by extension 'colcon_meta'
[0.524s] Level 1:colcon.colcon_core.package_identification:_identify(/home/wade/ros2_ws/src/examples/rclcpp/composition) by extensions ['ros']
[0.524s] Level 1:colcon.colcon_core.package_identification:_identify(/home/wade/ros2_ws/src/examples/rclcpp/composition) by extension 'ros'
[0.524s] Level 1:colcon.colcon_core.package_identification:_identify(/home/wade/ros2_ws/src/examples/rclcpp/composition) by extensions ['cmake', 'python']
[0.524s] Level 1:colcon.colcon_core.package_identification:_identify(/home/wade/ros2_ws/src/examples/rclcpp/composition) by extension 'cmake'
[0.524s] Level 1:colcon.colcon_core.package_identification:_identify(/home/wade/ros2_ws/src/examples/rclcpp/composition) by extension 'python'
[0.524s] Level 1:colcon.colcon_core.package_identification:_identify(/home/wade/ros2_ws/src/examples/rclcpp/composition) by extensions ['python_setup_py']
[0.524s] Level 1:colcon.colcon_core.package_identification:_identify(/home/wade/ros2_ws/src/examples/rclcpp/composition) by extension 'python_setup_py'
[0.524s] Level 1:colcon.colcon_core.package_identification:_identify(/home/wade/ros2_ws/src/examples/rclcpp/composition/minimal_composition) by extensions ['ignore', 'ignore_ament_install']
[0.524s] Level 1:colcon.colcon_core.package_identification:_identify(/home/wade/ros2_ws/src/examples/rclcpp/composition/minimal_composition) by extension 'ignore'
[0.524s] Level 1:colcon.colcon_core.package_identification:_identify(/home/wade/ros2_ws/src/examples/rclcpp/composition/minimal_composition) by extension 'ignore_ament_install'
[0.524s] Level 1:colcon.colcon_core.package_identification:_identify(/home/wade/ros2_ws/src/examples/rclcpp/composition/minimal_composition) by extensions ['colcon_pkg']
[0.525s] Level 1:colcon.colcon_core.package_identification:_identify(/home/wade/ros2_ws/src/examples/rclcpp/composition/minimal_composition) by extension 'colcon_pkg'
[0.525s] Level 1:colcon.colcon_core.package_identification:_identify(/home/wade/ros2_ws/src/examples/rclcpp/composition/minimal_composition) by extensions ['colcon_meta']
[0.525s] Level 1:colcon.colcon_core.package_identification:_identify(/home/wade/ros2_ws/src/examples/rclcpp/composition/minimal_composition) by extension 'colcon_meta'
[0.525s] Level 1:colcon.colcon_core.package_identification:_identify(/home/wade/ros2_ws/src/examples/rclcpp/composition/minimal_composition) by extensions ['ros']
[0.525s] Level 1:colcon.colcon_core.package_identification:_identify(/home/wade/ros2_ws/src/examples/rclcpp/composition/minimal_composition) by extension 'ros'
[0.526s] DEBUG:colcon.colcon_core.package_identification:Package '/home/wade/ros2_ws/src/examples/rclcpp/composition/minimal_composition' with type 'ros.ament_cmake' and name 'examples_rclcpp_minimal_composition'
[0.526s] Level 1:colcon.colcon_core.package_identification:_identify(/home/wade/ros2_ws/src/examples/rclcpp/executors) by extensions ['ignore', 'ignore_ament_install']
[0.526s] Level 1:colcon.colcon_core.package_identification:_identify(/home/wade/ros2_ws/src/examples/rclcpp/executors) by extension 'ignore'
[0.526s] Level 1:colcon.colcon_core.package_identification:_identify(/home/wade/ros2_ws/src/examples/rclcpp/executors) by extension 'ignore_ament_install'
[0.526s] Level 1:colcon.colcon_core.package_identification:_identify(/home/wade/ros2_ws/src/examples/rclcpp/executors) by extensions ['colcon_pkg']
[0.527s] Level 1:colcon.colcon_core.package_identification:_identify(/home/wade/ros2_ws/src/examples/rclcpp/executors) by extension 'colcon_pkg'
[0.527s] Level 1:colcon.colcon_core.package_identification:_identify(/home/wade/ros2_ws/src/examples/rclcpp/executors) by extensions ['colcon_meta']
[0.527s] Level 1:colcon.colcon_core.package_identification:_identify(/home/wade/ros2_ws/src/examples/rclcpp/executors) by extension 'colcon_meta'
[0.527s] Level 1:colcon.colcon_core.package_identification:_identify(/home/wade/ros2_ws/src/examples/rclcpp/executors) by extensions ['ros']
[0.527s] Level 1:colcon.colcon_core.package_identification:_identify(/home/wade/ros2_ws/src/examples/rclcpp/executors) by extension 'ros'
[0.527s] Level 1:colcon.colcon_core.package_identification:_identify(/home/wade/ros2_ws/src/examples/rclcpp/executors) by extensions ['cmake', 'python']
[0.527s] Level 1:colcon.colcon_core.package_identification:_identify(/home/wade/ros2_ws/src/examples/rclcpp/executors) by extension 'cmake'
[0.527s] Level 1:colcon.colcon_core.package_identification:_identify(/home/wade/ros2_ws/src/examples/rclcpp/executors) by extension 'python'
[0.527s] Level 1:colcon.colcon_core.package_identification:_identify(/home/wade/ros2_ws/src/examples/rclcpp/executors) by extensions ['python_setup_py']
[0.527s] Level 1:colcon.colcon_core.package_identification:_identify(/home/wade/ros2_ws/src/examples/rclcpp/executors) by extension 'python_setup_py'
[0.527s] Level 1:colcon.colcon_core.package_identification:_identify(/home/wade/ros2_ws/src/examples/rclcpp/executors/cbg_executor) by extensions ['ignore', 'ignore_ament_install']
[0.528s] Level 1:colcon.colcon_core.package_identification:_identify(/home/wade/ros2_ws/src/examples/rclcpp/executors/cbg_executor) by extension 'ignore'
[0.528s] Level 1:colcon.colcon_core.package_identification:_identify(/home/wade/ros2_ws/src/examples/rclcpp/executors/cbg_executor) by extension 'ignore_ament_install'
[0.528s] Level 1:colcon.colcon_core.package_identification:_identify(/home/wade/ros2_ws/src/examples/rclcpp/executors/cbg_executor) by extensions ['colcon_pkg']
[0.528s] Level 1:colcon.colcon_core.package_identification:_identify(/home/wade/ros2_ws/src/examples/rclcpp/executors/cbg_executor) by extension 'colcon_pkg'
[0.528s] Level 1:colcon.colcon_core.package_identification:_identify(/home/wade/ros2_ws/src/examples/rclcpp/executors/cbg_executor) by extensions ['colcon_meta']
[0.528s] Level 1:colcon.colcon_core.package_identification:_identify(/home/wade/ros2_ws/src/examples/rclcpp/executors/cbg_executor) by extension 'colcon_meta'
[0.528s] Level 1:colcon.colcon_core.package_identification:_identify(/home/wade/ros2_ws/src/examples/rclcpp/executors/cbg_executor) by extensions ['ros']
[0.528s] Level 1:colcon.colcon_core.package_identification:_identify(/home/wade/ros2_ws/src/examples/rclcpp/executors/cbg_executor) by extension 'ros'
[0.530s] DEBUG:colcon.colcon_core.package_identification:Package '/home/wade/ros2_ws/src/examples/rclcpp/executors/cbg_executor' with type 'ros.ament_cmake' and name 'examples_rclcpp_cbg_executor'
[0.530s] Level 1:colcon.colcon_core.package_identification:_identify(/home/wade/ros2_ws/src/examples/rclcpp/executors/multithreaded_executor) by extensions ['ignore', 'ignore_ament_install']
[0.530s] Level 1:colcon.colcon_core.package_identification:_identify(/home/wade/ros2_ws/src/examples/rclcpp/executors/multithreaded_executor) by extension 'ignore'
[0.530s] Level 1:colcon.colcon_core.package_identification:_identify(/home/wade/ros2_ws/src/examples/rclcpp/executors/multithreaded_executor) by extension 'ignore_ament_install'
[0.530s] Level 1:colcon.colcon_core.package_identification:_identify(/home/wade/ros2_ws/src/examples/rclcpp/executors/multithreaded_executor) by extensions ['colcon_pkg']
[0.530s] Level 1:colcon.colcon_core.package_identification:_identify(/home/wade/ros2_ws/src/examples/rclcpp/executors/multithreaded_executor) by extension 'colcon_pkg'
[0.531s] Level 1:colcon.colcon_core.package_identification:_identify(/home/wade/ros2_ws/src/examples/rclcpp/executors/multithreaded_executor) by extensions ['colcon_meta']
[0.531s] Level 1:colcon.colcon_core.package_identification:_identify(/home/wade/ros2_ws/src/examples/rclcpp/executors/multithreaded_executor) by extension 'colcon_meta'
[0.531s] Level 1:colcon.colcon_core.package_identification:_identify(/home/wade/ros2_ws/src/examples/rclcpp/executors/multithreaded_executor) by extensions ['ros']
[0.531s] Level 1:colcon.colcon_core.package_identification:_identify(/home/wade/ros2_ws/src/examples/rclcpp/executors/multithreaded_executor) by extension 'ros'
[0.532s] DEBUG:colcon.colcon_core.package_identification:Package '/home/wade/ros2_ws/src/examples/rclcpp/executors/multithreaded_executor' with type 'ros.ament_cmake' and name 'examples_rclcpp_multithreaded_executor'
[0.533s] Level 1:colcon.colcon_core.package_identification:_identify(/home/wade/ros2_ws/src/examples/rclcpp/services) by extensions ['ignore', 'ignore_ament_install']
[0.533s] Level 1:colcon.colcon_core.package_identification:_identify(/home/wade/ros2_ws/src/examples/rclcpp/services) by extension 'ignore'
[0.533s] Level 1:colcon.colcon_core.package_identification:_identify(/home/wade/ros2_ws/src/examples/rclcpp/services) by extension 'ignore_ament_install'
[0.533s] Level 1:colcon.colcon_core.package_identification:_identify(/home/wade/ros2_ws/src/examples/rclcpp/services) by extensions ['colcon_pkg']
[0.533s] Level 1:colcon.colcon_core.package_identification:_identify(/home/wade/ros2_ws/src/examples/rclcpp/services) by extension 'colcon_pkg'
[0.533s] Level 1:colcon.colcon_core.package_identification:_identify(/home/wade/ros2_ws/src/examples/rclcpp/services) by extensions ['colcon_meta']
[0.533s] Level 1:colcon.colcon_core.package_identification:_identify(/home/wade/ros2_ws/src/examples/rclcpp/services) by extension 'colcon_meta'
[0.533s] Level 1:colcon.colcon_core.package_identification:_identify(/home/wade/ros2_ws/src/examples/rclcpp/services) by extensions ['ros']
[0.533s] Level 1:colcon.colcon_core.package_identification:_identify(/home/wade/ros2_ws/src/examples/rclcpp/services) by extension 'ros'
[0.533s] Level 1:colcon.colcon_core.package_identification:_identify(/home/wade/ros2_ws/src/examples/rclcpp/services) by extensions ['cmake', 'python']
[0.533s] Level 1:colcon.colcon_core.package_identification:_identify(/home/wade/ros2_ws/src/examples/rclcpp/services) by extension 'cmake'
[0.533s] Level 1:colcon.colcon_core.package_identification:_identify(/home/wade/ros2_ws/src/examples/rclcpp/services) by extension 'python'
[0.533s] Level 1:colcon.colcon_core.package_identification:_identify(/home/wade/ros2_ws/src/examples/rclcpp/services) by extensions ['python_setup_py']
[0.533s] Level 1:colcon.colcon_core.package_identification:_identify(/home/wade/ros2_ws/src/examples/rclcpp/services) by extension 'python_setup_py'
[0.534s] Level 1:colcon.colcon_core.package_identification:_identify(/home/wade/ros2_ws/src/examples/rclcpp/services/async_client) by extensions ['ignore', 'ignore_ament_install']
[0.534s] Level 1:colcon.colcon_core.package_identification:_identify(/home/wade/ros2_ws/src/examples/rclcpp/services/async_client) by extension 'ignore'
[0.534s] Level 1:colcon.colcon_core.package_identification:_identify(/home/wade/ros2_ws/src/examples/rclcpp/services/async_client) by extension 'ignore_ament_install'
[0.534s] Level 1:colcon.colcon_core.package_identification:_identify(/home/wade/ros2_ws/src/examples/rclcpp/services/async_client) by extensions ['colcon_pkg']
[0.534s] Level 1:colcon.colcon_core.package_identification:_identify(/home/wade/ros2_ws/src/examples/rclcpp/services/async_client) by extension 'colcon_pkg'
[0.534s] Level 1:colcon.colcon_core.package_identification:_identify(/home/wade/ros2_ws/src/examples/rclcpp/services/async_client) by extensions ['colcon_meta']
[0.534s] Level 1:colcon.colcon_core.package_identification:_identify(/home/wade/ros2_ws/src/examples/rclcpp/services/async_client) by extension 'colcon_meta'
[0.534s] Level 1:colcon.colcon_core.package_identification:_identify(/home/wade/ros2_ws/src/examples/rclcpp/services/async_client) by extensions ['ros']
[0.534s] Level 1:colcon.colcon_core.package_identification:_identify(/home/wade/ros2_ws/src/examples/rclcpp/services/async_client) by extension 'ros'
[0.536s] DEBUG:colcon.colcon_core.package_identification:Package '/home/wade/ros2_ws/src/examples/rclcpp/services/async_client' with type 'ros.ament_cmake' and name 'examples_rclcpp_async_client'
[0.536s] Level 1:colcon.colcon_core.package_identification:_identify(/home/wade/ros2_ws/src/examples/rclcpp/services/minimal_client) by extensions ['ignore', 'ignore_ament_install']
[0.536s] Level 1:colcon.colcon_core.package_identification:_identify(/home/wade/ros2_ws/src/examples/rclcpp/services/minimal_client) by extension 'ignore'
[0.537s] Level 1:colcon.colcon_core.package_identification:_identify(/home/wade/ros2_ws/src/examples/rclcpp/services/minimal_client) by extension 'ignore_ament_install'
[0.537s] Level 1:colcon.colcon_core.package_identification:_identify(/home/wade/ros2_ws/src/examples/rclcpp/services/minimal_client) by extensions ['colcon_pkg']
[0.537s] Level 1:colcon.colcon_core.package_identification:_identify(/home/wade/ros2_ws/src/examples/rclcpp/services/minimal_client) by extension 'colcon_pkg'
[0.537s] Level 1:colcon.colcon_core.package_identification:_identify(/home/wade/ros2_ws/src/examples/rclcpp/services/minimal_client) by extensions ['colcon_meta']
[0.537s] Level 1:colcon.colcon_core.package_identification:_identify(/home/wade/ros2_ws/src/examples/rclcpp/services/minimal_client) by extension 'colcon_meta'
[0.537s] Level 1:colcon.colcon_core.package_identification:_identify(/home/wade/ros2_ws/src/examples/rclcpp/services/minimal_client) by extensions ['ros']
[0.537s] Level 1:colcon.colcon_core.package_identification:_identify(/home/wade/ros2_ws/src/examples/rclcpp/services/minimal_client) by extension 'ros'
[0.539s] DEBUG:colcon.colcon_core.package_identification:Package '/home/wade/ros2_ws/src/examples/rclcpp/services/minimal_client' with type 'ros.ament_cmake' and name 'examples_rclcpp_minimal_client'
[0.539s] Level 1:colcon.colcon_core.package_identification:_identify(/home/wade/ros2_ws/src/examples/rclcpp/services/minimal_service) by extensions ['ignore', 'ignore_ament_install']
[0.539s] Level 1:colcon.colcon_core.package_identification:_identify(/home/wade/ros2_ws/src/examples/rclcpp/services/minimal_service) by extension 'ignore'
[0.539s] Level 1:colcon.colcon_core.package_identification:_identify(/home/wade/ros2_ws/src/examples/rclcpp/services/minimal_service) by extension 'ignore_ament_install'
[0.540s] Level 1:colcon.colcon_core.package_identification:_identify(/home/wade/ros2_ws/src/examples/rclcpp/services/minimal_service) by extensions ['colcon_pkg']
[0.540s] Level 1:colcon.colcon_core.package_identification:_identify(/home/wade/ros2_ws/src/examples/rclcpp/services/minimal_service) by extension 'colcon_pkg'
[0.540s] Level 1:colcon.colcon_core.package_identification:_identify(/home/wade/ros2_ws/src/examples/rclcpp/services/minimal_service) by extensions ['colcon_meta']
[0.540s] Level 1:colcon.colcon_core.package_identification:_identify(/home/wade/ros2_ws/src/examples/rclcpp/services/minimal_service) by extension 'colcon_meta'
[0.540s] Level 1:colcon.colcon_core.package_identification:_identify(/home/wade/ros2_ws/src/examples/rclcpp/services/minimal_service) by extensions ['ros']
[0.540s] Level 1:colcon.colcon_core.package_identification:_identify(/home/wade/ros2_ws/src/examples/rclcpp/services/minimal_service) by extension 'ros'
[0.542s] DEBUG:colcon.colcon_core.package_identification:Package '/home/wade/ros2_ws/src/examples/rclcpp/services/minimal_service' with type 'ros.ament_cmake' and name 'examples_rclcpp_minimal_service'
[0.542s] Level 1:colcon.colcon_core.package_identification:_identify(/home/wade/ros2_ws/src/examples/rclcpp/timers) by extensions ['ignore', 'ignore_ament_install']
[0.542s] Level 1:colcon.colcon_core.package_identification:_identify(/home/wade/ros2_ws/src/examples/rclcpp/timers) by extension 'ignore'
[0.542s] Level 1:colcon.colcon_core.package_identification:_identify(/home/wade/ros2_ws/src/examples/rclcpp/timers) by extension 'ignore_ament_install'
[0.542s] Level 1:colcon.colcon_core.package_identification:_identify(/home/wade/ros2_ws/src/examples/rclcpp/timers) by extensions ['colcon_pkg']
[0.542s] Level 1:colcon.colcon_core.package_identification:_identify(/home/wade/ros2_ws/src/examples/rclcpp/timers) by extension 'colcon_pkg'
[0.543s] Level 1:colcon.colcon_core.package_identification:_identify(/home/wade/ros2_ws/src/examples/rclcpp/timers) by extensions ['colcon_meta']
[0.543s] Level 1:colcon.colcon_core.package_identification:_identify(/home/wade/ros2_ws/src/examples/rclcpp/timers) by extension 'colcon_meta'
[0.543s] Level 1:colcon.colcon_core.package_identification:_identify(/home/wade/ros2_ws/src/examples/rclcpp/timers) by extensions ['ros']
[0.543s] Level 1:colcon.colcon_core.package_identification:_identify(/home/wade/ros2_ws/src/examples/rclcpp/timers) by extension 'ros'
[0.543s] Level 1:colcon.colcon_core.package_identification:_identify(/home/wade/ros2_ws/src/examples/rclcpp/timers) by extensions ['cmake', 'python']
[0.543s] Level 1:colcon.colcon_core.package_identification:_identify(/home/wade/ros2_ws/src/examples/rclcpp/timers) by extension 'cmake'
[0.543s] Level 1:colcon.colcon_core.package_identification:_identify(/home/wade/ros2_ws/src/examples/rclcpp/timers) by extension 'python'
[0.544s] Level 1:colcon.colcon_core.package_identification:_identify(/home/wade/ros2_ws/src/examples/rclcpp/timers) by extensions ['python_setup_py']
[0.544s] Level 1:colcon.colcon_core.package_identification:_identify(/home/wade/ros2_ws/src/examples/rclcpp/timers) by extension 'python_setup_py'
[0.544s] Level 1:colcon.colcon_core.package_identification:_identify(/home/wade/ros2_ws/src/examples/rclcpp/timers/minimal_timer) by extensions ['ignore', 'ignore_ament_install']
[0.544s] Level 1:colcon.colcon_core.package_identification:_identify(/home/wade/ros2_ws/src/examples/rclcpp/timers/minimal_timer) by extension 'ignore'
[0.544s] Level 1:colcon.colcon_core.package_identification:_identify(/home/wade/ros2_ws/src/examples/rclcpp/timers/minimal_timer) by extension 'ignore_ament_install'
[0.544s] Level 1:colcon.colcon_core.package_identification:_identify(/home/wade/ros2_ws/src/examples/rclcpp/timers/minimal_timer) by extensions ['colcon_pkg']
[0.544s] Level 1:colcon.colcon_core.package_identification:_identify(/home/wade/ros2_ws/src/examples/rclcpp/timers/minimal_timer) by extension 'colcon_pkg'
[0.545s] Level 1:colcon.colcon_core.package_identification:_identify(/home/wade/ros2_ws/src/examples/rclcpp/timers/minimal_timer) by extensions ['colcon_meta']
[0.545s] Level 1:colcon.colcon_core.package_identification:_identify(/home/wade/ros2_ws/src/examples/rclcpp/timers/minimal_timer) by extension 'colcon_meta'
[0.545s] Level 1:colcon.colcon_core.package_identification:_identify(/home/wade/ros2_ws/src/examples/rclcpp/timers/minimal_timer) by extensions ['ros']
[0.545s] Level 1:colcon.colcon_core.package_identification:_identify(/home/wade/ros2_ws/src/examples/rclcpp/timers/minimal_timer) by extension 'ros'
[0.546s] DEBUG:colcon.colcon_core.package_identification:Package '/home/wade/ros2_ws/src/examples/rclcpp/timers/minimal_timer' with type 'ros.ament_cmake' and name 'examples_rclcpp_minimal_timer'
[0.547s] Level 1:colcon.colcon_core.package_identification:_identify(/home/wade/ros2_ws/src/examples/rclcpp/topics) by extensions ['ignore', 'ignore_ament_install']
[0.547s] Level 1:colcon.colcon_core.package_identification:_identify(/home/wade/ros2_ws/src/examples/rclcpp/topics) by extension 'ignore'
[0.547s] Level 1:colcon.colcon_core.package_identification:_identify(/home/wade/ros2_ws/src/examples/rclcpp/topics) by extension 'ignore_ament_install'
[0.547s] Level 1:colcon.colcon_core.package_identification:_identify(/home/wade/ros2_ws/src/examples/rclcpp/topics) by extensions ['colcon_pkg']
[0.547s] Level 1:colcon.colcon_core.package_identification:_identify(/home/wade/ros2_ws/src/examples/rclcpp/topics) by extension 'colcon_pkg'
[0.547s] Level 1:colcon.colcon_core.package_identification:_identify(/home/wade/ros2_ws/src/examples/rclcpp/topics) by extensions ['colcon_meta']
[0.548s] Level 1:colcon.colcon_core.package_identification:_identify(/home/wade/ros2_ws/src/examples/rclcpp/topics) by extension 'colcon_meta'
[0.548s] Level 1:colcon.colcon_core.package_identification:_identify(/home/wade/ros2_ws/src/examples/rclcpp/topics) by extensions ['ros']
[0.548s] Level 1:colcon.colcon_core.package_identification:_identify(/home/wade/ros2_ws/src/examples/rclcpp/topics) by extension 'ros'
[0.548s] Level 1:colcon.colcon_core.package_identification:_identify(/home/wade/ros2_ws/src/examples/rclcpp/topics) by extensions ['cmake', 'python']
[0.548s] Level 1:colcon.colcon_core.package_identification:_identify(/home/wade/ros2_ws/src/examples/rclcpp/topics) by extension 'cmake'
[0.548s] Level 1:colcon.colcon_core.package_identification:_identify(/home/wade/ros2_ws/src/examples/rclcpp/topics) by extension 'python'
[0.548s] Level 1:colcon.colcon_core.package_identification:_identify(/home/wade/ros2_ws/src/examples/rclcpp/topics) by extensions ['python_setup_py']
[0.549s] Level 1:colcon.colcon_core.package_identification:_identify(/home/wade/ros2_ws/src/examples/rclcpp/topics) by extension 'python_setup_py'
[0.549s] Level 1:colcon.colcon_core.package_identification:_identify(/home/wade/ros2_ws/src/examples/rclcpp/topics/minimal_publisher) by extensions ['ignore', 'ignore_ament_install']
[0.549s] Level 1:colcon.colcon_core.package_identification:_identify(/home/wade/ros2_ws/src/examples/rclcpp/topics/minimal_publisher) by extension 'ignore'
[0.549s] Level 1:colcon.colcon_core.package_identification:_identify(/home/wade/ros2_ws/src/examples/rclcpp/topics/minimal_publisher) by extension 'ignore_ament_install'
[0.550s] Level 1:colcon.colcon_core.package_identification:_identify(/home/wade/ros2_ws/src/examples/rclcpp/topics/minimal_publisher) by extensions ['colcon_pkg']
[0.550s] Level 1:colcon.colcon_core.package_identification:_identify(/home/wade/ros2_ws/src/examples/rclcpp/topics/minimal_publisher) by extension 'colcon_pkg'
[0.550s] Level 1:colcon.colcon_core.package_identification:_identify(/home/wade/ros2_ws/src/examples/rclcpp/topics/minimal_publisher) by extensions ['colcon_meta']
[0.550s] Level 1:colcon.colcon_core.package_identification:_identify(/home/wade/ros2_ws/src/examples/rclcpp/topics/minimal_publisher) by extension 'colcon_meta'
[0.550s] Level 1:colcon.colcon_core.package_identification:_identify(/home/wade/ros2_ws/src/examples/rclcpp/topics/minimal_publisher) by extensions ['ros']
[0.550s] Level 1:colcon.colcon_core.package_identification:_identify(/home/wade/ros2_ws/src/examples/rclcpp/topics/minimal_publisher) by extension 'ros'
[0.551s] DEBUG:colcon.colcon_core.package_identification:Package '/home/wade/ros2_ws/src/examples/rclcpp/topics/minimal_publisher' with type 'ros.ament_cmake' and name 'examples_rclcpp_minimal_publisher'
[0.551s] Level 1:colcon.colcon_core.package_identification:_identify(/home/wade/ros2_ws/src/examples/rclcpp/topics/minimal_subscriber) by extensions ['ignore', 'ignore_ament_install']
[0.552s] Level 1:colcon.colcon_core.package_identification:_identify(/home/wade/ros2_ws/src/examples/rclcpp/topics/minimal_subscriber) by extension 'ignore'
[0.552s] Level 1:colcon.colcon_core.package_identification:_identify(/home/wade/ros2_ws/src/examples/rclcpp/topics/minimal_subscriber) by extension 'ignore_ament_install'
[0.552s] Level 1:colcon.colcon_core.package_identification:_identify(/home/wade/ros2_ws/src/examples/rclcpp/topics/minimal_subscriber) by extensions ['colcon_pkg']
[0.552s] Level 1:colcon.colcon_core.package_identification:_identify(/home/wade/ros2_ws/src/examples/rclcpp/topics/minimal_subscriber) by extension 'colcon_pkg'
[0.552s] Level 1:colcon.colcon_core.package_identification:_identify(/home/wade/ros2_ws/src/examples/rclcpp/topics/minimal_subscriber) by extensions ['colcon_meta']
[0.552s] Level 1:colcon.colcon_core.package_identification:_identify(/home/wade/ros2_ws/src/examples/rclcpp/topics/minimal_subscriber) by extension 'colcon_meta'
[0.552s] Level 1:colcon.colcon_core.package_identification:_identify(/home/wade/ros2_ws/src/examples/rclcpp/topics/minimal_subscriber) by extensions ['ros']
[0.552s] Level 1:colcon.colcon_core.package_identification:_identify(/home/wade/ros2_ws/src/examples/rclcpp/topics/minimal_subscriber) by extension 'ros'
[0.553s] DEBUG:colcon.colcon_core.package_identification:Package '/home/wade/ros2_ws/src/examples/rclcpp/topics/minimal_subscriber' with type 'ros.ament_cmake' and name 'examples_rclcpp_minimal_subscriber'
[0.554s] Level 1:colcon.colcon_core.package_identification:_identify(/home/wade/ros2_ws/src/examples/rclcpp/wait_set) by extensions ['ignore', 'ignore_ament_install']
[0.554s] Level 1:colcon.colcon_core.package_identification:_identify(/home/wade/ros2_ws/src/examples/rclcpp/wait_set) by extension 'ignore'
[0.554s] Level 1:colcon.colcon_core.package_identification:_identify(/home/wade/ros2_ws/src/examples/rclcpp/wait_set) by extension 'ignore_ament_install'
[0.554s] Level 1:colcon.colcon_core.package_identification:_identify(/home/wade/ros2_ws/src/examples/rclcpp/wait_set) by extensions ['colcon_pkg']
[0.554s] Level 1:colcon.colcon_core.package_identification:_identify(/home/wade/ros2_ws/src/examples/rclcpp/wait_set) by extension 'colcon_pkg'
[0.554s] Level 1:colcon.colcon_core.package_identification:_identify(/home/wade/ros2_ws/src/examples/rclcpp/wait_set) by extensions ['colcon_meta']
[0.554s] Level 1:colcon.colcon_core.package_identification:_identify(/home/wade/ros2_ws/src/examples/rclcpp/wait_set) by extension 'colcon_meta'
[0.554s] Level 1:colcon.colcon_core.package_identification:_identify(/home/wade/ros2_ws/src/examples/rclcpp/wait_set) by extensions ['ros']
[0.554s] Level 1:colcon.colcon_core.package_identification:_identify(/home/wade/ros2_ws/src/examples/rclcpp/wait_set) by extension 'ros'
[0.555s] DEBUG:colcon.colcon_core.package_identification:Package '/home/wade/ros2_ws/src/examples/rclcpp/wait_set' with type 'ros.ament_cmake' and name 'examples_rclcpp_wait_set'
[0.555s] Level 1:colcon.colcon_core.package_identification:_identify(/home/wade/ros2_ws/src/examples/rclpy) by extensions ['ignore', 'ignore_ament_install']
[0.555s] Level 1:colcon.colcon_core.package_identification:_identify(/home/wade/ros2_ws/src/examples/rclpy) by extension 'ignore'
[0.556s] Level 1:colcon.colcon_core.package_identification:_identify(/home/wade/ros2_ws/src/examples/rclpy) by extension 'ignore_ament_install'
[0.556s] Level 1:colcon.colcon_core.package_identification:_identify(/home/wade/ros2_ws/src/examples/rclpy) by extensions ['colcon_pkg']
[0.556s] Level 1:colcon.colcon_core.package_identification:_identify(/home/wade/ros2_ws/src/examples/rclpy) by extension 'colcon_pkg'
[0.556s] Level 1:colcon.colcon_core.package_identification:_identify(/home/wade/ros2_ws/src/examples/rclpy) by extensions ['colcon_meta']
[0.556s] Level 1:colcon.colcon_core.package_identification:_identify(/home/wade/ros2_ws/src/examples/rclpy) by extension 'colcon_meta'
[0.556s] Level 1:colcon.colcon_core.package_identification:_identify(/home/wade/ros2_ws/src/examples/rclpy) by extensions ['ros']
[0.556s] Level 1:colcon.colcon_core.package_identification:_identify(/home/wade/ros2_ws/src/examples/rclpy) by extension 'ros'
[0.556s] Level 1:colcon.colcon_core.package_identification:_identify(/home/wade/ros2_ws/src/examples/rclpy) by extensions ['cmake', 'python']
[0.556s] Level 1:colcon.colcon_core.package_identification:_identify(/home/wade/ros2_ws/src/examples/rclpy) by extension 'cmake'
[0.556s] Level 1:colcon.colcon_core.package_identification:_identify(/home/wade/ros2_ws/src/examples/rclpy) by extension 'python'
[0.556s] Level 1:colcon.colcon_core.package_identification:_identify(/home/wade/ros2_ws/src/examples/rclpy) by extensions ['python_setup_py']
[0.556s] Level 1:colcon.colcon_core.package_identification:_identify(/home/wade/ros2_ws/src/examples/rclpy) by extension 'python_setup_py'
[0.556s] Level 1:colcon.colcon_core.package_identification:_identify(/home/wade/ros2_ws/src/examples/rclpy/actions) by extensions ['ignore', 'ignore_ament_install']
[0.556s] Level 1:colcon.colcon_core.package_identification:_identify(/home/wade/ros2_ws/src/examples/rclpy/actions) by extension 'ignore'
[0.557s] Level 1:colcon.colcon_core.package_identification:_identify(/home/wade/ros2_ws/src/examples/rclpy/actions) by extension 'ignore_ament_install'
[0.557s] Level 1:colcon.colcon_core.package_identification:_identify(/home/wade/ros2_ws/src/examples/rclpy/actions) by extensions ['colcon_pkg']
[0.557s] Level 1:colcon.colcon_core.package_identification:_identify(/home/wade/ros2_ws/src/examples/rclpy/actions) by extension 'colcon_pkg'
[0.557s] Level 1:colcon.colcon_core.package_identification:_identify(/home/wade/ros2_ws/src/examples/rclpy/actions) by extensions ['colcon_meta']
[0.557s] Level 1:colcon.colcon_core.package_identification:_identify(/home/wade/ros2_ws/src/examples/rclpy/actions) by extension 'colcon_meta'
[0.557s] Level 1:colcon.colcon_core.package_identification:_identify(/home/wade/ros2_ws/src/examples/rclpy/actions) by extensions ['ros']
[0.557s] Level 1:colcon.colcon_core.package_identification:_identify(/home/wade/ros2_ws/src/examples/rclpy/actions) by extension 'ros'
[0.557s] Level 1:colcon.colcon_core.package_identification:_identify(/home/wade/ros2_ws/src/examples/rclpy/actions) by extensions ['cmake', 'python']
[0.557s] Level 1:colcon.colcon_core.package_identification:_identify(/home/wade/ros2_ws/src/examples/rclpy/actions) by extension 'cmake'
[0.557s] Level 1:colcon.colcon_core.package_identification:_identify(/home/wade/ros2_ws/src/examples/rclpy/actions) by extension 'python'
[0.557s] Level 1:colcon.colcon_core.package_identification:_identify(/home/wade/ros2_ws/src/examples/rclpy/actions) by extensions ['python_setup_py']
[0.557s] Level 1:colcon.colcon_core.package_identification:_identify(/home/wade/ros2_ws/src/examples/rclpy/actions) by extension 'python_setup_py'
[0.557s] Level 1:colcon.colcon_core.package_identification:_identify(/home/wade/ros2_ws/src/examples/rclpy/actions/minimal_action_client) by extensions ['ignore', 'ignore_ament_install']
[0.557s] Level 1:colcon.colcon_core.package_identification:_identify(/home/wade/ros2_ws/src/examples/rclpy/actions/minimal_action_client) by extension 'ignore'
[0.558s] Level 1:colcon.colcon_core.package_identification:_identify(/home/wade/ros2_ws/src/examples/rclpy/actions/minimal_action_client) by extension 'ignore_ament_install'
[0.558s] Level 1:colcon.colcon_core.package_identification:_identify(/home/wade/ros2_ws/src/examples/rclpy/actions/minimal_action_client) by extensions ['colcon_pkg']
[0.558s] Level 1:colcon.colcon_core.package_identification:_identify(/home/wade/ros2_ws/src/examples/rclpy/actions/minimal_action_client) by extension 'colcon_pkg'
[0.558s] Level 1:colcon.colcon_core.package_identification:_identify(/home/wade/ros2_ws/src/examples/rclpy/actions/minimal_action_client) by extensions ['colcon_meta']
[0.558s] Level 1:colcon.colcon_core.package_identification:_identify(/home/wade/ros2_ws/src/examples/rclpy/actions/minimal_action_client) by extension 'colcon_meta'
[0.558s] Level 1:colcon.colcon_core.package_identification:_identify(/home/wade/ros2_ws/src/examples/rclpy/actions/minimal_action_client) by extensions ['ros']
[0.558s] Level 1:colcon.colcon_core.package_identification:_identify(/home/wade/ros2_ws/src/examples/rclpy/actions/minimal_action_client) by extension 'ros'
[0.559s] DEBUG:colcon.colcon_core.package_identification:Package '/home/wade/ros2_ws/src/examples/rclpy/actions/minimal_action_client' with type 'ros.ament_python' and name 'examples_rclpy_minimal_action_client'
[0.559s] Level 1:colcon.colcon_core.package_identification:_identify(/home/wade/ros2_ws/src/examples/rclpy/actions/minimal_action_server) by extensions ['ignore', 'ignore_ament_install']
[0.559s] Level 1:colcon.colcon_core.package_identification:_identify(/home/wade/ros2_ws/src/examples/rclpy/actions/minimal_action_server) by extension 'ignore'
[0.559s] Level 1:colcon.colcon_core.package_identification:_identify(/home/wade/ros2_ws/src/examples/rclpy/actions/minimal_action_server) by extension 'ignore_ament_install'
[0.559s] Level 1:colcon.colcon_core.package_identification:_identify(/home/wade/ros2_ws/src/examples/rclpy/actions/minimal_action_server) by extensions ['colcon_pkg']
[0.559s] Level 1:colcon.colcon_core.package_identification:_identify(/home/wade/ros2_ws/src/examples/rclpy/actions/minimal_action_server) by extension 'colcon_pkg'
[0.560s] Level 1:colcon.colcon_core.package_identification:_identify(/home/wade/ros2_ws/src/examples/rclpy/actions/minimal_action_server) by extensions ['colcon_meta']
[0.560s] Level 1:colcon.colcon_core.package_identification:_identify(/home/wade/ros2_ws/src/examples/rclpy/actions/minimal_action_server) by extension 'colcon_meta'
[0.560s] Level 1:colcon.colcon_core.package_identification:_identify(/home/wade/ros2_ws/src/examples/rclpy/actions/minimal_action_server) by extensions ['ros']
[0.560s] Level 1:colcon.colcon_core.package_identification:_identify(/home/wade/ros2_ws/src/examples/rclpy/actions/minimal_action_server) by extension 'ros'
[0.561s] DEBUG:colcon.colcon_core.package_identification:Package '/home/wade/ros2_ws/src/examples/rclpy/actions/minimal_action_server' with type 'ros.ament_python' and name 'examples_rclpy_minimal_action_server'
[0.561s] Level 1:colcon.colcon_core.package_identification:_identify(/home/wade/ros2_ws/src/examples/rclpy/executors) by extensions ['ignore', 'ignore_ament_install']
[0.561s] Level 1:colcon.colcon_core.package_identification:_identify(/home/wade/ros2_ws/src/examples/rclpy/executors) by extension 'ignore'
[0.561s] Level 1:colcon.colcon_core.package_identification:_identify(/home/wade/ros2_ws/src/examples/rclpy/executors) by extension 'ignore_ament_install'
[0.561s] Level 1:colcon.colcon_core.package_identification:_identify(/home/wade/ros2_ws/src/examples/rclpy/executors) by extensions ['colcon_pkg']
[0.561s] Level 1:colcon.colcon_core.package_identification:_identify(/home/wade/ros2_ws/src/examples/rclpy/executors) by extension 'colcon_pkg'
[0.561s] Level 1:colcon.colcon_core.package_identification:_identify(/home/wade/ros2_ws/src/examples/rclpy/executors) by extensions ['colcon_meta']
[0.561s] Level 1:colcon.colcon_core.package_identification:_identify(/home/wade/ros2_ws/src/examples/rclpy/executors) by extension 'colcon_meta'
[0.561s] Level 1:colcon.colcon_core.package_identification:_identify(/home/wade/ros2_ws/src/examples/rclpy/executors) by extensions ['ros']
[0.561s] Level 1:colcon.colcon_core.package_identification:_identify(/home/wade/ros2_ws/src/examples/rclpy/executors) by extension 'ros'
[0.562s] DEBUG:colcon.colcon_core.package_identification:Package '/home/wade/ros2_ws/src/examples/rclpy/executors' with type 'ros.ament_python' and name 'examples_rclpy_executors'
[0.562s] Level 1:colcon.colcon_core.package_identification:_identify(/home/wade/ros2_ws/src/examples/rclpy/guard_conditions) by extensions ['ignore', 'ignore_ament_install']
[0.563s] Level 1:colcon.colcon_core.package_identification:_identify(/home/wade/ros2_ws/src/examples/rclpy/guard_conditions) by extension 'ignore'
[0.563s] Level 1:colcon.colcon_core.package_identification:_identify(/home/wade/ros2_ws/src/examples/rclpy/guard_conditions) by extension 'ignore_ament_install'
[0.563s] Level 1:colcon.colcon_core.package_identification:_identify(/home/wade/ros2_ws/src/examples/rclpy/guard_conditions) by extensions ['colcon_pkg']
[0.563s] Level 1:colcon.colcon_core.package_identification:_identify(/home/wade/ros2_ws/src/examples/rclpy/guard_conditions) by extension 'colcon_pkg'
[0.563s] Level 1:colcon.colcon_core.package_identification:_identify(/home/wade/ros2_ws/src/examples/rclpy/guard_conditions) by extensions ['colcon_meta']
[0.563s] Level 1:colcon.colcon_core.package_identification:_identify(/home/wade/ros2_ws/src/examples/rclpy/guard_conditions) by extension 'colcon_meta'
[0.563s] Level 1:colcon.colcon_core.package_identification:_identify(/home/wade/ros2_ws/src/examples/rclpy/guard_conditions) by extensions ['ros']
[0.563s] Level 1:colcon.colcon_core.package_identification:_identify(/home/wade/ros2_ws/src/examples/rclpy/guard_conditions) by extension 'ros'
[0.564s] DEBUG:colcon.colcon_core.package_identification:Package '/home/wade/ros2_ws/src/examples/rclpy/guard_conditions' with type 'ros.ament_python' and name 'examples_rclpy_guard_conditions'
[0.564s] Level 1:colcon.colcon_core.package_identification:_identify(/home/wade/ros2_ws/src/examples/rclpy/services) by extensions ['ignore', 'ignore_ament_install']
[0.564s] Level 1:colcon.colcon_core.package_identification:_identify(/home/wade/ros2_ws/src/examples/rclpy/services) by extension 'ignore'
[0.564s] Level 1:colcon.colcon_core.package_identification:_identify(/home/wade/ros2_ws/src/examples/rclpy/services) by extension 'ignore_ament_install'
[0.564s] Level 1:colcon.colcon_core.package_identification:_identify(/home/wade/ros2_ws/src/examples/rclpy/services) by extensions ['colcon_pkg']
[0.564s] Level 1:colcon.colcon_core.package_identification:_identify(/home/wade/ros2_ws/src/examples/rclpy/services) by extension 'colcon_pkg'
[0.564s] Level 1:colcon.colcon_core.package_identification:_identify(/home/wade/ros2_ws/src/examples/rclpy/services) by extensions ['colcon_meta']
[0.564s] Level 1:colcon.colcon_core.package_identification:_identify(/home/wade/ros2_ws/src/examples/rclpy/services) by extension 'colcon_meta'
[0.565s] Level 1:colcon.colcon_core.package_identification:_identify(/home/wade/ros2_ws/src/examples/rclpy/services) by extensions ['ros']
[0.565s] Level 1:colcon.colcon_core.package_identification:_identify(/home/wade/ros2_ws/src/examples/rclpy/services) by extension 'ros'
[0.565s] Level 1:colcon.colcon_core.package_identification:_identify(/home/wade/ros2_ws/src/examples/rclpy/services) by extensions ['cmake', 'python']
[0.565s] Level 1:colcon.colcon_core.package_identification:_identify(/home/wade/ros2_ws/src/examples/rclpy/services) by extension 'cmake'
[0.565s] Level 1:colcon.colcon_core.package_identification:_identify(/home/wade/ros2_ws/src/examples/rclpy/services) by extension 'python'
[0.565s] Level 1:colcon.colcon_core.package_identification:_identify(/home/wade/ros2_ws/src/examples/rclpy/services) by extensions ['python_setup_py']
[0.565s] Level 1:colcon.colcon_core.package_identification:_identify(/home/wade/ros2_ws/src/examples/rclpy/services) by extension 'python_setup_py'
[0.565s] Level 1:colcon.colcon_core.package_identification:_identify(/home/wade/ros2_ws/src/examples/rclpy/services/minimal_client) by extensions ['ignore', 'ignore_ament_install']
[0.565s] Level 1:colcon.colcon_core.package_identification:_identify(/home/wade/ros2_ws/src/examples/rclpy/services/minimal_client) by extension 'ignore'
[0.566s] Level 1:colcon.colcon_core.package_identification:_identify(/home/wade/ros2_ws/src/examples/rclpy/services/minimal_client) by extension 'ignore_ament_install'
[0.566s] Level 1:colcon.colcon_core.package_identification:_identify(/home/wade/ros2_ws/src/examples/rclpy/services/minimal_client) by extensions ['colcon_pkg']
[0.566s] Level 1:colcon.colcon_core.package_identification:_identify(/home/wade/ros2_ws/src/examples/rclpy/services/minimal_client) by extension 'colcon_pkg'
[0.566s] Level 1:colcon.colcon_core.package_identification:_identify(/home/wade/ros2_ws/src/examples/rclpy/services/minimal_client) by extensions ['colcon_meta']
[0.566s] Level 1:colcon.colcon_core.package_identification:_identify(/home/wade/ros2_ws/src/examples/rclpy/services/minimal_client) by extension 'colcon_meta'
[0.566s] Level 1:colcon.colcon_core.package_identification:_identify(/home/wade/ros2_ws/src/examples/rclpy/services/minimal_client) by extensions ['ros']
[0.566s] Level 1:colcon.colcon_core.package_identification:_identify(/home/wade/ros2_ws/src/examples/rclpy/services/minimal_client) by extension 'ros'
[0.567s] DEBUG:colcon.colcon_core.package_identification:Package '/home/wade/ros2_ws/src/examples/rclpy/services/minimal_client' with type 'ros.ament_python' and name 'examples_rclpy_minimal_client'
[0.567s] Level 1:colcon.colcon_core.package_identification:_identify(/home/wade/ros2_ws/src/examples/rclpy/services/minimal_service) by extensions ['ignore', 'ignore_ament_install']
[0.567s] Level 1:colcon.colcon_core.package_identification:_identify(/home/wade/ros2_ws/src/examples/rclpy/services/minimal_service) by extension 'ignore'
[0.567s] Level 1:colcon.colcon_core.package_identification:_identify(/home/wade/ros2_ws/src/examples/rclpy/services/minimal_service) by extension 'ignore_ament_install'
[0.567s] Level 1:colcon.colcon_core.package_identification:_identify(/home/wade/ros2_ws/src/examples/rclpy/services/minimal_service) by extensions ['colcon_pkg']
[0.567s] Level 1:colcon.colcon_core.package_identification:_identify(/home/wade/ros2_ws/src/examples/rclpy/services/minimal_service) by extension 'colcon_pkg'
[0.567s] Level 1:colcon.colcon_core.package_identification:_identify(/home/wade/ros2_ws/src/examples/rclpy/services/minimal_service) by extensions ['colcon_meta']
[0.567s] Level 1:colcon.colcon_core.package_identification:_identify(/home/wade/ros2_ws/src/examples/rclpy/services/minimal_service) by extension 'colcon_meta'
[0.567s] Level 1:colcon.colcon_core.package_identification:_identify(/home/wade/ros2_ws/src/examples/rclpy/services/minimal_service) by extensions ['ros']
[0.567s] Level 1:colcon.colcon_core.package_identification:_identify(/home/wade/ros2_ws/src/examples/rclpy/services/minimal_service) by extension 'ros'
[0.568s] DEBUG:colcon.colcon_core.package_identification:Package '/home/wade/ros2_ws/src/examples/rclpy/services/minimal_service' with type 'ros.ament_python' and name 'examples_rclpy_minimal_service'
[0.569s] Level 1:colcon.colcon_core.package_identification:_identify(/home/wade/ros2_ws/src/examples/rclpy/topics) by extensions ['ignore', 'ignore_ament_install']
[0.569s] Level 1:colcon.colcon_core.package_identification:_identify(/home/wade/ros2_ws/src/examples/rclpy/topics) by extension 'ignore'
[0.569s] Level 1:colcon.colcon_core.package_identification:_identify(/home/wade/ros2_ws/src/examples/rclpy/topics) by extension 'ignore_ament_install'
[0.569s] Level 1:colcon.colcon_core.package_identification:_identify(/home/wade/ros2_ws/src/examples/rclpy/topics) by extensions ['colcon_pkg']
[0.569s] Level 1:colcon.colcon_core.package_identification:_identify(/home/wade/ros2_ws/src/examples/rclpy/topics) by extension 'colcon_pkg'
[0.569s] Level 1:colcon.colcon_core.package_identification:_identify(/home/wade/ros2_ws/src/examples/rclpy/topics) by extensions ['colcon_meta']
[0.569s] Level 1:colcon.colcon_core.package_identification:_identify(/home/wade/ros2_ws/src/examples/rclpy/topics) by extension 'colcon_meta'
[0.569s] Level 1:colcon.colcon_core.package_identification:_identify(/home/wade/ros2_ws/src/examples/rclpy/topics) by extensions ['ros']
[0.569s] Level 1:colcon.colcon_core.package_identification:_identify(/home/wade/ros2_ws/src/examples/rclpy/topics) by extension 'ros'
[0.570s] Level 1:colcon.colcon_core.package_identification:_identify(/home/wade/ros2_ws/src/examples/rclpy/topics) by extensions ['cmake', 'python']
[0.570s] Level 1:colcon.colcon_core.package_identification:_identify(/home/wade/ros2_ws/src/examples/rclpy/topics) by extension 'cmake'
[0.570s] Level 1:colcon.colcon_core.package_identification:_identify(/home/wade/ros2_ws/src/examples/rclpy/topics) by extension 'python'
[0.570s] Level 1:colcon.colcon_core.package_identification:_identify(/home/wade/ros2_ws/src/examples/rclpy/topics) by extensions ['python_setup_py']
[0.570s] Level 1:colcon.colcon_core.package_identification:_identify(/home/wade/ros2_ws/src/examples/rclpy/topics) by extension 'python_setup_py'
[0.570s] Level 1:colcon.colcon_core.package_identification:_identify(/home/wade/ros2_ws/src/examples/rclpy/topics/minimal_publisher) by extensions ['ignore', 'ignore_ament_install']
[0.570s] Level 1:colcon.colcon_core.package_identification:_identify(/home/wade/ros2_ws/src/examples/rclpy/topics/minimal_publisher) by extension 'ignore'
[0.570s] Level 1:colcon.colcon_core.package_identification:_identify(/home/wade/ros2_ws/src/examples/rclpy/topics/minimal_publisher) by extension 'ignore_ament_install'
[0.571s] Level 1:colcon.colcon_core.package_identification:_identify(/home/wade/ros2_ws/src/examples/rclpy/topics/minimal_publisher) by extensions ['colcon_pkg']
[0.571s] Level 1:colcon.colcon_core.package_identification:_identify(/home/wade/ros2_ws/src/examples/rclpy/topics/minimal_publisher) by extension 'colcon_pkg'
[0.571s] Level 1:colcon.colcon_core.package_identification:_identify(/home/wade/ros2_ws/src/examples/rclpy/topics/minimal_publisher) by extensions ['colcon_meta']
[0.571s] Level 1:colcon.colcon_core.package_identification:_identify(/home/wade/ros2_ws/src/examples/rclpy/topics/minimal_publisher) by extension 'colcon_meta'
[0.571s] Level 1:colcon.colcon_core.package_identification:_identify(/home/wade/ros2_ws/src/examples/rclpy/topics/minimal_publisher) by extensions ['ros']
[0.571s] Level 1:colcon.colcon_core.package_identification:_identify(/home/wade/ros2_ws/src/examples/rclpy/topics/minimal_publisher) by extension 'ros'
[0.572s] DEBUG:colcon.colcon_core.package_identification:Package '/home/wade/ros2_ws/src/examples/rclpy/topics/minimal_publisher' with type 'ros.ament_python' and name 'examples_rclpy_minimal_publisher'
[0.572s] Level 1:colcon.colcon_core.package_identification:_identify(/home/wade/ros2_ws/src/examples/rclpy/topics/minimal_subscriber) by extensions ['ignore', 'ignore_ament_install']
[0.572s] Level 1:colcon.colcon_core.package_identification:_identify(/home/wade/ros2_ws/src/examples/rclpy/topics/minimal_subscriber) by extension 'ignore'
[0.572s] Level 1:colcon.colcon_core.package_identification:_identify(/home/wade/ros2_ws/src/examples/rclpy/topics/minimal_subscriber) by extension 'ignore_ament_install'
[0.572s] Level 1:colcon.colcon_core.package_identification:_identify(/home/wade/ros2_ws/src/examples/rclpy/topics/minimal_subscriber) by extensions ['colcon_pkg']
[0.572s] Level 1:colcon.colcon_core.package_identification:_identify(/home/wade/ros2_ws/src/examples/rclpy/topics/minimal_subscriber) by extension 'colcon_pkg'
[0.572s] Level 1:colcon.colcon_core.package_identification:_identify(/home/wade/ros2_ws/src/examples/rclpy/topics/minimal_subscriber) by extensions ['colcon_meta']
[0.572s] Level 1:colcon.colcon_core.package_identification:_identify(/home/wade/ros2_ws/src/examples/rclpy/topics/minimal_subscriber) by extension 'colcon_meta'
[0.572s] Level 1:colcon.colcon_core.package_identification:_identify(/home/wade/ros2_ws/src/examples/rclpy/topics/minimal_subscriber) by extensions ['ros']
[0.573s] Level 1:colcon.colcon_core.package_identification:_identify(/home/wade/ros2_ws/src/examples/rclpy/topics/minimal_subscriber) by extension 'ros'
[0.573s] DEBUG:colcon.colcon_core.package_identification:Package '/home/wade/ros2_ws/src/examples/rclpy/topics/minimal_subscriber' with type 'ros.ament_python' and name 'examples_rclpy_minimal_subscriber'
[0.574s] Level 1:colcon.colcon_core.package_identification:_identify(/home/wade/ros2_ws/src/examples/rclpy/topics/pointcloud_publisher) by extensions ['ignore', 'ignore_ament_install']
[0.574s] Level 1:colcon.colcon_core.package_identification:_identify(/home/wade/ros2_ws/src/examples/rclpy/topics/pointcloud_publisher) by extension 'ignore'
[0.574s] Level 1:colcon.colcon_core.package_identification:_identify(/home/wade/ros2_ws/src/examples/rclpy/topics/pointcloud_publisher) by extension 'ignore_ament_install'
[0.574s] Level 1:colcon.colcon_core.package_identification:_identify(/home/wade/ros2_ws/src/examples/rclpy/topics/pointcloud_publisher) by extensions ['colcon_pkg']
[0.574s] Level 1:colcon.colcon_core.package_identification:_identify(/home/wade/ros2_ws/src/examples/rclpy/topics/pointcloud_publisher) by extension 'colcon_pkg'
[0.574s] Level 1:colcon.colcon_core.package_identification:_identify(/home/wade/ros2_ws/src/examples/rclpy/topics/pointcloud_publisher) by extensions ['colcon_meta']
[0.574s] Level 1:colcon.colcon_core.package_identification:_identify(/home/wade/ros2_ws/src/examples/rclpy/topics/pointcloud_publisher) by extension 'colcon_meta'
[0.574s] Level 1:colcon.colcon_core.package_identification:_identify(/home/wade/ros2_ws/src/examples/rclpy/topics/pointcloud_publisher) by extensions ['ros']
[0.574s] Level 1:colcon.colcon_core.package_identification:_identify(/home/wade/ros2_ws/src/examples/rclpy/topics/pointcloud_publisher) by extension 'ros'
[0.576s] DEBUG:colcon.colcon_core.package_identification:Package '/home/wade/ros2_ws/src/examples/rclpy/topics/pointcloud_publisher' with type 'ros.ament_python' and name 'examples_rclpy_pointcloud_publisher'
[0.576s] Level 1:colcon.colcon_core.package_identification:_identify(/home/wade/ros2_ws/src/my_package) by extensions ['ignore', 'ignore_ament_install']
[0.576s] Level 1:colcon.colcon_core.package_identification:_identify(/home/wade/ros2_ws/src/my_package) by extension 'ignore'
[0.576s] Level 1:colcon.colcon_core.package_identification:_identify(/home/wade/ros2_ws/src/my_package) by extension 'ignore_ament_install'
[0.576s] Level 1:colcon.colcon_core.package_identification:_identify(/home/wade/ros2_ws/src/my_package) by extensions ['colcon_pkg']
[0.576s] Level 1:colcon.colcon_core.package_identification:_identify(/home/wade/ros2_ws/src/my_package) by extension 'colcon_pkg'
[0.577s] Level 1:colcon.colcon_core.package_identification:_identify(/home/wade/ros2_ws/src/my_package) by extensions ['colcon_meta']
[0.577s] Level 1:colcon.colcon_core.package_identification:_identify(/home/wade/ros2_ws/src/my_package) by extension 'colcon_meta'
[0.577s] Level 1:colcon.colcon_core.package_identification:_identify(/home/wade/ros2_ws/src/my_package) by extensions ['ros']
[0.577s] Level 1:colcon.colcon_core.package_identification:_identify(/home/wade/ros2_ws/src/my_package) by extension 'ros'
[0.578s] DEBUG:colcon.colcon_core.package_identification:Package '/home/wade/ros2_ws/src/my_package' with type 'ros.ament_python' and name 'my_package'
[0.578s] Level 1:colcon.colcon_core.package_identification:_identify(/home/wade/ros2_ws/src/py_pubsub) by extensions ['ignore', 'ignore_ament_install']
[0.578s] Level 1:colcon.colcon_core.package_identification:_identify(/home/wade/ros2_ws/src/py_pubsub) by extension 'ignore'
[0.579s] Level 1:colcon.colcon_core.package_identification:_identify(/home/wade/ros2_ws/src/py_pubsub) by extension 'ignore_ament_install'
[0.579s] Level 1:colcon.colcon_core.package_identification:_identify(/home/wade/ros2_ws/src/py_pubsub) by extensions ['colcon_pkg']
[0.579s] Level 1:colcon.colcon_core.package_identification:_identify(/home/wade/ros2_ws/src/py_pubsub) by extension 'colcon_pkg'
[0.579s] Level 1:colcon.colcon_core.package_identification:_identify(/home/wade/ros2_ws/src/py_pubsub) by extensions ['colcon_meta']
[0.579s] Level 1:colcon.colcon_core.package_identification:_identify(/home/wade/ros2_ws/src/py_pubsub) by extension 'colcon_meta'
[0.579s] Level 1:colcon.colcon_core.package_identification:_identify(/home/wade/ros2_ws/src/py_pubsub) by extensions ['ros']
[0.579s] Level 1:colcon.colcon_core.package_identification:_identify(/home/wade/ros2_ws/src/py_pubsub) by extension 'ros'
[0.582s] DEBUG:colcon.colcon_core.package_identification:Package '/home/wade/ros2_ws/src/py_pubsub' with type 'ros.ament_python' and name 'py_pubsub'
[0.583s] Level 1:colcon.colcon_core.package_identification:_identify(/home/wade/ros2_ws/src/py_srvcli) by extensions ['ignore', 'ignore_ament_install']
[0.583s] Level 1:colcon.colcon_core.package_identification:_identify(/home/wade/ros2_ws/src/py_srvcli) by extension 'ignore'
[0.583s] Level 1:colcon.colcon_core.package_identification:_identify(/home/wade/ros2_ws/src/py_srvcli) by extension 'ignore_ament_install'
[0.583s] Level 1:colcon.colcon_core.package_identification:_identify(/home/wade/ros2_ws/src/py_srvcli) by extensions ['colcon_pkg']
[0.583s] Level 1:colcon.colcon_core.package_identification:_identify(/home/wade/ros2_ws/src/py_srvcli) by extension 'colcon_pkg'
[0.583s] Level 1:colcon.colcon_core.package_identification:_identify(/home/wade/ros2_ws/src/py_srvcli) by extensions ['colcon_meta']
[0.583s] Level 1:colcon.colcon_core.package_identification:_identify(/home/wade/ros2_ws/src/py_srvcli) by extension 'colcon_meta'
[0.583s] Level 1:colcon.colcon_core.package_identification:_identify(/home/wade/ros2_ws/src/py_srvcli) by extensions ['ros']
[0.583s] Level 1:colcon.colcon_core.package_identification:_identify(/home/wade/ros2_ws/src/py_srvcli) by extension 'ros'
[0.584s] DEBUG:colcon.colcon_core.package_identification:Package '/home/wade/ros2_ws/src/py_srvcli' with type 'ros.ament_python' and name 'py_srvcli'
[0.584s] Level 1:colcon.colcon_core.package_identification:_identify(/home/wade/ros2_ws/src/python_parameters) by extensions ['ignore', 'ignore_ament_install']
[0.585s] Level 1:colcon.colcon_core.package_identification:_identify(/home/wade/ros2_ws/src/python_parameters) by extension 'ignore'
[0.585s] Level 1:colcon.colcon_core.package_identification:_identify(/home/wade/ros2_ws/src/python_parameters) by extension 'ignore_ament_install'
[0.585s] Level 1:colcon.colcon_core.package_identification:_identify(/home/wade/ros2_ws/src/python_parameters) by extensions ['colcon_pkg']
[0.585s] Level 1:colcon.colcon_core.package_identification:_identify(/home/wade/ros2_ws/src/python_parameters) by extension 'colcon_pkg'
[0.585s] Level 1:colcon.colcon_core.package_identification:_identify(/home/wade/ros2_ws/src/python_parameters) by extensions ['colcon_meta']
[0.585s] Level 1:colcon.colcon_core.package_identification:_identify(/home/wade/ros2_ws/src/python_parameters) by extension 'colcon_meta'
[0.585s] Level 1:colcon.colcon_core.package_identification:_identify(/home/wade/ros2_ws/src/python_parameters) by extensions ['ros']
[0.585s] Level 1:colcon.colcon_core.package_identification:_identify(/home/wade/ros2_ws/src/python_parameters) by extension 'ros'
[0.586s] DEBUG:colcon.colcon_core.package_identification:Package '/home/wade/ros2_ws/src/python_parameters' with type 'ros.ament_python' and name 'python_parameters'
[0.587s] Level 1:colcon.colcon_core.package_identification:_identify(/home/wade/ros2_ws/src/robot_math) by extensions ['ignore', 'ignore_ament_install']
[0.587s] Level 1:colcon.colcon_core.package_identification:_identify(/home/wade/ros2_ws/src/robot_math) by extension 'ignore'
[0.587s] Level 1:colcon.colcon_core.package_identification:_identify(/home/wade/ros2_ws/src/robot_math) by extension 'ignore_ament_install'
[0.587s] Level 1:colcon.colcon_core.package_identification:_identify(/home/wade/ros2_ws/src/robot_math) by extensions ['colcon_pkg']
[0.587s] Level 1:colcon.colcon_core.package_identification:_identify(/home/wade/ros2_ws/src/robot_math) by extension 'colcon_pkg'
[0.587s] Level 1:colcon.colcon_core.package_identification:_identify(/home/wade/ros2_ws/src/robot_math) by extensions ['colcon_meta']
[0.587s] Level 1:colcon.colcon_core.package_identification:_identify(/home/wade/ros2_ws/src/robot_math) by extension 'colcon_meta'
[0.587s] Level 1:colcon.colcon_core.package_identification:_identify(/home/wade/ros2_ws/src/robot_math) by extensions ['ros']
[0.587s] Level 1:colcon.colcon_core.package_identification:_identify(/home/wade/ros2_ws/src/robot_math) by extension 'ros'
[0.588s] DEBUG:colcon.colcon_core.package_identification:Package '/home/wade/ros2_ws/src/robot_math' with type 'ros.ament_python' and name 'robot_math'
[0.588s] Level 1:colcon.colcon_core.package_identification:_identify(/home/wade/ros2_ws/src/ros_tutorials) by extensions ['ignore', 'ignore_ament_install']
[0.589s] Level 1:colcon.colcon_core.package_identification:_identify(/home/wade/ros2_ws/src/ros_tutorials) by extension 'ignore'
[0.589s] Level 1:colcon.colcon_core.package_identification:_identify(/home/wade/ros2_ws/src/ros_tutorials) by extension 'ignore_ament_install'
[0.589s] Level 1:colcon.colcon_core.package_identification:_identify(/home/wade/ros2_ws/src/ros_tutorials) by extensions ['colcon_pkg']
[0.589s] Level 1:colcon.colcon_core.package_identification:_identify(/home/wade/ros2_ws/src/ros_tutorials) by extension 'colcon_pkg'
[0.589s] Level 1:colcon.colcon_core.package_identification:_identify(/home/wade/ros2_ws/src/ros_tutorials) by extensions ['colcon_meta']
[0.589s] Level 1:colcon.colcon_core.package_identification:_identify(/home/wade/ros2_ws/src/ros_tutorials) by extension 'colcon_meta'
[0.589s] Level 1:colcon.colcon_core.package_identification:_identify(/home/wade/ros2_ws/src/ros_tutorials) by extensions ['ros']
[0.589s] Level 1:colcon.colcon_core.package_identification:_identify(/home/wade/ros2_ws/src/ros_tutorials) by extension 'ros'
[0.589s] Level 1:colcon.colcon_core.package_identification:_identify(/home/wade/ros2_ws/src/ros_tutorials) by extensions ['cmake', 'python']
[0.589s] Level 1:colcon.colcon_core.package_identification:_identify(/home/wade/ros2_ws/src/ros_tutorials) by extension 'cmake'
[0.589s] Level 1:colcon.colcon_core.package_identification:_identify(/home/wade/ros2_ws/src/ros_tutorials) by extension 'python'
[0.589s] Level 1:colcon.colcon_core.package_identification:_identify(/home/wade/ros2_ws/src/ros_tutorials) by extensions ['python_setup_py']
[0.589s] Level 1:colcon.colcon_core.package_identification:_identify(/home/wade/ros2_ws/src/ros_tutorials) by extension 'python_setup_py'
[0.589s] Level 1:colcon.colcon_core.package_identification:_identify(/home/wade/ros2_ws/src/ros_tutorials/ros_tutorials) by extensions ['ignore', 'ignore_ament_install']
[0.590s] Level 1:colcon.colcon_core.package_identification:_identify(/home/wade/ros2_ws/src/ros_tutorials/ros_tutorials) by extension 'ignore'
[0.590s] Level 1:colcon.colcon_core.package_identification:_identify(/home/wade/ros2_ws/src/ros_tutorials/ros_tutorials) ignored
[0.590s] Level 1:colcon.colcon_core.package_identification:_identify(/home/wade/ros2_ws/src/ros_tutorials/roscpp_tutorials) by extensions ['ignore', 'ignore_ament_install']
[0.590s] Level 1:colcon.colcon_core.package_identification:_identify(/home/wade/ros2_ws/src/ros_tutorials/roscpp_tutorials) by extension 'ignore'
[0.590s] Level 1:colcon.colcon_core.package_identification:_identify(/home/wade/ros2_ws/src/ros_tutorials/roscpp_tutorials) ignored
[0.590s] Level 1:colcon.colcon_core.package_identification:_identify(/home/wade/ros2_ws/src/ros_tutorials/rospy_tutorials) by extensions ['ignore', 'ignore_ament_install']
[0.590s] Level 1:colcon.colcon_core.package_identification:_identify(/home/wade/ros2_ws/src/ros_tutorials/rospy_tutorials) by extension 'ignore'
[0.590s] Level 1:colcon.colcon_core.package_identification:_identify(/home/wade/ros2_ws/src/ros_tutorials/rospy_tutorials) ignored
[0.590s] Level 1:colcon.colcon_core.package_identification:_identify(/home/wade/ros2_ws/src/ros_tutorials/turtlesim) by extensions ['ignore', 'ignore_ament_install']
[0.591s] Level 1:colcon.colcon_core.package_identification:_identify(/home/wade/ros2_ws/src/ros_tutorials/turtlesim) by extension 'ignore'
[0.591s] Level 1:colcon.colcon_core.package_identification:_identify(/home/wade/ros2_ws/src/ros_tutorials/turtlesim) by extension 'ignore_ament_install'
[0.591s] Level 1:colcon.colcon_core.package_identification:_identify(/home/wade/ros2_ws/src/ros_tutorials/turtlesim) by extensions ['colcon_pkg']
[0.591s] Level 1:colcon.colcon_core.package_identification:_identify(/home/wade/ros2_ws/src/ros_tutorials/turtlesim) by extension 'colcon_pkg'
[0.591s] Level 1:colcon.colcon_core.package_identification:_identify(/home/wade/ros2_ws/src/ros_tutorials/turtlesim) by extensions ['colcon_meta']
[0.591s] Level 1:colcon.colcon_core.package_identification:_identify(/home/wade/ros2_ws/src/ros_tutorials/turtlesim) by extension 'colcon_meta'
[0.591s] Level 1:colcon.colcon_core.package_identification:_identify(/home/wade/ros2_ws/src/ros_tutorials/turtlesim) by extensions ['ros']
[0.591s] Level 1:colcon.colcon_core.package_identification:_identify(/home/wade/ros2_ws/src/ros_tutorials/turtlesim) by extension 'ros'
[0.593s] DEBUG:colcon.colcon_core.package_identification:Package '/home/wade/ros2_ws/src/ros_tutorials/turtlesim' with type 'ros.ament_cmake' and name 'turtlesim'
[0.593s] Level 1:colcon.colcon_core.package_identification:_identify(/home/wade/ros2_ws/src/turtlebot3_multi_robot) by extensions ['ignore', 'ignore_ament_install']
[0.593s] Level 1:colcon.colcon_core.package_identification:_identify(/home/wade/ros2_ws/src/turtlebot3_multi_robot) by extension 'ignore'
[0.593s] Level 1:colcon.colcon_core.package_identification:_identify(/home/wade/ros2_ws/src/turtlebot3_multi_robot) by extension 'ignore_ament_install'
[0.593s] Level 1:colcon.colcon_core.package_identification:_identify(/home/wade/ros2_ws/src/turtlebot3_multi_robot) by extensions ['colcon_pkg']
[0.593s] Level 1:colcon.colcon_core.package_identification:_identify(/home/wade/ros2_ws/src/turtlebot3_multi_robot) by extension 'colcon_pkg'
[0.593s] Level 1:colcon.colcon_core.package_identification:_identify(/home/wade/ros2_ws/src/turtlebot3_multi_robot) by extensions ['colcon_meta']
[0.593s] Level 1:colcon.colcon_core.package_identification:_identify(/home/wade/ros2_ws/src/turtlebot3_multi_robot) by extension 'colcon_meta'
[0.593s] Level 1:colcon.colcon_core.package_identification:_identify(/home/wade/ros2_ws/src/turtlebot3_multi_robot) by extensions ['ros']
[0.594s] Level 1:colcon.colcon_core.package_identification:_identify(/home/wade/ros2_ws/src/turtlebot3_multi_robot) by extension 'ros'
[0.613s] DEBUG:colcon.colcon_core.package_identification:Package '/home/wade/ros2_ws/src/turtlebot3_multi_robot' with type 'ros.ament_cmake' and name 'turtlebot3_multi_robot'
[0.613s] Level 1:colcon.colcon_core.package_identification:_identify(/home/wade/ros2_ws/src/turtlebot_sim_launch) by extensions ['ignore', 'ignore_ament_install']
[0.613s] Level 1:colcon.colcon_core.package_identification:_identify(/home/wade/ros2_ws/src/turtlebot_sim_launch) by extension 'ignore'
[0.614s] Level 1:colcon.colcon_core.package_identification:_identify(/home/wade/ros2_ws/src/turtlebot_sim_launch) by extension 'ignore_ament_install'
[0.614s] Level 1:colcon.colcon_core.package_identification:_identify(/home/wade/ros2_ws/src/turtlebot_sim_launch) by extensions ['colcon_pkg']
[0.614s] Level 1:colcon.colcon_core.package_identification:_identify(/home/wade/ros2_ws/src/turtlebot_sim_launch) by extension 'colcon_pkg'
[0.614s] Level 1:colcon.colcon_core.package_identification:_identify(/home/wade/ros2_ws/src/turtlebot_sim_launch) by extensions ['colcon_meta']
[0.614s] Level 1:colcon.colcon_core.package_identification:_identify(/home/wade/ros2_ws/src/turtlebot_sim_launch) by extension 'colcon_meta'
[0.614s] Level 1:colcon.colcon_core.package_identification:_identify(/home/wade/ros2_ws/src/turtlebot_sim_launch) by extensions ['ros']
[0.614s] Level 1:colcon.colcon_core.package_identification:_identify(/home/wade/ros2_ws/src/turtlebot_sim_launch) by extension 'ros'
[0.614s] DEBUG:colcon.colcon_core.package_identification:Package '/home/wade/ros2_ws/src/turtlebot_sim_launch' with type 'ros.ament_python' and name 'turtlebot_sim_launch'
[0.615s] Level 1:colcon.colcon_core.package_discovery:discover_packages(recursive) using defaults
