[0.119s] Invoking command in '/home/wade/ros2_ws/build/examples_rclcpp_minimal_action_server': CMAKE_PREFIX_PATH=${CMAKE_PREFIX_PATH}:/home/wade/ros2_ws/install/py_srvcli:/home/wade/ros2_ws/install/py_pubsub:/home/wade/ros2_ws/install/robot_math:/home/wade/ros2_ws/install/python_parameters:/home/wade/ros2_ws/install/my_turtlebot3_sim:/home/wade/ros2_ws/install/my_package:/home/wade/ros2_ws/install/launch_testing_examples:/home/wade/ros2_ws/install/examples_rclpy_pointcloud_publisher:/home/wade/ros2_ws/install/examples_rclpy_minimal_subscriber:/home/wade/ros2_ws/install/examples_rclpy_minimal_service:/home/wade/ros2_ws/install/examples_rclpy_minimal_publisher:/home/wade/ros2_ws/install/examples_rclpy_minimal_client:/home/wade/ros2_ws/install/examples_rclpy_minimal_action_server:/home/wade/ros2_ws/install/examples_rclpy_minimal_action_client:/home/wade/ros2_ws/install/examples_rclpy_guard_conditions:/home/wade/ros2_ws/install/examples_rclpy_executors:/opt/ros/humble /usr/bin/cmake /home/wade/ros2_ws/src/examples/rclcpp/actions/minimal_action_server -DCMAKE_INSTALL_PREFIX=/home/wade/ros2_ws/install/examples_rclcpp_minimal_action_server
[0.161s] -- Found ament_cmake: 1.3.11 (/opt/ros/humble/share/ament_cmake/cmake)
[0.463s] -- Override CMake install command with custom implementation using symlinks instead of copying resources
[0.467s] -- Found example_interfaces: 0.9.3 (/opt/ros/humble/share/example_interfaces/cmake)
[0.491s] -- Found rosidl_generator_c: 3.1.6 (/opt/ros/humble/share/rosidl_generator_c/cmake)
[0.493s] -- Found rosidl_adapter: 3.1.6 (/opt/ros/humble/share/rosidl_adapter/cmake)
[0.499s] -- Found rosidl_generator_cpp: 3.1.6 (/opt/ros/humble/share/rosidl_generator_cpp/cmake)
[0.508s] -- Using all available rosidl_typesupport_c: rosidl_typesupport_fastrtps_c;rosidl_typesupport_introspection_c
[0.520s] -- Using all available rosidl_typesupport_cpp: rosidl_typesupport_fastrtps_cpp;rosidl_typesupport_introspection_cpp
[0.564s] -- Found rclcpp: 16.0.11 (/opt/ros/humble/share/rclcpp/cmake)
[0.589s] -- Found rmw_implementation_cmake: 6.1.2 (/opt/ros/humble/share/rmw_implementation_cmake/cmake)
[0.591s] -- Found rmw_fastrtps_cpp: 6.2.7 (/opt/ros/humble/share/rmw_fastrtps_cpp/cmake)
[0.717s] -- Using RMW implementation 'rmw_fastrtps_cpp' as default
[0.763s] -- Found rclcpp_action: 16.0.11 (/opt/ros/humble/share/rclcpp_action/cmake)
[0.776s] -- Found ament_lint_auto: 0.12.11 (/opt/ros/humble/share/ament_lint_auto/cmake)
[0.883s] -- Added test 'copyright' to check source files copyright and LICENSE
[0.887s] -- Added test 'cppcheck' to perform static code analysis on C / C++ code
[0.887s] -- Configured cppcheck include dirs: 
[0.887s] -- Configured cppcheck exclude dirs and/or files: 
[0.887s] -- Added test 'cpplint' to check C / C++ code against the Google style
[0.887s] -- Configured cpplint exclude dirs and/or files: 
[0.887s] -- Added test 'lint_cmake' to check CMake code style
[0.887s] -- Added test 'uncrustify' to check C / C++ code style
[0.887s] -- Configured uncrustify additional arguments: 
[0.888s] -- Added test 'xmllint' to check XML markup files
[0.889s] -- Configuring done
[0.903s] -- Generating done
[0.908s] -- Build files have been written to: /home/wade/ros2_ws/build/examples_rclcpp_minimal_action_server
[0.927s] Invoked command in '/home/wade/ros2_ws/build/examples_rclcpp_minimal_action_server' returned '0': CMAKE_PREFIX_PATH=${CMAKE_PREFIX_PATH}:/home/wade/ros2_ws/install/py_srvcli:/home/wade/ros2_ws/install/py_pubsub:/home/wade/ros2_ws/install/robot_math:/home/wade/ros2_ws/install/python_parameters:/home/wade/ros2_ws/install/my_turtlebot3_sim:/home/wade/ros2_ws/install/my_package:/home/wade/ros2_ws/install/launch_testing_examples:/home/wade/ros2_ws/install/examples_rclpy_pointcloud_publisher:/home/wade/ros2_ws/install/examples_rclpy_minimal_subscriber:/home/wade/ros2_ws/install/examples_rclpy_minimal_service:/home/wade/ros2_ws/install/examples_rclpy_minimal_publisher:/home/wade/ros2_ws/install/examples_rclpy_minimal_client:/home/wade/ros2_ws/install/examples_rclpy_minimal_action_server:/home/wade/ros2_ws/install/examples_rclpy_minimal_action_client:/home/wade/ros2_ws/install/examples_rclpy_guard_conditions:/home/wade/ros2_ws/install/examples_rclpy_executors:/opt/ros/humble /usr/bin/cmake /home/wade/ros2_ws/src/examples/rclcpp/actions/minimal_action_server -DCMAKE_INSTALL_PREFIX=/home/wade/ros2_ws/install/examples_rclcpp_minimal_action_server
[0.931s] Invoking command in '/home/wade/ros2_ws/build/examples_rclcpp_minimal_action_server': CMAKE_PREFIX_PATH=${CMAKE_PREFIX_PATH}:/home/wade/ros2_ws/install/py_srvcli:/home/wade/ros2_ws/install/py_pubsub:/home/wade/ros2_ws/install/robot_math:/home/wade/ros2_ws/install/python_parameters:/home/wade/ros2_ws/install/my_turtlebot3_sim:/home/wade/ros2_ws/install/my_package:/home/wade/ros2_ws/install/launch_testing_examples:/home/wade/ros2_ws/install/examples_rclpy_pointcloud_publisher:/home/wade/ros2_ws/install/examples_rclpy_minimal_subscriber:/home/wade/ros2_ws/install/examples_rclpy_minimal_service:/home/wade/ros2_ws/install/examples_rclpy_minimal_publisher:/home/wade/ros2_ws/install/examples_rclpy_minimal_client:/home/wade/ros2_ws/install/examples_rclpy_minimal_action_server:/home/wade/ros2_ws/install/examples_rclpy_minimal_action_client:/home/wade/ros2_ws/install/examples_rclpy_guard_conditions:/home/wade/ros2_ws/install/examples_rclpy_executors:/opt/ros/humble /usr/bin/cmake --build /home/wade/ros2_ws/build/examples_rclcpp_minimal_action_server -- -j12 -l12
[0.998s] [35m[1mConsolidate compiler generated dependencies of target action_server_member_functions[0m
[1.000s] [35m[1mConsolidate compiler generated dependencies of target action_server_not_composable[0m
[1.028s] [ 50%] Built target action_server_member_functions
[1.037s] [100%] Built target action_server_not_composable
[1.074s] Invoked command in '/home/wade/ros2_ws/build/examples_rclcpp_minimal_action_server' returned '0': CMAKE_PREFIX_PATH=${CMAKE_PREFIX_PATH}:/home/wade/ros2_ws/install/py_srvcli:/home/wade/ros2_ws/install/py_pubsub:/home/wade/ros2_ws/install/robot_math:/home/wade/ros2_ws/install/python_parameters:/home/wade/ros2_ws/install/my_turtlebot3_sim:/home/wade/ros2_ws/install/my_package:/home/wade/ros2_ws/install/launch_testing_examples:/home/wade/ros2_ws/install/examples_rclpy_pointcloud_publisher:/home/wade/ros2_ws/install/examples_rclpy_minimal_subscriber:/home/wade/ros2_ws/install/examples_rclpy_minimal_service:/home/wade/ros2_ws/install/examples_rclpy_minimal_publisher:/home/wade/ros2_ws/install/examples_rclpy_minimal_client:/home/wade/ros2_ws/install/examples_rclpy_minimal_action_server:/home/wade/ros2_ws/install/examples_rclpy_minimal_action_client:/home/wade/ros2_ws/install/examples_rclpy_guard_conditions:/home/wade/ros2_ws/install/examples_rclpy_executors:/opt/ros/humble /usr/bin/cmake --build /home/wade/ros2_ws/build/examples_rclcpp_minimal_action_server -- -j12 -l12
[1.082s] Invoking command in '/home/wade/ros2_ws/build/examples_rclcpp_minimal_action_server': CMAKE_PREFIX_PATH=${CMAKE_PREFIX_PATH}:/home/wade/ros2_ws/install/py_srvcli:/home/wade/ros2_ws/install/py_pubsub:/home/wade/ros2_ws/install/robot_math:/home/wade/ros2_ws/install/python_parameters:/home/wade/ros2_ws/install/my_turtlebot3_sim:/home/wade/ros2_ws/install/my_package:/home/wade/ros2_ws/install/launch_testing_examples:/home/wade/ros2_ws/install/examples_rclpy_pointcloud_publisher:/home/wade/ros2_ws/install/examples_rclpy_minimal_subscriber:/home/wade/ros2_ws/install/examples_rclpy_minimal_service:/home/wade/ros2_ws/install/examples_rclpy_minimal_publisher:/home/wade/ros2_ws/install/examples_rclpy_minimal_client:/home/wade/ros2_ws/install/examples_rclpy_minimal_action_server:/home/wade/ros2_ws/install/examples_rclpy_minimal_action_client:/home/wade/ros2_ws/install/examples_rclpy_guard_conditions:/home/wade/ros2_ws/install/examples_rclpy_executors:/opt/ros/humble /usr/bin/cmake --install /home/wade/ros2_ws/build/examples_rclcpp_minimal_action_server
[1.102s] -- Install configuration: ""
[1.102s] -- Execute custom install script
[1.102s] -- Up-to-date symlink: /home/wade/ros2_ws/install/examples_rclcpp_minimal_action_server/lib/examples_rclcpp_minimal_action_server/action_server_not_composable
[1.102s] -- Up-to-date symlink: /home/wade/ros2_ws/install/examples_rclcpp_minimal_action_server/lib/examples_rclcpp_minimal_action_server/action_server_member_functions
[1.102s] -- Up-to-date symlink: /home/wade/ros2_ws/install/examples_rclcpp_minimal_action_server/share/ament_index/resource_index/package_run_dependencies/examples_rclcpp_minimal_action_server
[1.102s] -- Up-to-date symlink: /home/wade/ros2_ws/install/examples_rclcpp_minimal_action_server/share/ament_index/resource_index/parent_prefix_path/examples_rclcpp_minimal_action_server
[1.103s] -- Up-to-date symlink: /home/wade/ros2_ws/install/examples_rclcpp_minimal_action_server/share/examples_rclcpp_minimal_action_server/environment/ament_prefix_path.sh
[1.103s] -- Up-to-date symlink: /home/wade/ros2_ws/install/examples_rclcpp_minimal_action_server/share/examples_rclcpp_minimal_action_server/environment/ament_prefix_path.dsv
[1.103s] -- Up-to-date symlink: /home/wade/ros2_ws/install/examples_rclcpp_minimal_action_server/share/examples_rclcpp_minimal_action_server/environment/path.sh
[1.103s] -- Up-to-date symlink: /home/wade/ros2_ws/install/examples_rclcpp_minimal_action_server/share/examples_rclcpp_minimal_action_server/environment/path.dsv
[1.103s] -- Up-to-date symlink: /home/wade/ros2_ws/install/examples_rclcpp_minimal_action_server/share/examples_rclcpp_minimal_action_server/local_setup.bash
[1.104s] -- Up-to-date symlink: /home/wade/ros2_ws/install/examples_rclcpp_minimal_action_server/share/examples_rclcpp_minimal_action_server/local_setup.sh
[1.104s] -- Up-to-date symlink: /home/wade/ros2_ws/install/examples_rclcpp_minimal_action_server/share/examples_rclcpp_minimal_action_server/local_setup.zsh
[1.104s] -- Up-to-date symlink: /home/wade/ros2_ws/install/examples_rclcpp_minimal_action_server/share/examples_rclcpp_minimal_action_server/local_setup.dsv
[1.104s] -- Up-to-date symlink: /home/wade/ros2_ws/install/examples_rclcpp_minimal_action_server/share/examples_rclcpp_minimal_action_server/package.dsv
[1.104s] -- Up-to-date symlink: /home/wade/ros2_ws/install/examples_rclcpp_minimal_action_server/share/ament_index/resource_index/packages/examples_rclcpp_minimal_action_server
[1.105s] -- Up-to-date symlink: /home/wade/ros2_ws/install/examples_rclcpp_minimal_action_server/share/examples_rclcpp_minimal_action_server/cmake/examples_rclcpp_minimal_action_serverConfig.cmake
[1.105s] -- Up-to-date symlink: /home/wade/ros2_ws/install/examples_rclcpp_minimal_action_server/share/examples_rclcpp_minimal_action_server/cmake/examples_rclcpp_minimal_action_serverConfig-version.cmake
[1.105s] -- Up-to-date symlink: /home/wade/ros2_ws/install/examples_rclcpp_minimal_action_server/share/examples_rclcpp_minimal_action_server/package.xml
[1.159s] Invoked command in '/home/wade/ros2_ws/build/examples_rclcpp_minimal_action_server' returned '0': CMAKE_PREFIX_PATH=${CMAKE_PREFIX_PATH}:/home/wade/ros2_ws/install/py_srvcli:/home/wade/ros2_ws/install/py_pubsub:/home/wade/ros2_ws/install/robot_math:/home/wade/ros2_ws/install/python_parameters:/home/wade/ros2_ws/install/my_turtlebot3_sim:/home/wade/ros2_ws/install/my_package:/home/wade/ros2_ws/install/launch_testing_examples:/home/wade/ros2_ws/install/examples_rclpy_pointcloud_publisher:/home/wade/ros2_ws/install/examples_rclpy_minimal_subscriber:/home/wade/ros2_ws/install/examples_rclpy_minimal_service:/home/wade/ros2_ws/install/examples_rclpy_minimal_publisher:/home/wade/ros2_ws/install/examples_rclpy_minimal_client:/home/wade/ros2_ws/install/examples_rclpy_minimal_action_server:/home/wade/ros2_ws/install/examples_rclpy_minimal_action_client:/home/wade/ros2_ws/install/examples_rclpy_guard_conditions:/home/wade/ros2_ws/install/examples_rclpy_executors:/opt/ros/humble /usr/bin/cmake --install /home/wade/ros2_ws/build/examples_rclcpp_minimal_action_server
