[0.515s] Invoking command in '/home/wade/ros2_ws/src/python_parameters': PYTHONPATH=/home/wade/ros2_ws/build/python_parameters/prefix_override:/usr/lib/python3/dist-packages/colcon_core/task/python/colcon_distutils_commands:/home/wade/ros2_ws/install/python_parameters/lib/python3.10/site-packages:${PYTHONPATH} /usr/bin/python3 -W ignore:setup.py install is deprecated -W ignore:easy_install command is deprecated setup.py egg_info --egg-base ../../build/python_parameters build --build-base /home/wade/ros2_ws/build/python_parameters/build install --record /home/wade/ros2_ws/build/python_parameters/install.log --single-version-externally-managed install_data
[0.671s] running egg_info
[0.672s] writing ../../build/python_parameters/python_parameters.egg-info/PKG-INFO
[0.672s] writing dependency_links to ../../build/python_parameters/python_parameters.egg-info/dependency_links.txt
[0.672s] writing entry points to ../../build/python_parameters/python_parameters.egg-info/entry_points.txt
[0.672s] writing requirements to ../../build/python_parameters/python_parameters.egg-info/requires.txt
[0.672s] writing top-level names to ../../build/python_parameters/python_parameters.egg-info/top_level.txt
[0.673s] reading manifest file '../../build/python_parameters/python_parameters.egg-info/SOURCES.txt'
[0.673s] adding license file 'LICENSE'
[0.674s] writing manifest file '../../build/python_parameters/python_parameters.egg-info/SOURCES.txt'
[0.674s] running build
[0.674s] running build_py
[0.674s] copying python_parameters/__init__.py -> /home/wade/ros2_ws/build/python_parameters/build/lib/python_parameters
[0.674s] copying python_parameters/python_parameters_node.py -> /home/wade/ros2_ws/build/python_parameters/build/lib/python_parameters
[0.674s] running install
[0.674s] running install_lib
[0.675s] copying /home/wade/ros2_ws/build/python_parameters/build/lib/python_parameters/__init__.py -> /home/wade/ros2_ws/install/python_parameters/lib/python3.10/site-packages/python_parameters
[0.675s] copying /home/wade/ros2_ws/build/python_parameters/build/lib/python_parameters/python_parameters_node.py -> /home/wade/ros2_ws/install/python_parameters/lib/python3.10/site-packages/python_parameters
[0.675s] byte-compiling /home/wade/ros2_ws/install/python_parameters/lib/python3.10/site-packages/python_parameters/__init__.py to __init__.cpython-310.pyc
[0.675s] byte-compiling /home/wade/ros2_ws/install/python_parameters/lib/python3.10/site-packages/python_parameters/python_parameters_node.py to python_parameters_node.cpython-310.pyc
[0.675s] running install_data
[0.676s] running install_egg_info
[0.677s] removing '/home/wade/ros2_ws/install/python_parameters/lib/python3.10/site-packages/python_parameters-0.0.0-py3.10.egg-info' (and everything under it)
[0.677s] Copying ../../build/python_parameters/python_parameters.egg-info to /home/wade/ros2_ws/install/python_parameters/lib/python3.10/site-packages/python_parameters-0.0.0-py3.10.egg-info
[0.678s] running install_scripts
[0.691s] Installing minimal_param_node script to /home/wade/ros2_ws/install/python_parameters/lib/python_parameters
[0.691s] writing list of installed files to '/home/wade/ros2_ws/build/python_parameters/install.log'
[0.707s] Invoked command in '/home/wade/ros2_ws/src/python_parameters' returned '0': PYTHONPATH=/home/wade/ros2_ws/build/python_parameters/prefix_override:/usr/lib/python3/dist-packages/colcon_core/task/python/colcon_distutils_commands:/home/wade/ros2_ws/install/python_parameters/lib/python3.10/site-packages:${PYTHONPATH} /usr/bin/python3 -W ignore:setup.py install is deprecated -W ignore:easy_install command is deprecated setup.py egg_info --egg-base ../../build/python_parameters build --build-base /home/wade/ros2_ws/build/python_parameters/build install --record /home/wade/ros2_ws/build/python_parameters/install.log --single-version-externally-managed install_data
