[1.091s] Invoking command in '/home/wade/ros2_ws/src/my_turtlebot3_sim': PYTHONPATH=/home/wade/ros2_ws/build/my_turtlebot3_sim/prefix_override:/usr/lib/python3/dist-packages/colcon_core/task/python/colcon_distutils_commands:/home/wade/ros2_ws/install/my_turtlebot3_sim/lib/python3.10/site-packages:${PYTHONPATH} /usr/bin/python3 -W ignore:setup.py install is deprecated -W ignore:easy_install command is deprecated setup.py egg_info --egg-base ../../build/my_turtlebot3_sim build --build-base /home/wade/ros2_ws/build/my_turtlebot3_sim/build install --record /home/wade/ros2_ws/build/my_turtlebot3_sim/install.log --single-version-externally-managed install_data
[1.232s] running egg_info
[1.233s] creating ../../build/my_turtlebot3_sim/my_turtlebot3_sim.egg-info
[1.233s] writing ../../build/my_turtlebot3_sim/my_turtlebot3_sim.egg-info/PKG-INFO
[1.233s] writing dependency_links to ../../build/my_turtlebot3_sim/my_turtlebot3_sim.egg-info/dependency_links.txt
[1.233s] writing entry points to ../../build/my_turtlebot3_sim/my_turtlebot3_sim.egg-info/entry_points.txt
[1.233s] writing requirements to ../../build/my_turtlebot3_sim/my_turtlebot3_sim.egg-info/requires.txt
[1.233s] writing top-level names to ../../build/my_turtlebot3_sim/my_turtlebot3_sim.egg-info/top_level.txt
[1.233s] writing manifest file '../../build/my_turtlebot3_sim/my_turtlebot3_sim.egg-info/SOURCES.txt'
[1.234s] reading manifest file '../../build/my_turtlebot3_sim/my_turtlebot3_sim.egg-info/SOURCES.txt'
[1.234s] writing manifest file '../../build/my_turtlebot3_sim/my_turtlebot3_sim.egg-info/SOURCES.txt'
[1.234s] running build
[1.234s] running build_py
[1.234s] creating /home/wade/ros2_ws/build/my_turtlebot3_sim/build
[1.234s] creating /home/wade/ros2_ws/build/my_turtlebot3_sim/build/lib
[1.234s] creating /home/wade/ros2_ws/build/my_turtlebot3_sim/build/lib/my_turtlebot3_sim
[1.234s] copying my_turtlebot3_sim/__init__.py -> /home/wade/ros2_ws/build/my_turtlebot3_sim/build/lib/my_turtlebot3_sim
[1.234s] running install
[1.234s] running install_lib
[1.235s] creating /home/wade/ros2_ws/install/my_turtlebot3_sim/lib/python3.10/site-packages/my_turtlebot3_sim
[1.235s] copying /home/wade/ros2_ws/build/my_turtlebot3_sim/build/lib/my_turtlebot3_sim/__init__.py -> /home/wade/ros2_ws/install/my_turtlebot3_sim/lib/python3.10/site-packages/my_turtlebot3_sim
[1.237s] byte-compiling /home/wade/ros2_ws/install/my_turtlebot3_sim/lib/python3.10/site-packages/my_turtlebot3_sim/__init__.py to __init__.cpython-310.pyc
[1.237s] running install_data
[1.237s] creating /home/wade/ros2_ws/install/my_turtlebot3_sim/share/ament_index
[1.237s] creating /home/wade/ros2_ws/install/my_turtlebot3_sim/share/ament_index/resource_index
[1.237s] creating /home/wade/ros2_ws/install/my_turtlebot3_sim/share/ament_index/resource_index/packages
[1.237s] copying resource/my_turtlebot3_sim -> /home/wade/ros2_ws/install/my_turtlebot3_sim/share/ament_index/resource_index/packages
[1.237s] copying package.xml -> /home/wade/ros2_ws/install/my_turtlebot3_sim/share/my_turtlebot3_sim
[1.237s] running install_egg_info
[1.239s] Copying ../../build/my_turtlebot3_sim/my_turtlebot3_sim.egg-info to /home/wade/ros2_ws/install/my_turtlebot3_sim/lib/python3.10/site-packages/my_turtlebot3_sim-0.0.0-py3.10.egg-info
[1.239s] running install_scripts
[1.253s] writing list of installed files to '/home/wade/ros2_ws/build/my_turtlebot3_sim/install.log'
[1.277s] Invoked command in '/home/wade/ros2_ws/src/my_turtlebot3_sim' returned '0': PYTHONPATH=/home/wade/ros2_ws/build/my_turtlebot3_sim/prefix_override:/usr/lib/python3/dist-packages/colcon_core/task/python/colcon_distutils_commands:/home/wade/ros2_ws/install/my_turtlebot3_sim/lib/python3.10/site-packages:${PYTHONPATH} /usr/bin/python3 -W ignore:setup.py install is deprecated -W ignore:easy_install command is deprecated setup.py egg_info --egg-base ../../build/my_turtlebot3_sim build --build-base /home/wade/ros2_ws/build/my_turtlebot3_sim/build install --record /home/wade/ros2_ws/build/my_turtlebot3_sim/install.log --single-version-externally-managed install_data
