[0.084s] Invoking command in '/home/wade/ros2_ws/build/examples_rclcpp_wait_set': CMAKE_PREFIX_PATH=/opt/ros/humble /usr/bin/cmake --build /home/wade/ros2_ws/build/examples_rclcpp_wait_set -- -j12 -l12
[0.437s] [  8%] Built target wait_set_listener
[0.437s] [ 16%] Built target listener
[0.439s] [ 25%] Built target talker
[0.439s] [ 33%] Built target wait_set_talker
[0.441s] [ 41%] Built target static_wait_set
[0.441s] [ 50%] Built target thread_safe_wait_set
[0.441s] [ 58%] Built target wait_set
[0.442s] [ 66%] Built target wait_set_topics_and_timer
[0.445s] [ 75%] Built target wait_set_random_order
[0.445s] [ 83%] Built target wait_set_topics_with_different_rates
[0.446s] [ 91%] Built target executor_random_order
[0.483s] [100%] Built target wait_set_composed
[0.610s] Invoked command in '/home/wade/ros2_ws/build/examples_rclcpp_wait_set' returned '0': CMAKE_PREFIX_PATH=/opt/ros/humble /usr/bin/cmake --build /home/wade/ros2_ws/build/examples_rclcpp_wait_set -- -j12 -l12
[0.613s] Invoking command in '/home/wade/ros2_ws/build/examples_rclcpp_wait_set': CMAKE_PREFIX_PATH=/opt/ros/humble /usr/bin/cmake --install /home/wade/ros2_ws/build/examples_rclcpp_wait_set
[0.680s] -- Install configuration: ""
[0.681s] -- Execute custom install script
[0.681s] -- Up-to-date symlink: /home/wade/ros2_ws/install/examples_rclcpp_wait_set/lib/examples_rclcpp_wait_set/wait_set_talker
[0.681s] -- Up-to-date symlink: /home/wade/ros2_ws/install/examples_rclcpp_wait_set/lib/examples_rclcpp_wait_set/wait_set_listener
[0.681s] -- Up-to-date symlink: /home/wade/ros2_ws/install/examples_rclcpp_wait_set/lib/libtalker.so
[0.681s] -- Up-to-date symlink: /home/wade/ros2_ws/install/examples_rclcpp_wait_set/lib/liblistener.so
[0.681s] -- Up-to-date symlink: /home/wade/ros2_ws/install/examples_rclcpp_wait_set/lib/examples_rclcpp_wait_set/wait_set
[0.681s] -- Up-to-date symlink: /home/wade/ros2_ws/install/examples_rclcpp_wait_set/lib/examples_rclcpp_wait_set/static_wait_set
[0.681s] -- Up-to-date symlink: /home/wade/ros2_ws/install/examples_rclcpp_wait_set/lib/examples_rclcpp_wait_set/thread_safe_wait_set
[0.681s] -- Up-to-date symlink: /home/wade/ros2_ws/install/examples_rclcpp_wait_set/lib/examples_rclcpp_wait_set/wait_set_topics_and_timer
[0.681s] -- Up-to-date symlink: /home/wade/ros2_ws/install/examples_rclcpp_wait_set/lib/examples_rclcpp_wait_set/wait_set_random_order
[0.681s] -- Up-to-date symlink: /home/wade/ros2_ws/install/examples_rclcpp_wait_set/lib/examples_rclcpp_wait_set/executor_random_order
[0.682s] -- Up-to-date symlink: /home/wade/ros2_ws/install/examples_rclcpp_wait_set/lib/examples_rclcpp_wait_set/wait_set_topics_with_different_rates
[0.682s] -- Up-to-date symlink: /home/wade/ros2_ws/install/examples_rclcpp_wait_set/lib/examples_rclcpp_wait_set/wait_set_composed
[0.682s] -- Up-to-date symlink: /home/wade/ros2_ws/install/examples_rclcpp_wait_set/share/ament_index/resource_index/package_run_dependencies/examples_rclcpp_wait_set
[0.682s] -- Up-to-date symlink: /home/wade/ros2_ws/install/examples_rclcpp_wait_set/share/ament_index/resource_index/parent_prefix_path/examples_rclcpp_wait_set
[0.682s] -- Up-to-date symlink: /home/wade/ros2_ws/install/examples_rclcpp_wait_set/share/examples_rclcpp_wait_set/environment/ament_prefix_path.sh
[0.682s] -- Up-to-date symlink: /home/wade/ros2_ws/install/examples_rclcpp_wait_set/share/examples_rclcpp_wait_set/environment/ament_prefix_path.dsv
[0.682s] -- Up-to-date symlink: /home/wade/ros2_ws/install/examples_rclcpp_wait_set/share/examples_rclcpp_wait_set/environment/path.sh
[0.682s] -- Up-to-date symlink: /home/wade/ros2_ws/install/examples_rclcpp_wait_set/share/examples_rclcpp_wait_set/environment/path.dsv
[0.682s] -- Up-to-date symlink: /home/wade/ros2_ws/install/examples_rclcpp_wait_set/share/examples_rclcpp_wait_set/local_setup.bash
[0.682s] -- Up-to-date symlink: /home/wade/ros2_ws/install/examples_rclcpp_wait_set/share/examples_rclcpp_wait_set/local_setup.sh
[0.682s] -- Up-to-date symlink: /home/wade/ros2_ws/install/examples_rclcpp_wait_set/share/examples_rclcpp_wait_set/local_setup.zsh
[0.682s] -- Up-to-date symlink: /home/wade/ros2_ws/install/examples_rclcpp_wait_set/share/examples_rclcpp_wait_set/local_setup.dsv
[0.682s] -- Symlinking: /home/wade/ros2_ws/install/examples_rclcpp_wait_set/share/examples_rclcpp_wait_set/package.dsv
[0.682s] -- Up-to-date symlink: /home/wade/ros2_ws/install/examples_rclcpp_wait_set/share/ament_index/resource_index/packages/examples_rclcpp_wait_set
[0.683s] -- Up-to-date symlink: /home/wade/ros2_ws/install/examples_rclcpp_wait_set/share/ament_index/resource_index/rclcpp_components/examples_rclcpp_wait_set
[0.683s] -- Up-to-date symlink: /home/wade/ros2_ws/install/examples_rclcpp_wait_set/share/examples_rclcpp_wait_set/cmake/examples_rclcpp_wait_setConfig.cmake
[0.683s] -- Up-to-date symlink: /home/wade/ros2_ws/install/examples_rclcpp_wait_set/share/examples_rclcpp_wait_set/cmake/examples_rclcpp_wait_setConfig-version.cmake
[0.683s] -- Up-to-date symlink: /home/wade/ros2_ws/install/examples_rclcpp_wait_set/share/examples_rclcpp_wait_set/package.xml
[1.218s] Invoked command in '/home/wade/ros2_ws/build/examples_rclcpp_wait_set' returned '0': CMAKE_PREFIX_PATH=/opt/ros/humble /usr/bin/cmake --install /home/wade/ros2_ws/build/examples_rclcpp_wait_set
