[1.203s] Invoking command in '/home/wade/ros2_ws/src/robot_math': PYTHONPATH=/home/wade/ros2_ws/build/robot_math/prefix_override:/usr/lib/python3/dist-packages/colcon_core/task/python/colcon_distutils_commands:/home/wade/ros2_ws/install/robot_math/lib/python3.10/site-packages:${PYTHONPATH} /usr/bin/python3 -W ignore:setup.py install is deprecated -W ignore:easy_install command is deprecated setup.py egg_info --egg-base ../../build/robot_math build --build-base /home/wade/ros2_ws/build/robot_math/build install --record /home/wade/ros2_ws/build/robot_math/install.log --single-version-externally-managed install_data
[1.672s] running egg_info
[1.673s] creating ../../build/robot_math/robot_math.egg-info
[1.673s] writing ../../build/robot_math/robot_math.egg-info/PKG-INFO
[1.673s] writing dependency_links to ../../build/robot_math/robot_math.egg-info/dependency_links.txt
[1.674s] writing entry points to ../../build/robot_math/robot_math.egg-info/entry_points.txt
[1.674s] writing requirements to ../../build/robot_math/robot_math.egg-info/requires.txt
[1.674s] writing top-level names to ../../build/robot_math/robot_math.egg-info/top_level.txt
[1.674s] writing manifest file '../../build/robot_math/robot_math.egg-info/SOURCES.txt'
[1.677s] reading manifest file '../../build/robot_math/robot_math.egg-info/SOURCES.txt'
[1.678s] adding license file 'LICENSE'
[1.679s] writing manifest file '../../build/robot_math/robot_math.egg-info/SOURCES.txt'
[1.679s] running build
[1.679s] running build_py
[1.679s] creating /home/wade/ros2_ws/build/robot_math/build
[1.679s] creating /home/wade/ros2_ws/build/robot_math/build/lib
[1.679s] creating /home/wade/ros2_ws/build/robot_math/build/lib/robot_math
[1.679s] copying robot_math/__init__.py -> /home/wade/ros2_ws/build/robot_math/build/lib/robot_math
[1.680s] copying robot_math/andular_velocity.py -> /home/wade/ros2_ws/build/robot_math/build/lib/robot_math
[1.680s] copying robot_math/gtg.py -> /home/wade/ros2_ws/build/robot_math/build/lib/robot_math
[1.680s] running install
[1.681s] running install_lib
[1.682s] creating /home/wade/ros2_ws/install/robot_math/lib/python3.10/site-packages/robot_math
[1.682s] copying /home/wade/ros2_ws/build/robot_math/build/lib/robot_math/__init__.py -> /home/wade/ros2_ws/install/robot_math/lib/python3.10/site-packages/robot_math
[1.682s] copying /home/wade/ros2_ws/build/robot_math/build/lib/robot_math/andular_velocity.py -> /home/wade/ros2_ws/install/robot_math/lib/python3.10/site-packages/robot_math
[1.682s] copying /home/wade/ros2_ws/build/robot_math/build/lib/robot_math/gtg.py -> /home/wade/ros2_ws/install/robot_math/lib/python3.10/site-packages/robot_math
[1.684s] byte-compiling /home/wade/ros2_ws/install/robot_math/lib/python3.10/site-packages/robot_math/__init__.py to __init__.cpython-310.pyc
[1.685s] byte-compiling /home/wade/ros2_ws/install/robot_math/lib/python3.10/site-packages/robot_math/andular_velocity.py to andular_velocity.cpython-310.pyc
[1.685s] byte-compiling /home/wade/ros2_ws/install/robot_math/lib/python3.10/site-packages/robot_math/gtg.py to gtg.cpython-310.pyc
[1.687s] running install_data
[1.687s] creating /home/wade/ros2_ws/install/robot_math/share/ament_index
[1.687s] creating /home/wade/ros2_ws/install/robot_math/share/ament_index/resource_index
[1.687s] creating /home/wade/ros2_ws/install/robot_math/share/ament_index/resource_index/packages
[1.687s] copying resource/robot_math -> /home/wade/ros2_ws/install/robot_math/share/ament_index/resource_index/packages
[1.687s] copying package.xml -> /home/wade/ros2_ws/install/robot_math/share/robot_math
[1.687s] running install_egg_info
[1.691s] Copying ../../build/robot_math/robot_math.egg-info to /home/wade/ros2_ws/install/robot_math/lib/python3.10/site-packages/robot_math-0.0.0-py3.10.egg-info
[1.693s] running install_scripts
[1.736s] Installing circle_motion_node script to /home/wade/ros2_ws/install/robot_math/lib/robot_math
[1.736s] Installing go_To_Goal_node script to /home/wade/ros2_ws/install/robot_math/lib/robot_math
[1.737s] writing list of installed files to '/home/wade/ros2_ws/build/robot_math/install.log'
[1.788s] Invoked command in '/home/wade/ros2_ws/src/robot_math' returned '0': PYTHONPATH=/home/wade/ros2_ws/build/robot_math/prefix_override:/usr/lib/python3/dist-packages/colcon_core/task/python/colcon_distutils_commands:/home/wade/ros2_ws/install/robot_math/lib/python3.10/site-packages:${PYTHONPATH} /usr/bin/python3 -W ignore:setup.py install is deprecated -W ignore:easy_install command is deprecated setup.py egg_info --egg-base ../../build/robot_math build --build-base /home/wade/ros2_ws/build/robot_math/build install --record /home/wade/ros2_ws/build/robot_math/install.log --single-version-externally-managed install_data
