[0.081s] Invoking command in '/home/wade/ros2_ws/build/examples_rclcpp_wait_set': CMAKE_PREFIX_PATH=${CMAKE_PREFIX_PATH}:/home/wade/ros2_ws/install/py_srvcli:/home/wade/ros2_ws/install/py_pubsub:/home/wade/ros2_ws/install/robot_math:/home/wade/ros2_ws/install/python_parameters:/home/wade/ros2_ws/install/my_turtlebot3_sim:/home/wade/ros2_ws/install/my_package:/home/wade/ros2_ws/install/launch_testing_examples:/home/wade/ros2_ws/install/examples_rclpy_pointcloud_publisher:/home/wade/ros2_ws/install/examples_rclpy_minimal_subscriber:/home/wade/ros2_ws/install/examples_rclpy_minimal_service:/home/wade/ros2_ws/install/examples_rclpy_minimal_publisher:/home/wade/ros2_ws/install/examples_rclpy_minimal_client:/home/wade/ros2_ws/install/examples_rclpy_minimal_action_server:/home/wade/ros2_ws/install/examples_rclpy_minimal_action_client:/home/wade/ros2_ws/install/examples_rclpy_guard_conditions:/home/wade/ros2_ws/install/examples_rclpy_executors:/opt/ros/humble /usr/bin/cmake /home/wade/ros2_ws/src/examples/rclcpp/wait_set -DAMENT_CMAKE_SYMLINK_INSTALL=1 -DCMAKE_INSTALL_PREFIX=/home/wade/ros2_ws/install/examples_rclcpp_wait_set
[0.927s] -- Found ament_cmake: 1.3.11 (/opt/ros/humble/share/ament_cmake/cmake)
[0.927s] -- Override CMake install command with custom implementation using symlinks instead of copying resources
[0.927s] -- Found example_interfaces: 0.9.3 (/opt/ros/humble/share/example_interfaces/cmake)
[0.927s] -- Found rosidl_generator_c: 3.1.6 (/opt/ros/humble/share/rosidl_generator_c/cmake)
[0.927s] -- Found rosidl_adapter: 3.1.6 (/opt/ros/humble/share/rosidl_adapter/cmake)
[0.927s] -- Found rosidl_generator_cpp: 3.1.6 (/opt/ros/humble/share/rosidl_generator_cpp/cmake)
[0.927s] -- Using all available rosidl_typesupport_c: rosidl_typesupport_fastrtps_c;rosidl_typesupport_introspection_c
[0.927s] -- Using all available rosidl_typesupport_cpp: rosidl_typesupport_fastrtps_cpp;rosidl_typesupport_introspection_cpp
[0.928s] -- Found rclcpp: 16.0.11 (/opt/ros/humble/share/rclcpp/cmake)
[0.928s] -- Found rmw_implementation_cmake: 6.1.2 (/opt/ros/humble/share/rmw_implementation_cmake/cmake)
[0.928s] -- Found rmw_fastrtps_cpp: 6.2.7 (/opt/ros/humble/share/rmw_fastrtps_cpp/cmake)
[0.928s] -- Using RMW implementation 'rmw_fastrtps_cpp' as default
[0.928s] -- Found rclcpp_components: 16.0.11 (/opt/ros/humble/share/rclcpp_components/cmake)
[0.928s] -- Found ament_lint_auto: 0.12.11 (/opt/ros/humble/share/ament_lint_auto/cmake)
[0.972s] -- Added test 'copyright' to check source files copyright and LICENSE
[0.975s] -- Added test 'cppcheck' to perform static code analysis on C / C++ code
[0.975s] -- Configured cppcheck include dirs: /home/wade/ros2_ws/src/examples/rclcpp/wait_set/include
[0.975s] -- Configured cppcheck exclude dirs and/or files: 
[0.977s] -- Added test 'cpplint' to check C / C++ code against the Google style
[0.977s] -- Configured cpplint exclude dirs and/or files: 
[0.977s] -- Added test 'lint_cmake' to check CMake code style
[0.978s] -- Added test 'uncrustify' to check C / C++ code style
[0.978s] -- Configured uncrustify additional arguments: 
[0.980s] -- Added test 'xmllint' to check XML markup files
[0.991s] -- Configuring done
[1.041s] -- Generating done
[1.074s] -- Build files have been written to: /home/wade/ros2_ws/build/examples_rclcpp_wait_set
[1.139s] Invoked command in '/home/wade/ros2_ws/build/examples_rclcpp_wait_set' returned '0': CMAKE_PREFIX_PATH=${CMAKE_PREFIX_PATH}:/home/wade/ros2_ws/install/py_srvcli:/home/wade/ros2_ws/install/py_pubsub:/home/wade/ros2_ws/install/robot_math:/home/wade/ros2_ws/install/python_parameters:/home/wade/ros2_ws/install/my_turtlebot3_sim:/home/wade/ros2_ws/install/my_package:/home/wade/ros2_ws/install/launch_testing_examples:/home/wade/ros2_ws/install/examples_rclpy_pointcloud_publisher:/home/wade/ros2_ws/install/examples_rclpy_minimal_subscriber:/home/wade/ros2_ws/install/examples_rclpy_minimal_service:/home/wade/ros2_ws/install/examples_rclpy_minimal_publisher:/home/wade/ros2_ws/install/examples_rclpy_minimal_client:/home/wade/ros2_ws/install/examples_rclpy_minimal_action_server:/home/wade/ros2_ws/install/examples_rclpy_minimal_action_client:/home/wade/ros2_ws/install/examples_rclpy_guard_conditions:/home/wade/ros2_ws/install/examples_rclpy_executors:/opt/ros/humble /usr/bin/cmake /home/wade/ros2_ws/src/examples/rclcpp/wait_set -DAMENT_CMAKE_SYMLINK_INSTALL=1 -DCMAKE_INSTALL_PREFIX=/home/wade/ros2_ws/install/examples_rclcpp_wait_set
[1.141s] Invoking command in '/home/wade/ros2_ws/build/examples_rclcpp_wait_set': CMAKE_PREFIX_PATH=${CMAKE_PREFIX_PATH}:/home/wade/ros2_ws/install/py_srvcli:/home/wade/ros2_ws/install/py_pubsub:/home/wade/ros2_ws/install/robot_math:/home/wade/ros2_ws/install/python_parameters:/home/wade/ros2_ws/install/my_turtlebot3_sim:/home/wade/ros2_ws/install/my_package:/home/wade/ros2_ws/install/launch_testing_examples:/home/wade/ros2_ws/install/examples_rclpy_pointcloud_publisher:/home/wade/ros2_ws/install/examples_rclpy_minimal_subscriber:/home/wade/ros2_ws/install/examples_rclpy_minimal_service:/home/wade/ros2_ws/install/examples_rclpy_minimal_publisher:/home/wade/ros2_ws/install/examples_rclpy_minimal_client:/home/wade/ros2_ws/install/examples_rclpy_minimal_action_server:/home/wade/ros2_ws/install/examples_rclpy_minimal_action_client:/home/wade/ros2_ws/install/examples_rclpy_guard_conditions:/home/wade/ros2_ws/install/examples_rclpy_executors:/opt/ros/humble /usr/bin/cmake --build /home/wade/ros2_ws/build/examples_rclcpp_wait_set -- -j12 -l12
[1.188s] [35m[1mConsolidate compiler generated dependencies of target thread_safe_wait_set[0m
[1.188s] [35m[1mConsolidate compiler generated dependencies of target wait_set_listener[0m
[1.188s] [35m[1mConsolidate compiler generated dependencies of target wait_set[0m
[1.188s] [35m[1mConsolidate compiler generated dependencies of target listener[0m
[1.188s] [35m[1mConsolidate compiler generated dependencies of target talker[0m
[1.188s] [35m[1mConsolidate compiler generated dependencies of target wait_set_random_order[0m
[1.188s] [35m[1mConsolidate compiler generated dependencies of target wait_set_talker[0m
[1.188s] [35m[1mConsolidate compiler generated dependencies of target wait_set_topics_and_timer[0m
[1.189s] [35m[1mConsolidate compiler generated dependencies of target static_wait_set[0m
[1.195s] [35m[1mConsolidate compiler generated dependencies of target executor_random_order[0m
[1.195s] [35m[1mConsolidate compiler generated dependencies of target wait_set_topics_with_different_rates[0m
[1.205s] [  8%] Built target wait_set_listener
[1.208s] [ 37%] Built target wait_set_talker
[1.208s] [ 37%] Built target talker
[1.208s] [ 41%] Built target wait_set
[1.208s] [ 50%] Built target listener
[1.208s] [ 54%] Built target thread_safe_wait_set
[1.208s] [ 58%] Built target wait_set_topics_and_timer
[1.214s] [ 75%] Built target static_wait_set
[1.214s] [ 75%] Built target wait_set_random_order
[1.214s] [ 83%] Built target executor_random_order
[1.216s] [ 91%] Built target wait_set_topics_with_different_rates
[1.218s] [35m[1mConsolidate compiler generated dependencies of target wait_set_composed[0m
[1.232s] [100%] Built target wait_set_composed
[1.905s] Invoked command in '/home/wade/ros2_ws/build/examples_rclcpp_wait_set' returned '0': CMAKE_PREFIX_PATH=${CMAKE_PREFIX_PATH}:/home/wade/ros2_ws/install/py_srvcli:/home/wade/ros2_ws/install/py_pubsub:/home/wade/ros2_ws/install/robot_math:/home/wade/ros2_ws/install/python_parameters:/home/wade/ros2_ws/install/my_turtlebot3_sim:/home/wade/ros2_ws/install/my_package:/home/wade/ros2_ws/install/launch_testing_examples:/home/wade/ros2_ws/install/examples_rclpy_pointcloud_publisher:/home/wade/ros2_ws/install/examples_rclpy_minimal_subscriber:/home/wade/ros2_ws/install/examples_rclpy_minimal_service:/home/wade/ros2_ws/install/examples_rclpy_minimal_publisher:/home/wade/ros2_ws/install/examples_rclpy_minimal_client:/home/wade/ros2_ws/install/examples_rclpy_minimal_action_server:/home/wade/ros2_ws/install/examples_rclpy_minimal_action_client:/home/wade/ros2_ws/install/examples_rclpy_guard_conditions:/home/wade/ros2_ws/install/examples_rclpy_executors:/opt/ros/humble /usr/bin/cmake --build /home/wade/ros2_ws/build/examples_rclcpp_wait_set -- -j12 -l12
[1.907s] Invoking command in '/home/wade/ros2_ws/build/examples_rclcpp_wait_set': CMAKE_PREFIX_PATH=${CMAKE_PREFIX_PATH}:/home/wade/ros2_ws/install/py_srvcli:/home/wade/ros2_ws/install/py_pubsub:/home/wade/ros2_ws/install/robot_math:/home/wade/ros2_ws/install/python_parameters:/home/wade/ros2_ws/install/my_turtlebot3_sim:/home/wade/ros2_ws/install/my_package:/home/wade/ros2_ws/install/launch_testing_examples:/home/wade/ros2_ws/install/examples_rclpy_pointcloud_publisher:/home/wade/ros2_ws/install/examples_rclpy_minimal_subscriber:/home/wade/ros2_ws/install/examples_rclpy_minimal_service:/home/wade/ros2_ws/install/examples_rclpy_minimal_publisher:/home/wade/ros2_ws/install/examples_rclpy_minimal_client:/home/wade/ros2_ws/install/examples_rclpy_minimal_action_server:/home/wade/ros2_ws/install/examples_rclpy_minimal_action_client:/home/wade/ros2_ws/install/examples_rclpy_guard_conditions:/home/wade/ros2_ws/install/examples_rclpy_executors:/opt/ros/humble /usr/bin/cmake --install /home/wade/ros2_ws/build/examples_rclcpp_wait_set
[2.072s] -- Install configuration: ""
[2.072s] -- Execute custom install script
[2.072s] -- Up-to-date symlink: /home/wade/ros2_ws/install/examples_rclcpp_wait_set/lib/examples_rclcpp_wait_set/wait_set_talker
[2.072s] -- Up-to-date symlink: /home/wade/ros2_ws/install/examples_rclcpp_wait_set/lib/examples_rclcpp_wait_set/wait_set_listener
[2.072s] -- Up-to-date symlink: /home/wade/ros2_ws/install/examples_rclcpp_wait_set/lib/libtalker.so
[2.072s] -- Up-to-date symlink: /home/wade/ros2_ws/install/examples_rclcpp_wait_set/lib/liblistener.so
[2.072s] -- Up-to-date symlink: /home/wade/ros2_ws/install/examples_rclcpp_wait_set/lib/examples_rclcpp_wait_set/wait_set
[2.072s] -- Up-to-date symlink: /home/wade/ros2_ws/install/examples_rclcpp_wait_set/lib/examples_rclcpp_wait_set/static_wait_set
[2.072s] -- Up-to-date symlink: /home/wade/ros2_ws/install/examples_rclcpp_wait_set/lib/examples_rclcpp_wait_set/thread_safe_wait_set
[2.072s] -- Up-to-date symlink: /home/wade/ros2_ws/install/examples_rclcpp_wait_set/lib/examples_rclcpp_wait_set/wait_set_topics_and_timer
[2.072s] -- Up-to-date symlink: /home/wade/ros2_ws/install/examples_rclcpp_wait_set/lib/examples_rclcpp_wait_set/wait_set_random_order
[2.073s] -- Up-to-date symlink: /home/wade/ros2_ws/install/examples_rclcpp_wait_set/lib/examples_rclcpp_wait_set/executor_random_order
[2.073s] -- Up-to-date symlink: /home/wade/ros2_ws/install/examples_rclcpp_wait_set/lib/examples_rclcpp_wait_set/wait_set_topics_with_different_rates
[2.073s] -- Up-to-date symlink: /home/wade/ros2_ws/install/examples_rclcpp_wait_set/lib/examples_rclcpp_wait_set/wait_set_composed
[2.073s] -- Up-to-date symlink: /home/wade/ros2_ws/install/examples_rclcpp_wait_set/share/ament_index/resource_index/package_run_dependencies/examples_rclcpp_wait_set
[2.073s] -- Up-to-date symlink: /home/wade/ros2_ws/install/examples_rclcpp_wait_set/share/ament_index/resource_index/parent_prefix_path/examples_rclcpp_wait_set
[2.073s] -- Up-to-date symlink: /home/wade/ros2_ws/install/examples_rclcpp_wait_set/share/examples_rclcpp_wait_set/environment/ament_prefix_path.sh
[2.073s] -- Up-to-date symlink: /home/wade/ros2_ws/install/examples_rclcpp_wait_set/share/examples_rclcpp_wait_set/environment/ament_prefix_path.dsv
[2.073s] -- Up-to-date symlink: /home/wade/ros2_ws/install/examples_rclcpp_wait_set/share/examples_rclcpp_wait_set/environment/path.sh
[2.073s] -- Up-to-date symlink: /home/wade/ros2_ws/install/examples_rclcpp_wait_set/share/examples_rclcpp_wait_set/environment/path.dsv
[2.073s] -- Up-to-date symlink: /home/wade/ros2_ws/install/examples_rclcpp_wait_set/share/examples_rclcpp_wait_set/local_setup.bash
[2.073s] -- Up-to-date symlink: /home/wade/ros2_ws/install/examples_rclcpp_wait_set/share/examples_rclcpp_wait_set/local_setup.sh
[2.073s] -- Up-to-date symlink: /home/wade/ros2_ws/install/examples_rclcpp_wait_set/share/examples_rclcpp_wait_set/local_setup.zsh
[2.073s] -- Up-to-date symlink: /home/wade/ros2_ws/install/examples_rclcpp_wait_set/share/examples_rclcpp_wait_set/local_setup.dsv
[2.073s] -- Symlinking: /home/wade/ros2_ws/install/examples_rclcpp_wait_set/share/examples_rclcpp_wait_set/package.dsv
[2.073s] -- Up-to-date symlink: /home/wade/ros2_ws/install/examples_rclcpp_wait_set/share/ament_index/resource_index/packages/examples_rclcpp_wait_set
[2.073s] -- Up-to-date symlink: /home/wade/ros2_ws/install/examples_rclcpp_wait_set/share/ament_index/resource_index/rclcpp_components/examples_rclcpp_wait_set
[2.073s] -- Up-to-date symlink: /home/wade/ros2_ws/install/examples_rclcpp_wait_set/share/examples_rclcpp_wait_set/cmake/examples_rclcpp_wait_setConfig.cmake
[2.073s] -- Up-to-date symlink: /home/wade/ros2_ws/install/examples_rclcpp_wait_set/share/examples_rclcpp_wait_set/cmake/examples_rclcpp_wait_setConfig-version.cmake
[2.073s] -- Up-to-date symlink: /home/wade/ros2_ws/install/examples_rclcpp_wait_set/share/examples_rclcpp_wait_set/package.xml
[2.841s] Invoked command in '/home/wade/ros2_ws/build/examples_rclcpp_wait_set' returned '0': CMAKE_PREFIX_PATH=${CMAKE_PREFIX_PATH}:/home/wade/ros2_ws/install/py_srvcli:/home/wade/ros2_ws/install/py_pubsub:/home/wade/ros2_ws/install/robot_math:/home/wade/ros2_ws/install/python_parameters:/home/wade/ros2_ws/install/my_turtlebot3_sim:/home/wade/ros2_ws/install/my_package:/home/wade/ros2_ws/install/launch_testing_examples:/home/wade/ros2_ws/install/examples_rclpy_pointcloud_publisher:/home/wade/ros2_ws/install/examples_rclpy_minimal_subscriber:/home/wade/ros2_ws/install/examples_rclpy_minimal_service:/home/wade/ros2_ws/install/examples_rclpy_minimal_publisher:/home/wade/ros2_ws/install/examples_rclpy_minimal_client:/home/wade/ros2_ws/install/examples_rclpy_minimal_action_server:/home/wade/ros2_ws/install/examples_rclpy_minimal_action_client:/home/wade/ros2_ws/install/examples_rclpy_guard_conditions:/home/wade/ros2_ws/install/examples_rclpy_executors:/opt/ros/humble /usr/bin/cmake --install /home/wade/ros2_ws/build/examples_rclcpp_wait_set
