[1.981s] Invoking command in '/home/wade/ros2_ws/build/examples_rclpy_minimal_action_server': PYTHONPATH=/home/wade/ros2_ws/build/examples_rclpy_minimal_action_server/prefix_override:/usr/lib/python3/dist-packages/colcon_core/task/python/colcon_distutils_commands:/home/wade/ros2_ws/install/examples_rclpy_minimal_action_server/lib/python3.10/site-packages:${PYTHONPATH} /usr/bin/python3 -W ignore:setup.py install is deprecated -W ignore:easy_install command is deprecated setup.py develop --editable --build-directory /home/wade/ros2_ws/build/examples_rclpy_minimal_action_server/build --no-deps symlink_data --force
[2.233s] running develop
[2.355s] running egg_info
[2.355s] writing examples_rclpy_minimal_action_server.egg-info/PKG-INFO
[2.355s] writing dependency_links to examples_rclpy_minimal_action_server.egg-info/dependency_links.txt
[2.355s] writing entry points to examples_rclpy_minimal_action_server.egg-info/entry_points.txt
[2.355s] writing requirements to examples_rclpy_minimal_action_server.egg-info/requires.txt
[2.355s] writing top-level names to examples_rclpy_minimal_action_server.egg-info/top_level.txt
[2.357s] reading manifest file 'examples_rclpy_minimal_action_server.egg-info/SOURCES.txt'
[2.357s] writing manifest file 'examples_rclpy_minimal_action_server.egg-info/SOURCES.txt'
[2.358s] running build_ext
[2.358s] Creating /home/wade/ros2_ws/install/examples_rclpy_minimal_action_server/lib/python3.10/site-packages/examples-rclpy-minimal-action-server.egg-link (link to .)
[2.359s] Installing server script to /home/wade/ros2_ws/install/examples_rclpy_minimal_action_server/lib/examples_rclpy_minimal_action_server
[2.359s] Installing server_defer script to /home/wade/ros2_ws/install/examples_rclpy_minimal_action_server/lib/examples_rclpy_minimal_action_server
[2.359s] Installing server_not_composable script to /home/wade/ros2_ws/install/examples_rclpy_minimal_action_server/lib/examples_rclpy_minimal_action_server
[2.359s] Installing server_queue_goals script to /home/wade/ros2_ws/install/examples_rclpy_minimal_action_server/lib/examples_rclpy_minimal_action_server
[2.359s] Installing server_single_goal script to /home/wade/ros2_ws/install/examples_rclpy_minimal_action_server/lib/examples_rclpy_minimal_action_server
[2.359s] 
[2.360s] Installed /home/wade/ros2_ws/build/examples_rclpy_minimal_action_server
[2.360s] running symlink_data
[2.360s] symbolically linking /home/wade/ros2_ws/build/examples_rclpy_minimal_action_server/resource/examples_rclpy_minimal_action_server -> /home/wade/ros2_ws/install/examples_rclpy_minimal_action_server/share/ament_index/resource_index/packages
[2.360s] symbolically linking /home/wade/ros2_ws/build/examples_rclpy_minimal_action_server/package.xml -> /home/wade/ros2_ws/install/examples_rclpy_minimal_action_server/share/examples_rclpy_minimal_action_server
[2.418s] Invoked command in '/home/wade/ros2_ws/build/examples_rclpy_minimal_action_server' returned '0': PYTHONPATH=/home/wade/ros2_ws/build/examples_rclpy_minimal_action_server/prefix_override:/usr/lib/python3/dist-packages/colcon_core/task/python/colcon_distutils_commands:/home/wade/ros2_ws/install/examples_rclpy_minimal_action_server/lib/python3.10/site-packages:${PYTHONPATH} /usr/bin/python3 -W ignore:setup.py install is deprecated -W ignore:easy_install command is deprecated setup.py develop --editable --build-directory /home/wade/ros2_ws/build/examples_rclpy_minimal_action_server/build --no-deps symlink_data --force
