[3.813s] Invoking command in '/home/wade/ros2_ws/build/examples_rclpy_executors': PYTHONPATH=/home/wade/ros2_ws/build/examples_rclpy_executors/prefix_override:/usr/lib/python3/dist-packages/colcon_core/task/python/colcon_distutils_commands:/home/wade/ros2_ws/install/examples_rclpy_executors/lib/python3.10/site-packages:${PYTHONPATH} /usr/bin/python3 -W ignore:setup.py install is deprecated -W ignore:easy_install command is deprecated setup.py develop --uninstall --editable --build-directory /home/wade/ros2_ws/build/examples_rclpy_executors/build
[4.679s] running develop
[4.679s] Removing /home/wade/ros2_ws/install/examples_rclpy_executors/lib/python3.10/site-packages/examples-rclpy-executors.egg-link (link to .)
[4.684s] Invoked command in '/home/wade/ros2_ws/build/examples_rclpy_executors' returned '0': PYTHONPATH=/home/wade/ros2_ws/build/examples_rclpy_executors/prefix_override:/usr/lib/python3/dist-packages/colcon_core/task/python/colcon_distutils_commands:/home/wade/ros2_ws/install/examples_rclpy_executors/lib/python3.10/site-packages:${PYTHONPATH} /usr/bin/python3 -W ignore:setup.py install is deprecated -W ignore:easy_install command is deprecated setup.py develop --uninstall --editable --build-directory /home/wade/ros2_ws/build/examples_rclpy_executors/build
[4.685s] Invoking command in '/home/wade/ros2_ws/src/examples/rclpy/executors': PYTHONPATH=/home/wade/ros2_ws/build/examples_rclpy_executors/prefix_override:/usr/lib/python3/dist-packages/colcon_core/task/python/colcon_distutils_commands:/home/wade/ros2_ws/install/examples_rclpy_executors/lib/python3.10/site-packages:${PYTHONPATH} /usr/bin/python3 -W ignore:setup.py install is deprecated -W ignore:easy_install command is deprecated setup.py egg_info --egg-base ../../../../build/examples_rclpy_executors build --build-base /home/wade/ros2_ws/build/examples_rclpy_executors/build install --record /home/wade/ros2_ws/build/examples_rclpy_executors/install.log --single-version-externally-managed install_data --force
[5.181s] running egg_info
[5.182s] writing ../../../../build/examples_rclpy_executors/examples_rclpy_executors.egg-info/PKG-INFO
[5.183s] writing dependency_links to ../../../../build/examples_rclpy_executors/examples_rclpy_executors.egg-info/dependency_links.txt
[5.183s] writing entry points to ../../../../build/examples_rclpy_executors/examples_rclpy_executors.egg-info/entry_points.txt
[5.183s] writing requirements to ../../../../build/examples_rclpy_executors/examples_rclpy_executors.egg-info/requires.txt
[5.184s] writing top-level names to ../../../../build/examples_rclpy_executors/examples_rclpy_executors.egg-info/top_level.txt
[5.191s] reading manifest file '../../../../build/examples_rclpy_executors/examples_rclpy_executors.egg-info/SOURCES.txt'
[5.197s] writing manifest file '../../../../build/examples_rclpy_executors/examples_rclpy_executors.egg-info/SOURCES.txt'
[5.197s] running build
[5.197s] running build_py
[5.197s] creating /home/wade/ros2_ws/build/examples_rclpy_executors/build
[5.197s] creating /home/wade/ros2_ws/build/examples_rclpy_executors/build/lib
[5.197s] creating /home/wade/ros2_ws/build/examples_rclpy_executors/build/lib/examples_rclpy_executors
[5.198s] copying examples_rclpy_executors/composed.py -> /home/wade/ros2_ws/build/examples_rclpy_executors/build/lib/examples_rclpy_executors
[5.198s] copying examples_rclpy_executors/__init__.py -> /home/wade/ros2_ws/build/examples_rclpy_executors/build/lib/examples_rclpy_executors
[5.198s] copying examples_rclpy_executors/listener.py -> /home/wade/ros2_ws/build/examples_rclpy_executors/build/lib/examples_rclpy_executors
[5.202s] copying examples_rclpy_executors/custom_callback_group.py -> /home/wade/ros2_ws/build/examples_rclpy_executors/build/lib/examples_rclpy_executors
[5.202s] copying examples_rclpy_executors/custom_executor.py -> /home/wade/ros2_ws/build/examples_rclpy_executors/build/lib/examples_rclpy_executors
[5.202s] copying examples_rclpy_executors/talker.py -> /home/wade/ros2_ws/build/examples_rclpy_executors/build/lib/examples_rclpy_executors
[5.203s] copying examples_rclpy_executors/callback_group.py -> /home/wade/ros2_ws/build/examples_rclpy_executors/build/lib/examples_rclpy_executors
[5.203s] running install
[5.204s] running install_lib
[5.206s] creating /home/wade/ros2_ws/install/examples_rclpy_executors/lib/python3.10/site-packages/examples_rclpy_executors
[5.206s] copying /home/wade/ros2_ws/build/examples_rclpy_executors/build/lib/examples_rclpy_executors/composed.py -> /home/wade/ros2_ws/install/examples_rclpy_executors/lib/python3.10/site-packages/examples_rclpy_executors
[5.206s] copying /home/wade/ros2_ws/build/examples_rclpy_executors/build/lib/examples_rclpy_executors/__init__.py -> /home/wade/ros2_ws/install/examples_rclpy_executors/lib/python3.10/site-packages/examples_rclpy_executors
[5.206s] copying /home/wade/ros2_ws/build/examples_rclpy_executors/build/lib/examples_rclpy_executors/listener.py -> /home/wade/ros2_ws/install/examples_rclpy_executors/lib/python3.10/site-packages/examples_rclpy_executors
[5.206s] copying /home/wade/ros2_ws/build/examples_rclpy_executors/build/lib/examples_rclpy_executors/custom_callback_group.py -> /home/wade/ros2_ws/install/examples_rclpy_executors/lib/python3.10/site-packages/examples_rclpy_executors
[5.206s] copying /home/wade/ros2_ws/build/examples_rclpy_executors/build/lib/examples_rclpy_executors/custom_executor.py -> /home/wade/ros2_ws/install/examples_rclpy_executors/lib/python3.10/site-packages/examples_rclpy_executors
[5.210s] copying /home/wade/ros2_ws/build/examples_rclpy_executors/build/lib/examples_rclpy_executors/talker.py -> /home/wade/ros2_ws/install/examples_rclpy_executors/lib/python3.10/site-packages/examples_rclpy_executors
[5.210s] copying /home/wade/ros2_ws/build/examples_rclpy_executors/build/lib/examples_rclpy_executors/callback_group.py -> /home/wade/ros2_ws/install/examples_rclpy_executors/lib/python3.10/site-packages/examples_rclpy_executors
[5.211s] byte-compiling /home/wade/ros2_ws/install/examples_rclpy_executors/lib/python3.10/site-packages/examples_rclpy_executors/composed.py to composed.cpython-310.pyc
[5.212s] byte-compiling /home/wade/ros2_ws/install/examples_rclpy_executors/lib/python3.10/site-packages/examples_rclpy_executors/__init__.py to __init__.cpython-310.pyc
[5.212s] byte-compiling /home/wade/ros2_ws/install/examples_rclpy_executors/lib/python3.10/site-packages/examples_rclpy_executors/listener.py to listener.cpython-310.pyc
[5.218s] byte-compiling /home/wade/ros2_ws/install/examples_rclpy_executors/lib/python3.10/site-packages/examples_rclpy_executors/custom_callback_group.py to custom_callback_group.cpython-310.pyc
[5.219s] byte-compiling /home/wade/ros2_ws/install/examples_rclpy_executors/lib/python3.10/site-packages/examples_rclpy_executors/custom_executor.py to custom_executor.cpython-310.pyc
[5.224s] byte-compiling /home/wade/ros2_ws/install/examples_rclpy_executors/lib/python3.10/site-packages/examples_rclpy_executors/talker.py to talker.cpython-310.pyc
[5.225s] byte-compiling /home/wade/ros2_ws/install/examples_rclpy_executors/lib/python3.10/site-packages/examples_rclpy_executors/callback_group.py to callback_group.cpython-310.pyc
[5.226s] running install_data
[5.229s] copying resource/examples_rclpy_executors -> /home/wade/ros2_ws/install/examples_rclpy_executors/share/ament_index/resource_index/packages
[5.230s] copying package.xml -> /home/wade/ros2_ws/install/examples_rclpy_executors/share/examples_rclpy_executors
[5.230s] running install_egg_info
[5.234s] Copying ../../../../build/examples_rclpy_executors/examples_rclpy_executors.egg-info to /home/wade/ros2_ws/install/examples_rclpy_executors/lib/python3.10/site-packages/examples_rclpy_executors-0.15.3-py3.10.egg-info
[5.239s] running install_scripts
[5.285s] Installing callback_group script to /home/wade/ros2_ws/install/examples_rclpy_executors/lib/examples_rclpy_executors
[5.285s] Installing composed script to /home/wade/ros2_ws/install/examples_rclpy_executors/lib/examples_rclpy_executors
[5.285s] Installing custom_callback_group script to /home/wade/ros2_ws/install/examples_rclpy_executors/lib/examples_rclpy_executors
[5.285s] Installing custom_executor script to /home/wade/ros2_ws/install/examples_rclpy_executors/lib/examples_rclpy_executors
[5.286s] Installing listener script to /home/wade/ros2_ws/install/examples_rclpy_executors/lib/examples_rclpy_executors
[5.286s] Installing talker script to /home/wade/ros2_ws/install/examples_rclpy_executors/lib/examples_rclpy_executors
[5.286s] writing list of installed files to '/home/wade/ros2_ws/build/examples_rclpy_executors/install.log'
[5.334s] Invoked command in '/home/wade/ros2_ws/src/examples/rclpy/executors' returned '0': PYTHONPATH=/home/wade/ros2_ws/build/examples_rclpy_executors/prefix_override:/usr/lib/python3/dist-packages/colcon_core/task/python/colcon_distutils_commands:/home/wade/ros2_ws/install/examples_rclpy_executors/lib/python3.10/site-packages:${PYTHONPATH} /usr/bin/python3 -W ignore:setup.py install is deprecated -W ignore:easy_install command is deprecated setup.py egg_info --egg-base ../../../../build/examples_rclpy_executors build --build-base /home/wade/ros2_ws/build/examples_rclpy_executors/build install --record /home/wade/ros2_ws/build/examples_rclpy_executors/install.log --single-version-externally-managed install_data --force
