[3.809s] Invoking command in '/home/wade/ros2_ws/build/turtlesim': CMAKE_PREFIX_PATH=/opt/ros/humble /usr/bin/cmake --build /home/wade/ros2_ws/build/turtlesim -- -j12 -l12
[3.929s] [35m[1mConsolidate compiler generated dependencies of target turtlesim__rosidl_generator_c[0m
[3.975s] [  6%] Built target turtlesim__cpp
[3.975s] [ 11%] Built target turtlesim__rosidl_generator_c
[4.020s] [35m[1mConsolidate compiler generated dependencies of target turtlesim__rosidl_typesupport_c[0m
[4.039s] [35m[1mConsolidate compiler generated dependencies of target turtlesim__rosidl_typesupport_introspection_c[0m
[4.046s] [35m[1mConsolidate compiler generated dependencies of target turtlesim__rosidl_typesupport_fastrtps_c[0m
[4.051s] [35m[1mConsolidate compiler generated dependencies of target turtlesim__rosidl_typesupport_cpp[0m
[4.055s] [ 21%] Built target turtlesim__rosidl_typesupport_c
[4.064s] [35m[1mConsolidate compiler generated dependencies of target turtlesim__rosidl_typesupport_introspection_cpp[0m
[4.064s] [35m[1mConsolidate compiler generated dependencies of target turtlesim__rosidl_typesupport_fastrtps_cpp[0m
[4.064s] [ 21%] Built target ament_cmake_python_copy_turtlesim
[4.103s] [ 31%] Built target turtlesim__rosidl_typesupport_introspection_c
[4.163s] [ 43%] Built target turtlesim__rosidl_typesupport_fastrtps_cpp
[4.164s] [ 53%] Built target turtlesim__rosidl_typesupport_fastrtps_c
[4.167s] [ 61%] Built target turtlesim__rosidl_typesupport_cpp
[4.178s] [ 71%] Built target turtlesim__rosidl_typesupport_introspection_cpp
[4.233s] [35m[1mConsolidate compiler generated dependencies of target turtlesim_node[0m
[4.234s] [35m[1mConsolidate compiler generated dependencies of target mimic[0m
[4.234s] [35m[1mConsolidate compiler generated dependencies of target draw_square[0m
[4.248s] [35m[1mConsolidate compiler generated dependencies of target turtle_teleop_key[0m
[4.274s] [ 71%] Built target turtlesim
[4.327s] [ 73%] Built target mimic
[4.345s] [ 75%] Built target draw_square
[4.364s] [ 76%] [32mBuilding CXX object CMakeFiles/turtlesim_node.dir/src/turtle_frame.cpp.o[0m
[4.367s] [ 78%] Built target turtle_teleop_key
[4.383s] [ 79%] Built target turtlesim__py
[4.453s] [35m[1mConsolidate compiler generated dependencies of target turtlesim__rosidl_generator_py[0m
[4.533s] [ 88%] Built target turtlesim__rosidl_generator_py
[4.589s] [35m[1mConsolidate compiler generated dependencies of target turtlesim__rosidl_typesupport_c__pyext[0m
[4.602s] [35m[1mConsolidate compiler generated dependencies of target turtlesim__rosidl_typesupport_introspection_c__pyext[0m
[4.607s] [35m[1mConsolidate compiler generated dependencies of target turtlesim__rosidl_typesupport_fastrtps_c__pyext[0m
[4.723s] [ 90%] Built target turtlesim__rosidl_typesupport_introspection_c__pyext
[4.733s] [ 92%] Built target turtlesim__rosidl_typesupport_c__pyext
[4.738s] [ 94%] Built target turtlesim__rosidl_typesupport_fastrtps_c__pyext
[4.758s] running egg_info
[4.765s] writing turtlesim.egg-info/PKG-INFO
[4.765s] writing dependency_links to turtlesim.egg-info/dependency_links.txt
[4.765s] writing top-level names to turtlesim.egg-info/top_level.txt
[4.770s] reading manifest file 'turtlesim.egg-info/SOURCES.txt'
[4.770s] writing manifest file 'turtlesim.egg-info/SOURCES.txt'
[4.835s] [ 94%] Built target ament_cmake_python_build_turtlesim_egg
[12.748s] [ 95%] [32m[1mLinking CXX executable turtlesim_node[0m
[13.995s] [100%] Built target turtlesim_node
[14.006s] Invoked command in '/home/wade/ros2_ws/build/turtlesim' returned '0': CMAKE_PREFIX_PATH=/opt/ros/humble /usr/bin/cmake --build /home/wade/ros2_ws/build/turtlesim -- -j12 -l12
[14.007s] Invoking command in '/home/wade/ros2_ws/build/turtlesim': CMAKE_PREFIX_PATH=/opt/ros/humble /usr/bin/cmake --install /home/wade/ros2_ws/build/turtlesim
[14.013s] -- Install configuration: ""
[14.014s] -- Up-to-date: /home/wade/ros2_ws/install/turtlesim/share/ament_index/resource_index/rosidl_interfaces/turtlesim
[14.014s] -- Up-to-date: /home/wade/ros2_ws/install/turtlesim/include/turtlesim/turtlesim
[14.014s] -- Up-to-date: /home/wade/ros2_ws/install/turtlesim/include/turtlesim/turtlesim/srv
[14.014s] -- Up-to-date: /home/wade/ros2_ws/install/turtlesim/include/turtlesim/turtlesim/srv/spawn.h
[14.014s] -- Up-to-date: /home/wade/ros2_ws/install/turtlesim/include/turtlesim/turtlesim/srv/set_pen.h
[14.014s] -- Up-to-date: /home/wade/ros2_ws/install/turtlesim/include/turtlesim/turtlesim/srv/detail
[14.014s] -- Up-to-date: /home/wade/ros2_ws/install/turtlesim/include/turtlesim/turtlesim/srv/detail/teleport_absolute__functions.c
[14.014s] -- Up-to-date: /home/wade/ros2_ws/install/turtlesim/include/turtlesim/turtlesim/srv/detail/teleport_relative__struct.h
[14.014s] -- Up-to-date: /home/wade/ros2_ws/install/turtlesim/include/turtlesim/turtlesim/srv/detail/spawn__functions.h
[14.015s] -- Up-to-date: /home/wade/ros2_ws/install/turtlesim/include/turtlesim/turtlesim/srv/detail/spawn__functions.c
[14.015s] -- Up-to-date: /home/wade/ros2_ws/install/turtlesim/include/turtlesim/turtlesim/srv/detail/set_pen__functions.c
[14.015s] -- Up-to-date: /home/wade/ros2_ws/install/turtlesim/include/turtlesim/turtlesim/srv/detail/teleport_absolute__functions.h
[14.015s] -- Up-to-date: /home/wade/ros2_ws/install/turtlesim/include/turtlesim/turtlesim/srv/detail/kill__type_support.h
[14.015s] -- Up-to-date: /home/wade/ros2_ws/install/turtlesim/include/turtlesim/turtlesim/srv/detail/spawn__type_support.h
[14.015s] -- Up-to-date: /home/wade/ros2_ws/install/turtlesim/include/turtlesim/turtlesim/srv/detail/teleport_relative__functions.h
[14.015s] -- Up-to-date: /home/wade/ros2_ws/install/turtlesim/include/turtlesim/turtlesim/srv/detail/set_pen__functions.h
[14.015s] -- Up-to-date: /home/wade/ros2_ws/install/turtlesim/include/turtlesim/turtlesim/srv/detail/set_pen__struct.h
[14.015s] -- Up-to-date: /home/wade/ros2_ws/install/turtlesim/include/turtlesim/turtlesim/srv/detail/teleport_relative__functions.c
[14.015s] -- Up-to-date: /home/wade/ros2_ws/install/turtlesim/include/turtlesim/turtlesim/srv/detail/teleport_absolute__type_support.h
[14.016s] -- Up-to-date: /home/wade/ros2_ws/install/turtlesim/include/turtlesim/turtlesim/srv/detail/kill__functions.c
[14.016s] -- Up-to-date: /home/wade/ros2_ws/install/turtlesim/include/turtlesim/turtlesim/srv/detail/teleport_relative__type_support.h
[14.016s] -- Up-to-date: /home/wade/ros2_ws/install/turtlesim/include/turtlesim/turtlesim/srv/detail/kill__functions.h
[14.016s] -- Up-to-date: /home/wade/ros2_ws/install/turtlesim/include/turtlesim/turtlesim/srv/detail/teleport_absolute__struct.h
[14.016s] -- Up-to-date: /home/wade/ros2_ws/install/turtlesim/include/turtlesim/turtlesim/srv/detail/spawn__struct.h
[14.016s] -- Up-to-date: /home/wade/ros2_ws/install/turtlesim/include/turtlesim/turtlesim/srv/detail/set_pen__type_support.h
[14.016s] -- Up-to-date: /home/wade/ros2_ws/install/turtlesim/include/turtlesim/turtlesim/srv/detail/kill__struct.h
[14.016s] -- Up-to-date: /home/wade/ros2_ws/install/turtlesim/include/turtlesim/turtlesim/srv/kill.h
[14.016s] -- Up-to-date: /home/wade/ros2_ws/install/turtlesim/include/turtlesim/turtlesim/srv/teleport_absolute.h
[14.016s] -- Up-to-date: /home/wade/ros2_ws/install/turtlesim/include/turtlesim/turtlesim/srv/teleport_relative.h
[14.016s] -- Up-to-date: /home/wade/ros2_ws/install/turtlesim/include/turtlesim/turtlesim/action
[14.016s] -- Up-to-date: /home/wade/ros2_ws/install/turtlesim/include/turtlesim/turtlesim/action/detail
[14.016s] -- Up-to-date: /home/wade/ros2_ws/install/turtlesim/include/turtlesim/turtlesim/action/detail/rotate_absolute__functions.h
[14.016s] -- Up-to-date: /home/wade/ros2_ws/install/turtlesim/include/turtlesim/turtlesim/action/detail/rotate_absolute__struct.h
[14.016s] -- Up-to-date: /home/wade/ros2_ws/install/turtlesim/include/turtlesim/turtlesim/action/detail/rotate_absolute__functions.c
[14.016s] -- Up-to-date: /home/wade/ros2_ws/install/turtlesim/include/turtlesim/turtlesim/action/detail/rotate_absolute__type_support.h
[14.016s] -- Up-to-date: /home/wade/ros2_ws/install/turtlesim/include/turtlesim/turtlesim/action/rotate_absolute.h
[14.016s] -- Up-to-date: /home/wade/ros2_ws/install/turtlesim/include/turtlesim/turtlesim/msg
[14.016s] -- Up-to-date: /home/wade/ros2_ws/install/turtlesim/include/turtlesim/turtlesim/msg/detail
[14.016s] -- Up-to-date: /home/wade/ros2_ws/install/turtlesim/include/turtlesim/turtlesim/msg/detail/pose__type_support.h
[14.016s] -- Up-to-date: /home/wade/ros2_ws/install/turtlesim/include/turtlesim/turtlesim/msg/detail/color__functions.h
[14.016s] -- Up-to-date: /home/wade/ros2_ws/install/turtlesim/include/turtlesim/turtlesim/msg/detail/pose__functions.c
[14.016s] -- Up-to-date: /home/wade/ros2_ws/install/turtlesim/include/turtlesim/turtlesim/msg/detail/color__functions.c
[14.016s] -- Up-to-date: /home/wade/ros2_ws/install/turtlesim/include/turtlesim/turtlesim/msg/detail/pose__functions.h
[14.016s] -- Up-to-date: /home/wade/ros2_ws/install/turtlesim/include/turtlesim/turtlesim/msg/detail/color__type_support.h
[14.016s] -- Up-to-date: /home/wade/ros2_ws/install/turtlesim/include/turtlesim/turtlesim/msg/detail/pose__struct.h
[14.016s] -- Up-to-date: /home/wade/ros2_ws/install/turtlesim/include/turtlesim/turtlesim/msg/detail/color__struct.h
[14.016s] -- Up-to-date: /home/wade/ros2_ws/install/turtlesim/include/turtlesim/turtlesim/msg/pose.h
[14.016s] -- Up-to-date: /home/wade/ros2_ws/install/turtlesim/include/turtlesim/turtlesim/msg/color.h
[14.016s] -- Up-to-date: /home/wade/ros2_ws/install/turtlesim/include/turtlesim/turtlesim/msg/rosidl_generator_c__visibility_control.h
[14.016s] -- Up-to-date: /home/wade/ros2_ws/install/turtlesim/share/turtlesim/environment/library_path.sh
[14.017s] -- Up-to-date: /home/wade/ros2_ws/install/turtlesim/share/turtlesim/environment/library_path.dsv
[14.017s] -- Up-to-date: /home/wade/ros2_ws/install/turtlesim/lib/libturtlesim__rosidl_generator_c.so
[14.017s] -- Up-to-date: /home/wade/ros2_ws/install/turtlesim/include/turtlesim/turtlesim
[14.017s] -- Up-to-date: /home/wade/ros2_ws/install/turtlesim/include/turtlesim/turtlesim/srv
[14.017s] -- Up-to-date: /home/wade/ros2_ws/install/turtlesim/include/turtlesim/turtlesim/srv/detail
[14.017s] -- Up-to-date: /home/wade/ros2_ws/install/turtlesim/include/turtlesim/turtlesim/srv/detail/spawn__rosidl_typesupport_fastrtps_c.h
[14.017s] -- Up-to-date: /home/wade/ros2_ws/install/turtlesim/include/turtlesim/turtlesim/srv/detail/teleport_relative__rosidl_typesupport_fastrtps_c.h
[14.017s] -- Up-to-date: /home/wade/ros2_ws/install/turtlesim/include/turtlesim/turtlesim/srv/detail/set_pen__rosidl_typesupport_fastrtps_c.h
[14.017s] -- Up-to-date: /home/wade/ros2_ws/install/turtlesim/include/turtlesim/turtlesim/srv/detail/teleport_absolute__rosidl_typesupport_fastrtps_c.h
[14.017s] -- Up-to-date: /home/wade/ros2_ws/install/turtlesim/include/turtlesim/turtlesim/srv/detail/kill__rosidl_typesupport_fastrtps_c.h
[14.017s] -- Up-to-date: /home/wade/ros2_ws/install/turtlesim/include/turtlesim/turtlesim/action
[14.017s] -- Up-to-date: /home/wade/ros2_ws/install/turtlesim/include/turtlesim/turtlesim/action/detail
[14.017s] -- Up-to-date: /home/wade/ros2_ws/install/turtlesim/include/turtlesim/turtlesim/action/detail/rotate_absolute__rosidl_typesupport_fastrtps_c.h
[14.017s] -- Up-to-date: /home/wade/ros2_ws/install/turtlesim/include/turtlesim/turtlesim/msg
[14.017s] -- Up-to-date: /home/wade/ros2_ws/install/turtlesim/include/turtlesim/turtlesim/msg/detail
[14.017s] -- Up-to-date: /home/wade/ros2_ws/install/turtlesim/include/turtlesim/turtlesim/msg/detail/color__rosidl_typesupport_fastrtps_c.h
[14.017s] -- Up-to-date: /home/wade/ros2_ws/install/turtlesim/include/turtlesim/turtlesim/msg/detail/pose__rosidl_typesupport_fastrtps_c.h
[14.017s] -- Up-to-date: /home/wade/ros2_ws/install/turtlesim/include/turtlesim/turtlesim/msg/rosidl_typesupport_fastrtps_c__visibility_control.h
[14.017s] -- Up-to-date: /home/wade/ros2_ws/install/turtlesim/lib/libturtlesim__rosidl_typesupport_fastrtps_c.so
[14.017s] -- Up-to-date: /home/wade/ros2_ws/install/turtlesim/include/turtlesim/turtlesim
[14.017s] -- Up-to-date: /home/wade/ros2_ws/install/turtlesim/include/turtlesim/turtlesim/srv
[14.017s] -- Up-to-date: /home/wade/ros2_ws/install/turtlesim/include/turtlesim/turtlesim/srv/teleport_relative.hpp
[14.017s] -- Up-to-date: /home/wade/ros2_ws/install/turtlesim/include/turtlesim/turtlesim/srv/detail
[14.017s] -- Up-to-date: /home/wade/ros2_ws/install/turtlesim/include/turtlesim/turtlesim/srv/detail/teleport_absolute__builder.hpp
[14.017s] -- Up-to-date: /home/wade/ros2_ws/install/turtlesim/include/turtlesim/turtlesim/srv/detail/set_pen__struct.hpp
[14.017s] -- Up-to-date: /home/wade/ros2_ws/install/turtlesim/include/turtlesim/turtlesim/srv/detail/set_pen__traits.hpp
[14.017s] -- Up-to-date: /home/wade/ros2_ws/install/turtlesim/include/turtlesim/turtlesim/srv/detail/set_pen__type_support.hpp
[14.017s] -- Up-to-date: /home/wade/ros2_ws/install/turtlesim/include/turtlesim/turtlesim/srv/detail/teleport_absolute__type_support.hpp
[14.017s] -- Up-to-date: /home/wade/ros2_ws/install/turtlesim/include/turtlesim/turtlesim/srv/detail/spawn__builder.hpp
[14.017s] -- Up-to-date: /home/wade/ros2_ws/install/turtlesim/include/turtlesim/turtlesim/srv/detail/spawn__struct.hpp
[14.017s] -- Up-to-date: /home/wade/ros2_ws/install/turtlesim/include/turtlesim/turtlesim/srv/detail/teleport_absolute__struct.hpp
[14.017s] -- Up-to-date: /home/wade/ros2_ws/install/turtlesim/include/turtlesim/turtlesim/srv/detail/teleport_relative__builder.hpp
[14.017s] -- Up-to-date: /home/wade/ros2_ws/install/turtlesim/include/turtlesim/turtlesim/srv/detail/set_pen__builder.hpp
[14.017s] -- Up-to-date: /home/wade/ros2_ws/install/turtlesim/include/turtlesim/turtlesim/srv/detail/teleport_relative__type_support.hpp
[14.017s] -- Up-to-date: /home/wade/ros2_ws/install/turtlesim/include/turtlesim/turtlesim/srv/detail/spawn__type_support.hpp
[14.017s] -- Up-to-date: /home/wade/ros2_ws/install/turtlesim/include/turtlesim/turtlesim/srv/detail/spawn__traits.hpp
[14.017s] -- Up-to-date: /home/wade/ros2_ws/install/turtlesim/include/turtlesim/turtlesim/srv/detail/teleport_relative__traits.hpp
[14.018s] -- Up-to-date: /home/wade/ros2_ws/install/turtlesim/include/turtlesim/turtlesim/srv/detail/kill__traits.hpp
[14.018s] -- Up-to-date: /home/wade/ros2_ws/install/turtlesim/include/turtlesim/turtlesim/srv/detail/kill__builder.hpp
[14.018s] -- Up-to-date: /home/wade/ros2_ws/install/turtlesim/include/turtlesim/turtlesim/srv/detail/kill__struct.hpp
[14.018s] -- Up-to-date: /home/wade/ros2_ws/install/turtlesim/include/turtlesim/turtlesim/srv/detail/teleport_absolute__traits.hpp
[14.018s] -- Up-to-date: /home/wade/ros2_ws/install/turtlesim/include/turtlesim/turtlesim/srv/detail/kill__type_support.hpp
[14.018s] -- Up-to-date: /home/wade/ros2_ws/install/turtlesim/include/turtlesim/turtlesim/srv/detail/teleport_relative__struct.hpp
[14.018s] -- Up-to-date: /home/wade/ros2_ws/install/turtlesim/include/turtlesim/turtlesim/srv/spawn.hpp
[14.018s] -- Up-to-date: /home/wade/ros2_ws/install/turtlesim/include/turtlesim/turtlesim/srv/set_pen.hpp
[14.018s] -- Up-to-date: /home/wade/ros2_ws/install/turtlesim/include/turtlesim/turtlesim/srv/kill.hpp
[14.018s] -- Up-to-date: /home/wade/ros2_ws/install/turtlesim/include/turtlesim/turtlesim/srv/teleport_absolute.hpp
[14.018s] -- Up-to-date: /home/wade/ros2_ws/install/turtlesim/include/turtlesim/turtlesim/action
[14.018s] -- Up-to-date: /home/wade/ros2_ws/install/turtlesim/include/turtlesim/turtlesim/action/detail
[14.018s] -- Up-to-date: /home/wade/ros2_ws/install/turtlesim/include/turtlesim/turtlesim/action/detail/rotate_absolute__builder.hpp
[14.018s] -- Up-to-date: /home/wade/ros2_ws/install/turtlesim/include/turtlesim/turtlesim/action/detail/rotate_absolute__type_support.hpp
[14.018s] -- Up-to-date: /home/wade/ros2_ws/install/turtlesim/include/turtlesim/turtlesim/action/detail/rotate_absolute__struct.hpp
[14.018s] -- Up-to-date: /home/wade/ros2_ws/install/turtlesim/include/turtlesim/turtlesim/action/detail/rotate_absolute__traits.hpp
[14.018s] -- Up-to-date: /home/wade/ros2_ws/install/turtlesim/include/turtlesim/turtlesim/action/rotate_absolute.hpp
[14.018s] -- Up-to-date: /home/wade/ros2_ws/install/turtlesim/include/turtlesim/turtlesim/msg
[14.018s] -- Up-to-date: /home/wade/ros2_ws/install/turtlesim/include/turtlesim/turtlesim/msg/pose.hpp
[14.018s] -- Up-to-date: /home/wade/ros2_ws/install/turtlesim/include/turtlesim/turtlesim/msg/color.hpp
[14.018s] -- Up-to-date: /home/wade/ros2_ws/install/turtlesim/include/turtlesim/turtlesim/msg/detail
[14.018s] -- Up-to-date: /home/wade/ros2_ws/install/turtlesim/include/turtlesim/turtlesim/msg/detail/color__type_support.hpp
[14.018s] -- Up-to-date: /home/wade/ros2_ws/install/turtlesim/include/turtlesim/turtlesim/msg/detail/pose__type_support.hpp
[14.018s] -- Up-to-date: /home/wade/ros2_ws/install/turtlesim/include/turtlesim/turtlesim/msg/detail/pose__builder.hpp
[14.018s] -- Up-to-date: /home/wade/ros2_ws/install/turtlesim/include/turtlesim/turtlesim/msg/detail/pose__struct.hpp
[14.018s] -- Up-to-date: /home/wade/ros2_ws/install/turtlesim/include/turtlesim/turtlesim/msg/detail/color__struct.hpp
[14.018s] -- Up-to-date: /home/wade/ros2_ws/install/turtlesim/include/turtlesim/turtlesim/msg/detail/color__traits.hpp
[14.018s] -- Up-to-date: /home/wade/ros2_ws/install/turtlesim/include/turtlesim/turtlesim/msg/detail/pose__traits.hpp
[14.018s] -- Up-to-date: /home/wade/ros2_ws/install/turtlesim/include/turtlesim/turtlesim/msg/detail/color__builder.hpp
[14.018s] -- Up-to-date: /home/wade/ros2_ws/install/turtlesim/include/turtlesim/turtlesim/msg/rosidl_generator_cpp__visibility_control.hpp
[14.018s] -- Up-to-date: /home/wade/ros2_ws/install/turtlesim/include/turtlesim/turtlesim
[14.018s] -- Up-to-date: /home/wade/ros2_ws/install/turtlesim/include/turtlesim/turtlesim/srv
[14.018s] -- Up-to-date: /home/wade/ros2_ws/install/turtlesim/include/turtlesim/turtlesim/srv/detail
[14.018s] -- Up-to-date: /home/wade/ros2_ws/install/turtlesim/include/turtlesim/turtlesim/srv/detail/teleport_absolute__rosidl_typesupport_fastrtps_cpp.hpp
[14.018s] -- Up-to-date: /home/wade/ros2_ws/install/turtlesim/include/turtlesim/turtlesim/srv/detail/kill__rosidl_typesupport_fastrtps_cpp.hpp
[14.018s] -- Up-to-date: /home/wade/ros2_ws/install/turtlesim/include/turtlesim/turtlesim/srv/detail/spawn__rosidl_typesupport_fastrtps_cpp.hpp
[14.018s] -- Up-to-date: /home/wade/ros2_ws/install/turtlesim/include/turtlesim/turtlesim/srv/detail/teleport_relative__rosidl_typesupport_fastrtps_cpp.hpp
[14.018s] -- Up-to-date: /home/wade/ros2_ws/install/turtlesim/include/turtlesim/turtlesim/srv/detail/dds_fastrtps
[14.019s] -- Up-to-date: /home/wade/ros2_ws/install/turtlesim/include/turtlesim/turtlesim/srv/detail/set_pen__rosidl_typesupport_fastrtps_cpp.hpp
[14.019s] -- Up-to-date: /home/wade/ros2_ws/install/turtlesim/include/turtlesim/turtlesim/action
[14.019s] -- Up-to-date: /home/wade/ros2_ws/install/turtlesim/include/turtlesim/turtlesim/action/detail
[14.019s] -- Up-to-date: /home/wade/ros2_ws/install/turtlesim/include/turtlesim/turtlesim/action/detail/rotate_absolute__rosidl_typesupport_fastrtps_cpp.hpp
[14.019s] -- Up-to-date: /home/wade/ros2_ws/install/turtlesim/include/turtlesim/turtlesim/action/detail/dds_fastrtps
[14.019s] -- Up-to-date: /home/wade/ros2_ws/install/turtlesim/include/turtlesim/turtlesim/msg
[14.019s] -- Up-to-date: /home/wade/ros2_ws/install/turtlesim/include/turtlesim/turtlesim/msg/rosidl_typesupport_fastrtps_cpp__visibility_control.h
[14.019s] -- Up-to-date: /home/wade/ros2_ws/install/turtlesim/include/turtlesim/turtlesim/msg/detail
[14.019s] -- Up-to-date: /home/wade/ros2_ws/install/turtlesim/include/turtlesim/turtlesim/msg/detail/pose__rosidl_typesupport_fastrtps_cpp.hpp
[14.019s] -- Up-to-date: /home/wade/ros2_ws/install/turtlesim/include/turtlesim/turtlesim/msg/detail/color__rosidl_typesupport_fastrtps_cpp.hpp
[14.019s] -- Up-to-date: /home/wade/ros2_ws/install/turtlesim/include/turtlesim/turtlesim/msg/detail/dds_fastrtps
[14.019s] -- Up-to-date: /home/wade/ros2_ws/install/turtlesim/lib/libturtlesim__rosidl_typesupport_fastrtps_cpp.so
[14.019s] -- Up-to-date: /home/wade/ros2_ws/install/turtlesim/include/turtlesim/turtlesim
[14.019s] -- Up-to-date: /home/wade/ros2_ws/install/turtlesim/include/turtlesim/turtlesim/srv
[14.019s] -- Up-to-date: /home/wade/ros2_ws/install/turtlesim/include/turtlesim/turtlesim/srv/detail
[14.019s] -- Up-to-date: /home/wade/ros2_ws/install/turtlesim/include/turtlesim/turtlesim/srv/detail/teleport_absolute__type_support.c
[14.019s] -- Up-to-date: /home/wade/ros2_ws/install/turtlesim/include/turtlesim/turtlesim/srv/detail/kill__type_support.c
[14.019s] -- Up-to-date: /home/wade/ros2_ws/install/turtlesim/include/turtlesim/turtlesim/srv/detail/kill__rosidl_typesupport_introspection_c.h
[14.019s] -- Up-to-date: /home/wade/ros2_ws/install/turtlesim/include/turtlesim/turtlesim/srv/detail/set_pen__rosidl_typesupport_introspection_c.h
[14.019s] -- Up-to-date: /home/wade/ros2_ws/install/turtlesim/include/turtlesim/turtlesim/srv/detail/set_pen__type_support.c
[14.019s] -- Up-to-date: /home/wade/ros2_ws/install/turtlesim/include/turtlesim/turtlesim/srv/detail/teleport_relative__rosidl_typesupport_introspection_c.h
[14.019s] -- Up-to-date: /home/wade/ros2_ws/install/turtlesim/include/turtlesim/turtlesim/srv/detail/spawn__type_support.c
[14.019s] -- Up-to-date: /home/wade/ros2_ws/install/turtlesim/include/turtlesim/turtlesim/srv/detail/teleport_relative__type_support.c
[14.019s] -- Up-to-date: /home/wade/ros2_ws/install/turtlesim/include/turtlesim/turtlesim/srv/detail/spawn__rosidl_typesupport_introspection_c.h
[14.019s] -- Up-to-date: /home/wade/ros2_ws/install/turtlesim/include/turtlesim/turtlesim/srv/detail/teleport_absolute__rosidl_typesupport_introspection_c.h
[14.019s] -- Up-to-date: /home/wade/ros2_ws/install/turtlesim/include/turtlesim/turtlesim/action
[14.019s] -- Up-to-date: /home/wade/ros2_ws/install/turtlesim/include/turtlesim/turtlesim/action/detail
[14.019s] -- Up-to-date: /home/wade/ros2_ws/install/turtlesim/include/turtlesim/turtlesim/action/detail/rotate_absolute__rosidl_typesupport_introspection_c.h
[14.019s] -- Up-to-date: /home/wade/ros2_ws/install/turtlesim/include/turtlesim/turtlesim/action/detail/rotate_absolute__type_support.c
[14.019s] -- Up-to-date: /home/wade/ros2_ws/install/turtlesim/include/turtlesim/turtlesim/msg
[14.019s] -- Up-to-date: /home/wade/ros2_ws/install/turtlesim/include/turtlesim/turtlesim/msg/detail
[14.019s] -- Up-to-date: /home/wade/ros2_ws/install/turtlesim/include/turtlesim/turtlesim/msg/detail/pose__rosidl_typesupport_introspection_c.h
[14.019s] -- Up-to-date: /home/wade/ros2_ws/install/turtlesim/include/turtlesim/turtlesim/msg/detail/color__rosidl_typesupport_introspection_c.h
[14.019s] -- Up-to-date: /home/wade/ros2_ws/install/turtlesim/include/turtlesim/turtlesim/msg/detail/pose__type_support.c
[14.019s] -- Up-to-date: /home/wade/ros2_ws/install/turtlesim/include/turtlesim/turtlesim/msg/detail/color__type_support.c
[14.020s] -- Up-to-date: /home/wade/ros2_ws/install/turtlesim/include/turtlesim/turtlesim/msg/rosidl_typesupport_introspection_c__visibility_control.h
[14.020s] -- Up-to-date: /home/wade/ros2_ws/install/turtlesim/lib/libturtlesim__rosidl_typesupport_introspection_c.so
[14.020s] -- Up-to-date: /home/wade/ros2_ws/install/turtlesim/lib/libturtlesim__rosidl_typesupport_c.so
[14.020s] -- Up-to-date: /home/wade/ros2_ws/install/turtlesim/include/turtlesim/turtlesim
[14.020s] -- Up-to-date: /home/wade/ros2_ws/install/turtlesim/include/turtlesim/turtlesim/srv
[14.020s] -- Up-to-date: /home/wade/ros2_ws/install/turtlesim/include/turtlesim/turtlesim/srv/detail
[14.020s] -- Up-to-date: /home/wade/ros2_ws/install/turtlesim/include/turtlesim/turtlesim/srv/detail/spawn__type_support.cpp
[14.020s] -- Up-to-date: /home/wade/ros2_ws/install/turtlesim/include/turtlesim/turtlesim/srv/detail/teleport_absolute__rosidl_typesupport_introspection_cpp.hpp
[14.020s] -- Up-to-date: /home/wade/ros2_ws/install/turtlesim/include/turtlesim/turtlesim/srv/detail/kill__rosidl_typesupport_introspection_cpp.hpp
[14.020s] -- Up-to-date: /home/wade/ros2_ws/install/turtlesim/include/turtlesim/turtlesim/srv/detail/teleport_absolute__type_support.cpp
[14.020s] -- Up-to-date: /home/wade/ros2_ws/install/turtlesim/include/turtlesim/turtlesim/srv/detail/teleport_relative__type_support.cpp
[14.020s] -- Up-to-date: /home/wade/ros2_ws/install/turtlesim/include/turtlesim/turtlesim/srv/detail/spawn__rosidl_typesupport_introspection_cpp.hpp
[14.020s] -- Up-to-date: /home/wade/ros2_ws/install/turtlesim/include/turtlesim/turtlesim/srv/detail/set_pen__rosidl_typesupport_introspection_cpp.hpp
[14.020s] -- Up-to-date: /home/wade/ros2_ws/install/turtlesim/include/turtlesim/turtlesim/srv/detail/teleport_relative__rosidl_typesupport_introspection_cpp.hpp
[14.020s] -- Up-to-date: /home/wade/ros2_ws/install/turtlesim/include/turtlesim/turtlesim/srv/detail/set_pen__type_support.cpp
[14.020s] -- Up-to-date: /home/wade/ros2_ws/install/turtlesim/include/turtlesim/turtlesim/srv/detail/kill__type_support.cpp
[14.020s] -- Up-to-date: /home/wade/ros2_ws/install/turtlesim/include/turtlesim/turtlesim/action
[14.020s] -- Up-to-date: /home/wade/ros2_ws/install/turtlesim/include/turtlesim/turtlesim/action/detail
[14.020s] -- Up-to-date: /home/wade/ros2_ws/install/turtlesim/include/turtlesim/turtlesim/action/detail/rotate_absolute__type_support.cpp
[14.020s] -- Up-to-date: /home/wade/ros2_ws/install/turtlesim/include/turtlesim/turtlesim/action/detail/rotate_absolute__rosidl_typesupport_introspection_cpp.hpp
[14.020s] -- Up-to-date: /home/wade/ros2_ws/install/turtlesim/include/turtlesim/turtlesim/msg
[14.020s] -- Up-to-date: /home/wade/ros2_ws/install/turtlesim/include/turtlesim/turtlesim/msg/detail
[14.020s] -- Up-to-date: /home/wade/ros2_ws/install/turtlesim/include/turtlesim/turtlesim/msg/detail/pose__rosidl_typesupport_introspection_cpp.hpp
[14.020s] -- Up-to-date: /home/wade/ros2_ws/install/turtlesim/include/turtlesim/turtlesim/msg/detail/color__rosidl_typesupport_introspection_cpp.hpp
[14.020s] -- Up-to-date: /home/wade/ros2_ws/install/turtlesim/include/turtlesim/turtlesim/msg/detail/color__type_support.cpp
[14.020s] -- Up-to-date: /home/wade/ros2_ws/install/turtlesim/include/turtlesim/turtlesim/msg/detail/pose__type_support.cpp
[14.020s] -- Up-to-date: /home/wade/ros2_ws/install/turtlesim/lib/libturtlesim__rosidl_typesupport_introspection_cpp.so
[14.020s] -- Up-to-date: /home/wade/ros2_ws/install/turtlesim/lib/libturtlesim__rosidl_typesupport_cpp.so
[14.020s] -- Up-to-date: /home/wade/ros2_ws/install/turtlesim/share/turtlesim/environment/pythonpath.sh
[14.020s] -- Up-to-date: /home/wade/ros2_ws/install/turtlesim/share/turtlesim/environment/pythonpath.dsv
[14.020s] -- Up-to-date: /home/wade/ros2_ws/install/turtlesim/local/lib/python3.10/dist-packages/turtlesim-1.4.2-py3.10.egg-info
[14.020s] -- Installing: /home/wade/ros2_ws/install/turtlesim/local/lib/python3.10/dist-packages/turtlesim-1.4.2-py3.10.egg-info/top_level.txt
[14.020s] -- Installing: /home/wade/ros2_ws/install/turtlesim/local/lib/python3.10/dist-packages/turtlesim-1.4.2-py3.10.egg-info/SOURCES.txt
[14.020s] -- Installing: /home/wade/ros2_ws/install/turtlesim/local/lib/python3.10/dist-packages/turtlesim-1.4.2-py3.10.egg-info/dependency_links.txt
[14.020s] -- Installing: /home/wade/ros2_ws/install/turtlesim/local/lib/python3.10/dist-packages/turtlesim-1.4.2-py3.10.egg-info/PKG-INFO
[14.020s] -- Up-to-date: /home/wade/ros2_ws/install/turtlesim/local/lib/python3.10/dist-packages/turtlesim
[14.020s] -- Up-to-date: /home/wade/ros2_ws/install/turtlesim/local/lib/python3.10/dist-packages/turtlesim/_turtlesim_s.ep.rosidl_typesupport_c.c
[14.020s] -- Up-to-date: /home/wade/ros2_ws/install/turtlesim/local/lib/python3.10/dist-packages/turtlesim/libturtlesim__rosidl_generator_py.so
[14.020s] -- Up-to-date: /home/wade/ros2_ws/install/turtlesim/local/lib/python3.10/dist-packages/turtlesim/srv
[14.020s] -- Up-to-date: /home/wade/ros2_ws/install/turtlesim/local/lib/python3.10/dist-packages/turtlesim/srv/__init__.py
[14.020s] -- Up-to-date: /home/wade/ros2_ws/install/turtlesim/local/lib/python3.10/dist-packages/turtlesim/srv/_teleport_absolute_s.c
[14.020s] -- Up-to-date: /home/wade/ros2_ws/install/turtlesim/local/lib/python3.10/dist-packages/turtlesim/srv/_spawn_s.c
[14.020s] -- Up-to-date: /home/wade/ros2_ws/install/turtlesim/local/lib/python3.10/dist-packages/turtlesim/srv/_teleport_relative_s.c
[14.020s] -- Up-to-date: /home/wade/ros2_ws/install/turtlesim/local/lib/python3.10/dist-packages/turtlesim/srv/_spawn.py
[14.020s] -- Up-to-date: /home/wade/ros2_ws/install/turtlesim/local/lib/python3.10/dist-packages/turtlesim/srv/_kill.py
[14.021s] -- Up-to-date: /home/wade/ros2_ws/install/turtlesim/local/lib/python3.10/dist-packages/turtlesim/srv/_teleport_absolute.py
[14.021s] -- Up-to-date: /home/wade/ros2_ws/install/turtlesim/local/lib/python3.10/dist-packages/turtlesim/srv/_kill_s.c
[14.021s] -- Up-to-date: /home/wade/ros2_ws/install/turtlesim/local/lib/python3.10/dist-packages/turtlesim/srv/_set_pen_s.c
[14.021s] -- Up-to-date: /home/wade/ros2_ws/install/turtlesim/local/lib/python3.10/dist-packages/turtlesim/srv/_set_pen.py
[14.021s] -- Up-to-date: /home/wade/ros2_ws/install/turtlesim/local/lib/python3.10/dist-packages/turtlesim/srv/_teleport_relative.py
[14.021s] -- Up-to-date: /home/wade/ros2_ws/install/turtlesim/local/lib/python3.10/dist-packages/turtlesim/__init__.py
[14.021s] -- Up-to-date: /home/wade/ros2_ws/install/turtlesim/local/lib/python3.10/dist-packages/turtlesim/turtlesim_s__rosidl_typesupport_c.cpython-310-x86_64-linux-gnu.so
[14.021s] -- Up-to-date: /home/wade/ros2_ws/install/turtlesim/local/lib/python3.10/dist-packages/turtlesim/_turtlesim_s.ep.rosidl_typesupport_introspection_c.c
[14.021s] -- Up-to-date: /home/wade/ros2_ws/install/turtlesim/local/lib/python3.10/dist-packages/turtlesim/_turtlesim_s.ep.rosidl_typesupport_fastrtps_c.c
[14.021s] -- Up-to-date: /home/wade/ros2_ws/install/turtlesim/local/lib/python3.10/dist-packages/turtlesim/action
[14.021s] -- Up-to-date: /home/wade/ros2_ws/install/turtlesim/local/lib/python3.10/dist-packages/turtlesim/action/_rotate_absolute_s.c
[14.021s] -- Up-to-date: /home/wade/ros2_ws/install/turtlesim/local/lib/python3.10/dist-packages/turtlesim/action/__init__.py
[14.021s] -- Up-to-date: /home/wade/ros2_ws/install/turtlesim/local/lib/python3.10/dist-packages/turtlesim/action/_rotate_absolute.py
[14.021s] -- Up-to-date: /home/wade/ros2_ws/install/turtlesim/local/lib/python3.10/dist-packages/turtlesim/turtlesim_s__rosidl_typesupport_fastrtps_c.cpython-310-x86_64-linux-gnu.so
[14.021s] -- Up-to-date: /home/wade/ros2_ws/install/turtlesim/local/lib/python3.10/dist-packages/turtlesim/msg
[14.021s] -- Up-to-date: /home/wade/ros2_ws/install/turtlesim/local/lib/python3.10/dist-packages/turtlesim/msg/_pose.py
[14.021s] -- Up-to-date: /home/wade/ros2_ws/install/turtlesim/local/lib/python3.10/dist-packages/turtlesim/msg/_color.py
[14.021s] -- Up-to-date: /home/wade/ros2_ws/install/turtlesim/local/lib/python3.10/dist-packages/turtlesim/msg/__init__.py
[14.021s] -- Up-to-date: /home/wade/ros2_ws/install/turtlesim/local/lib/python3.10/dist-packages/turtlesim/msg/_color_s.c
[14.021s] -- Up-to-date: /home/wade/ros2_ws/install/turtlesim/local/lib/python3.10/dist-packages/turtlesim/msg/_pose_s.c
[14.021s] -- Up-to-date: /home/wade/ros2_ws/install/turtlesim/local/lib/python3.10/dist-packages/turtlesim/turtlesim_s__rosidl_typesupport_introspection_c.cpython-310-x86_64-linux-gnu.so
[14.037s] Listing '/home/wade/ros2_ws/install/turtlesim/local/lib/python3.10/dist-packages/turtlesim'...
[14.038s] Listing '/home/wade/ros2_ws/install/turtlesim/local/lib/python3.10/dist-packages/turtlesim/action'...
[14.038s] Listing '/home/wade/ros2_ws/install/turtlesim/local/lib/python3.10/dist-packages/turtlesim/msg'...
[14.038s] Listing '/home/wade/ros2_ws/install/turtlesim/local/lib/python3.10/dist-packages/turtlesim/srv'...
[14.040s] -- Up-to-date: /home/wade/ros2_ws/install/turtlesim/local/lib/python3.10/dist-packages/turtlesim/turtlesim_s__rosidl_typesupport_fastrtps_c.cpython-310-x86_64-linux-gnu.so
[14.040s] -- Up-to-date: /home/wade/ros2_ws/install/turtlesim/local/lib/python3.10/dist-packages/turtlesim/turtlesim_s__rosidl_typesupport_introspection_c.cpython-310-x86_64-linux-gnu.so
[14.041s] -- Up-to-date: /home/wade/ros2_ws/install/turtlesim/local/lib/python3.10/dist-packages/turtlesim/turtlesim_s__rosidl_typesupport_c.cpython-310-x86_64-linux-gnu.so
[14.041s] -- Up-to-date: /home/wade/ros2_ws/install/turtlesim/lib/libturtlesim__rosidl_generator_py.so
[14.041s] -- Up-to-date: /home/wade/ros2_ws/install/turtlesim/share/turtlesim/action/RotateAbsolute.idl
[14.041s] -- Up-to-date: /home/wade/ros2_ws/install/turtlesim/share/turtlesim/msg/Color.idl
[14.041s] -- Up-to-date: /home/wade/ros2_ws/install/turtlesim/share/turtlesim/msg/Pose.idl
[14.041s] -- Up-to-date: /home/wade/ros2_ws/install/turtlesim/share/turtlesim/srv/Kill.idl
[14.041s] -- Up-to-date: /home/wade/ros2_ws/install/turtlesim/share/turtlesim/srv/SetPen.idl
[14.041s] -- Up-to-date: /home/wade/ros2_ws/install/turtlesim/share/turtlesim/srv/Spawn.idl
[14.041s] -- Up-to-date: /home/wade/ros2_ws/install/turtlesim/share/turtlesim/srv/TeleportAbsolute.idl
[14.042s] -- Up-to-date: /home/wade/ros2_ws/install/turtlesim/share/turtlesim/srv/TeleportRelative.idl
[14.042s] -- Up-to-date: /home/wade/ros2_ws/install/turtlesim/share/turtlesim/action/RotateAbsolute.action
[14.042s] -- Up-to-date: /home/wade/ros2_ws/install/turtlesim/share/turtlesim/msg/Color.msg
[14.042s] -- Up-to-date: /home/wade/ros2_ws/install/turtlesim/share/turtlesim/msg/Pose.msg
[14.042s] -- Up-to-date: /home/wade/ros2_ws/install/turtlesim/share/turtlesim/srv/Kill.srv
[14.042s] -- Up-to-date: /home/wade/ros2_ws/install/turtlesim/share/turtlesim/srv/Kill_Request.msg
[14.042s] -- Up-to-date: /home/wade/ros2_ws/install/turtlesim/share/turtlesim/srv/Kill_Response.msg
[14.042s] -- Up-to-date: /home/wade/ros2_ws/install/turtlesim/share/turtlesim/srv/SetPen.srv
[14.042s] -- Up-to-date: /home/wade/ros2_ws/install/turtlesim/share/turtlesim/srv/SetPen_Request.msg
[14.042s] -- Up-to-date: /home/wade/ros2_ws/install/turtlesim/share/turtlesim/srv/SetPen_Response.msg
[14.042s] -- Up-to-date: /home/wade/ros2_ws/install/turtlesim/share/turtlesim/srv/Spawn.srv
[14.042s] -- Up-to-date: /home/wade/ros2_ws/install/turtlesim/share/turtlesim/srv/Spawn_Request.msg
[14.042s] -- Up-to-date: /home/wade/ros2_ws/install/turtlesim/share/turtlesim/srv/Spawn_Response.msg
[14.042s] -- Up-to-date: /home/wade/ros2_ws/install/turtlesim/share/turtlesim/srv/TeleportAbsolute.srv
[14.042s] -- Up-to-date: /home/wade/ros2_ws/install/turtlesim/share/turtlesim/srv/TeleportAbsolute_Request.msg
[14.042s] -- Up-to-date: /home/wade/ros2_ws/install/turtlesim/share/turtlesim/srv/TeleportAbsolute_Response.msg
[14.042s] -- Up-to-date: /home/wade/ros2_ws/install/turtlesim/share/turtlesim/srv/TeleportRelative.srv
[14.042s] -- Up-to-date: /home/wade/ros2_ws/install/turtlesim/share/turtlesim/srv/TeleportRelative_Request.msg
[14.042s] -- Up-to-date: /home/wade/ros2_ws/install/turtlesim/share/turtlesim/srv/TeleportRelative_Response.msg
[14.042s] -- Installing: /home/wade/ros2_ws/install/turtlesim/lib/turtlesim/turtlesim_node
[14.048s] -- Set runtime path of "/home/wade/ros2_ws/install/turtlesim/lib/turtlesim/turtlesim_node" to ""
[14.048s] -- Up-to-date: /home/wade/ros2_ws/install/turtlesim/lib/turtlesim/turtle_teleop_key
[14.048s] -- Up-to-date: /home/wade/ros2_ws/install/turtlesim/lib/turtlesim/draw_square
[14.049s] -- Up-to-date: /home/wade/ros2_ws/install/turtlesim/lib/turtlesim/mimic
[14.049s] -- Up-to-date: /home/wade/ros2_ws/install/turtlesim/share/turtlesim/images
[14.049s] -- Up-to-date: /home/wade/ros2_ws/install/turtlesim/share/turtlesim/images/foxy.png
[14.049s] -- Up-to-date: /home/wade/ros2_ws/install/turtlesim/share/turtlesim/images/galactic.png
[14.049s] -- Up-to-date: /home/wade/ros2_ws/install/turtlesim/share/turtlesim/images/rolling.png
[14.049s] -- Up-to-date: /home/wade/ros2_ws/install/turtlesim/share/turtlesim/images/humble.png
[14.049s] -- Up-to-date: /home/wade/ros2_ws/install/turtlesim/share/turtlesim/images/ardent.png
[14.049s] -- Up-to-date: /home/wade/ros2_ws/install/turtlesim/share/turtlesim/images/dashing.png
[14.049s] -- Up-to-date: /home/wade/ros2_ws/install/turtlesim/share/turtlesim/images/crystal.png
[14.049s] -- Up-to-date: /home/wade/ros2_ws/install/turtlesim/share/turtlesim/images/bouncy.png
[14.049s] -- Up-to-date: /home/wade/ros2_ws/install/turtlesim/share/turtlesim/images/eloquent.png
[14.049s] -- Up-to-date: /home/wade/ros2_ws/install/turtlesim/share/turtlesim/launch
[14.049s] -- Up-to-date: /home/wade/ros2_ws/install/turtlesim/share/turtlesim/launch/multisim.launch.py
[14.049s] -- Up-to-date: /home/wade/ros2_ws/install/turtlesim/share/ament_index/resource_index/package_run_dependencies/turtlesim
[14.049s] -- Up-to-date: /home/wade/ros2_ws/install/turtlesim/share/ament_index/resource_index/parent_prefix_path/turtlesim
[14.050s] -- Up-to-date: /home/wade/ros2_ws/install/turtlesim/share/turtlesim/environment/ament_prefix_path.sh
[14.050s] -- Up-to-date: /home/wade/ros2_ws/install/turtlesim/share/turtlesim/environment/ament_prefix_path.dsv
[14.050s] -- Up-to-date: /home/wade/ros2_ws/install/turtlesim/share/turtlesim/environment/path.sh
[14.050s] -- Up-to-date: /home/wade/ros2_ws/install/turtlesim/share/turtlesim/environment/path.dsv
[14.050s] -- Up-to-date: /home/wade/ros2_ws/install/turtlesim/share/turtlesim/local_setup.bash
[14.050s] -- Up-to-date: /home/wade/ros2_ws/install/turtlesim/share/turtlesim/local_setup.sh
[14.050s] -- Up-to-date: /home/wade/ros2_ws/install/turtlesim/share/turtlesim/local_setup.zsh
[14.050s] -- Up-to-date: /home/wade/ros2_ws/install/turtlesim/share/turtlesim/local_setup.dsv
[14.050s] -- Installing: /home/wade/ros2_ws/install/turtlesim/share/turtlesim/package.dsv
[14.050s] -- Up-to-date: /home/wade/ros2_ws/install/turtlesim/share/ament_index/resource_index/packages/turtlesim
[14.050s] -- Up-to-date: /home/wade/ros2_ws/install/turtlesim/share/turtlesim/cmake/export_turtlesim__rosidl_generator_cExport.cmake
[14.050s] -- Up-to-date: /home/wade/ros2_ws/install/turtlesim/share/turtlesim/cmake/export_turtlesim__rosidl_generator_cExport-noconfig.cmake
[14.050s] -- Up-to-date: /home/wade/ros2_ws/install/turtlesim/share/turtlesim/cmake/export_turtlesim__rosidl_typesupport_fastrtps_cExport.cmake
[14.050s] -- Up-to-date: /home/wade/ros2_ws/install/turtlesim/share/turtlesim/cmake/export_turtlesim__rosidl_typesupport_fastrtps_cExport-noconfig.cmake
[14.050s] -- Up-to-date: /home/wade/ros2_ws/install/turtlesim/share/turtlesim/cmake/export_turtlesim__rosidl_generator_cppExport.cmake
[14.050s] -- Up-to-date: /home/wade/ros2_ws/install/turtlesim/share/turtlesim/cmake/export_turtlesim__rosidl_typesupport_fastrtps_cppExport.cmake
[14.050s] -- Up-to-date: /home/wade/ros2_ws/install/turtlesim/share/turtlesim/cmake/export_turtlesim__rosidl_typesupport_fastrtps_cppExport-noconfig.cmake
[14.050s] -- Up-to-date: /home/wade/ros2_ws/install/turtlesim/share/turtlesim/cmake/turtlesim__rosidl_typesupport_introspection_cExport.cmake
[14.050s] -- Up-to-date: /home/wade/ros2_ws/install/turtlesim/share/turtlesim/cmake/turtlesim__rosidl_typesupport_introspection_cExport-noconfig.cmake
[14.050s] -- Up-to-date: /home/wade/ros2_ws/install/turtlesim/share/turtlesim/cmake/turtlesim__rosidl_typesupport_cExport.cmake
[14.050s] -- Up-to-date: /home/wade/ros2_ws/install/turtlesim/share/turtlesim/cmake/turtlesim__rosidl_typesupport_cExport-noconfig.cmake
[14.050s] -- Up-to-date: /home/wade/ros2_ws/install/turtlesim/share/turtlesim/cmake/turtlesim__rosidl_typesupport_introspection_cppExport.cmake
[14.050s] -- Up-to-date: /home/wade/ros2_ws/install/turtlesim/share/turtlesim/cmake/turtlesim__rosidl_typesupport_introspection_cppExport-noconfig.cmake
[14.050s] -- Up-to-date: /home/wade/ros2_ws/install/turtlesim/share/turtlesim/cmake/turtlesim__rosidl_typesupport_cppExport.cmake
[14.050s] -- Up-to-date: /home/wade/ros2_ws/install/turtlesim/share/turtlesim/cmake/turtlesim__rosidl_typesupport_cppExport-noconfig.cmake
[14.050s] -- Up-to-date: /home/wade/ros2_ws/install/turtlesim/share/turtlesim/cmake/export_turtlesim__rosidl_generator_pyExport.cmake
[14.050s] -- Up-to-date: /home/wade/ros2_ws/install/turtlesim/share/turtlesim/cmake/export_turtlesim__rosidl_generator_pyExport-noconfig.cmake
[14.050s] -- Up-to-date: /home/wade/ros2_ws/install/turtlesim/share/turtlesim/cmake/rosidl_cmake-extras.cmake
[14.050s] -- Up-to-date: /home/wade/ros2_ws/install/turtlesim/share/turtlesim/cmake/ament_cmake_export_dependencies-extras.cmake
[14.050s] -- Up-to-date: /home/wade/ros2_ws/install/turtlesim/share/turtlesim/cmake/ament_cmake_export_include_directories-extras.cmake
[14.050s] -- Up-to-date: /home/wade/ros2_ws/install/turtlesim/share/turtlesim/cmake/ament_cmake_export_libraries-extras.cmake
[14.050s] -- Up-to-date: /home/wade/ros2_ws/install/turtlesim/share/turtlesim/cmake/ament_cmake_export_targets-extras.cmake
[14.050s] -- Up-to-date: /home/wade/ros2_ws/install/turtlesim/share/turtlesim/cmake/rosidl_cmake_export_typesupport_targets-extras.cmake
[14.050s] -- Up-to-date: /home/wade/ros2_ws/install/turtlesim/share/turtlesim/cmake/rosidl_cmake_export_typesupport_libraries-extras.cmake
[14.050s] -- Up-to-date: /home/wade/ros2_ws/install/turtlesim/share/turtlesim/cmake/turtlesimConfig.cmake
[14.050s] -- Up-to-date: /home/wade/ros2_ws/install/turtlesim/share/turtlesim/cmake/turtlesimConfig-version.cmake
[14.050s] -- Up-to-date: /home/wade/ros2_ws/install/turtlesim/share/turtlesim/package.xml
[14.053s] Invoked command in '/home/wade/ros2_ws/build/turtlesim' returned '0': CMAKE_PREFIX_PATH=/opt/ros/humble /usr/bin/cmake --install /home/wade/ros2_ws/build/turtlesim
