[5.405s] Invoking command in '/home/wade/ros2_ws/src/examples/rclpy/guard_conditions': PYTHONPATH=/home/wade/ros2_ws/build/examples_rclpy_guard_conditions/prefix_override:/usr/lib/python3/dist-packages/colcon_core/task/python/colcon_distutils_commands:/home/wade/ros2_ws/install/examples_rclpy_guard_conditions/lib/python3.10/site-packages:${PYTHONPATH} /usr/bin/python3 -W ignore:setup.py install is deprecated -W ignore:easy_install command is deprecated setup.py egg_info --egg-base ../../../../build/examples_rclpy_guard_conditions build --build-base /home/wade/ros2_ws/build/examples_rclpy_guard_conditions/build install --record /home/wade/ros2_ws/build/examples_rclpy_guard_conditions/install.log --single-version-externally-managed install_data
[5.954s] running egg_info
[5.955s] writing ../../../../build/examples_rclpy_guard_conditions/examples_rclpy_guard_conditions.egg-info/PKG-INFO
[5.956s] writing dependency_links to ../../../../build/examples_rclpy_guard_conditions/examples_rclpy_guard_conditions.egg-info/dependency_links.txt
[5.956s] writing entry points to ../../../../build/examples_rclpy_guard_conditions/examples_rclpy_guard_conditions.egg-info/entry_points.txt
[5.956s] writing requirements to ../../../../build/examples_rclpy_guard_conditions/examples_rclpy_guard_conditions.egg-info/requires.txt
[5.957s] writing top-level names to ../../../../build/examples_rclpy_guard_conditions/examples_rclpy_guard_conditions.egg-info/top_level.txt
[5.961s] reading manifest file '../../../../build/examples_rclpy_guard_conditions/examples_rclpy_guard_conditions.egg-info/SOURCES.txt'
[5.962s] writing manifest file '../../../../build/examples_rclpy_guard_conditions/examples_rclpy_guard_conditions.egg-info/SOURCES.txt'
[5.962s] running build
[5.962s] running build_py
[5.963s] running install
[5.963s] running install_lib
[5.966s] running install_data
[5.966s] running install_egg_info
[5.969s] removing '/home/wade/ros2_ws/install/examples_rclpy_guard_conditions/lib/python3.10/site-packages/examples_rclpy_guard_conditions-0.15.3-py3.10.egg-info' (and everything under it)
[5.970s] Copying ../../../../build/examples_rclpy_guard_conditions/examples_rclpy_guard_conditions.egg-info to /home/wade/ros2_ws/install/examples_rclpy_guard_conditions/lib/python3.10/site-packages/examples_rclpy_guard_conditions-0.15.3-py3.10.egg-info
[5.971s] running install_scripts
[6.011s] Installing trigger_guard_condition script to /home/wade/ros2_ws/install/examples_rclpy_guard_conditions/lib/examples_rclpy_guard_conditions
[6.011s] writing list of installed files to '/home/wade/ros2_ws/build/examples_rclpy_guard_conditions/install.log'
[6.051s] Invoked command in '/home/wade/ros2_ws/src/examples/rclpy/guard_conditions' returned '0': PYTHONPATH=/home/wade/ros2_ws/build/examples_rclpy_guard_conditions/prefix_override:/usr/lib/python3/dist-packages/colcon_core/task/python/colcon_distutils_commands:/home/wade/ros2_ws/install/examples_rclpy_guard_conditions/lib/python3.10/site-packages:${PYTHONPATH} /usr/bin/python3 -W ignore:setup.py install is deprecated -W ignore:easy_install command is deprecated setup.py egg_info --egg-base ../../../../build/examples_rclpy_guard_conditions build --build-base /home/wade/ros2_ws/build/examples_rclpy_guard_conditions/build install --record /home/wade/ros2_ws/build/examples_rclpy_guard_conditions/install.log --single-version-externally-managed install_data
