[0.070s] Invoking command in '/home/wade/ros2_ws/build/examples_rclcpp_minimal_action_client': CMAKE_PREFIX_PATH=/opt/ros/humble /usr/bin/cmake /home/wade/ros2_ws/src/examples/rclcpp/actions/minimal_action_client -DCMAKE_INSTALL_PREFIX=/home/wade/ros2_ws/install/examples_rclcpp_minimal_action_client
[0.121s] -- Found ament_cmake: 1.3.11 (/opt/ros/humble/share/ament_cmake/cmake)
[0.443s] -- Override CMake install command with custom implementation using symlinks instead of copying resources
[0.466s] -- Found example_interfaces: 0.9.3 (/opt/ros/humble/share/example_interfaces/cmake)
[0.532s] -- Found rosidl_generator_c: 3.1.6 (/opt/ros/humble/share/rosidl_generator_c/cmake)
[0.539s] -- Found rosidl_adapter: 3.1.6 (/opt/ros/humble/share/rosidl_adapter/cmake)
[0.556s] -- Found rosidl_generator_cpp: 3.1.6 (/opt/ros/humble/share/rosidl_generator_cpp/cmake)
[0.591s] -- Using all available rosidl_typesupport_c: rosidl_typesupport_fastrtps_c;rosidl_typesupport_introspection_c
[0.619s] -- Using all available rosidl_typesupport_cpp: rosidl_typesupport_fastrtps_cpp;rosidl_typesupport_introspection_cpp
[0.760s] -- Found rclcpp: 16.0.11 (/opt/ros/humble/share/rclcpp/cmake)
[0.837s] -- Found rmw_implementation_cmake: 6.1.2 (/opt/ros/humble/share/rmw_implementation_cmake/cmake)
[0.839s] -- Found rmw_fastrtps_cpp: 6.2.7 (/opt/ros/humble/share/rmw_fastrtps_cpp/cmake)
[1.133s] -- Using RMW implementation 'rmw_fastrtps_cpp' as default
[1.281s] -- Found rclcpp_action: 16.0.11 (/opt/ros/humble/share/rclcpp_action/cmake)
[1.314s] -- Found ament_lint_auto: 0.12.11 (/opt/ros/humble/share/ament_lint_auto/cmake)
[1.480s] -- Added test 'copyright' to check source files copyright and LICENSE
[1.482s] -- Added test 'cppcheck' to perform static code analysis on C / C++ code
[1.482s] -- Configured cppcheck include dirs: 
[1.482s] -- Configured cppcheck exclude dirs and/or files: 
[1.483s] -- Added test 'cpplint' to check C / C++ code against the Google style
[1.483s] -- Configured cpplint exclude dirs and/or files: 
[1.483s] -- Added test 'lint_cmake' to check CMake code style
[1.484s] -- Added test 'uncrustify' to check C / C++ code style
[1.484s] -- Configured uncrustify additional arguments: 
[1.484s] -- Added test 'xmllint' to check XML markup files
[1.485s] -- Configuring done
[1.520s] -- Generating done
[1.539s] -- Build files have been written to: /home/wade/ros2_ws/build/examples_rclcpp_minimal_action_client
[1.578s] Invoked command in '/home/wade/ros2_ws/build/examples_rclcpp_minimal_action_client' returned '0': CMAKE_PREFIX_PATH=/opt/ros/humble /usr/bin/cmake /home/wade/ros2_ws/src/examples/rclcpp/actions/minimal_action_client -DCMAKE_INSTALL_PREFIX=/home/wade/ros2_ws/install/examples_rclcpp_minimal_action_client
[1.580s] Invoking command in '/home/wade/ros2_ws/build/examples_rclcpp_minimal_action_client': CMAKE_PREFIX_PATH=/opt/ros/humble /usr/bin/cmake --build /home/wade/ros2_ws/build/examples_rclcpp_minimal_action_client -- -j12 -l12
[1.692s] [35m[1mConsolidate compiler generated dependencies of target action_client_not_composable[0m
[1.693s] [35m[1mConsolidate compiler generated dependencies of target action_client_member_functions[0m
[1.701s] [35m[1mConsolidate compiler generated dependencies of target action_client_not_composable_with_cancel[0m
[1.713s] [35m[1mConsolidate compiler generated dependencies of target action_client_not_composable_with_feedback[0m
[1.742s] [ 25%] Built target action_client_not_composable
[1.744s] [ 50%] Built target action_client_member_functions
[1.755s] [ 75%] Built target action_client_not_composable_with_cancel
[1.766s] [100%] Built target action_client_not_composable_with_feedback
[2.283s] Invoked command in '/home/wade/ros2_ws/build/examples_rclcpp_minimal_action_client' returned '0': CMAKE_PREFIX_PATH=/opt/ros/humble /usr/bin/cmake --build /home/wade/ros2_ws/build/examples_rclcpp_minimal_action_client -- -j12 -l12
[2.285s] Invoking command in '/home/wade/ros2_ws/build/examples_rclcpp_minimal_action_client': CMAKE_PREFIX_PATH=/opt/ros/humble /usr/bin/cmake --install /home/wade/ros2_ws/build/examples_rclcpp_minimal_action_client
[2.350s] -- Install configuration: ""
[2.350s] -- Execute custom install script
[2.350s] -- Up-to-date symlink: /home/wade/ros2_ws/install/examples_rclcpp_minimal_action_client/lib/examples_rclcpp_minimal_action_client/action_client_member_functions
[2.351s] -- Up-to-date symlink: /home/wade/ros2_ws/install/examples_rclcpp_minimal_action_client/lib/examples_rclcpp_minimal_action_client/action_client_not_composable
[2.351s] -- Up-to-date symlink: /home/wade/ros2_ws/install/examples_rclcpp_minimal_action_client/lib/examples_rclcpp_minimal_action_client/action_client_not_composable_with_cancel
[2.351s] -- Up-to-date symlink: /home/wade/ros2_ws/install/examples_rclcpp_minimal_action_client/lib/examples_rclcpp_minimal_action_client/action_client_not_composable_with_feedback
[2.351s] -- Up-to-date symlink: /home/wade/ros2_ws/install/examples_rclcpp_minimal_action_client/share/ament_index/resource_index/package_run_dependencies/examples_rclcpp_minimal_action_client
[2.351s] -- Up-to-date symlink: /home/wade/ros2_ws/install/examples_rclcpp_minimal_action_client/share/ament_index/resource_index/parent_prefix_path/examples_rclcpp_minimal_action_client
[2.351s] -- Up-to-date symlink: /home/wade/ros2_ws/install/examples_rclcpp_minimal_action_client/share/examples_rclcpp_minimal_action_client/environment/ament_prefix_path.sh
[2.351s] -- Up-to-date symlink: /home/wade/ros2_ws/install/examples_rclcpp_minimal_action_client/share/examples_rclcpp_minimal_action_client/environment/ament_prefix_path.dsv
[2.351s] -- Up-to-date symlink: /home/wade/ros2_ws/install/examples_rclcpp_minimal_action_client/share/examples_rclcpp_minimal_action_client/environment/path.sh
[2.351s] -- Up-to-date symlink: /home/wade/ros2_ws/install/examples_rclcpp_minimal_action_client/share/examples_rclcpp_minimal_action_client/environment/path.dsv
[2.352s] -- Up-to-date symlink: /home/wade/ros2_ws/install/examples_rclcpp_minimal_action_client/share/examples_rclcpp_minimal_action_client/local_setup.bash
[2.352s] -- Up-to-date symlink: /home/wade/ros2_ws/install/examples_rclcpp_minimal_action_client/share/examples_rclcpp_minimal_action_client/local_setup.sh
[2.352s] -- Up-to-date symlink: /home/wade/ros2_ws/install/examples_rclcpp_minimal_action_client/share/examples_rclcpp_minimal_action_client/local_setup.zsh
[2.352s] -- Up-to-date symlink: /home/wade/ros2_ws/install/examples_rclcpp_minimal_action_client/share/examples_rclcpp_minimal_action_client/local_setup.dsv
[2.352s] -- Symlinking: /home/wade/ros2_ws/install/examples_rclcpp_minimal_action_client/share/examples_rclcpp_minimal_action_client/package.dsv
[2.352s] -- Up-to-date symlink: /home/wade/ros2_ws/install/examples_rclcpp_minimal_action_client/share/ament_index/resource_index/packages/examples_rclcpp_minimal_action_client
[2.352s] -- Up-to-date symlink: /home/wade/ros2_ws/install/examples_rclcpp_minimal_action_client/share/examples_rclcpp_minimal_action_client/cmake/examples_rclcpp_minimal_action_clientConfig.cmake
[2.352s] -- Up-to-date symlink: /home/wade/ros2_ws/install/examples_rclcpp_minimal_action_client/share/examples_rclcpp_minimal_action_client/cmake/examples_rclcpp_minimal_action_clientConfig-version.cmake
[2.352s] -- Up-to-date symlink: /home/wade/ros2_ws/install/examples_rclcpp_minimal_action_client/share/examples_rclcpp_minimal_action_client/package.xml
[2.891s] Invoked command in '/home/wade/ros2_ws/build/examples_rclcpp_minimal_action_client' returned '0': CMAKE_PREFIX_PATH=/opt/ros/humble /usr/bin/cmake --install /home/wade/ros2_ws/build/examples_rclcpp_minimal_action_client
