[3.435s] Invoking command in '/home/wade/ros2_ws/build/turtlesim': CMAKE_PREFIX_PATH=/opt/ros/humble /usr/bin/cmake /home/wade/ros2_ws/src/ros_tutorials/turtlesim -DCMAKE_INSTALL_PREFIX=/home/wade/ros2_ws/install/turtlesim
[3.522s] -- The C compiler identification is GNU 11.4.0
[3.623s] -- The CXX compiler identification is GNU 11.4.0
[3.635s] -- Detecting C compiler ABI info
[3.804s] -- Detecting C compiler ABI info - done
[3.814s] -- Check for working C compiler: /usr/bin/cc - skipped
[3.815s] -- Detecting C compile features
[3.816s] -- Detecting C compile features - done
[3.822s] -- Detecting CXX compiler ABI info
[4.059s] -- Detecting CXX compiler ABI info - done
[4.069s] -- Check for working CXX compiler: /usr/bin/c++ - skipped
[4.070s] -- Detecting CXX compile features
[4.070s] -- Detecting CXX compile features - done
[4.074s] -- Found ament_cmake: 1.3.11 (/opt/ros/humble/share/ament_cmake/cmake)
[4.284s] -- Found Python3: /usr/bin/python3 (found version "3.10.12") found components: Interpreter 
[4.396s] -- Found ament_index_cpp: 1.4.0 (/opt/ros/humble/share/ament_index_cpp/cmake)
[4.399s] -- Found geometry_msgs: 4.2.4 (/opt/ros/humble/share/geometry_msgs/cmake)
[4.442s] -- Found rosidl_generator_c: 3.1.6 (/opt/ros/humble/share/rosidl_generator_c/cmake)
[4.447s] -- Found rosidl_adapter: 3.1.6 (/opt/ros/humble/share/rosidl_adapter/cmake)
[4.456s] -- Found rosidl_generator_cpp: 3.1.6 (/opt/ros/humble/share/rosidl_generator_cpp/cmake)
[4.471s] -- Using all available rosidl_typesupport_c: rosidl_typesupport_fastrtps_c;rosidl_typesupport_introspection_c
[4.487s] -- Using all available rosidl_typesupport_cpp: rosidl_typesupport_fastrtps_cpp;rosidl_typesupport_introspection_cpp
[4.561s] -- Found rclcpp: 16.0.11 (/opt/ros/humble/share/rclcpp/cmake)
[4.615s] -- Found rmw_implementation_cmake: 6.1.2 (/opt/ros/humble/share/rmw_implementation_cmake/cmake)
[4.618s] -- Found rmw_fastrtps_cpp: 6.2.7 (/opt/ros/humble/share/rmw_fastrtps_cpp/cmake)
[4.749s] -- Found OpenSSL: /usr/lib/x86_64-linux-gnu/libcrypto.so (found version "3.0.2")  
[4.786s] -- Found FastRTPS: /opt/ros/humble/include  
[4.830s] -- Using RMW implementation 'rmw_fastrtps_cpp' as default
[4.837s] -- Looking for pthread.h
[4.909s] -- Looking for pthread.h - found
[4.909s] -- Performing Test CMAKE_HAVE_LIBC_PTHREAD
[4.997s] -- Performing Test CMAKE_HAVE_LIBC_PTHREAD - Success
[4.999s] -- Found Threads: TRUE  
[5.040s] -- Found rclcpp_action: 16.0.11 (/opt/ros/humble/share/rclcpp_action/cmake)
[5.074s] -- Found rosidl_default_generators: 1.2.0 (/opt/ros/humble/share/rosidl_default_generators/cmake)
[5.083s] -- Found std_srvs: 4.2.4 (/opt/ros/humble/share/std_srvs/cmake)
[5.338s] -- Found ament_cmake_ros: 0.10.0 (/opt/ros/humble/share/ament_cmake_ros/cmake)
[5.574s] -- Using all available rosidl_typesupport_c: rosidl_typesupport_fastrtps_c;rosidl_typesupport_introspection_c
[5.660s] -- Using all available rosidl_typesupport_cpp: rosidl_typesupport_fastrtps_cpp;rosidl_typesupport_introspection_cpp
[5.676s] -- Found PythonInterp: /usr/bin/python3 (found suitable version "3.10.12", minimum required is "3.6") 
[5.678s] -- Found python_cmake_module: 0.10.0 (/opt/ros/humble/share/python_cmake_module/cmake)
[5.697s] -- Found PythonLibs: /usr/lib/x86_64-linux-gnu/libpython3.10.so (found suitable version "3.10.12", minimum required is "3.5") 
[5.697s] -- Using PYTHON_EXECUTABLE: /usr/bin/python3
[5.697s] -- Using PYTHON_INCLUDE_DIRS: /usr/include/python3.10
[5.698s] -- Using PYTHON_LIBRARIES: /usr/lib/x86_64-linux-gnu/libpython3.10.so
[5.713s] -- Found PythonExtra: .so  
[5.748s] -- Configuring done
[5.790s] -- Generating done
[5.802s] -- Build files have been written to: /home/wade/ros2_ws/build/turtlesim
[5.813s] Invoked command in '/home/wade/ros2_ws/build/turtlesim' returned '0': CMAKE_PREFIX_PATH=/opt/ros/humble /usr/bin/cmake /home/wade/ros2_ws/src/ros_tutorials/turtlesim -DCMAKE_INSTALL_PREFIX=/home/wade/ros2_ws/install/turtlesim
[5.815s] Invoking command in '/home/wade/ros2_ws/build/turtlesim': CMAKE_PREFIX_PATH=/opt/ros/humble /usr/bin/cmake --build /home/wade/ros2_ws/build/turtlesim -- -j12 -l12
[5.851s] [  1%] [34m[1mGenerating C code for ROS interfaces[0m
[5.859s] [  2%] [34m[1mGenerating C++ code for ROS interfaces[0m
[5.865s] [  2%] Built target ament_cmake_python_copy_turtlesim
[5.997s] running egg_info
[5.997s] creating turtlesim.egg-info
[5.997s] writing turtlesim.egg-info/PKG-INFO
[5.997s] writing dependency_links to turtlesim.egg-info/dependency_links.txt
[5.997s] writing top-level names to turtlesim.egg-info/top_level.txt
[5.997s] writing manifest file 'turtlesim.egg-info/SOURCES.txt'
[5.998s] reading manifest file 'turtlesim.egg-info/SOURCES.txt'
[5.999s] writing manifest file 'turtlesim.egg-info/SOURCES.txt'
[6.018s] [  2%] Built target ament_cmake_python_build_turtlesim_egg
[6.376s] [  2%] Built target turtlesim__cpp
[6.383s] [  4%] [34m[1mGenerating C++ type support for eProsima Fast-RTPS[0m
[6.383s] [  4%] [34m[1mGenerating C++ introspection for ROS interfaces[0m
[6.384s] [  5%] [34m[1mGenerating C++ type support dispatch for ROS interfaces[0m
[6.388s] [ 10%] [32mBuilding C object CMakeFiles/turtlesim__rosidl_generator_c.dir/rosidl_generator_c/turtlesim/msg/detail/pose__functions.c.o[0m
[6.389s] [ 10%] [32mBuilding C object CMakeFiles/turtlesim__rosidl_generator_c.dir/rosidl_generator_c/turtlesim/srv/detail/kill__functions.c.o[0m
[6.389s] [ 10%] [32mBuilding C object CMakeFiles/turtlesim__rosidl_generator_c.dir/rosidl_generator_c/turtlesim/action/detail/rotate_absolute__functions.c.o[0m
[6.389s] [ 10%] [32mBuilding C object CMakeFiles/turtlesim__rosidl_generator_c.dir/rosidl_generator_c/turtlesim/srv/detail/teleport_absolute__functions.c.o[0m
[6.389s] [ 10%] [32mBuilding C object CMakeFiles/turtlesim__rosidl_generator_c.dir/rosidl_generator_c/turtlesim/srv/detail/set_pen__functions.c.o[0m
[6.389s] [ 12%] [32mBuilding C object CMakeFiles/turtlesim__rosidl_generator_c.dir/rosidl_generator_c/turtlesim/msg/detail/color__functions.c.o[0m
[6.389s] [ 12%] [32mBuilding C object CMakeFiles/turtlesim__rosidl_generator_c.dir/rosidl_generator_c/turtlesim/srv/detail/spawn__functions.c.o[0m
[6.389s] [ 13%] [32mBuilding C object CMakeFiles/turtlesim__rosidl_generator_c.dir/rosidl_generator_c/turtlesim/srv/detail/teleport_relative__functions.c.o[0m
[6.487s] [ 14%] [32m[1mLinking C shared library libturtlesim__rosidl_generator_c.so[0m
[6.519s] [ 14%] Built target turtlesim__rosidl_generator_c
[6.526s] [ 16%] [34m[1mGenerating C type support dispatch for ROS interfaces[0m
[6.526s] [ 16%] [34m[1mGenerating C introspection for ROS interfaces[0m
[6.526s] [ 17%] [34m[1mGenerating C type support for eProsima Fast-RTPS[0m
[6.692s] [ 20%] [32mBuilding CXX object CMakeFiles/turtlesim__rosidl_typesupport_cpp.dir/rosidl_typesupport_cpp/turtlesim/msg/pose__type_support.cpp.o[0m
[6.692s] [ 20%] [32mBuilding CXX object CMakeFiles/turtlesim__rosidl_typesupport_cpp.dir/rosidl_typesupport_cpp/turtlesim/srv/spawn__type_support.cpp.o[0m
[6.692s] [ 20%] [32mBuilding CXX object CMakeFiles/turtlesim__rosidl_typesupport_cpp.dir/rosidl_typesupport_cpp/turtlesim/srv/set_pen__type_support.cpp.o[0m
[6.693s] [ 22%] [32mBuilding CXX object CMakeFiles/turtlesim__rosidl_typesupport_cpp.dir/rosidl_typesupport_cpp/turtlesim/srv/teleport_absolute__type_support.cpp.o[0m
[6.694s] [ 23%] [32mBuilding CXX object CMakeFiles/turtlesim__rosidl_typesupport_cpp.dir/rosidl_typesupport_cpp/turtlesim/srv/kill__type_support.cpp.o[0m
[6.694s] [ 24%] [32mBuilding CXX object CMakeFiles/turtlesim__rosidl_typesupport_cpp.dir/rosidl_typesupport_cpp/turtlesim/action/rotate_absolute__type_support.cpp.o[0m
[6.694s] [ 24%] [32mBuilding CXX object CMakeFiles/turtlesim__rosidl_typesupport_cpp.dir/rosidl_typesupport_cpp/turtlesim/msg/color__type_support.cpp.o[0m
[6.920s] [ 25%] [32mBuilding CXX object CMakeFiles/turtlesim__rosidl_typesupport_introspection_cpp.dir/rosidl_typesupport_introspection_cpp/turtlesim/action/detail/rotate_absolute__type_support.cpp.o[0m
[6.945s] [ 26%] [32mBuilding CXX object CMakeFiles/turtlesim__rosidl_typesupport_c.dir/rosidl_typesupport_c/turtlesim/action/rotate_absolute__type_support.cpp.o[0m
[6.949s] [ 28%] [32mBuilding CXX object CMakeFiles/turtlesim__rosidl_typesupport_cpp.dir/rosidl_typesupport_cpp/turtlesim/srv/teleport_relative__type_support.cpp.o[0m
[6.950s] [ 28%] [32mBuilding CXX object CMakeFiles/turtlesim__rosidl_typesupport_introspection_cpp.dir/rosidl_typesupport_introspection_cpp/turtlesim/msg/detail/color__type_support.cpp.o[0m
[6.954s] [ 29%] [32mBuilding CXX object CMakeFiles/turtlesim__rosidl_typesupport_introspection_cpp.dir/rosidl_typesupport_introspection_cpp/turtlesim/msg/detail/pose__type_support.cpp.o[0m
[6.954s] [ 30%] [32mBuilding CXX object CMakeFiles/turtlesim__rosidl_typesupport_c.dir/rosidl_typesupport_c/turtlesim/msg/color__type_support.cpp.o[0m
[6.954s] [ 31%] [32mBuilding CXX object CMakeFiles/turtlesim__rosidl_typesupport_introspection_cpp.dir/rosidl_typesupport_introspection_cpp/turtlesim/srv/detail/kill__type_support.cpp.o[0m
[6.962s] [ 32%] [32mBuilding CXX object CMakeFiles/turtlesim__rosidl_typesupport_introspection_cpp.dir/rosidl_typesupport_introspection_cpp/turtlesim/srv/detail/set_pen__type_support.cpp.o[0m
[6.989s] [ 33%] [32mBuilding CXX object CMakeFiles/turtlesim__rosidl_typesupport_introspection_cpp.dir/rosidl_typesupport_introspection_cpp/turtlesim/srv/detail/spawn__type_support.cpp.o[0m
[6.997s] [ 34%] [32mBuilding CXX object CMakeFiles/turtlesim__rosidl_typesupport_c.dir/rosidl_typesupport_c/turtlesim/msg/pose__type_support.cpp.o[0m
[7.032s] [ 35%] [32mBuilding CXX object CMakeFiles/turtlesim__rosidl_typesupport_c.dir/rosidl_typesupport_c/turtlesim/srv/kill__type_support.cpp.o[0m
[7.043s] [ 36%] [32mBuilding CXX object CMakeFiles/turtlesim__rosidl_typesupport_fastrtps_cpp.dir/rosidl_typesupport_fastrtps_cpp/turtlesim/action/detail/dds_fastrtps/rotate_absolute__type_support.cpp.o[0m
[7.065s] [ 37%] [32mBuilding CXX object CMakeFiles/turtlesim__rosidl_typesupport_c.dir/rosidl_typesupport_c/turtlesim/srv/set_pen__type_support.cpp.o[0m
[7.099s] [ 38%] [32mBuilding CXX object CMakeFiles/turtlesim__rosidl_typesupport_c.dir/rosidl_typesupport_c/turtlesim/srv/spawn__type_support.cpp.o[0m
[7.133s] [ 39%] [32mBuilding CXX object CMakeFiles/turtlesim__rosidl_typesupport_c.dir/rosidl_typesupport_c/turtlesim/srv/teleport_absolute__type_support.cpp.o[0m
[7.166s] [ 40%] [32mBuilding CXX object CMakeFiles/turtlesim__rosidl_typesupport_c.dir/rosidl_typesupport_c/turtlesim/srv/teleport_relative__type_support.cpp.o[0m
[7.182s] [ 41%] [32mBuilding C object CMakeFiles/turtlesim__rosidl_typesupport_introspection_c.dir/rosidl_typesupport_introspection_c/turtlesim/action/detail/rotate_absolute__type_support.c.o[0m
[7.193s] [ 43%] [32m[1mLinking CXX shared library libturtlesim__rosidl_typesupport_cpp.so[0m
[7.193s] [ 43%] [32mBuilding C object CMakeFiles/turtlesim__rosidl_typesupport_introspection_c.dir/rosidl_typesupport_introspection_c/turtlesim/msg/detail/color__type_support.c.o[0m
[7.204s] [ 44%] [32m[1mLinking CXX shared library libturtlesim__rosidl_typesupport_c.so[0m
[7.207s] [ 45%] [32mBuilding CXX object CMakeFiles/turtlesim__rosidl_typesupport_fastrtps_c.dir/rosidl_typesupport_fastrtps_c/turtlesim/action/detail/rotate_absolute__type_support_c.cpp.o[0m
[7.233s] [ 46%] [32mBuilding C object CMakeFiles/turtlesim__rosidl_typesupport_introspection_c.dir/rosidl_typesupport_introspection_c/turtlesim/msg/detail/pose__type_support.c.o[0m
[7.237s] [ 47%] [32mBuilding C object CMakeFiles/turtlesim__rosidl_typesupport_introspection_c.dir/rosidl_typesupport_introspection_c/turtlesim/srv/detail/kill__type_support.c.o[0m
[7.246s] [ 47%] Built target turtlesim__rosidl_typesupport_cpp
[7.256s] [ 48%] [32mBuilding C object CMakeFiles/turtlesim__rosidl_typesupport_introspection_c.dir/rosidl_typesupport_introspection_c/turtlesim/srv/detail/set_pen__type_support.c.o[0m
[7.258s] [ 48%] Built target turtlesim__rosidl_typesupport_c
[7.266s] [ 49%] [32mBuilding CXX object CMakeFiles/turtlesim__rosidl_typesupport_fastrtps_cpp.dir/rosidl_typesupport_fastrtps_cpp/turtlesim/msg/detail/dds_fastrtps/color__type_support.cpp.o[0m
[7.272s] [ 50%] [32mBuilding C object CMakeFiles/turtlesim__rosidl_typesupport_introspection_c.dir/rosidl_typesupport_introspection_c/turtlesim/srv/detail/spawn__type_support.c.o[0m
[7.279s] [ 51%] [32mBuilding CXX object CMakeFiles/turtlesim__rosidl_typesupport_fastrtps_cpp.dir/rosidl_typesupport_fastrtps_cpp/turtlesim/msg/detail/dds_fastrtps/pose__type_support.cpp.o[0m
[7.286s] [ 52%] [32mBuilding CXX object CMakeFiles/turtlesim__rosidl_typesupport_fastrtps_c.dir/rosidl_typesupport_fastrtps_c/turtlesim/msg/detail/color__type_support_c.cpp.o[0m
[7.291s] [ 53%] [34m[1mGenerating include/turtlesim/moc_turtle_frame.cpp[0m
[7.291s] [ 54%] [32mBuilding CXX object CMakeFiles/turtlesim__rosidl_typesupport_fastrtps_c.dir/rosidl_typesupport_fastrtps_c/turtlesim/msg/detail/pose__type_support_c.cpp.o[0m
[7.298s] [ 55%] [32mBuilding C object CMakeFiles/turtlesim__rosidl_typesupport_introspection_c.dir/rosidl_typesupport_introspection_c/turtlesim/srv/detail/teleport_absolute__type_support.c.o[0m
[7.314s] [ 57%] [32mBuilding CXX object CMakeFiles/turtlesim__rosidl_typesupport_fastrtps_cpp.dir/rosidl_typesupport_fastrtps_cpp/turtlesim/srv/detail/dds_fastrtps/kill__type_support.cpp.o[0m
[7.314s] [ 57%] [32mBuilding CXX object CMakeFiles/turtlesim__rosidl_typesupport_introspection_cpp.dir/rosidl_typesupport_introspection_cpp/turtlesim/srv/detail/teleport_absolute__type_support.cpp.o[0m
[7.336s] [ 58%] [32mBuilding C object CMakeFiles/turtlesim__rosidl_typesupport_introspection_c.dir/rosidl_typesupport_introspection_c/turtlesim/srv/detail/teleport_relative__type_support.c.o[0m
[7.357s] [ 59%] [32mBuilding CXX object CMakeFiles/turtle_teleop_key.dir/tutorials/teleop_turtle_key.cpp.o[0m
[7.375s] [ 60%] [32m[1mLinking C shared library libturtlesim__rosidl_typesupport_introspection_c.so[0m
[7.385s] [ 61%] [32mBuilding CXX object CMakeFiles/turtlesim_node.dir/src/turtlesim.cpp.o[0m
[7.416s] [ 61%] Built target turtlesim__rosidl_typesupport_introspection_c
[7.426s] [ 62%] [32mBuilding CXX object CMakeFiles/turtlesim_node.dir/src/turtle.cpp.o[0m
[7.477s] [ 63%] [32mBuilding CXX object CMakeFiles/turtlesim__rosidl_typesupport_fastrtps_c.dir/rosidl_typesupport_fastrtps_c/turtlesim/srv/detail/kill__type_support_c.cpp.o[0m
[7.557s] [ 64%] [32mBuilding CXX object CMakeFiles/turtlesim__rosidl_typesupport_fastrtps_cpp.dir/rosidl_typesupport_fastrtps_cpp/turtlesim/srv/detail/dds_fastrtps/set_pen__type_support.cpp.o[0m
[7.576s] [ 65%] [32mBuilding CXX object CMakeFiles/turtlesim__rosidl_typesupport_fastrtps_cpp.dir/rosidl_typesupport_fastrtps_cpp/turtlesim/srv/detail/dds_fastrtps/spawn__type_support.cpp.o[0m
[7.601s] [ 66%] [32mBuilding CXX object CMakeFiles/draw_square.dir/tutorials/draw_square.cpp.o[0m
[7.618s] [ 67%] [32mBuilding CXX object CMakeFiles/turtlesim_node.dir/src/turtle_frame.cpp.o[0m
[7.618s] [ 68%] [32mBuilding CXX object CMakeFiles/turtlesim__rosidl_typesupport_introspection_cpp.dir/rosidl_typesupport_introspection_cpp/turtlesim/srv/detail/teleport_relative__type_support.cpp.o[0m
[7.628s] [ 69%] [32mBuilding CXX object CMakeFiles/turtlesim__rosidl_typesupport_fastrtps_c.dir/rosidl_typesupport_fastrtps_c/turtlesim/srv/detail/set_pen__type_support_c.cpp.o[0m
[7.664s] [ 70%] [32mBuilding CXX object CMakeFiles/turtlesim__rosidl_typesupport_fastrtps_c.dir/rosidl_typesupport_fastrtps_c/turtlesim/srv/detail/spawn__type_support_c.cpp.o[0m
[7.678s] [ 71%] [32mBuilding CXX object CMakeFiles/turtlesim__rosidl_typesupport_fastrtps_c.dir/rosidl_typesupport_fastrtps_c/turtlesim/srv/detail/teleport_absolute__type_support_c.cpp.o[0m
[7.806s] [ 72%] [32mBuilding CXX object CMakeFiles/mimic.dir/tutorials/mimic.cpp.o[0m
[7.937s] [ 73%] [32mBuilding CXX object CMakeFiles/turtlesim__rosidl_typesupport_fastrtps_cpp.dir/rosidl_typesupport_fastrtps_cpp/turtlesim/srv/detail/dds_fastrtps/teleport_absolute__type_support.cpp.o[0m
[7.942s] [ 74%] [32mBuilding CXX object CMakeFiles/turtlesim__rosidl_typesupport_fastrtps_cpp.dir/rosidl_typesupport_fastrtps_cpp/turtlesim/srv/detail/dds_fastrtps/teleport_relative__type_support.cpp.o[0m
[7.953s] [ 75%] [32mBuilding CXX object CMakeFiles/turtlesim__rosidl_typesupport_fastrtps_c.dir/rosidl_typesupport_fastrtps_c/turtlesim/srv/detail/teleport_relative__type_support_c.cpp.o[0m
[7.965s] [ 76%] [32m[1mLinking CXX shared library libturtlesim__rosidl_typesupport_introspection_cpp.so[0m
[7.982s] [ 77%] [32mBuilding CXX object CMakeFiles/turtlesim_node.dir/include/turtlesim/moc_turtle_frame.cpp.o[0m
[8.057s] [ 77%] Built target turtlesim__rosidl_typesupport_introspection_cpp
[8.267s] [ 78%] [32m[1mLinking CXX shared library libturtlesim__rosidl_typesupport_fastrtps_c.so[0m
[8.309s] [ 79%] [32m[1mLinking CXX shared library libturtlesim__rosidl_typesupport_fastrtps_cpp.so[0m
[8.357s] [ 79%] Built target turtlesim__rosidl_typesupport_fastrtps_c
[8.384s] [ 79%] Built target turtlesim__rosidl_typesupport_fastrtps_cpp
[8.407s] [ 79%] Built target turtlesim
[8.429s] [ 80%] [34m[1mGenerating Python code for ROS interfaces[0m
[9.941s] [ 80%] Built target turtlesim__py
[9.969s] [ 83%] [32mBuilding C object CMakeFiles/turtlesim__rosidl_generator_py.dir/rosidl_generator_py/turtlesim/srv/_kill_s.c.o[0m
[9.969s] [ 83%] [32mBuilding C object CMakeFiles/turtlesim__rosidl_generator_py.dir/rosidl_generator_py/turtlesim/msg/_color_s.c.o[0m
[9.969s] [ 83%] [32mBuilding C object CMakeFiles/turtlesim__rosidl_generator_py.dir/rosidl_generator_py/turtlesim/action/_rotate_absolute_s.c.o[0m
[9.969s] [ 84%] [32mBuilding C object CMakeFiles/turtlesim__rosidl_generator_py.dir/rosidl_generator_py/turtlesim/msg/_pose_s.c.o[0m
[9.969s] [ 85%] [32mBuilding C object CMakeFiles/turtlesim__rosidl_generator_py.dir/rosidl_generator_py/turtlesim/srv/_set_pen_s.c.o[0m
[10.092s] [ 86%] [32mBuilding C object CMakeFiles/turtlesim__rosidl_generator_py.dir/rosidl_generator_py/turtlesim/srv/_spawn_s.c.o[0m
[10.094s] [ 87%] [32mBuilding C object CMakeFiles/turtlesim__rosidl_generator_py.dir/rosidl_generator_py/turtlesim/srv/_teleport_absolute_s.c.o[0m
[10.095s] [ 88%] [32mBuilding C object CMakeFiles/turtlesim__rosidl_generator_py.dir/rosidl_generator_py/turtlesim/srv/_teleport_relative_s.c.o[0m
[10.206s] [ 89%] [32m[1mLinking C shared library rosidl_generator_py/turtlesim/libturtlesim__rosidl_generator_py.so[0m
[10.251s] [ 89%] Built target turtlesim__rosidl_generator_py
[10.270s] [ 92%] [32mBuilding C object CMakeFiles/turtlesim__rosidl_typesupport_c__pyext.dir/rosidl_generator_py/turtlesim/_turtlesim_s.ep.rosidl_typesupport_c.c.o[0m
[10.270s] [ 92%] [32mBuilding C object CMakeFiles/turtlesim__rosidl_typesupport_introspection_c__pyext.dir/rosidl_generator_py/turtlesim/_turtlesim_s.ep.rosidl_typesupport_introspection_c.c.o[0m
[10.271s] [ 92%] [32mBuilding C object CMakeFiles/turtlesim__rosidl_typesupport_fastrtps_c__pyext.dir/rosidl_generator_py/turtlesim/_turtlesim_s.ep.rosidl_typesupport_fastrtps_c.c.o[0m
[10.414s] [ 93%] [32m[1mLinking C shared library rosidl_generator_py/turtlesim/turtlesim_s__rosidl_typesupport_fastrtps_c.cpython-310-x86_64-linux-gnu.so[0m
[10.426s] [ 94%] [32m[1mLinking C shared library rosidl_generator_py/turtlesim/turtlesim_s__rosidl_typesupport_introspection_c.cpython-310-x86_64-linux-gnu.so[0m
[10.426s] [ 95%] [32m[1mLinking C shared library rosidl_generator_py/turtlesim/turtlesim_s__rosidl_typesupport_c.cpython-310-x86_64-linux-gnu.so[0m
[10.458s] [ 95%] Built target turtlesim__rosidl_typesupport_fastrtps_c__pyext
[10.466s] [ 95%] Built target turtlesim__rosidl_typesupport_c__pyext
[10.466s] [ 95%] Built target turtlesim__rosidl_typesupport_introspection_c__pyext
[12.471s] [ 96%] [32m[1mLinking CXX executable turtle_teleop_key[0m
[12.664s] [ 96%] Built target turtle_teleop_key
[13.860s] [ 97%] [32m[1mLinking CXX executable mimic[0m
[14.117s] [ 97%] Built target mimic
[14.816s] [ 98%] [32m[1mLinking CXX executable draw_square[0m
[15.092s] [ 98%] Built target draw_square
[16.373s] [100%] [32m[1mLinking CXX executable turtlesim_node[0m
[17.617s] [100%] Built target turtlesim_node
[17.628s] Invoked command in '/home/wade/ros2_ws/build/turtlesim' returned '0': CMAKE_PREFIX_PATH=/opt/ros/humble /usr/bin/cmake --build /home/wade/ros2_ws/build/turtlesim -- -j12 -l12
[17.631s] Invoking command in '/home/wade/ros2_ws/build/turtlesim': CMAKE_PREFIX_PATH=/opt/ros/humble /usr/bin/cmake --install /home/wade/ros2_ws/build/turtlesim
[17.637s] -- Install configuration: ""
[17.637s] -- Installing: /home/wade/ros2_ws/install/turtlesim/share/ament_index/resource_index/rosidl_interfaces/turtlesim
[17.637s] -- Installing: /home/wade/ros2_ws/install/turtlesim/include/turtlesim/turtlesim
[17.637s] -- Installing: /home/wade/ros2_ws/install/turtlesim/include/turtlesim/turtlesim/srv
[17.637s] -- Installing: /home/wade/ros2_ws/install/turtlesim/include/turtlesim/turtlesim/srv/spawn.h
[17.638s] -- Installing: /home/wade/ros2_ws/install/turtlesim/include/turtlesim/turtlesim/srv/set_pen.h
[17.638s] -- Installing: /home/wade/ros2_ws/install/turtlesim/include/turtlesim/turtlesim/srv/detail
[17.638s] -- Installing: /home/wade/ros2_ws/install/turtlesim/include/turtlesim/turtlesim/srv/detail/teleport_absolute__functions.c
[17.638s] -- Installing: /home/wade/ros2_ws/install/turtlesim/include/turtlesim/turtlesim/srv/detail/teleport_relative__struct.h
[17.638s] -- Installing: /home/wade/ros2_ws/install/turtlesim/include/turtlesim/turtlesim/srv/detail/spawn__functions.h
[17.638s] -- Installing: /home/wade/ros2_ws/install/turtlesim/include/turtlesim/turtlesim/srv/detail/spawn__functions.c
[17.639s] -- Installing: /home/wade/ros2_ws/install/turtlesim/include/turtlesim/turtlesim/srv/detail/set_pen__functions.c
[17.639s] -- Installing: /home/wade/ros2_ws/install/turtlesim/include/turtlesim/turtlesim/srv/detail/teleport_absolute__functions.h
[17.639s] -- Installing: /home/wade/ros2_ws/install/turtlesim/include/turtlesim/turtlesim/srv/detail/kill__type_support.h
[17.639s] -- Installing: /home/wade/ros2_ws/install/turtlesim/include/turtlesim/turtlesim/srv/detail/spawn__type_support.h
[17.639s] -- Installing: /home/wade/ros2_ws/install/turtlesim/include/turtlesim/turtlesim/srv/detail/teleport_relative__functions.h
[17.639s] -- Installing: /home/wade/ros2_ws/install/turtlesim/include/turtlesim/turtlesim/srv/detail/set_pen__functions.h
[17.639s] -- Installing: /home/wade/ros2_ws/install/turtlesim/include/turtlesim/turtlesim/srv/detail/set_pen__struct.h
[17.639s] -- Installing: /home/wade/ros2_ws/install/turtlesim/include/turtlesim/turtlesim/srv/detail/teleport_relative__functions.c
[17.639s] -- Installing: /home/wade/ros2_ws/install/turtlesim/include/turtlesim/turtlesim/srv/detail/teleport_absolute__type_support.h
[17.639s] -- Installing: /home/wade/ros2_ws/install/turtlesim/include/turtlesim/turtlesim/srv/detail/kill__functions.c
[17.639s] -- Installing: /home/wade/ros2_ws/install/turtlesim/include/turtlesim/turtlesim/srv/detail/teleport_relative__type_support.h
[17.639s] -- Installing: /home/wade/ros2_ws/install/turtlesim/include/turtlesim/turtlesim/srv/detail/kill__functions.h
[17.640s] -- Installing: /home/wade/ros2_ws/install/turtlesim/include/turtlesim/turtlesim/srv/detail/teleport_absolute__struct.h
[17.640s] -- Installing: /home/wade/ros2_ws/install/turtlesim/include/turtlesim/turtlesim/srv/detail/spawn__struct.h
[17.640s] -- Installing: /home/wade/ros2_ws/install/turtlesim/include/turtlesim/turtlesim/srv/detail/set_pen__type_support.h
[17.640s] -- Installing: /home/wade/ros2_ws/install/turtlesim/include/turtlesim/turtlesim/srv/detail/kill__struct.h
[17.640s] -- Installing: /home/wade/ros2_ws/install/turtlesim/include/turtlesim/turtlesim/srv/kill.h
[17.640s] -- Installing: /home/wade/ros2_ws/install/turtlesim/include/turtlesim/turtlesim/srv/teleport_absolute.h
[17.640s] -- Installing: /home/wade/ros2_ws/install/turtlesim/include/turtlesim/turtlesim/srv/teleport_relative.h
[17.640s] -- Installing: /home/wade/ros2_ws/install/turtlesim/include/turtlesim/turtlesim/action
[17.640s] -- Installing: /home/wade/ros2_ws/install/turtlesim/include/turtlesim/turtlesim/action/detail
[17.640s] -- Installing: /home/wade/ros2_ws/install/turtlesim/include/turtlesim/turtlesim/action/detail/rotate_absolute__functions.h
[17.640s] -- Installing: /home/wade/ros2_ws/install/turtlesim/include/turtlesim/turtlesim/action/detail/rotate_absolute__struct.h
[17.640s] -- Installing: /home/wade/ros2_ws/install/turtlesim/include/turtlesim/turtlesim/action/detail/rotate_absolute__functions.c
[17.640s] -- Installing: /home/wade/ros2_ws/install/turtlesim/include/turtlesim/turtlesim/action/detail/rotate_absolute__type_support.h
[17.641s] -- Installing: /home/wade/ros2_ws/install/turtlesim/include/turtlesim/turtlesim/action/rotate_absolute.h
[17.641s] -- Installing: /home/wade/ros2_ws/install/turtlesim/include/turtlesim/turtlesim/msg
[17.641s] -- Installing: /home/wade/ros2_ws/install/turtlesim/include/turtlesim/turtlesim/msg/detail
[17.641s] -- Installing: /home/wade/ros2_ws/install/turtlesim/include/turtlesim/turtlesim/msg/detail/pose__type_support.h
[17.641s] -- Installing: /home/wade/ros2_ws/install/turtlesim/include/turtlesim/turtlesim/msg/detail/color__functions.h
[17.641s] -- Installing: /home/wade/ros2_ws/install/turtlesim/include/turtlesim/turtlesim/msg/detail/pose__functions.c
[17.641s] -- Installing: /home/wade/ros2_ws/install/turtlesim/include/turtlesim/turtlesim/msg/detail/color__functions.c
[17.641s] -- Installing: /home/wade/ros2_ws/install/turtlesim/include/turtlesim/turtlesim/msg/detail/pose__functions.h
[17.641s] -- Installing: /home/wade/ros2_ws/install/turtlesim/include/turtlesim/turtlesim/msg/detail/color__type_support.h
[17.641s] -- Installing: /home/wade/ros2_ws/install/turtlesim/include/turtlesim/turtlesim/msg/detail/pose__struct.h
[17.641s] -- Installing: /home/wade/ros2_ws/install/turtlesim/include/turtlesim/turtlesim/msg/detail/color__struct.h
[17.641s] -- Installing: /home/wade/ros2_ws/install/turtlesim/include/turtlesim/turtlesim/msg/pose.h
[17.641s] -- Installing: /home/wade/ros2_ws/install/turtlesim/include/turtlesim/turtlesim/msg/color.h
[17.642s] -- Installing: /home/wade/ros2_ws/install/turtlesim/include/turtlesim/turtlesim/msg/rosidl_generator_c__visibility_control.h
[17.642s] -- Installing: /home/wade/ros2_ws/install/turtlesim/share/turtlesim/environment/library_path.sh
[17.642s] -- Installing: /home/wade/ros2_ws/install/turtlesim/share/turtlesim/environment/library_path.dsv
[17.642s] -- Installing: /home/wade/ros2_ws/install/turtlesim/lib/libturtlesim__rosidl_generator_c.so
[17.642s] -- Set runtime path of "/home/wade/ros2_ws/install/turtlesim/lib/libturtlesim__rosidl_generator_c.so" to ""
[17.642s] -- Up-to-date: /home/wade/ros2_ws/install/turtlesim/include/turtlesim/turtlesim
[17.642s] -- Up-to-date: /home/wade/ros2_ws/install/turtlesim/include/turtlesim/turtlesim/srv
[17.642s] -- Up-to-date: /home/wade/ros2_ws/install/turtlesim/include/turtlesim/turtlesim/srv/detail
[17.642s] -- Installing: /home/wade/ros2_ws/install/turtlesim/include/turtlesim/turtlesim/srv/detail/spawn__rosidl_typesupport_fastrtps_c.h
[17.642s] -- Installing: /home/wade/ros2_ws/install/turtlesim/include/turtlesim/turtlesim/srv/detail/teleport_relative__rosidl_typesupport_fastrtps_c.h
[17.642s] -- Installing: /home/wade/ros2_ws/install/turtlesim/include/turtlesim/turtlesim/srv/detail/set_pen__rosidl_typesupport_fastrtps_c.h
[17.643s] -- Installing: /home/wade/ros2_ws/install/turtlesim/include/turtlesim/turtlesim/srv/detail/teleport_absolute__rosidl_typesupport_fastrtps_c.h
[17.643s] -- Installing: /home/wade/ros2_ws/install/turtlesim/include/turtlesim/turtlesim/srv/detail/kill__rosidl_typesupport_fastrtps_c.h
[17.643s] -- Up-to-date: /home/wade/ros2_ws/install/turtlesim/include/turtlesim/turtlesim/action
[17.643s] -- Up-to-date: /home/wade/ros2_ws/install/turtlesim/include/turtlesim/turtlesim/action/detail
[17.643s] -- Installing: /home/wade/ros2_ws/install/turtlesim/include/turtlesim/turtlesim/action/detail/rotate_absolute__rosidl_typesupport_fastrtps_c.h
[17.643s] -- Up-to-date: /home/wade/ros2_ws/install/turtlesim/include/turtlesim/turtlesim/msg
[17.643s] -- Up-to-date: /home/wade/ros2_ws/install/turtlesim/include/turtlesim/turtlesim/msg/detail
[17.643s] -- Installing: /home/wade/ros2_ws/install/turtlesim/include/turtlesim/turtlesim/msg/detail/color__rosidl_typesupport_fastrtps_c.h
[17.643s] -- Installing: /home/wade/ros2_ws/install/turtlesim/include/turtlesim/turtlesim/msg/detail/pose__rosidl_typesupport_fastrtps_c.h
[17.643s] -- Installing: /home/wade/ros2_ws/install/turtlesim/include/turtlesim/turtlesim/msg/rosidl_typesupport_fastrtps_c__visibility_control.h
[17.643s] -- Installing: /home/wade/ros2_ws/install/turtlesim/lib/libturtlesim__rosidl_typesupport_fastrtps_c.so
[17.643s] -- Set runtime path of "/home/wade/ros2_ws/install/turtlesim/lib/libturtlesim__rosidl_typesupport_fastrtps_c.so" to ""
[17.643s] -- Up-to-date: /home/wade/ros2_ws/install/turtlesim/include/turtlesim/turtlesim
[17.644s] -- Up-to-date: /home/wade/ros2_ws/install/turtlesim/include/turtlesim/turtlesim/srv
[17.644s] -- Installing: /home/wade/ros2_ws/install/turtlesim/include/turtlesim/turtlesim/srv/teleport_relative.hpp
[17.644s] -- Up-to-date: /home/wade/ros2_ws/install/turtlesim/include/turtlesim/turtlesim/srv/detail
[17.644s] -- Installing: /home/wade/ros2_ws/install/turtlesim/include/turtlesim/turtlesim/srv/detail/teleport_absolute__builder.hpp
[17.644s] -- Installing: /home/wade/ros2_ws/install/turtlesim/include/turtlesim/turtlesim/srv/detail/set_pen__struct.hpp
[17.644s] -- Installing: /home/wade/ros2_ws/install/turtlesim/include/turtlesim/turtlesim/srv/detail/set_pen__traits.hpp
[17.644s] -- Installing: /home/wade/ros2_ws/install/turtlesim/include/turtlesim/turtlesim/srv/detail/set_pen__type_support.hpp
[17.644s] -- Installing: /home/wade/ros2_ws/install/turtlesim/include/turtlesim/turtlesim/srv/detail/teleport_absolute__type_support.hpp
[17.644s] -- Installing: /home/wade/ros2_ws/install/turtlesim/include/turtlesim/turtlesim/srv/detail/spawn__builder.hpp
[17.644s] -- Installing: /home/wade/ros2_ws/install/turtlesim/include/turtlesim/turtlesim/srv/detail/spawn__struct.hpp
[17.644s] -- Installing: /home/wade/ros2_ws/install/turtlesim/include/turtlesim/turtlesim/srv/detail/teleport_absolute__struct.hpp
[17.644s] -- Installing: /home/wade/ros2_ws/install/turtlesim/include/turtlesim/turtlesim/srv/detail/teleport_relative__builder.hpp
[17.644s] -- Installing: /home/wade/ros2_ws/install/turtlesim/include/turtlesim/turtlesim/srv/detail/set_pen__builder.hpp
[17.644s] -- Installing: /home/wade/ros2_ws/install/turtlesim/include/turtlesim/turtlesim/srv/detail/teleport_relative__type_support.hpp
[17.645s] -- Installing: /home/wade/ros2_ws/install/turtlesim/include/turtlesim/turtlesim/srv/detail/spawn__type_support.hpp
[17.645s] -- Installing: /home/wade/ros2_ws/install/turtlesim/include/turtlesim/turtlesim/srv/detail/spawn__traits.hpp
[17.645s] -- Installing: /home/wade/ros2_ws/install/turtlesim/include/turtlesim/turtlesim/srv/detail/teleport_relative__traits.hpp
[17.645s] -- Installing: /home/wade/ros2_ws/install/turtlesim/include/turtlesim/turtlesim/srv/detail/kill__traits.hpp
[17.645s] -- Installing: /home/wade/ros2_ws/install/turtlesim/include/turtlesim/turtlesim/srv/detail/kill__builder.hpp
[17.645s] -- Installing: /home/wade/ros2_ws/install/turtlesim/include/turtlesim/turtlesim/srv/detail/kill__struct.hpp
[17.645s] -- Installing: /home/wade/ros2_ws/install/turtlesim/include/turtlesim/turtlesim/srv/detail/teleport_absolute__traits.hpp
[17.645s] -- Installing: /home/wade/ros2_ws/install/turtlesim/include/turtlesim/turtlesim/srv/detail/kill__type_support.hpp
[17.645s] -- Installing: /home/wade/ros2_ws/install/turtlesim/include/turtlesim/turtlesim/srv/detail/teleport_relative__struct.hpp
[17.645s] -- Installing: /home/wade/ros2_ws/install/turtlesim/include/turtlesim/turtlesim/srv/spawn.hpp
[17.645s] -- Installing: /home/wade/ros2_ws/install/turtlesim/include/turtlesim/turtlesim/srv/set_pen.hpp
[17.645s] -- Installing: /home/wade/ros2_ws/install/turtlesim/include/turtlesim/turtlesim/srv/kill.hpp
[17.645s] -- Installing: /home/wade/ros2_ws/install/turtlesim/include/turtlesim/turtlesim/srv/teleport_absolute.hpp
[17.646s] -- Up-to-date: /home/wade/ros2_ws/install/turtlesim/include/turtlesim/turtlesim/action
[17.646s] -- Up-to-date: /home/wade/ros2_ws/install/turtlesim/include/turtlesim/turtlesim/action/detail
[17.646s] -- Installing: /home/wade/ros2_ws/install/turtlesim/include/turtlesim/turtlesim/action/detail/rotate_absolute__builder.hpp
[17.646s] -- Installing: /home/wade/ros2_ws/install/turtlesim/include/turtlesim/turtlesim/action/detail/rotate_absolute__type_support.hpp
[17.646s] -- Installing: /home/wade/ros2_ws/install/turtlesim/include/turtlesim/turtlesim/action/detail/rotate_absolute__struct.hpp
[17.646s] -- Installing: /home/wade/ros2_ws/install/turtlesim/include/turtlesim/turtlesim/action/detail/rotate_absolute__traits.hpp
[17.646s] -- Installing: /home/wade/ros2_ws/install/turtlesim/include/turtlesim/turtlesim/action/rotate_absolute.hpp
[17.646s] -- Up-to-date: /home/wade/ros2_ws/install/turtlesim/include/turtlesim/turtlesim/msg
[17.646s] -- Installing: /home/wade/ros2_ws/install/turtlesim/include/turtlesim/turtlesim/msg/pose.hpp
[17.646s] -- Installing: /home/wade/ros2_ws/install/turtlesim/include/turtlesim/turtlesim/msg/color.hpp
[17.646s] -- Up-to-date: /home/wade/ros2_ws/install/turtlesim/include/turtlesim/turtlesim/msg/detail
[17.646s] -- Installing: /home/wade/ros2_ws/install/turtlesim/include/turtlesim/turtlesim/msg/detail/color__type_support.hpp
[17.646s] -- Installing: /home/wade/ros2_ws/install/turtlesim/include/turtlesim/turtlesim/msg/detail/pose__type_support.hpp
[17.646s] -- Installing: /home/wade/ros2_ws/install/turtlesim/include/turtlesim/turtlesim/msg/detail/pose__builder.hpp
[17.646s] -- Installing: /home/wade/ros2_ws/install/turtlesim/include/turtlesim/turtlesim/msg/detail/pose__struct.hpp
[17.647s] -- Installing: /home/wade/ros2_ws/install/turtlesim/include/turtlesim/turtlesim/msg/detail/color__struct.hpp
[17.647s] -- Installing: /home/wade/ros2_ws/install/turtlesim/include/turtlesim/turtlesim/msg/detail/color__traits.hpp
[17.647s] -- Installing: /home/wade/ros2_ws/install/turtlesim/include/turtlesim/turtlesim/msg/detail/pose__traits.hpp
[17.647s] -- Installing: /home/wade/ros2_ws/install/turtlesim/include/turtlesim/turtlesim/msg/detail/color__builder.hpp
[17.647s] -- Installing: /home/wade/ros2_ws/install/turtlesim/include/turtlesim/turtlesim/msg/rosidl_generator_cpp__visibility_control.hpp
[17.647s] -- Up-to-date: /home/wade/ros2_ws/install/turtlesim/include/turtlesim/turtlesim
[17.647s] -- Up-to-date: /home/wade/ros2_ws/install/turtlesim/include/turtlesim/turtlesim/srv
[17.647s] -- Up-to-date: /home/wade/ros2_ws/install/turtlesim/include/turtlesim/turtlesim/srv/detail
[17.647s] -- Installing: /home/wade/ros2_ws/install/turtlesim/include/turtlesim/turtlesim/srv/detail/teleport_absolute__rosidl_typesupport_fastrtps_cpp.hpp
[17.647s] -- Installing: /home/wade/ros2_ws/install/turtlesim/include/turtlesim/turtlesim/srv/detail/kill__rosidl_typesupport_fastrtps_cpp.hpp
[17.647s] -- Installing: /home/wade/ros2_ws/install/turtlesim/include/turtlesim/turtlesim/srv/detail/spawn__rosidl_typesupport_fastrtps_cpp.hpp
[17.647s] -- Installing: /home/wade/ros2_ws/install/turtlesim/include/turtlesim/turtlesim/srv/detail/teleport_relative__rosidl_typesupport_fastrtps_cpp.hpp
[17.647s] -- Installing: /home/wade/ros2_ws/install/turtlesim/include/turtlesim/turtlesim/srv/detail/dds_fastrtps
[17.647s] -- Installing: /home/wade/ros2_ws/install/turtlesim/include/turtlesim/turtlesim/srv/detail/set_pen__rosidl_typesupport_fastrtps_cpp.hpp
[17.648s] -- Up-to-date: /home/wade/ros2_ws/install/turtlesim/include/turtlesim/turtlesim/action
[17.648s] -- Up-to-date: /home/wade/ros2_ws/install/turtlesim/include/turtlesim/turtlesim/action/detail
[17.648s] -- Installing: /home/wade/ros2_ws/install/turtlesim/include/turtlesim/turtlesim/action/detail/rotate_absolute__rosidl_typesupport_fastrtps_cpp.hpp
[17.648s] -- Installing: /home/wade/ros2_ws/install/turtlesim/include/turtlesim/turtlesim/action/detail/dds_fastrtps
[17.648s] -- Up-to-date: /home/wade/ros2_ws/install/turtlesim/include/turtlesim/turtlesim/msg
[17.648s] -- Installing: /home/wade/ros2_ws/install/turtlesim/include/turtlesim/turtlesim/msg/rosidl_typesupport_fastrtps_cpp__visibility_control.h
[17.648s] -- Up-to-date: /home/wade/ros2_ws/install/turtlesim/include/turtlesim/turtlesim/msg/detail
[17.648s] -- Installing: /home/wade/ros2_ws/install/turtlesim/include/turtlesim/turtlesim/msg/detail/pose__rosidl_typesupport_fastrtps_cpp.hpp
[17.648s] -- Installing: /home/wade/ros2_ws/install/turtlesim/include/turtlesim/turtlesim/msg/detail/color__rosidl_typesupport_fastrtps_cpp.hpp
[17.648s] -- Installing: /home/wade/ros2_ws/install/turtlesim/include/turtlesim/turtlesim/msg/detail/dds_fastrtps
[17.648s] -- Installing: /home/wade/ros2_ws/install/turtlesim/lib/libturtlesim__rosidl_typesupport_fastrtps_cpp.so
[17.648s] -- Set runtime path of "/home/wade/ros2_ws/install/turtlesim/lib/libturtlesim__rosidl_typesupport_fastrtps_cpp.so" to ""
[17.648s] -- Up-to-date: /home/wade/ros2_ws/install/turtlesim/include/turtlesim/turtlesim
[17.648s] -- Up-to-date: /home/wade/ros2_ws/install/turtlesim/include/turtlesim/turtlesim/srv
[17.648s] -- Up-to-date: /home/wade/ros2_ws/install/turtlesim/include/turtlesim/turtlesim/srv/detail
[17.649s] -- Installing: /home/wade/ros2_ws/install/turtlesim/include/turtlesim/turtlesim/srv/detail/teleport_absolute__type_support.c
[17.649s] -- Installing: /home/wade/ros2_ws/install/turtlesim/include/turtlesim/turtlesim/srv/detail/kill__type_support.c
[17.649s] -- Installing: /home/wade/ros2_ws/install/turtlesim/include/turtlesim/turtlesim/srv/detail/kill__rosidl_typesupport_introspection_c.h
[17.649s] -- Installing: /home/wade/ros2_ws/install/turtlesim/include/turtlesim/turtlesim/srv/detail/set_pen__rosidl_typesupport_introspection_c.h
[17.649s] -- Installing: /home/wade/ros2_ws/install/turtlesim/include/turtlesim/turtlesim/srv/detail/set_pen__type_support.c
[17.649s] -- Installing: /home/wade/ros2_ws/install/turtlesim/include/turtlesim/turtlesim/srv/detail/teleport_relative__rosidl_typesupport_introspection_c.h
[17.649s] -- Installing: /home/wade/ros2_ws/install/turtlesim/include/turtlesim/turtlesim/srv/detail/spawn__type_support.c
[17.649s] -- Installing: /home/wade/ros2_ws/install/turtlesim/include/turtlesim/turtlesim/srv/detail/teleport_relative__type_support.c
[17.649s] -- Installing: /home/wade/ros2_ws/install/turtlesim/include/turtlesim/turtlesim/srv/detail/spawn__rosidl_typesupport_introspection_c.h
[17.649s] -- Installing: /home/wade/ros2_ws/install/turtlesim/include/turtlesim/turtlesim/srv/detail/teleport_absolute__rosidl_typesupport_introspection_c.h
[17.649s] -- Up-to-date: /home/wade/ros2_ws/install/turtlesim/include/turtlesim/turtlesim/action
[17.649s] -- Up-to-date: /home/wade/ros2_ws/install/turtlesim/include/turtlesim/turtlesim/action/detail
[17.649s] -- Installing: /home/wade/ros2_ws/install/turtlesim/include/turtlesim/turtlesim/action/detail/rotate_absolute__rosidl_typesupport_introspection_c.h
[17.649s] -- Installing: /home/wade/ros2_ws/install/turtlesim/include/turtlesim/turtlesim/action/detail/rotate_absolute__type_support.c
[17.650s] -- Up-to-date: /home/wade/ros2_ws/install/turtlesim/include/turtlesim/turtlesim/msg
[17.650s] -- Up-to-date: /home/wade/ros2_ws/install/turtlesim/include/turtlesim/turtlesim/msg/detail
[17.650s] -- Installing: /home/wade/ros2_ws/install/turtlesim/include/turtlesim/turtlesim/msg/detail/pose__rosidl_typesupport_introspection_c.h
[17.650s] -- Installing: /home/wade/ros2_ws/install/turtlesim/include/turtlesim/turtlesim/msg/detail/color__rosidl_typesupport_introspection_c.h
[17.650s] -- Installing: /home/wade/ros2_ws/install/turtlesim/include/turtlesim/turtlesim/msg/detail/pose__type_support.c
[17.650s] -- Installing: /home/wade/ros2_ws/install/turtlesim/include/turtlesim/turtlesim/msg/detail/color__type_support.c
[17.650s] -- Installing: /home/wade/ros2_ws/install/turtlesim/include/turtlesim/turtlesim/msg/rosidl_typesupport_introspection_c__visibility_control.h
[17.650s] -- Installing: /home/wade/ros2_ws/install/turtlesim/lib/libturtlesim__rosidl_typesupport_introspection_c.so
[17.650s] -- Set runtime path of "/home/wade/ros2_ws/install/turtlesim/lib/libturtlesim__rosidl_typesupport_introspection_c.so" to ""
[17.650s] -- Installing: /home/wade/ros2_ws/install/turtlesim/lib/libturtlesim__rosidl_typesupport_c.so
[17.651s] -- Set runtime path of "/home/wade/ros2_ws/install/turtlesim/lib/libturtlesim__rosidl_typesupport_c.so" to ""
[17.651s] -- Up-to-date: /home/wade/ros2_ws/install/turtlesim/include/turtlesim/turtlesim
[17.651s] -- Up-to-date: /home/wade/ros2_ws/install/turtlesim/include/turtlesim/turtlesim/srv
[17.651s] -- Up-to-date: /home/wade/ros2_ws/install/turtlesim/include/turtlesim/turtlesim/srv/detail
[17.651s] -- Installing: /home/wade/ros2_ws/install/turtlesim/include/turtlesim/turtlesim/srv/detail/spawn__type_support.cpp
[17.651s] -- Installing: /home/wade/ros2_ws/install/turtlesim/include/turtlesim/turtlesim/srv/detail/teleport_absolute__rosidl_typesupport_introspection_cpp.hpp
[17.651s] -- Installing: /home/wade/ros2_ws/install/turtlesim/include/turtlesim/turtlesim/srv/detail/kill__rosidl_typesupport_introspection_cpp.hpp
[17.651s] -- Installing: /home/wade/ros2_ws/install/turtlesim/include/turtlesim/turtlesim/srv/detail/teleport_absolute__type_support.cpp
[17.651s] -- Installing: /home/wade/ros2_ws/install/turtlesim/include/turtlesim/turtlesim/srv/detail/teleport_relative__type_support.cpp
[17.651s] -- Installing: /home/wade/ros2_ws/install/turtlesim/include/turtlesim/turtlesim/srv/detail/spawn__rosidl_typesupport_introspection_cpp.hpp
[17.651s] -- Installing: /home/wade/ros2_ws/install/turtlesim/include/turtlesim/turtlesim/srv/detail/set_pen__rosidl_typesupport_introspection_cpp.hpp
[17.651s] -- Installing: /home/wade/ros2_ws/install/turtlesim/include/turtlesim/turtlesim/srv/detail/teleport_relative__rosidl_typesupport_introspection_cpp.hpp
[17.651s] -- Installing: /home/wade/ros2_ws/install/turtlesim/include/turtlesim/turtlesim/srv/detail/set_pen__type_support.cpp
[17.651s] -- Installing: /home/wade/ros2_ws/install/turtlesim/include/turtlesim/turtlesim/srv/detail/kill__type_support.cpp
[17.652s] -- Up-to-date: /home/wade/ros2_ws/install/turtlesim/include/turtlesim/turtlesim/action
[17.652s] -- Up-to-date: /home/wade/ros2_ws/install/turtlesim/include/turtlesim/turtlesim/action/detail
[17.652s] -- Installing: /home/wade/ros2_ws/install/turtlesim/include/turtlesim/turtlesim/action/detail/rotate_absolute__type_support.cpp
[17.652s] -- Installing: /home/wade/ros2_ws/install/turtlesim/include/turtlesim/turtlesim/action/detail/rotate_absolute__rosidl_typesupport_introspection_cpp.hpp
[17.652s] -- Up-to-date: /home/wade/ros2_ws/install/turtlesim/include/turtlesim/turtlesim/msg
[17.652s] -- Up-to-date: /home/wade/ros2_ws/install/turtlesim/include/turtlesim/turtlesim/msg/detail
[17.652s] -- Installing: /home/wade/ros2_ws/install/turtlesim/include/turtlesim/turtlesim/msg/detail/pose__rosidl_typesupport_introspection_cpp.hpp
[17.652s] -- Installing: /home/wade/ros2_ws/install/turtlesim/include/turtlesim/turtlesim/msg/detail/color__rosidl_typesupport_introspection_cpp.hpp
[17.652s] -- Installing: /home/wade/ros2_ws/install/turtlesim/include/turtlesim/turtlesim/msg/detail/color__type_support.cpp
[17.652s] -- Installing: /home/wade/ros2_ws/install/turtlesim/include/turtlesim/turtlesim/msg/detail/pose__type_support.cpp
[17.652s] -- Installing: /home/wade/ros2_ws/install/turtlesim/lib/libturtlesim__rosidl_typesupport_introspection_cpp.so
[17.652s] -- Set runtime path of "/home/wade/ros2_ws/install/turtlesim/lib/libturtlesim__rosidl_typesupport_introspection_cpp.so" to ""
[17.653s] -- Installing: /home/wade/ros2_ws/install/turtlesim/lib/libturtlesim__rosidl_typesupport_cpp.so
[17.653s] -- Set runtime path of "/home/wade/ros2_ws/install/turtlesim/lib/libturtlesim__rosidl_typesupport_cpp.so" to ""
[17.653s] -- Installing: /home/wade/ros2_ws/install/turtlesim/share/turtlesim/environment/pythonpath.sh
[17.653s] -- Installing: /home/wade/ros2_ws/install/turtlesim/share/turtlesim/environment/pythonpath.dsv
[17.653s] -- Installing: /home/wade/ros2_ws/install/turtlesim/local/lib/python3.10/dist-packages/turtlesim-1.4.2-py3.10.egg-info
[17.653s] -- Installing: /home/wade/ros2_ws/install/turtlesim/local/lib/python3.10/dist-packages/turtlesim-1.4.2-py3.10.egg-info/top_level.txt
[17.653s] -- Installing: /home/wade/ros2_ws/install/turtlesim/local/lib/python3.10/dist-packages/turtlesim-1.4.2-py3.10.egg-info/SOURCES.txt
[17.653s] -- Installing: /home/wade/ros2_ws/install/turtlesim/local/lib/python3.10/dist-packages/turtlesim-1.4.2-py3.10.egg-info/dependency_links.txt
[17.653s] -- Installing: /home/wade/ros2_ws/install/turtlesim/local/lib/python3.10/dist-packages/turtlesim-1.4.2-py3.10.egg-info/PKG-INFO
[17.653s] -- Installing: /home/wade/ros2_ws/install/turtlesim/local/lib/python3.10/dist-packages/turtlesim
[17.653s] -- Installing: /home/wade/ros2_ws/install/turtlesim/local/lib/python3.10/dist-packages/turtlesim/_turtlesim_s.ep.rosidl_typesupport_c.c
[17.654s] -- Installing: /home/wade/ros2_ws/install/turtlesim/local/lib/python3.10/dist-packages/turtlesim/libturtlesim__rosidl_generator_py.so
[17.654s] -- Installing: /home/wade/ros2_ws/install/turtlesim/local/lib/python3.10/dist-packages/turtlesim/srv
[17.654s] -- Installing: /home/wade/ros2_ws/install/turtlesim/local/lib/python3.10/dist-packages/turtlesim/srv/__init__.py
[17.654s] -- Installing: /home/wade/ros2_ws/install/turtlesim/local/lib/python3.10/dist-packages/turtlesim/srv/_teleport_absolute_s.c
[17.654s] -- Installing: /home/wade/ros2_ws/install/turtlesim/local/lib/python3.10/dist-packages/turtlesim/srv/_spawn_s.c
[17.654s] -- Installing: /home/wade/ros2_ws/install/turtlesim/local/lib/python3.10/dist-packages/turtlesim/srv/_teleport_relative_s.c
[17.654s] -- Installing: /home/wade/ros2_ws/install/turtlesim/local/lib/python3.10/dist-packages/turtlesim/srv/_spawn.py
[17.654s] -- Installing: /home/wade/ros2_ws/install/turtlesim/local/lib/python3.10/dist-packages/turtlesim/srv/_kill.py
[17.654s] -- Installing: /home/wade/ros2_ws/install/turtlesim/local/lib/python3.10/dist-packages/turtlesim/srv/_teleport_absolute.py
[17.654s] -- Installing: /home/wade/ros2_ws/install/turtlesim/local/lib/python3.10/dist-packages/turtlesim/srv/_kill_s.c
[17.655s] -- Installing: /home/wade/ros2_ws/install/turtlesim/local/lib/python3.10/dist-packages/turtlesim/srv/_set_pen_s.c
[17.655s] -- Installing: /home/wade/ros2_ws/install/turtlesim/local/lib/python3.10/dist-packages/turtlesim/srv/_set_pen.py
[17.655s] -- Installing: /home/wade/ros2_ws/install/turtlesim/local/lib/python3.10/dist-packages/turtlesim/srv/_teleport_relative.py
[17.655s] -- Installing: /home/wade/ros2_ws/install/turtlesim/local/lib/python3.10/dist-packages/turtlesim/__init__.py
[17.655s] -- Installing: /home/wade/ros2_ws/install/turtlesim/local/lib/python3.10/dist-packages/turtlesim/turtlesim_s__rosidl_typesupport_c.cpython-310-x86_64-linux-gnu.so
[17.655s] -- Installing: /home/wade/ros2_ws/install/turtlesim/local/lib/python3.10/dist-packages/turtlesim/_turtlesim_s.ep.rosidl_typesupport_introspection_c.c
[17.655s] -- Installing: /home/wade/ros2_ws/install/turtlesim/local/lib/python3.10/dist-packages/turtlesim/_turtlesim_s.ep.rosidl_typesupport_fastrtps_c.c
[17.655s] -- Installing: /home/wade/ros2_ws/install/turtlesim/local/lib/python3.10/dist-packages/turtlesim/action
[17.655s] -- Installing: /home/wade/ros2_ws/install/turtlesim/local/lib/python3.10/dist-packages/turtlesim/action/_rotate_absolute_s.c
[17.655s] -- Installing: /home/wade/ros2_ws/install/turtlesim/local/lib/python3.10/dist-packages/turtlesim/action/__init__.py
[17.656s] -- Installing: /home/wade/ros2_ws/install/turtlesim/local/lib/python3.10/dist-packages/turtlesim/action/_rotate_absolute.py
[17.656s] -- Installing: /home/wade/ros2_ws/install/turtlesim/local/lib/python3.10/dist-packages/turtlesim/turtlesim_s__rosidl_typesupport_fastrtps_c.cpython-310-x86_64-linux-gnu.so
[17.656s] -- Installing: /home/wade/ros2_ws/install/turtlesim/local/lib/python3.10/dist-packages/turtlesim/msg
[17.656s] -- Installing: /home/wade/ros2_ws/install/turtlesim/local/lib/python3.10/dist-packages/turtlesim/msg/_pose.py
[17.656s] -- Installing: /home/wade/ros2_ws/install/turtlesim/local/lib/python3.10/dist-packages/turtlesim/msg/_color.py
[17.656s] -- Installing: /home/wade/ros2_ws/install/turtlesim/local/lib/python3.10/dist-packages/turtlesim/msg/__init__.py
[17.656s] -- Installing: /home/wade/ros2_ws/install/turtlesim/local/lib/python3.10/dist-packages/turtlesim/msg/_color_s.c
[17.656s] -- Installing: /home/wade/ros2_ws/install/turtlesim/local/lib/python3.10/dist-packages/turtlesim/msg/_pose_s.c
[17.656s] -- Installing: /home/wade/ros2_ws/install/turtlesim/local/lib/python3.10/dist-packages/turtlesim/turtlesim_s__rosidl_typesupport_introspection_c.cpython-310-x86_64-linux-gnu.so
[17.684s] Listing '/home/wade/ros2_ws/install/turtlesim/local/lib/python3.10/dist-packages/turtlesim'...
[17.684s] Compiling '/home/wade/ros2_ws/install/turtlesim/local/lib/python3.10/dist-packages/turtlesim/__init__.py'...
[17.684s] Listing '/home/wade/ros2_ws/install/turtlesim/local/lib/python3.10/dist-packages/turtlesim/action'...
[17.684s] Compiling '/home/wade/ros2_ws/install/turtlesim/local/lib/python3.10/dist-packages/turtlesim/action/__init__.py'...
[17.684s] Compiling '/home/wade/ros2_ws/install/turtlesim/local/lib/python3.10/dist-packages/turtlesim/action/_rotate_absolute.py'...
[17.684s] Listing '/home/wade/ros2_ws/install/turtlesim/local/lib/python3.10/dist-packages/turtlesim/msg'...
[17.684s] Compiling '/home/wade/ros2_ws/install/turtlesim/local/lib/python3.10/dist-packages/turtlesim/msg/__init__.py'...
[17.684s] Compiling '/home/wade/ros2_ws/install/turtlesim/local/lib/python3.10/dist-packages/turtlesim/msg/_color.py'...
[17.684s] Compiling '/home/wade/ros2_ws/install/turtlesim/local/lib/python3.10/dist-packages/turtlesim/msg/_pose.py'...
[17.684s] Listing '/home/wade/ros2_ws/install/turtlesim/local/lib/python3.10/dist-packages/turtlesim/srv'...
[17.684s] Compiling '/home/wade/ros2_ws/install/turtlesim/local/lib/python3.10/dist-packages/turtlesim/srv/__init__.py'...
[17.684s] Compiling '/home/wade/ros2_ws/install/turtlesim/local/lib/python3.10/dist-packages/turtlesim/srv/_kill.py'...
[17.684s] Compiling '/home/wade/ros2_ws/install/turtlesim/local/lib/python3.10/dist-packages/turtlesim/srv/_set_pen.py'...
[17.684s] Compiling '/home/wade/ros2_ws/install/turtlesim/local/lib/python3.10/dist-packages/turtlesim/srv/_spawn.py'...
[17.684s] Compiling '/home/wade/ros2_ws/install/turtlesim/local/lib/python3.10/dist-packages/turtlesim/srv/_teleport_absolute.py'...
[17.684s] Compiling '/home/wade/ros2_ws/install/turtlesim/local/lib/python3.10/dist-packages/turtlesim/srv/_teleport_relative.py'...
[17.686s] -- Installing: /home/wade/ros2_ws/install/turtlesim/local/lib/python3.10/dist-packages/turtlesim/turtlesim_s__rosidl_typesupport_fastrtps_c.cpython-310-x86_64-linux-gnu.so
[17.687s] -- Set runtime path of "/home/wade/ros2_ws/install/turtlesim/local/lib/python3.10/dist-packages/turtlesim/turtlesim_s__rosidl_typesupport_fastrtps_c.cpython-310-x86_64-linux-gnu.so" to ""
[17.687s] -- Installing: /home/wade/ros2_ws/install/turtlesim/local/lib/python3.10/dist-packages/turtlesim/turtlesim_s__rosidl_typesupport_introspection_c.cpython-310-x86_64-linux-gnu.so
[17.687s] -- Set runtime path of "/home/wade/ros2_ws/install/turtlesim/local/lib/python3.10/dist-packages/turtlesim/turtlesim_s__rosidl_typesupport_introspection_c.cpython-310-x86_64-linux-gnu.so" to ""
[17.687s] -- Installing: /home/wade/ros2_ws/install/turtlesim/local/lib/python3.10/dist-packages/turtlesim/turtlesim_s__rosidl_typesupport_c.cpython-310-x86_64-linux-gnu.so
[17.687s] -- Set runtime path of "/home/wade/ros2_ws/install/turtlesim/local/lib/python3.10/dist-packages/turtlesim/turtlesim_s__rosidl_typesupport_c.cpython-310-x86_64-linux-gnu.so" to ""
[17.687s] -- Installing: /home/wade/ros2_ws/install/turtlesim/lib/libturtlesim__rosidl_generator_py.so
[17.688s] -- Set runtime path of "/home/wade/ros2_ws/install/turtlesim/lib/libturtlesim__rosidl_generator_py.so" to ""
[17.688s] -- Installing: /home/wade/ros2_ws/install/turtlesim/share/turtlesim/action/RotateAbsolute.idl
[17.688s] -- Installing: /home/wade/ros2_ws/install/turtlesim/share/turtlesim/msg/Color.idl
[17.688s] -- Installing: /home/wade/ros2_ws/install/turtlesim/share/turtlesim/msg/Pose.idl
[17.688s] -- Installing: /home/wade/ros2_ws/install/turtlesim/share/turtlesim/srv/Kill.idl
[17.688s] -- Installing: /home/wade/ros2_ws/install/turtlesim/share/turtlesim/srv/SetPen.idl
[17.688s] -- Installing: /home/wade/ros2_ws/install/turtlesim/share/turtlesim/srv/Spawn.idl
[17.688s] -- Installing: /home/wade/ros2_ws/install/turtlesim/share/turtlesim/srv/TeleportAbsolute.idl
[17.688s] -- Installing: /home/wade/ros2_ws/install/turtlesim/share/turtlesim/srv/TeleportRelative.idl
[17.688s] -- Installing: /home/wade/ros2_ws/install/turtlesim/share/turtlesim/action/RotateAbsolute.action
[17.689s] -- Installing: /home/wade/ros2_ws/install/turtlesim/share/turtlesim/msg/Color.msg
[17.689s] -- Installing: /home/wade/ros2_ws/install/turtlesim/share/turtlesim/msg/Pose.msg
[17.689s] -- Installing: /home/wade/ros2_ws/install/turtlesim/share/turtlesim/srv/Kill.srv
[17.689s] -- Installing: /home/wade/ros2_ws/install/turtlesim/share/turtlesim/srv/Kill_Request.msg
[17.689s] -- Installing: /home/wade/ros2_ws/install/turtlesim/share/turtlesim/srv/Kill_Response.msg
[17.689s] -- Installing: /home/wade/ros2_ws/install/turtlesim/share/turtlesim/srv/SetPen.srv
[17.689s] -- Installing: /home/wade/ros2_ws/install/turtlesim/share/turtlesim/srv/SetPen_Request.msg
[17.689s] -- Installing: /home/wade/ros2_ws/install/turtlesim/share/turtlesim/srv/SetPen_Response.msg
[17.689s] -- Installing: /home/wade/ros2_ws/install/turtlesim/share/turtlesim/srv/Spawn.srv
[17.689s] -- Installing: /home/wade/ros2_ws/install/turtlesim/share/turtlesim/srv/Spawn_Request.msg
[17.689s] -- Installing: /home/wade/ros2_ws/install/turtlesim/share/turtlesim/srv/Spawn_Response.msg
[17.689s] -- Installing: /home/wade/ros2_ws/install/turtlesim/share/turtlesim/srv/TeleportAbsolute.srv
[17.690s] -- Installing: /home/wade/ros2_ws/install/turtlesim/share/turtlesim/srv/TeleportAbsolute_Request.msg
[17.690s] -- Installing: /home/wade/ros2_ws/install/turtlesim/share/turtlesim/srv/TeleportAbsolute_Response.msg
[17.690s] -- Installing: /home/wade/ros2_ws/install/turtlesim/share/turtlesim/srv/TeleportRelative.srv
[17.690s] -- Installing: /home/wade/ros2_ws/install/turtlesim/share/turtlesim/srv/TeleportRelative_Request.msg
[17.690s] -- Installing: /home/wade/ros2_ws/install/turtlesim/share/turtlesim/srv/TeleportRelative_Response.msg
[17.690s] -- Installing: /home/wade/ros2_ws/install/turtlesim/lib/turtlesim/turtlesim_node
[17.696s] -- Set runtime path of "/home/wade/ros2_ws/install/turtlesim/lib/turtlesim/turtlesim_node" to ""
[17.696s] -- Installing: /home/wade/ros2_ws/install/turtlesim/lib/turtlesim/turtle_teleop_key
[17.697s] -- Set runtime path of "/home/wade/ros2_ws/install/turtlesim/lib/turtlesim/turtle_teleop_key" to ""
[17.697s] -- Installing: /home/wade/ros2_ws/install/turtlesim/lib/turtlesim/draw_square
[17.700s] -- Set runtime path of "/home/wade/ros2_ws/install/turtlesim/lib/turtlesim/draw_square" to ""
[17.701s] -- Installing: /home/wade/ros2_ws/install/turtlesim/lib/turtlesim/mimic
[17.703s] -- Set runtime path of "/home/wade/ros2_ws/install/turtlesim/lib/turtlesim/mimic" to ""
[17.703s] -- Installing: /home/wade/ros2_ws/install/turtlesim/share/turtlesim/images
[17.703s] -- Installing: /home/wade/ros2_ws/install/turtlesim/share/turtlesim/images/foxy.png
[17.703s] -- Installing: /home/wade/ros2_ws/install/turtlesim/share/turtlesim/images/galactic.png
[17.703s] -- Installing: /home/wade/ros2_ws/install/turtlesim/share/turtlesim/images/rolling.png
[17.703s] -- Installing: /home/wade/ros2_ws/install/turtlesim/share/turtlesim/images/humble.png
[17.704s] -- Installing: /home/wade/ros2_ws/install/turtlesim/share/turtlesim/images/ardent.png
[17.704s] -- Installing: /home/wade/ros2_ws/install/turtlesim/share/turtlesim/images/dashing.png
[17.704s] -- Installing: /home/wade/ros2_ws/install/turtlesim/share/turtlesim/images/crystal.png
[17.704s] -- Installing: /home/wade/ros2_ws/install/turtlesim/share/turtlesim/images/bouncy.png
[17.704s] -- Installing: /home/wade/ros2_ws/install/turtlesim/share/turtlesim/images/eloquent.png
[17.704s] -- Installing: /home/wade/ros2_ws/install/turtlesim/share/turtlesim/launch
[17.704s] -- Installing: /home/wade/ros2_ws/install/turtlesim/share/turtlesim/launch/multisim.launch.py
[17.704s] -- Installing: /home/wade/ros2_ws/install/turtlesim/share/ament_index/resource_index/package_run_dependencies/turtlesim
[17.704s] -- Installing: /home/wade/ros2_ws/install/turtlesim/share/ament_index/resource_index/parent_prefix_path/turtlesim
[17.704s] -- Installing: /home/wade/ros2_ws/install/turtlesim/share/turtlesim/environment/ament_prefix_path.sh
[17.704s] -- Installing: /home/wade/ros2_ws/install/turtlesim/share/turtlesim/environment/ament_prefix_path.dsv
[17.704s] -- Installing: /home/wade/ros2_ws/install/turtlesim/share/turtlesim/environment/path.sh
[17.705s] -- Installing: /home/wade/ros2_ws/install/turtlesim/share/turtlesim/environment/path.dsv
[17.705s] -- Installing: /home/wade/ros2_ws/install/turtlesim/share/turtlesim/local_setup.bash
[17.705s] -- Installing: /home/wade/ros2_ws/install/turtlesim/share/turtlesim/local_setup.sh
[17.705s] -- Installing: /home/wade/ros2_ws/install/turtlesim/share/turtlesim/local_setup.zsh
[17.705s] -- Installing: /home/wade/ros2_ws/install/turtlesim/share/turtlesim/local_setup.dsv
[17.705s] -- Installing: /home/wade/ros2_ws/install/turtlesim/share/turtlesim/package.dsv
[17.705s] -- Installing: /home/wade/ros2_ws/install/turtlesim/share/ament_index/resource_index/packages/turtlesim
[17.705s] -- Installing: /home/wade/ros2_ws/install/turtlesim/share/turtlesim/cmake/export_turtlesim__rosidl_generator_cExport.cmake
[17.705s] -- Installing: /home/wade/ros2_ws/install/turtlesim/share/turtlesim/cmake/export_turtlesim__rosidl_generator_cExport-noconfig.cmake
[17.705s] -- Installing: /home/wade/ros2_ws/install/turtlesim/share/turtlesim/cmake/export_turtlesim__rosidl_typesupport_fastrtps_cExport.cmake
[17.706s] -- Installing: /home/wade/ros2_ws/install/turtlesim/share/turtlesim/cmake/export_turtlesim__rosidl_typesupport_fastrtps_cExport-noconfig.cmake
[17.706s] -- Installing: /home/wade/ros2_ws/install/turtlesim/share/turtlesim/cmake/export_turtlesim__rosidl_generator_cppExport.cmake
[17.706s] -- Installing: /home/wade/ros2_ws/install/turtlesim/share/turtlesim/cmake/export_turtlesim__rosidl_typesupport_fastrtps_cppExport.cmake
[17.706s] -- Installing: /home/wade/ros2_ws/install/turtlesim/share/turtlesim/cmake/export_turtlesim__rosidl_typesupport_fastrtps_cppExport-noconfig.cmake
[17.706s] -- Installing: /home/wade/ros2_ws/install/turtlesim/share/turtlesim/cmake/turtlesim__rosidl_typesupport_introspection_cExport.cmake
[17.706s] -- Installing: /home/wade/ros2_ws/install/turtlesim/share/turtlesim/cmake/turtlesim__rosidl_typesupport_introspection_cExport-noconfig.cmake
[17.706s] -- Installing: /home/wade/ros2_ws/install/turtlesim/share/turtlesim/cmake/turtlesim__rosidl_typesupport_cExport.cmake
[17.706s] -- Installing: /home/wade/ros2_ws/install/turtlesim/share/turtlesim/cmake/turtlesim__rosidl_typesupport_cExport-noconfig.cmake
[17.706s] -- Installing: /home/wade/ros2_ws/install/turtlesim/share/turtlesim/cmake/turtlesim__rosidl_typesupport_introspection_cppExport.cmake
[17.706s] -- Installing: /home/wade/ros2_ws/install/turtlesim/share/turtlesim/cmake/turtlesim__rosidl_typesupport_introspection_cppExport-noconfig.cmake
[17.707s] -- Installing: /home/wade/ros2_ws/install/turtlesim/share/turtlesim/cmake/turtlesim__rosidl_typesupport_cppExport.cmake
[17.707s] -- Installing: /home/wade/ros2_ws/install/turtlesim/share/turtlesim/cmake/turtlesim__rosidl_typesupport_cppExport-noconfig.cmake
[17.707s] -- Installing: /home/wade/ros2_ws/install/turtlesim/share/turtlesim/cmake/export_turtlesim__rosidl_generator_pyExport.cmake
[17.707s] -- Installing: /home/wade/ros2_ws/install/turtlesim/share/turtlesim/cmake/export_turtlesim__rosidl_generator_pyExport-noconfig.cmake
[17.707s] -- Installing: /home/wade/ros2_ws/install/turtlesim/share/turtlesim/cmake/rosidl_cmake-extras.cmake
[17.707s] -- Installing: /home/wade/ros2_ws/install/turtlesim/share/turtlesim/cmake/ament_cmake_export_dependencies-extras.cmake
[17.707s] -- Installing: /home/wade/ros2_ws/install/turtlesim/share/turtlesim/cmake/ament_cmake_export_include_directories-extras.cmake
[17.707s] -- Installing: /home/wade/ros2_ws/install/turtlesim/share/turtlesim/cmake/ament_cmake_export_libraries-extras.cmake
[17.707s] -- Installing: /home/wade/ros2_ws/install/turtlesim/share/turtlesim/cmake/ament_cmake_export_targets-extras.cmake
[17.707s] -- Installing: /home/wade/ros2_ws/install/turtlesim/share/turtlesim/cmake/rosidl_cmake_export_typesupport_targets-extras.cmake
[17.707s] -- Installing: /home/wade/ros2_ws/install/turtlesim/share/turtlesim/cmake/rosidl_cmake_export_typesupport_libraries-extras.cmake
[17.708s] -- Installing: /home/wade/ros2_ws/install/turtlesim/share/turtlesim/cmake/turtlesimConfig.cmake
[17.708s] -- Installing: /home/wade/ros2_ws/install/turtlesim/share/turtlesim/cmake/turtlesimConfig-version.cmake
[17.708s] -- Installing: /home/wade/ros2_ws/install/turtlesim/share/turtlesim/package.xml
[17.710s] Invoked command in '/home/wade/ros2_ws/build/turtlesim' returned '0': CMAKE_PREFIX_PATH=/opt/ros/humble /usr/bin/cmake --install /home/wade/ros2_ws/build/turtlesim
