[1.011s] Invoking command in '/home/wade/ros2_ws/src/py_srvcli': PYTHONPATH=/home/wade/ros2_ws/build/py_srvcli/prefix_override:/usr/lib/python3/dist-packages/colcon_core/task/python/colcon_distutils_commands:/home/wade/ros2_ws/install/py_srvcli/lib/python3.10/site-packages:${PYTHONPATH} /usr/bin/python3 -W ignore:setup.py install is deprecated -W ignore:easy_install command is deprecated setup.py egg_info --egg-base ../../build/py_srvcli build --build-base /home/wade/ros2_ws/build/py_srvcli/build install --record /home/wade/ros2_ws/build/py_srvcli/install.log --single-version-externally-managed install_data
[1.404s] running egg_info
[1.405s] creating ../../build/py_srvcli/py_srvcli.egg-info
[1.405s] writing ../../build/py_srvcli/py_srvcli.egg-info/PKG-INFO
[1.405s] writing dependency_links to ../../build/py_srvcli/py_srvcli.egg-info/dependency_links.txt
[1.406s] writing entry points to ../../build/py_srvcli/py_srvcli.egg-info/entry_points.txt
[1.406s] writing requirements to ../../build/py_srvcli/py_srvcli.egg-info/requires.txt
[1.406s] writing top-level names to ../../build/py_srvcli/py_srvcli.egg-info/top_level.txt
[1.406s] writing manifest file '../../build/py_srvcli/py_srvcli.egg-info/SOURCES.txt'
[1.409s] reading manifest file '../../build/py_srvcli/py_srvcli.egg-info/SOURCES.txt'
[1.409s] adding license file 'LICENSE'
[1.410s] writing manifest file '../../build/py_srvcli/py_srvcli.egg-info/SOURCES.txt'
[1.411s] running build
[1.411s] running build_py
[1.411s] creating /home/wade/ros2_ws/build/py_srvcli/build
[1.411s] creating /home/wade/ros2_ws/build/py_srvcli/build/lib
[1.411s] creating /home/wade/ros2_ws/build/py_srvcli/build/lib/py_srvcli
[1.411s] copying py_srvcli/client_member_function.py -> /home/wade/ros2_ws/build/py_srvcli/build/lib/py_srvcli
[1.411s] copying py_srvcli/__init__.py -> /home/wade/ros2_ws/build/py_srvcli/build/lib/py_srvcli
[1.412s] copying py_srvcli/service_member_function.py -> /home/wade/ros2_ws/build/py_srvcli/build/lib/py_srvcli
[1.412s] running install
[1.413s] running install_lib
[1.414s] creating /home/wade/ros2_ws/install/py_srvcli/lib/python3.10/site-packages/py_srvcli
[1.415s] copying /home/wade/ros2_ws/build/py_srvcli/build/lib/py_srvcli/client_member_function.py -> /home/wade/ros2_ws/install/py_srvcli/lib/python3.10/site-packages/py_srvcli
[1.415s] copying /home/wade/ros2_ws/build/py_srvcli/build/lib/py_srvcli/__init__.py -> /home/wade/ros2_ws/install/py_srvcli/lib/python3.10/site-packages/py_srvcli
[1.415s] copying /home/wade/ros2_ws/build/py_srvcli/build/lib/py_srvcli/service_member_function.py -> /home/wade/ros2_ws/install/py_srvcli/lib/python3.10/site-packages/py_srvcli
[1.416s] byte-compiling /home/wade/ros2_ws/install/py_srvcli/lib/python3.10/site-packages/py_srvcli/client_member_function.py to client_member_function.cpython-310.pyc
[1.417s] byte-compiling /home/wade/ros2_ws/install/py_srvcli/lib/python3.10/site-packages/py_srvcli/__init__.py to __init__.cpython-310.pyc
[1.417s] byte-compiling /home/wade/ros2_ws/install/py_srvcli/lib/python3.10/site-packages/py_srvcli/service_member_function.py to service_member_function.cpython-310.pyc
[1.418s] running install_data
[1.418s] creating /home/wade/ros2_ws/install/py_srvcli/share/ament_index
[1.419s] creating /home/wade/ros2_ws/install/py_srvcli/share/ament_index/resource_index
[1.419s] creating /home/wade/ros2_ws/install/py_srvcli/share/ament_index/resource_index/packages
[1.419s] copying resource/py_srvcli -> /home/wade/ros2_ws/install/py_srvcli/share/ament_index/resource_index/packages
[1.419s] copying package.xml -> /home/wade/ros2_ws/install/py_srvcli/share/py_srvcli
[1.419s] running install_egg_info
[1.422s] Copying ../../build/py_srvcli/py_srvcli.egg-info to /home/wade/ros2_ws/install/py_srvcli/lib/python3.10/site-packages/py_srvcli-0.0.0-py3.10.egg-info
[1.424s] running install_scripts
[1.462s] Installing service script to /home/wade/ros2_ws/install/py_srvcli/lib/py_srvcli
[1.463s] writing list of installed files to '/home/wade/ros2_ws/build/py_srvcli/install.log'
[1.503s] Invoked command in '/home/wade/ros2_ws/src/py_srvcli' returned '0': PYTHONPATH=/home/wade/ros2_ws/build/py_srvcli/prefix_override:/usr/lib/python3/dist-packages/colcon_core/task/python/colcon_distutils_commands:/home/wade/ros2_ws/install/py_srvcli/lib/python3.10/site-packages:${PYTHONPATH} /usr/bin/python3 -W ignore:setup.py install is deprecated -W ignore:easy_install command is deprecated setup.py egg_info --egg-base ../../build/py_srvcli build --build-base /home/wade/ros2_ws/build/py_srvcli/build install --record /home/wade/ros2_ws/build/py_srvcli/install.log --single-version-externally-managed install_data
