[0.540s] Invoking command in '/home/wade/ros2_ws/build/py_pubsub': PYTHONPATH=/home/wade/ros2_ws/build/py_pubsub/prefix_override:/usr/lib/python3/dist-packages/colcon_core/task/python/colcon_distutils_commands:/home/wade/ros2_ws/install/py_pubsub/lib/python3.10/site-packages:${PYTHONPATH} /usr/bin/python3 -W ignore:setup.py install is deprecated -W ignore:easy_install command is deprecated setup.py develop --editable --build-directory /home/wade/ros2_ws/build/py_pubsub/build --no-deps symlink_data --force
[0.697s] running develop
[0.785s] running egg_info
[0.785s] writing py_pubsub.egg-info/PKG-INFO
[0.785s] writing dependency_links to py_pubsub.egg-info/dependency_links.txt
[0.785s] writing entry points to py_pubsub.egg-info/entry_points.txt
[0.785s] writing requirements to py_pubsub.egg-info/requires.txt
[0.785s] writing top-level names to py_pubsub.egg-info/top_level.txt
[0.786s] reading manifest file 'py_pubsub.egg-info/SOURCES.txt'
[0.787s] writing manifest file 'py_pubsub.egg-info/SOURCES.txt'
[0.788s] running build_ext
[0.788s] Creating /home/wade/ros2_ws/install/py_pubsub/lib/python3.10/site-packages/py-pubsub.egg-link (link to .)
[0.788s] Installing listener script to /home/wade/ros2_ws/install/py_pubsub/lib/py_pubsub
[0.788s] Installing talker script to /home/wade/ros2_ws/install/py_pubsub/lib/py_pubsub
[0.789s] 
[0.789s] Installed /home/wade/ros2_ws/build/py_pubsub
[0.789s] running symlink_data
[0.789s] symbolically linking /home/wade/ros2_ws/build/py_pubsub/resource/py_pubsub -> /home/wade/ros2_ws/install/py_pubsub/share/ament_index/resource_index/packages
[0.789s] symbolically linking /home/wade/ros2_ws/build/py_pubsub/package.xml -> /home/wade/ros2_ws/install/py_pubsub/share/py_pubsub
[0.860s] Invoked command in '/home/wade/ros2_ws/build/py_pubsub' returned '0': PYTHONPATH=/home/wade/ros2_ws/build/py_pubsub/prefix_override:/usr/lib/python3/dist-packages/colcon_core/task/python/colcon_distutils_commands:/home/wade/ros2_ws/install/py_pubsub/lib/python3.10/site-packages:${PYTHONPATH} /usr/bin/python3 -W ignore:setup.py install is deprecated -W ignore:easy_install command is deprecated setup.py develop --editable --build-directory /home/wade/ros2_ws/build/py_pubsub/build --no-deps symlink_data --force
