[1.733s] Invoking command in '/home/wade/ros2_ws/build/examples_rclpy_executors': PYTHONPATH=/home/wade/ros2_ws/build/examples_rclpy_executors/prefix_override:/usr/lib/python3/dist-packages/colcon_core/task/python/colcon_distutils_commands:/home/wade/ros2_ws/install/examples_rclpy_executors/lib/python3.10/site-packages:${PYTHONPATH} /usr/bin/python3 -W ignore:setup.py install is deprecated -W ignore:easy_install command is deprecated setup.py develop --editable --build-directory /home/wade/ros2_ws/build/examples_rclpy_executors/build --no-deps symlink_data --force
[1.998s] running develop
[2.151s] running egg_info
[2.151s] writing examples_rclpy_executors.egg-info/PKG-INFO
[2.151s] writing dependency_links to examples_rclpy_executors.egg-info/dependency_links.txt
[2.152s] writing entry points to examples_rclpy_executors.egg-info/entry_points.txt
[2.152s] writing requirements to examples_rclpy_executors.egg-info/requires.txt
[2.152s] writing top-level names to examples_rclpy_executors.egg-info/top_level.txt
[2.154s] reading manifest file 'examples_rclpy_executors.egg-info/SOURCES.txt'
[2.155s] writing manifest file 'examples_rclpy_executors.egg-info/SOURCES.txt'
[2.157s] running build_ext
[2.157s] Creating /home/wade/ros2_ws/install/examples_rclpy_executors/lib/python3.10/site-packages/examples-rclpy-executors.egg-link (link to .)
[2.158s] Installing callback_group script to /home/wade/ros2_ws/install/examples_rclpy_executors/lib/examples_rclpy_executors
[2.158s] Installing composed script to /home/wade/ros2_ws/install/examples_rclpy_executors/lib/examples_rclpy_executors
[2.158s] Installing custom_callback_group script to /home/wade/ros2_ws/install/examples_rclpy_executors/lib/examples_rclpy_executors
[2.158s] Installing custom_executor script to /home/wade/ros2_ws/install/examples_rclpy_executors/lib/examples_rclpy_executors
[2.158s] Installing listener script to /home/wade/ros2_ws/install/examples_rclpy_executors/lib/examples_rclpy_executors
[2.159s] Installing talker script to /home/wade/ros2_ws/install/examples_rclpy_executors/lib/examples_rclpy_executors
[2.159s] 
[2.159s] Installed /home/wade/ros2_ws/build/examples_rclpy_executors
[2.159s] running symlink_data
[2.159s] symbolically linking /home/wade/ros2_ws/build/examples_rclpy_executors/resource/examples_rclpy_executors -> /home/wade/ros2_ws/install/examples_rclpy_executors/share/ament_index/resource_index/packages
[2.159s] symbolically linking /home/wade/ros2_ws/build/examples_rclpy_executors/package.xml -> /home/wade/ros2_ws/install/examples_rclpy_executors/share/examples_rclpy_executors
[2.201s] Invoked command in '/home/wade/ros2_ws/build/examples_rclpy_executors' returned '0': PYTHONPATH=/home/wade/ros2_ws/build/examples_rclpy_executors/prefix_override:/usr/lib/python3/dist-packages/colcon_core/task/python/colcon_distutils_commands:/home/wade/ros2_ws/install/examples_rclpy_executors/lib/python3.10/site-packages:${PYTHONPATH} /usr/bin/python3 -W ignore:setup.py install is deprecated -W ignore:easy_install command is deprecated setup.py develop --editable --build-directory /home/wade/ros2_ws/build/examples_rclpy_executors/build --no-deps symlink_data --force
