[1.978s] Invoking command in '/home/wade/ros2_ws/build/examples_rclpy_minimal_client': PYTHONPATH=/home/wade/ros2_ws/build/examples_rclpy_minimal_client/prefix_override:/usr/lib/python3/dist-packages/colcon_core/task/python/colcon_distutils_commands:/home/wade/ros2_ws/install/examples_rclpy_minimal_client/lib/python3.10/site-packages:${PYTHONPATH} /usr/bin/python3 -W ignore:setup.py install is deprecated -W ignore:easy_install command is deprecated setup.py develop --editable --build-directory /home/wade/ros2_ws/build/examples_rclpy_minimal_client/build --no-deps symlink_data --force
[2.240s] running develop
[2.381s] running egg_info
[2.381s] writing examples_rclpy_minimal_client.egg-info/PKG-INFO
[2.383s] writing dependency_links to examples_rclpy_minimal_client.egg-info/dependency_links.txt
[2.383s] writing entry points to examples_rclpy_minimal_client.egg-info/entry_points.txt
[2.383s] writing requirements to examples_rclpy_minimal_client.egg-info/requires.txt
[2.383s] writing top-level names to examples_rclpy_minimal_client.egg-info/top_level.txt
[2.384s] reading manifest file 'examples_rclpy_minimal_client.egg-info/SOURCES.txt'
[2.385s] writing manifest file 'examples_rclpy_minimal_client.egg-info/SOURCES.txt'
[2.387s] running build_ext
[2.387s] Creating /home/wade/ros2_ws/install/examples_rclpy_minimal_client/lib/python3.10/site-packages/examples-rclpy-minimal-client.egg-link (link to .)
[2.387s] Installing client script to /home/wade/ros2_ws/install/examples_rclpy_minimal_client/lib/examples_rclpy_minimal_client
[2.388s] Installing client_async script to /home/wade/ros2_ws/install/examples_rclpy_minimal_client/lib/examples_rclpy_minimal_client
[2.388s] Installing client_async_callback script to /home/wade/ros2_ws/install/examples_rclpy_minimal_client/lib/examples_rclpy_minimal_client
[2.388s] Installing client_async_member_function script to /home/wade/ros2_ws/install/examples_rclpy_minimal_client/lib/examples_rclpy_minimal_client
[2.388s] 
[2.388s] Installed /home/wade/ros2_ws/build/examples_rclpy_minimal_client
[2.388s] running symlink_data
[2.388s] symbolically linking /home/wade/ros2_ws/build/examples_rclpy_minimal_client/resource/examples_rclpy_minimal_client -> /home/wade/ros2_ws/install/examples_rclpy_minimal_client/share/ament_index/resource_index/packages
[2.388s] symbolically linking /home/wade/ros2_ws/build/examples_rclpy_minimal_client/package.xml -> /home/wade/ros2_ws/install/examples_rclpy_minimal_client/share/examples_rclpy_minimal_client
[2.607s] Invoked command in '/home/wade/ros2_ws/build/examples_rclpy_minimal_client' returned '0': PYTHONPATH=/home/wade/ros2_ws/build/examples_rclpy_minimal_client/prefix_override:/usr/lib/python3/dist-packages/colcon_core/task/python/colcon_distutils_commands:/home/wade/ros2_ws/install/examples_rclpy_minimal_client/lib/python3.10/site-packages:${PYTHONPATH} /usr/bin/python3 -W ignore:setup.py install is deprecated -W ignore:easy_install command is deprecated setup.py develop --editable --build-directory /home/wade/ros2_ws/build/examples_rclpy_minimal_client/build --no-deps symlink_data --force
