[0.795s] Invoking command in '/home/wade/ros2_ws/src/py_pubsub': PYTHONPATH=/home/wade/ros2_ws/build/py_pubsub/prefix_override:/usr/lib/python3/dist-packages/colcon_core/task/python/colcon_distutils_commands:/home/wade/ros2_ws/install/py_pubsub/lib/python3.10/site-packages:${PYTHONPATH} /usr/bin/python3 -W ignore:setup.py install is deprecated -W ignore:easy_install command is deprecated setup.py egg_info --egg-base ../../build/py_pubsub build --build-base /home/wade/ros2_ws/build/py_pubsub/build install --record /home/wade/ros2_ws/build/py_pubsub/install.log --single-version-externally-managed install_data
[0.949s] running egg_info
[0.949s] writing ../../build/py_pubsub/py_pubsub.egg-info/PKG-INFO
[0.950s] writing dependency_links to ../../build/py_pubsub/py_pubsub.egg-info/dependency_links.txt
[0.950s] writing entry points to ../../build/py_pubsub/py_pubsub.egg-info/entry_points.txt
[0.950s] writing requirements to ../../build/py_pubsub/py_pubsub.egg-info/requires.txt
[0.950s] writing top-level names to ../../build/py_pubsub/py_pubsub.egg-info/top_level.txt
[0.951s] reading manifest file '../../build/py_pubsub/py_pubsub.egg-info/SOURCES.txt'
[0.951s] adding license file 'LICENSE'
[0.951s] writing manifest file '../../build/py_pubsub/py_pubsub.egg-info/SOURCES.txt'
[0.951s] running build
[0.951s] running build_py
[0.952s] running install
[0.952s] running install_lib
[0.953s] running install_data
[0.953s] running install_egg_info
[0.954s] removing '/home/wade/ros2_ws/install/py_pubsub/lib/python3.10/site-packages/py_pubsub-0.0.0-py3.10.egg-info' (and everything under it)
[0.954s] Copying ../../build/py_pubsub/py_pubsub.egg-info to /home/wade/ros2_ws/install/py_pubsub/lib/python3.10/site-packages/py_pubsub-0.0.0-py3.10.egg-info
[0.955s] running install_scripts
[0.969s] Installing listener script to /home/wade/ros2_ws/install/py_pubsub/lib/py_pubsub
[0.969s] Installing talker script to /home/wade/ros2_ws/install/py_pubsub/lib/py_pubsub
[0.969s] writing list of installed files to '/home/wade/ros2_ws/build/py_pubsub/install.log'
[0.994s] Invoked command in '/home/wade/ros2_ws/src/py_pubsub' returned '0': PYTHONPATH=/home/wade/ros2_ws/build/py_pubsub/prefix_override:/usr/lib/python3/dist-packages/colcon_core/task/python/colcon_distutils_commands:/home/wade/ros2_ws/install/py_pubsub/lib/python3.10/site-packages:${PYTHONPATH} /usr/bin/python3 -W ignore:setup.py install is deprecated -W ignore:easy_install command is deprecated setup.py egg_info --egg-base ../../build/py_pubsub build --build-base /home/wade/ros2_ws/build/py_pubsub/build install --record /home/wade/ros2_ws/build/py_pubsub/install.log --single-version-externally-managed install_data
