[6.079s] Invoking command in '/home/wade/ros2_ws/src/examples/rclpy/guard_conditions': PYTHONPATH=/home/wade/ros2_ws/build/examples_rclpy_guard_conditions/prefix_override:/usr/lib/python3/dist-packages/colcon_core/task/python/colcon_distutils_commands:/home/wade/ros2_ws/install/examples_rclpy_guard_conditions/lib/python3.10/site-packages:${PYTHONPATH} /usr/bin/python3 -W ignore:setup.py install is deprecated -W ignore:easy_install command is deprecated setup.py egg_info --egg-base ../../../../build/examples_rclpy_guard_conditions build --build-base /home/wade/ros2_ws/build/examples_rclpy_guard_conditions/build install --record /home/wade/ros2_ws/build/examples_rclpy_guard_conditions/install.log --single-version-externally-managed install_data
[6.629s] running egg_info
[6.630s] writing ../../../../build/examples_rclpy_guard_conditions/examples_rclpy_guard_conditions.egg-info/PKG-INFO
[6.630s] writing dependency_links to ../../../../build/examples_rclpy_guard_conditions/examples_rclpy_guard_conditions.egg-info/dependency_links.txt
[6.631s] writing entry points to ../../../../build/examples_rclpy_guard_conditions/examples_rclpy_guard_conditions.egg-info/entry_points.txt
[6.631s] writing requirements to ../../../../build/examples_rclpy_guard_conditions/examples_rclpy_guard_conditions.egg-info/requires.txt
[6.631s] writing top-level names to ../../../../build/examples_rclpy_guard_conditions/examples_rclpy_guard_conditions.egg-info/top_level.txt
[6.634s] reading manifest file '../../../../build/examples_rclpy_guard_conditions/examples_rclpy_guard_conditions.egg-info/SOURCES.txt'
[6.636s] writing manifest file '../../../../build/examples_rclpy_guard_conditions/examples_rclpy_guard_conditions.egg-info/SOURCES.txt'
[6.636s] running build
[6.636s] running build_py
[6.636s] running install
[6.637s] running install_lib
[6.639s] running install_data
[6.640s] running install_egg_info
[6.644s] removing '/home/wade/ros2_ws/install/examples_rclpy_guard_conditions/lib/python3.10/site-packages/examples_rclpy_guard_conditions-0.15.3-py3.10.egg-info' (and everything under it)
[6.645s] Copying ../../../../build/examples_rclpy_guard_conditions/examples_rclpy_guard_conditions.egg-info to /home/wade/ros2_ws/install/examples_rclpy_guard_conditions/lib/python3.10/site-packages/examples_rclpy_guard_conditions-0.15.3-py3.10.egg-info
[6.647s] running install_scripts
[6.689s] Installing trigger_guard_condition script to /home/wade/ros2_ws/install/examples_rclpy_guard_conditions/lib/examples_rclpy_guard_conditions
[6.689s] writing list of installed files to '/home/wade/ros2_ws/build/examples_rclpy_guard_conditions/install.log'
[7.051s] Invoked command in '/home/wade/ros2_ws/src/examples/rclpy/guard_conditions' returned '0': PYTHONPATH=/home/wade/ros2_ws/build/examples_rclpy_guard_conditions/prefix_override:/usr/lib/python3/dist-packages/colcon_core/task/python/colcon_distutils_commands:/home/wade/ros2_ws/install/examples_rclpy_guard_conditions/lib/python3.10/site-packages:${PYTHONPATH} /usr/bin/python3 -W ignore:setup.py install is deprecated -W ignore:easy_install command is deprecated setup.py egg_info --egg-base ../../../../build/examples_rclpy_guard_conditions build --build-base /home/wade/ros2_ws/build/examples_rclpy_guard_conditions/build install --record /home/wade/ros2_ws/build/examples_rclpy_guard_conditions/install.log --single-version-externally-managed install_data
