[0.697s] Invoking command in '/home/wade/ros2_ws/src/my_turtlebot3_sim': PYTHONPATH=/home/wade/ros2_ws/build/my_turtlebot3_sim/prefix_override:/usr/lib/python3/dist-packages/colcon_core/task/python/colcon_distutils_commands:/home/wade/ros2_ws/install/my_turtlebot3_sim/lib/python3.10/site-packages:${PYTHONPATH} /usr/bin/python3 -W ignore:setup.py install is deprecated -W ignore:easy_install command is deprecated setup.py egg_info --egg-base ../../build/my_turtlebot3_sim build --build-base /home/wade/ros2_ws/build/my_turtlebot3_sim/build install --record /home/wade/ros2_ws/build/my_turtlebot3_sim/install.log --single-version-externally-managed install_data
[0.863s] running egg_info
[0.863s] writing ../../build/my_turtlebot3_sim/my_turtlebot3_sim.egg-info/PKG-INFO
[0.864s] writing dependency_links to ../../build/my_turtlebot3_sim/my_turtlebot3_sim.egg-info/dependency_links.txt
[0.864s] writing entry points to ../../build/my_turtlebot3_sim/my_turtlebot3_sim.egg-info/entry_points.txt
[0.864s] writing requirements to ../../build/my_turtlebot3_sim/my_turtlebot3_sim.egg-info/requires.txt
[0.864s] writing top-level names to ../../build/my_turtlebot3_sim/my_turtlebot3_sim.egg-info/top_level.txt
[0.865s] reading manifest file '../../build/my_turtlebot3_sim/my_turtlebot3_sim.egg-info/SOURCES.txt'
[0.866s] writing manifest file '../../build/my_turtlebot3_sim/my_turtlebot3_sim.egg-info/SOURCES.txt'
[0.866s] running build
[0.867s] running build_py
[0.867s] running install
[0.867s] running install_lib
[0.868s] running install_data
[0.868s] creating /home/wade/ros2_ws/install/my_turtlebot3_sim/share/my_turtlebot3_sim/launch
[0.868s] copying launch/multiple_turtlebots.launch.py -> /home/wade/ros2_ws/install/my_turtlebot3_sim/share/my_turtlebot3_sim/launch
[0.868s] running install_egg_info
[0.870s] removing '/home/wade/ros2_ws/install/my_turtlebot3_sim/lib/python3.10/site-packages/my_turtlebot3_sim-0.0.0-py3.10.egg-info' (and everything under it)
[0.871s] Copying ../../build/my_turtlebot3_sim/my_turtlebot3_sim.egg-info to /home/wade/ros2_ws/install/my_turtlebot3_sim/lib/python3.10/site-packages/my_turtlebot3_sim-0.0.0-py3.10.egg-info
[0.871s] running install_scripts
[0.889s] writing list of installed files to '/home/wade/ros2_ws/build/my_turtlebot3_sim/install.log'
[1.062s] Invoked command in '/home/wade/ros2_ws/src/my_turtlebot3_sim' returned '0': PYTHONPATH=/home/wade/ros2_ws/build/my_turtlebot3_sim/prefix_override:/usr/lib/python3/dist-packages/colcon_core/task/python/colcon_distutils_commands:/home/wade/ros2_ws/install/my_turtlebot3_sim/lib/python3.10/site-packages:${PYTHONPATH} /usr/bin/python3 -W ignore:setup.py install is deprecated -W ignore:easy_install command is deprecated setup.py egg_info --egg-base ../../build/my_turtlebot3_sim build --build-base /home/wade/ros2_ws/build/my_turtlebot3_sim/build install --record /home/wade/ros2_ws/build/my_turtlebot3_sim/install.log --single-version-externally-managed install_data
