[6.267s] Invoking command in '/home/wade/ros2_ws/src/examples/rclpy/executors': PYTHONPATH=/home/wade/ros2_ws/build/examples_rclpy_executors/prefix_override:/usr/lib/python3/dist-packages/colcon_core/task/python/colcon_distutils_commands:/home/wade/ros2_ws/install/examples_rclpy_executors/lib/python3.10/site-packages:${PYTHONPATH} /usr/bin/python3 -W ignore:setup.py install is deprecated -W ignore:easy_install command is deprecated setup.py egg_info --egg-base ../../../../build/examples_rclpy_executors build --build-base /home/wade/ros2_ws/build/examples_rclpy_executors/build install --record /home/wade/ros2_ws/build/examples_rclpy_executors/install.log --single-version-externally-managed install_data
[6.870s] running egg_info
[6.870s] writing ../../../../build/examples_rclpy_executors/examples_rclpy_executors.egg-info/PKG-INFO
[6.870s] writing dependency_links to ../../../../build/examples_rclpy_executors/examples_rclpy_executors.egg-info/dependency_links.txt
[6.870s] writing entry points to ../../../../build/examples_rclpy_executors/examples_rclpy_executors.egg-info/entry_points.txt
[6.870s] writing requirements to ../../../../build/examples_rclpy_executors/examples_rclpy_executors.egg-info/requires.txt
[6.870s] writing top-level names to ../../../../build/examples_rclpy_executors/examples_rclpy_executors.egg-info/top_level.txt
[6.871s] reading manifest file '../../../../build/examples_rclpy_executors/examples_rclpy_executors.egg-info/SOURCES.txt'
[6.872s] writing manifest file '../../../../build/examples_rclpy_executors/examples_rclpy_executors.egg-info/SOURCES.txt'
[6.872s] running build
[6.872s] running build_py
[6.873s] running install
[6.873s] running install_lib
[6.875s] running install_data
[6.876s] running install_egg_info
[6.879s] removing '/home/wade/ros2_ws/install/examples_rclpy_executors/lib/python3.10/site-packages/examples_rclpy_executors-0.15.3-py3.10.egg-info' (and everything under it)
[6.883s] Copying ../../../../build/examples_rclpy_executors/examples_rclpy_executors.egg-info to /home/wade/ros2_ws/install/examples_rclpy_executors/lib/python3.10/site-packages/examples_rclpy_executors-0.15.3-py3.10.egg-info
[6.886s] running install_scripts
[6.912s] Installing callback_group script to /home/wade/ros2_ws/install/examples_rclpy_executors/lib/examples_rclpy_executors
[6.912s] Installing composed script to /home/wade/ros2_ws/install/examples_rclpy_executors/lib/examples_rclpy_executors
[6.912s] Installing custom_callback_group script to /home/wade/ros2_ws/install/examples_rclpy_executors/lib/examples_rclpy_executors
[6.912s] Installing custom_executor script to /home/wade/ros2_ws/install/examples_rclpy_executors/lib/examples_rclpy_executors
[6.912s] Installing listener script to /home/wade/ros2_ws/install/examples_rclpy_executors/lib/examples_rclpy_executors
[6.912s] Installing talker script to /home/wade/ros2_ws/install/examples_rclpy_executors/lib/examples_rclpy_executors
[6.912s] writing list of installed files to '/home/wade/ros2_ws/build/examples_rclpy_executors/install.log'
[7.047s] Invoked command in '/home/wade/ros2_ws/src/examples/rclpy/executors' returned '0': PYTHONPATH=/home/wade/ros2_ws/build/examples_rclpy_executors/prefix_override:/usr/lib/python3/dist-packages/colcon_core/task/python/colcon_distutils_commands:/home/wade/ros2_ws/install/examples_rclpy_executors/lib/python3.10/site-packages:${PYTHONPATH} /usr/bin/python3 -W ignore:setup.py install is deprecated -W ignore:easy_install command is deprecated setup.py egg_info --egg-base ../../../../build/examples_rclpy_executors build --build-base /home/wade/ros2_ws/build/examples_rclpy_executors/build install --record /home/wade/ros2_ws/build/examples_rclpy_executors/install.log --single-version-externally-managed install_data
