[0.576s] Invoking command in '/home/wade/ros2_ws/src/py_srvcli': PYTHONPATH=/home/wade/ros2_ws/build/py_srvcli/prefix_override:/usr/lib/python3/dist-packages/colcon_core/task/python/colcon_distutils_commands:/home/wade/ros2_ws/install/py_srvcli/lib/python3.10/site-packages:${PYTHONPATH} /usr/bin/python3 -W ignore:setup.py install is deprecated -W ignore:easy_install command is deprecated setup.py egg_info --egg-base ../../build/py_srvcli build --build-base /home/wade/ros2_ws/build/py_srvcli/build install --record /home/wade/ros2_ws/build/py_srvcli/install.log --single-version-externally-managed install_data
[0.716s] running egg_info
[0.716s] writing ../../build/py_srvcli/py_srvcli.egg-info/PKG-INFO
[0.716s] writing dependency_links to ../../build/py_srvcli/py_srvcli.egg-info/dependency_links.txt
[0.716s] writing entry points to ../../build/py_srvcli/py_srvcli.egg-info/entry_points.txt
[0.716s] writing requirements to ../../build/py_srvcli/py_srvcli.egg-info/requires.txt
[0.716s] writing top-level names to ../../build/py_srvcli/py_srvcli.egg-info/top_level.txt
[0.717s] reading manifest file '../../build/py_srvcli/py_srvcli.egg-info/SOURCES.txt'
[0.717s] adding license file 'LICENSE'
[0.718s] writing manifest file '../../build/py_srvcli/py_srvcli.egg-info/SOURCES.txt'
[0.718s] running build
[0.718s] running build_py
[0.718s] running install
[0.718s] running install_lib
[0.719s] running install_data
[0.719s] running install_egg_info
[0.720s] removing '/home/wade/ros2_ws/install/py_srvcli/lib/python3.10/site-packages/py_srvcli-0.0.0-py3.10.egg-info' (and everything under it)
[0.721s] Copying ../../build/py_srvcli/py_srvcli.egg-info to /home/wade/ros2_ws/install/py_srvcli/lib/python3.10/site-packages/py_srvcli-0.0.0-py3.10.egg-info
[0.721s] running install_scripts
[0.735s] Installing client script to /home/wade/ros2_ws/install/py_srvcli/lib/py_srvcli
[0.735s] Installing service script to /home/wade/ros2_ws/install/py_srvcli/lib/py_srvcli
[0.736s] writing list of installed files to '/home/wade/ros2_ws/build/py_srvcli/install.log'
[0.752s] Invoked command in '/home/wade/ros2_ws/src/py_srvcli' returned '0': PYTHONPATH=/home/wade/ros2_ws/build/py_srvcli/prefix_override:/usr/lib/python3/dist-packages/colcon_core/task/python/colcon_distutils_commands:/home/wade/ros2_ws/install/py_srvcli/lib/python3.10/site-packages:${PYTHONPATH} /usr/bin/python3 -W ignore:setup.py install is deprecated -W ignore:easy_install command is deprecated setup.py egg_info --egg-base ../../build/py_srvcli build --build-base /home/wade/ros2_ws/build/py_srvcli/build install --record /home/wade/ros2_ws/build/py_srvcli/install.log --single-version-externally-managed install_data
