[0.820s] Invoking command in '/home/wade/ros2_ws/src/python_parameters': PYTHONPATH=/home/wade/ros2_ws/build/python_parameters/prefix_override:/usr/lib/python3/dist-packages/colcon_core/task/python/colcon_distutils_commands:/home/wade/ros2_ws/install/python_parameters/lib/python3.10/site-packages:${PYTHONPATH} /usr/bin/python3 -W ignore:setup.py install is deprecated -W ignore:easy_install command is deprecated setup.py egg_info --egg-base ../../build/python_parameters build --build-base /home/wade/ros2_ws/build/python_parameters/build install --record /home/wade/ros2_ws/build/python_parameters/install.log --single-version-externally-managed install_data
[0.967s] running egg_info
[0.967s] writing ../../build/python_parameters/python_parameters.egg-info/PKG-INFO
[0.967s] writing dependency_links to ../../build/python_parameters/python_parameters.egg-info/dependency_links.txt
[0.967s] writing entry points to ../../build/python_parameters/python_parameters.egg-info/entry_points.txt
[0.967s] writing requirements to ../../build/python_parameters/python_parameters.egg-info/requires.txt
[0.967s] writing top-level names to ../../build/python_parameters/python_parameters.egg-info/top_level.txt
[0.968s] reading manifest file '../../build/python_parameters/python_parameters.egg-info/SOURCES.txt'
[0.969s] adding license file 'LICENSE'
[0.969s] writing manifest file '../../build/python_parameters/python_parameters.egg-info/SOURCES.txt'
[0.969s] running build
[0.969s] running build_py
[0.969s] running install
[0.969s] running install_lib
[0.970s] running install_data
[0.970s] running install_egg_info
[0.971s] removing '/home/wade/ros2_ws/install/python_parameters/lib/python3.10/site-packages/python_parameters-0.0.0-py3.10.egg-info' (and everything under it)
[0.972s] Copying ../../build/python_parameters/python_parameters.egg-info to /home/wade/ros2_ws/install/python_parameters/lib/python3.10/site-packages/python_parameters-0.0.0-py3.10.egg-info
[0.972s] running install_scripts
[0.986s] Installing minimal_param_node script to /home/wade/ros2_ws/install/python_parameters/lib/python_parameters
[0.986s] writing list of installed files to '/home/wade/ros2_ws/build/python_parameters/install.log'
[1.011s] Invoked command in '/home/wade/ros2_ws/src/python_parameters' returned '0': PYTHONPATH=/home/wade/ros2_ws/build/python_parameters/prefix_override:/usr/lib/python3/dist-packages/colcon_core/task/python/colcon_distutils_commands:/home/wade/ros2_ws/install/python_parameters/lib/python3.10/site-packages:${PYTHONPATH} /usr/bin/python3 -W ignore:setup.py install is deprecated -W ignore:easy_install command is deprecated setup.py egg_info --egg-base ../../build/python_parameters build --build-base /home/wade/ros2_ws/build/python_parameters/build install --record /home/wade/ros2_ws/build/python_parameters/install.log --single-version-externally-managed install_data
