[2.046s] Invoking command in '/home/wade/ros2_ws/src/examples/rclpy/topics/minimal_publisher': PYTHONPATH=/home/wade/ros2_ws/build/examples_rclpy_minimal_publisher/prefix_override:/usr/lib/python3/dist-packages/colcon_core/task/python/colcon_distutils_commands:/home/wade/ros2_ws/install/examples_rclpy_minimal_publisher/lib/python3.10/site-packages:${PYTHONPATH} /usr/bin/python3 -W ignore:setup.py install is deprecated -W ignore:easy_install command is deprecated setup.py egg_info --egg-base ../../../../../build/examples_rclpy_minimal_publisher build --build-base /home/wade/ros2_ws/build/examples_rclpy_minimal_publisher/build install --record /home/wade/ros2_ws/build/examples_rclpy_minimal_publisher/install.log --single-version-externally-managed install_data
[2.265s] running egg_info
[2.266s] writing ../../../../../build/examples_rclpy_minimal_publisher/examples_rclpy_minimal_publisher.egg-info/PKG-INFO
[2.267s] writing dependency_links to ../../../../../build/examples_rclpy_minimal_publisher/examples_rclpy_minimal_publisher.egg-info/dependency_links.txt
[2.267s] writing entry points to ../../../../../build/examples_rclpy_minimal_publisher/examples_rclpy_minimal_publisher.egg-info/entry_points.txt
[2.267s] writing requirements to ../../../../../build/examples_rclpy_minimal_publisher/examples_rclpy_minimal_publisher.egg-info/requires.txt
[2.267s] writing top-level names to ../../../../../build/examples_rclpy_minimal_publisher/examples_rclpy_minimal_publisher.egg-info/top_level.txt
[2.269s] reading manifest file '../../../../../build/examples_rclpy_minimal_publisher/examples_rclpy_minimal_publisher.egg-info/SOURCES.txt'
[2.270s] writing manifest file '../../../../../build/examples_rclpy_minimal_publisher/examples_rclpy_minimal_publisher.egg-info/SOURCES.txt'
[2.270s] running build
[2.270s] running build_py
[2.271s] running install
[2.271s] running install_lib
[2.273s] running install_data
[2.273s] running install_egg_info
[2.275s] removing '/home/wade/ros2_ws/install/examples_rclpy_minimal_publisher/lib/python3.10/site-packages/examples_rclpy_minimal_publisher-0.15.3-py3.10.egg-info' (and everything under it)
[2.275s] Copying ../../../../../build/examples_rclpy_minimal_publisher/examples_rclpy_minimal_publisher.egg-info to /home/wade/ros2_ws/install/examples_rclpy_minimal_publisher/lib/python3.10/site-packages/examples_rclpy_minimal_publisher-0.15.3-py3.10.egg-info
[2.279s] running install_scripts
[2.299s] Installing publisher_local_function script to /home/wade/ros2_ws/install/examples_rclpy_minimal_publisher/lib/examples_rclpy_minimal_publisher
[2.299s] Installing publisher_member_function script to /home/wade/ros2_ws/install/examples_rclpy_minimal_publisher/lib/examples_rclpy_minimal_publisher
[2.299s] Installing publisher_old_school script to /home/wade/ros2_ws/install/examples_rclpy_minimal_publisher/lib/examples_rclpy_minimal_publisher
[2.300s] writing list of installed files to '/home/wade/ros2_ws/build/examples_rclpy_minimal_publisher/install.log'
[2.367s] Invoked command in '/home/wade/ros2_ws/src/examples/rclpy/topics/minimal_publisher' returned '0': PYTHONPATH=/home/wade/ros2_ws/build/examples_rclpy_minimal_publisher/prefix_override:/usr/lib/python3/dist-packages/colcon_core/task/python/colcon_distutils_commands:/home/wade/ros2_ws/install/examples_rclpy_minimal_publisher/lib/python3.10/site-packages:${PYTHONPATH} /usr/bin/python3 -W ignore:setup.py install is deprecated -W ignore:easy_install command is deprecated setup.py egg_info --egg-base ../../../../../build/examples_rclpy_minimal_publisher build --build-base /home/wade/ros2_ws/build/examples_rclpy_minimal_publisher/build install --record /home/wade/ros2_ws/build/examples_rclpy_minimal_publisher/install.log --single-version-externally-managed install_data
