[0.451s] Invoking command in '/home/wade/ros2_ws/src/python_parameters': PYTHONPATH=/home/wade/ros2_ws/src/python_parameters/build/python_parameters/prefix_override:/usr/lib/python3/dist-packages/colcon_core/task/python/colcon_distutils_commands:/home/wade/ros2_ws/src/python_parameters/install/python_parameters/lib/python3.10/site-packages:${PYTHONPATH} /usr/bin/python3 -W ignore:setup.py install is deprecated -W ignore:easy_install command is deprecated setup.py egg_info --egg-base build/python_parameters build --build-base /home/wade/ros2_ws/src/python_parameters/build/python_parameters/build install --record /home/wade/ros2_ws/src/python_parameters/build/python_parameters/install.log --single-version-externally-managed install_data
[0.591s] running egg_info
[0.591s] creating build/python_parameters/python_parameters.egg-info
[0.591s] writing build/python_parameters/python_parameters.egg-info/PKG-INFO
[0.591s] writing dependency_links to build/python_parameters/python_parameters.egg-info/dependency_links.txt
[0.591s] writing entry points to build/python_parameters/python_parameters.egg-info/entry_points.txt
[0.591s] writing requirements to build/python_parameters/python_parameters.egg-info/requires.txt
[0.591s] writing top-level names to build/python_parameters/python_parameters.egg-info/top_level.txt
[0.592s] writing manifest file 'build/python_parameters/python_parameters.egg-info/SOURCES.txt'
[0.592s] reading manifest file 'build/python_parameters/python_parameters.egg-info/SOURCES.txt'
[0.592s] adding license file 'LICENSE'
[0.593s] writing manifest file 'build/python_parameters/python_parameters.egg-info/SOURCES.txt'
[0.593s] running build
[0.593s] running build_py
[0.593s] creating /home/wade/ros2_ws/src/python_parameters/build/python_parameters/build
[0.593s] creating /home/wade/ros2_ws/src/python_parameters/build/python_parameters/build/lib
[0.593s] creating /home/wade/ros2_ws/src/python_parameters/build/python_parameters/build/lib/python_parameters
[0.593s] copying python_parameters/__init__.py -> /home/wade/ros2_ws/src/python_parameters/build/python_parameters/build/lib/python_parameters
[0.593s] copying python_parameters/python_parameters_node.py -> /home/wade/ros2_ws/src/python_parameters/build/python_parameters/build/lib/python_parameters
[0.593s] running install
[0.593s] running install_lib
[0.594s] creating /home/wade/ros2_ws/src/python_parameters/install/python_parameters/lib/python3.10/site-packages/python_parameters
[0.594s] copying /home/wade/ros2_ws/src/python_parameters/build/python_parameters/build/lib/python_parameters/__init__.py -> /home/wade/ros2_ws/src/python_parameters/install/python_parameters/lib/python3.10/site-packages/python_parameters
[0.594s] copying /home/wade/ros2_ws/src/python_parameters/build/python_parameters/build/lib/python_parameters/python_parameters_node.py -> /home/wade/ros2_ws/src/python_parameters/install/python_parameters/lib/python3.10/site-packages/python_parameters
[0.594s] byte-compiling /home/wade/ros2_ws/src/python_parameters/install/python_parameters/lib/python3.10/site-packages/python_parameters/__init__.py to __init__.cpython-310.pyc
[0.594s] byte-compiling /home/wade/ros2_ws/src/python_parameters/install/python_parameters/lib/python3.10/site-packages/python_parameters/python_parameters_node.py to python_parameters_node.cpython-310.pyc
[0.594s] running install_data
[0.594s] creating /home/wade/ros2_ws/src/python_parameters/install/python_parameters/share/ament_index
[0.595s] creating /home/wade/ros2_ws/src/python_parameters/install/python_parameters/share/ament_index/resource_index
[0.595s] creating /home/wade/ros2_ws/src/python_parameters/install/python_parameters/share/ament_index/resource_index/packages
[0.595s] copying resource/python_parameters -> /home/wade/ros2_ws/src/python_parameters/install/python_parameters/share/ament_index/resource_index/packages
[0.595s] copying launch/python_parameters_launch.py -> /home/wade/ros2_ws/src/python_parameters/install/python_parameters/share/python_parameters
[0.595s] copying package.xml -> /home/wade/ros2_ws/src/python_parameters/install/python_parameters/share/python_parameters
[0.595s] running install_egg_info
[0.596s] Copying build/python_parameters/python_parameters.egg-info to /home/wade/ros2_ws/src/python_parameters/install/python_parameters/lib/python3.10/site-packages/python_parameters-0.0.0-py3.10.egg-info
[0.596s] running install_scripts
[0.610s] Installing minimal_param_node script to /home/wade/ros2_ws/src/python_parameters/install/python_parameters/lib/python_parameters
[0.610s] writing list of installed files to '/home/wade/ros2_ws/src/python_parameters/build/python_parameters/install.log'
[0.625s] Invoked command in '/home/wade/ros2_ws/src/python_parameters' returned '0': PYTHONPATH=/home/wade/ros2_ws/src/python_parameters/build/python_parameters/prefix_override:/usr/lib/python3/dist-packages/colcon_core/task/python/colcon_distutils_commands:/home/wade/ros2_ws/src/python_parameters/install/python_parameters/lib/python3.10/site-packages:${PYTHONPATH} /usr/bin/python3 -W ignore:setup.py install is deprecated -W ignore:easy_install command is deprecated setup.py egg_info --egg-base build/python_parameters build --build-base /home/wade/ros2_ws/src/python_parameters/build/python_parameters/build install --record /home/wade/ros2_ws/src/python_parameters/build/python_parameters/install.log --single-version-externally-managed install_data
