[3.904s] Invoking command in '/home/wade/ros2_ws/build/examples_rclpy_minimal_action_client': PYTHONPATH=/home/wade/ros2_ws/build/examples_rclpy_minimal_action_client/prefix_override:/usr/lib/python3/dist-packages/colcon_core/task/python/colcon_distutils_commands:/home/wade/ros2_ws/install/examples_rclpy_minimal_action_client/lib/python3.10/site-packages:${PYTHONPATH} /usr/bin/python3 -W ignore:setup.py install is deprecated -W ignore:easy_install command is deprecated setup.py develop --editable --build-directory /home/wade/ros2_ws/build/examples_rclpy_minimal_action_client/build --no-deps symlink_data
[4.560s] running develop
[4.952s] running egg_info
[4.952s] creating examples_rclpy_minimal_action_client.egg-info
[4.952s] writing examples_rclpy_minimal_action_client.egg-info/PKG-INFO
[4.953s] writing dependency_links to examples_rclpy_minimal_action_client.egg-info/dependency_links.txt
[4.953s] writing entry points to examples_rclpy_minimal_action_client.egg-info/entry_points.txt
[4.953s] writing requirements to examples_rclpy_minimal_action_client.egg-info/requires.txt
[4.953s] writing top-level names to examples_rclpy_minimal_action_client.egg-info/top_level.txt
[4.953s] writing manifest file 'examples_rclpy_minimal_action_client.egg-info/SOURCES.txt'
[4.967s] reading manifest file 'examples_rclpy_minimal_action_client.egg-info/SOURCES.txt'
[4.967s] writing manifest file 'examples_rclpy_minimal_action_client.egg-info/SOURCES.txt'
[4.967s] running build_ext
[4.967s] Creating /home/wade/ros2_ws/install/examples_rclpy_minimal_action_client/lib/python3.10/site-packages/examples-rclpy-minimal-action-client.egg-link (link to .)
[4.979s] Installing client script to /home/wade/ros2_ws/install/examples_rclpy_minimal_action_client/lib/examples_rclpy_minimal_action_client
[4.979s] Installing client_asyncio script to /home/wade/ros2_ws/install/examples_rclpy_minimal_action_client/lib/examples_rclpy_minimal_action_client
[4.979s] Installing client_cancel script to /home/wade/ros2_ws/install/examples_rclpy_minimal_action_client/lib/examples_rclpy_minimal_action_client
[4.979s] Installing client_not_composable script to /home/wade/ros2_ws/install/examples_rclpy_minimal_action_client/lib/examples_rclpy_minimal_action_client
[4.979s] 
[4.979s] Installed /home/wade/ros2_ws/build/examples_rclpy_minimal_action_client
[4.979s] running symlink_data
[4.979s] creating /home/wade/ros2_ws/install/examples_rclpy_minimal_action_client/share/ament_index
[4.979s] creating /home/wade/ros2_ws/install/examples_rclpy_minimal_action_client/share/ament_index/resource_index
[4.979s] creating /home/wade/ros2_ws/install/examples_rclpy_minimal_action_client/share/ament_index/resource_index/packages
[4.979s] symbolically linking /home/wade/ros2_ws/build/examples_rclpy_minimal_action_client/resource/examples_rclpy_minimal_action_client -> /home/wade/ros2_ws/install/examples_rclpy_minimal_action_client/share/ament_index/resource_index/packages
[4.979s] symbolically linking /home/wade/ros2_ws/build/examples_rclpy_minimal_action_client/package.xml -> /home/wade/ros2_ws/install/examples_rclpy_minimal_action_client/share/examples_rclpy_minimal_action_client
[5.282s] Invoked command in '/home/wade/ros2_ws/build/examples_rclpy_minimal_action_client' returned '0': PYTHONPATH=/home/wade/ros2_ws/build/examples_rclpy_minimal_action_client/prefix_override:/usr/lib/python3/dist-packages/colcon_core/task/python/colcon_distutils_commands:/home/wade/ros2_ws/install/examples_rclpy_minimal_action_client/lib/python3.10/site-packages:${PYTHONPATH} /usr/bin/python3 -W ignore:setup.py install is deprecated -W ignore:easy_install command is deprecated setup.py develop --editable --build-directory /home/wade/ros2_ws/build/examples_rclpy_minimal_action_client/build --no-deps symlink_data
