[0.983s] Invoking command in '/home/wade/ros2_ws/src/my_turtlebot3_sim': PYTHONPATH=/home/wade/ros2_ws/build/my_turtlebot3_sim/prefix_override:/usr/lib/python3/dist-packages/colcon_core/task/python/colcon_distutils_commands:/home/wade/ros2_ws/install/my_turtlebot3_sim/lib/python3.10/site-packages:${PYTHONPATH} /usr/bin/python3 -W ignore:setup.py install is deprecated -W ignore:easy_install command is deprecated setup.py egg_info --egg-base ../../build/my_turtlebot3_sim build --build-base /home/wade/ros2_ws/build/my_turtlebot3_sim/build install --record /home/wade/ros2_ws/build/my_turtlebot3_sim/install.log --single-version-externally-managed install_data
[1.129s] running egg_info
[1.129s] writing ../../build/my_turtlebot3_sim/my_turtlebot3_sim.egg-info/PKG-INFO
[1.129s] writing dependency_links to ../../build/my_turtlebot3_sim/my_turtlebot3_sim.egg-info/dependency_links.txt
[1.129s] writing entry points to ../../build/my_turtlebot3_sim/my_turtlebot3_sim.egg-info/entry_points.txt
[1.129s] writing requirements to ../../build/my_turtlebot3_sim/my_turtlebot3_sim.egg-info/requires.txt
[1.129s] writing top-level names to ../../build/my_turtlebot3_sim/my_turtlebot3_sim.egg-info/top_level.txt
[1.130s] reading manifest file '../../build/my_turtlebot3_sim/my_turtlebot3_sim.egg-info/SOURCES.txt'
[1.131s] writing manifest file '../../build/my_turtlebot3_sim/my_turtlebot3_sim.egg-info/SOURCES.txt'
[1.131s] running build
[1.131s] running build_py
[1.131s] running install
[1.131s] running install_lib
[1.132s] running install_data
[1.133s] running install_egg_info
[1.134s] removing '/home/wade/ros2_ws/install/my_turtlebot3_sim/lib/python3.10/site-packages/my_turtlebot3_sim-0.0.0-py3.10.egg-info' (and everything under it)
[1.134s] Copying ../../build/my_turtlebot3_sim/my_turtlebot3_sim.egg-info to /home/wade/ros2_ws/install/my_turtlebot3_sim/lib/python3.10/site-packages/my_turtlebot3_sim-0.0.0-py3.10.egg-info
[1.134s] running install_scripts
[1.149s] writing list of installed files to '/home/wade/ros2_ws/build/my_turtlebot3_sim/install.log'
[1.170s] Invoked command in '/home/wade/ros2_ws/src/my_turtlebot3_sim' returned '0': PYTHONPATH=/home/wade/ros2_ws/build/my_turtlebot3_sim/prefix_override:/usr/lib/python3/dist-packages/colcon_core/task/python/colcon_distutils_commands:/home/wade/ros2_ws/install/my_turtlebot3_sim/lib/python3.10/site-packages:${PYTHONPATH} /usr/bin/python3 -W ignore:setup.py install is deprecated -W ignore:easy_install command is deprecated setup.py egg_info --egg-base ../../build/my_turtlebot3_sim build --build-base /home/wade/ros2_ws/build/my_turtlebot3_sim/build install --record /home/wade/ros2_ws/build/my_turtlebot3_sim/install.log --single-version-externally-managed install_data
