[0.615s] Invoking command in '/home/wade/ros2_ws/src/my_package': PYTHONPATH=/home/wade/ros2_ws/build/my_package/prefix_override:/usr/lib/python3/dist-packages/colcon_core/task/python/colcon_distutils_commands:/home/wade/ros2_ws/install/my_package/lib/python3.10/site-packages:${PYTHONPATH} /usr/bin/python3 -W ignore:setup.py install is deprecated -W ignore:easy_install command is deprecated setup.py egg_info --egg-base ../../build/my_package build --build-base /home/wade/ros2_ws/build/my_package/build install --record /home/wade/ros2_ws/build/my_package/install.log --single-version-externally-managed install_data
[0.763s] running egg_info
[0.763s] writing ../../build/my_package/my_package.egg-info/PKG-INFO
[0.763s] writing dependency_links to ../../build/my_package/my_package.egg-info/dependency_links.txt
[0.763s] writing entry points to ../../build/my_package/my_package.egg-info/entry_points.txt
[0.764s] writing requirements to ../../build/my_package/my_package.egg-info/requires.txt
[0.764s] writing top-level names to ../../build/my_package/my_package.egg-info/top_level.txt
[0.764s] reading manifest file '../../build/my_package/my_package.egg-info/SOURCES.txt'
[0.765s] adding license file 'LICENSE'
[0.765s] writing manifest file '../../build/my_package/my_package.egg-info/SOURCES.txt'
[0.765s] running build
[0.765s] running build_py
[0.766s] running install
[0.766s] running install_lib
[0.767s] running install_data
[0.767s] running install_egg_info
[0.769s] removing '/home/wade/ros2_ws/install/my_package/lib/python3.10/site-packages/my_package-0.0.0-py3.10.egg-info' (and everything under it)
[0.769s] Copying ../../build/my_package/my_package.egg-info to /home/wade/ros2_ws/install/my_package/lib/python3.10/site-packages/my_package-0.0.0-py3.10.egg-info
[0.770s] running install_scripts
[0.783s] Installing my_node script to /home/wade/ros2_ws/install/my_package/lib/my_package
[0.784s] writing list of installed files to '/home/wade/ros2_ws/build/my_package/install.log'
[1.497s] Invoked command in '/home/wade/ros2_ws/src/my_package' returned '0': PYTHONPATH=/home/wade/ros2_ws/build/my_package/prefix_override:/usr/lib/python3/dist-packages/colcon_core/task/python/colcon_distutils_commands:/home/wade/ros2_ws/install/my_package/lib/python3.10/site-packages:${PYTHONPATH} /usr/bin/python3 -W ignore:setup.py install is deprecated -W ignore:easy_install command is deprecated setup.py egg_info --egg-base ../../build/my_package build --build-base /home/wade/ros2_ws/build/my_package/build install --record /home/wade/ros2_ws/build/my_package/install.log --single-version-externally-managed install_data
