[0.445s] Invoking command in '/home/wade/ros2_ws/src/py_pubsub': PYTHONPATH=/home/wade/ros2_ws/build/py_pubsub/prefix_override:/usr/lib/python3/dist-packages/colcon_core/task/python/colcon_distutils_commands:/home/wade/ros2_ws/install/py_pubsub/lib/python3.10/site-packages:${PYTHONPATH} /usr/bin/python3 -W ignore:setup.py install is deprecated -W ignore:easy_install command is deprecated setup.py egg_info --egg-base ../../build/py_pubsub build --build-base /home/wade/ros2_ws/build/py_pubsub/build install --record /home/wade/ros2_ws/build/py_pubsub/install.log --single-version-externally-managed install_data
[0.604s] running egg_info
[0.604s] creating ../../build/py_pubsub/py_pubsub.egg-info
[0.604s] writing ../../build/py_pubsub/py_pubsub.egg-info/PKG-INFO
[0.604s] writing dependency_links to ../../build/py_pubsub/py_pubsub.egg-info/dependency_links.txt
[0.605s] writing entry points to ../../build/py_pubsub/py_pubsub.egg-info/entry_points.txt
[0.605s] writing requirements to ../../build/py_pubsub/py_pubsub.egg-info/requires.txt
[0.605s] writing top-level names to ../../build/py_pubsub/py_pubsub.egg-info/top_level.txt
[0.605s] writing manifest file '../../build/py_pubsub/py_pubsub.egg-info/SOURCES.txt'
[0.606s] reading manifest file '../../build/py_pubsub/py_pubsub.egg-info/SOURCES.txt'
[0.606s] adding license file 'LICENSE'
[0.606s] writing manifest file '../../build/py_pubsub/py_pubsub.egg-info/SOURCES.txt'
[0.607s] running build
[0.607s] running build_py
[0.607s] creating /home/wade/ros2_ws/build/py_pubsub/build
[0.607s] creating /home/wade/ros2_ws/build/py_pubsub/build/lib
[0.607s] creating /home/wade/ros2_ws/build/py_pubsub/build/lib/py_pubsub
[0.607s] copying py_pubsub/subscriber_member_function.py -> /home/wade/ros2_ws/build/py_pubsub/build/lib/py_pubsub
[0.607s] copying py_pubsub/__init__.py -> /home/wade/ros2_ws/build/py_pubsub/build/lib/py_pubsub
[0.607s] copying py_pubsub/publisher_member_function.py -> /home/wade/ros2_ws/build/py_pubsub/build/lib/py_pubsub
[0.607s] running install
[0.607s] running install_lib
[0.608s] creating /home/wade/ros2_ws/install/py_pubsub/lib/python3.10/site-packages/py_pubsub
[0.608s] copying /home/wade/ros2_ws/build/py_pubsub/build/lib/py_pubsub/subscriber_member_function.py -> /home/wade/ros2_ws/install/py_pubsub/lib/python3.10/site-packages/py_pubsub
[0.608s] copying /home/wade/ros2_ws/build/py_pubsub/build/lib/py_pubsub/__init__.py -> /home/wade/ros2_ws/install/py_pubsub/lib/python3.10/site-packages/py_pubsub
[0.608s] copying /home/wade/ros2_ws/build/py_pubsub/build/lib/py_pubsub/publisher_member_function.py -> /home/wade/ros2_ws/install/py_pubsub/lib/python3.10/site-packages/py_pubsub
[0.608s] byte-compiling /home/wade/ros2_ws/install/py_pubsub/lib/python3.10/site-packages/py_pubsub/subscriber_member_function.py to subscriber_member_function.cpython-310.pyc
[0.609s] byte-compiling /home/wade/ros2_ws/install/py_pubsub/lib/python3.10/site-packages/py_pubsub/__init__.py to __init__.cpython-310.pyc
[0.609s] byte-compiling /home/wade/ros2_ws/install/py_pubsub/lib/python3.10/site-packages/py_pubsub/publisher_member_function.py to publisher_member_function.cpython-310.pyc
[0.609s] running install_data
[0.609s] creating /home/wade/ros2_ws/install/py_pubsub/share/ament_index
[0.609s] creating /home/wade/ros2_ws/install/py_pubsub/share/ament_index/resource_index
[0.609s] creating /home/wade/ros2_ws/install/py_pubsub/share/ament_index/resource_index/packages
[0.609s] copying resource/py_pubsub -> /home/wade/ros2_ws/install/py_pubsub/share/ament_index/resource_index/packages
[0.609s] copying package.xml -> /home/wade/ros2_ws/install/py_pubsub/share/py_pubsub
[0.609s] running install_egg_info
[0.610s] Copying ../../build/py_pubsub/py_pubsub.egg-info to /home/wade/ros2_ws/install/py_pubsub/lib/python3.10/site-packages/py_pubsub-0.0.0-py3.10.egg-info
[0.611s] running install_scripts
[0.627s] Installing listener script to /home/wade/ros2_ws/install/py_pubsub/lib/py_pubsub
[0.627s] Installing talker script to /home/wade/ros2_ws/install/py_pubsub/lib/py_pubsub
[0.627s] writing list of installed files to '/home/wade/ros2_ws/build/py_pubsub/install.log'
[0.644s] Invoked command in '/home/wade/ros2_ws/src/py_pubsub' returned '0': PYTHONPATH=/home/wade/ros2_ws/build/py_pubsub/prefix_override:/usr/lib/python3/dist-packages/colcon_core/task/python/colcon_distutils_commands:/home/wade/ros2_ws/install/py_pubsub/lib/python3.10/site-packages:${PYTHONPATH} /usr/bin/python3 -W ignore:setup.py install is deprecated -W ignore:easy_install command is deprecated setup.py egg_info --egg-base ../../build/py_pubsub build --build-base /home/wade/ros2_ws/build/py_pubsub/build install --record /home/wade/ros2_ws/build/py_pubsub/install.log --single-version-externally-managed install_data
