[2.048s] Invoking command in '/home/wade/ros2_ws/src/my_package': PYTHONPATH=/home/wade/ros2_ws/build/my_package/prefix_override:/usr/lib/python3/dist-packages/colcon_core/task/python/colcon_distutils_commands:/home/wade/ros2_ws/install/my_package/lib/python3.10/site-packages:${PYTHONPATH} /usr/bin/python3 -W ignore:setup.py install is deprecated -W ignore:easy_install command is deprecated setup.py egg_info --egg-base ../../build/my_package build --build-base /home/wade/ros2_ws/build/my_package/build install --record /home/wade/ros2_ws/build/my_package/install.log --single-version-externally-managed install_data
[2.247s] running egg_info
[2.248s] creating ../../build/my_package/my_package.egg-info
[2.248s] writing ../../build/my_package/my_package.egg-info/PKG-INFO
[2.248s] writing dependency_links to ../../build/my_package/my_package.egg-info/dependency_links.txt
[2.248s] writing entry points to ../../build/my_package/my_package.egg-info/entry_points.txt
[2.248s] writing requirements to ../../build/my_package/my_package.egg-info/requires.txt
[2.249s] writing top-level names to ../../build/my_package/my_package.egg-info/top_level.txt
[2.249s] writing manifest file '../../build/my_package/my_package.egg-info/SOURCES.txt'
[2.250s] reading manifest file '../../build/my_package/my_package.egg-info/SOURCES.txt'
[2.251s] adding license file 'LICENSE'
[2.251s] writing manifest file '../../build/my_package/my_package.egg-info/SOURCES.txt'
[2.251s] running build
[2.251s] running build_py
[2.251s] creating /home/wade/ros2_ws/build/my_package/build
[2.251s] creating /home/wade/ros2_ws/build/my_package/build/lib
[2.251s] creating /home/wade/ros2_ws/build/my_package/build/lib/my_package
[2.252s] copying my_package/my_node.py -> /home/wade/ros2_ws/build/my_package/build/lib/my_package
[2.252s] copying my_package/__init__.py -> /home/wade/ros2_ws/build/my_package/build/lib/my_package
[2.252s] running install
[2.252s] running install_lib
[2.253s] creating /home/wade/ros2_ws/install/my_package/lib/python3.10/site-packages/my_package
[2.253s] copying /home/wade/ros2_ws/build/my_package/build/lib/my_package/my_node.py -> /home/wade/ros2_ws/install/my_package/lib/python3.10/site-packages/my_package
[2.253s] copying /home/wade/ros2_ws/build/my_package/build/lib/my_package/__init__.py -> /home/wade/ros2_ws/install/my_package/lib/python3.10/site-packages/my_package
[2.254s] byte-compiling /home/wade/ros2_ws/install/my_package/lib/python3.10/site-packages/my_package/my_node.py to my_node.cpython-310.pyc
[2.254s] byte-compiling /home/wade/ros2_ws/install/my_package/lib/python3.10/site-packages/my_package/__init__.py to __init__.cpython-310.pyc
[2.254s] running install_data
[2.254s] creating /home/wade/ros2_ws/install/my_package/share/ament_index
[2.254s] creating /home/wade/ros2_ws/install/my_package/share/ament_index/resource_index
[2.254s] creating /home/wade/ros2_ws/install/my_package/share/ament_index/resource_index/packages
[2.254s] copying resource/my_package -> /home/wade/ros2_ws/install/my_package/share/ament_index/resource_index/packages
[2.254s] copying package.xml -> /home/wade/ros2_ws/install/my_package/share/my_package
[2.254s] running install_egg_info
[2.256s] Copying ../../build/my_package/my_package.egg-info to /home/wade/ros2_ws/install/my_package/lib/python3.10/site-packages/my_package-0.0.0-py3.10.egg-info
[2.257s] running install_scripts
[2.277s] Installing my_node script to /home/wade/ros2_ws/install/my_package/lib/my_package
[2.277s] writing list of installed files to '/home/wade/ros2_ws/build/my_package/install.log'
[2.336s] Invoked command in '/home/wade/ros2_ws/src/my_package' returned '0': PYTHONPATH=/home/wade/ros2_ws/build/my_package/prefix_override:/usr/lib/python3/dist-packages/colcon_core/task/python/colcon_distutils_commands:/home/wade/ros2_ws/install/my_package/lib/python3.10/site-packages:${PYTHONPATH} /usr/bin/python3 -W ignore:setup.py install is deprecated -W ignore:easy_install command is deprecated setup.py egg_info --egg-base ../../build/my_package build --build-base /home/wade/ros2_ws/build/my_package/build install --record /home/wade/ros2_ws/build/my_package/install.log --single-version-externally-managed install_data
