[1.996s] Invoking command in '/home/wade/ros2_ws/build/examples_rclpy_minimal_action_client': PYTHONPATH=/home/wade/ros2_ws/build/examples_rclpy_minimal_action_client/prefix_override:/usr/lib/python3/dist-packages/colcon_core/task/python/colcon_distutils_commands:/home/wade/ros2_ws/install/examples_rclpy_minimal_action_client/lib/python3.10/site-packages:${PYTHONPATH} /usr/bin/python3 -W ignore:setup.py install is deprecated -W ignore:easy_install command is deprecated setup.py develop --editable --build-directory /home/wade/ros2_ws/build/examples_rclpy_minimal_action_client/build --no-deps symlink_data --force
[2.254s] running develop
[2.401s] running egg_info
[2.401s] writing examples_rclpy_minimal_action_client.egg-info/PKG-INFO
[2.401s] writing dependency_links to examples_rclpy_minimal_action_client.egg-info/dependency_links.txt
[2.401s] writing entry points to examples_rclpy_minimal_action_client.egg-info/entry_points.txt
[2.402s] writing requirements to examples_rclpy_minimal_action_client.egg-info/requires.txt
[2.402s] writing top-level names to examples_rclpy_minimal_action_client.egg-info/top_level.txt
[2.405s] reading manifest file 'examples_rclpy_minimal_action_client.egg-info/SOURCES.txt'
[2.405s] writing manifest file 'examples_rclpy_minimal_action_client.egg-info/SOURCES.txt'
[2.406s] running build_ext
[2.407s] Creating /home/wade/ros2_ws/install/examples_rclpy_minimal_action_client/lib/python3.10/site-packages/examples-rclpy-minimal-action-client.egg-link (link to .)
[2.407s] Installing client script to /home/wade/ros2_ws/install/examples_rclpy_minimal_action_client/lib/examples_rclpy_minimal_action_client
[2.407s] Installing client_asyncio script to /home/wade/ros2_ws/install/examples_rclpy_minimal_action_client/lib/examples_rclpy_minimal_action_client
[2.407s] Installing client_cancel script to /home/wade/ros2_ws/install/examples_rclpy_minimal_action_client/lib/examples_rclpy_minimal_action_client
[2.408s] Installing client_not_composable script to /home/wade/ros2_ws/install/examples_rclpy_minimal_action_client/lib/examples_rclpy_minimal_action_client
[2.408s] 
[2.408s] Installed /home/wade/ros2_ws/build/examples_rclpy_minimal_action_client
[2.408s] running symlink_data
[2.409s] symbolically linking /home/wade/ros2_ws/build/examples_rclpy_minimal_action_client/resource/examples_rclpy_minimal_action_client -> /home/wade/ros2_ws/install/examples_rclpy_minimal_action_client/share/ament_index/resource_index/packages
[2.409s] symbolically linking /home/wade/ros2_ws/build/examples_rclpy_minimal_action_client/package.xml -> /home/wade/ros2_ws/install/examples_rclpy_minimal_action_client/share/examples_rclpy_minimal_action_client
[2.638s] Invoked command in '/home/wade/ros2_ws/build/examples_rclpy_minimal_action_client' returned '0': PYTHONPATH=/home/wade/ros2_ws/build/examples_rclpy_minimal_action_client/prefix_override:/usr/lib/python3/dist-packages/colcon_core/task/python/colcon_distutils_commands:/home/wade/ros2_ws/install/examples_rclpy_minimal_action_client/lib/python3.10/site-packages:${PYTHONPATH} /usr/bin/python3 -W ignore:setup.py install is deprecated -W ignore:easy_install command is deprecated setup.py develop --editable --build-directory /home/wade/ros2_ws/build/examples_rclpy_minimal_action_client/build --no-deps symlink_data --force
