[1.845s] Invoking command in '/home/wade/ros2_ws/build/py_pubsub': PYTHONPATH=/home/wade/ros2_ws/build/py_pubsub/prefix_override:/usr/lib/python3/dist-packages/colcon_core/task/python/colcon_distutils_commands:/home/wade/ros2_ws/install/py_pubsub/lib/python3.10/site-packages:${PYTHONPATH} /usr/bin/python3 -W ignore:setup.py install is deprecated -W ignore:easy_install command is deprecated setup.py develop --uninstall --editable --build-directory /home/wade/ros2_ws/build/py_pubsub/build
[2.014s] running develop
[2.281s] Invoked command in '/home/wade/ros2_ws/build/py_pubsub' returned '0': PYTHONPATH=/home/wade/ros2_ws/build/py_pubsub/prefix_override:/usr/lib/python3/dist-packages/colcon_core/task/python/colcon_distutils_commands:/home/wade/ros2_ws/install/py_pubsub/lib/python3.10/site-packages:${PYTHONPATH} /usr/bin/python3 -W ignore:setup.py install is deprecated -W ignore:easy_install command is deprecated setup.py develop --uninstall --editable --build-directory /home/wade/ros2_ws/build/py_pubsub/build
[2.282s] Invoking command in '/home/wade/ros2_ws/src/py_pubsub': PYTHONPATH=/home/wade/ros2_ws/build/py_pubsub/prefix_override:/usr/lib/python3/dist-packages/colcon_core/task/python/colcon_distutils_commands:/home/wade/ros2_ws/install/py_pubsub/lib/python3.10/site-packages:${PYTHONPATH} /usr/bin/python3 -W ignore:setup.py install is deprecated -W ignore:easy_install command is deprecated setup.py egg_info --egg-base ../../build/py_pubsub build --build-base /home/wade/ros2_ws/build/py_pubsub/build install --record /home/wade/ros2_ws/build/py_pubsub/install.log --single-version-externally-managed install_data --force
[2.433s] running egg_info
[2.434s] writing ../../build/py_pubsub/py_pubsub.egg-info/PKG-INFO
[2.434s] writing dependency_links to ../../build/py_pubsub/py_pubsub.egg-info/dependency_links.txt
[2.434s] writing entry points to ../../build/py_pubsub/py_pubsub.egg-info/entry_points.txt
[2.434s] writing requirements to ../../build/py_pubsub/py_pubsub.egg-info/requires.txt
[2.434s] writing top-level names to ../../build/py_pubsub/py_pubsub.egg-info/top_level.txt
[2.435s] reading manifest file '../../build/py_pubsub/py_pubsub.egg-info/SOURCES.txt'
[2.435s] adding license file 'LICENSE'
[2.436s] writing manifest file '../../build/py_pubsub/py_pubsub.egg-info/SOURCES.txt'
[2.436s] running build
[2.436s] running build_py
[2.436s] running install
[2.436s] running install_lib
[2.436s] creating /home/wade/ros2_ws/install/py_pubsub/lib/python3.10/site-packages/py_pubsub
[2.436s] copying /home/wade/ros2_ws/build/py_pubsub/build/lib/py_pubsub/subscriber_member_function.py -> /home/wade/ros2_ws/install/py_pubsub/lib/python3.10/site-packages/py_pubsub
[2.437s] copying /home/wade/ros2_ws/build/py_pubsub/build/lib/py_pubsub/__init__.py -> /home/wade/ros2_ws/install/py_pubsub/lib/python3.10/site-packages/py_pubsub
[2.437s] copying /home/wade/ros2_ws/build/py_pubsub/build/lib/py_pubsub/publisher_member_function.py -> /home/wade/ros2_ws/install/py_pubsub/lib/python3.10/site-packages/py_pubsub
[2.438s] byte-compiling /home/wade/ros2_ws/install/py_pubsub/lib/python3.10/site-packages/py_pubsub/subscriber_member_function.py to subscriber_member_function.cpython-310.pyc
[2.439s] byte-compiling /home/wade/ros2_ws/install/py_pubsub/lib/python3.10/site-packages/py_pubsub/__init__.py to __init__.cpython-310.pyc
[2.440s] byte-compiling /home/wade/ros2_ws/install/py_pubsub/lib/python3.10/site-packages/py_pubsub/publisher_member_function.py to publisher_member_function.cpython-310.pyc
[2.440s] running install_data
[2.440s] copying resource/py_pubsub -> /home/wade/ros2_ws/install/py_pubsub/share/ament_index/resource_index/packages
[2.440s] copying package.xml -> /home/wade/ros2_ws/install/py_pubsub/share/py_pubsub
[2.440s] running install_egg_info
[2.441s] Copying ../../build/py_pubsub/py_pubsub.egg-info to /home/wade/ros2_ws/install/py_pubsub/lib/python3.10/site-packages/py_pubsub-0.0.0-py3.10.egg-info
[2.442s] running install_scripts
[2.456s] Installing listener script to /home/wade/ros2_ws/install/py_pubsub/lib/py_pubsub
[2.456s] Installing talker script to /home/wade/ros2_ws/install/py_pubsub/lib/py_pubsub
[2.456s] writing list of installed files to '/home/wade/ros2_ws/build/py_pubsub/install.log'
