[0.011s] Invoking command in '/home/wade/ros2_ws/build/more_interfaces': CMAKE_PREFIX_PATH=${CMAKE_PREFIX_PATH}:/home/wade/ros2_ws/install/py_srvcli:/home/wade/ros2_ws/install/py_pubsub:/home/wade/ros2_ws/install/my_package:/home/wade/ros2_ws/install/launch_testing_examples:/home/wade/ros2_ws/install/examples_rclpy_pointcloud_publisher:/home/wade/ros2_ws/install/examples_rclpy_minimal_subscriber:/home/wade/ros2_ws/install/examples_rclpy_minimal_service:/home/wade/ros2_ws/install/examples_rclpy_minimal_publisher:/home/wade/ros2_ws/install/examples_rclpy_minimal_client:/home/wade/ros2_ws/install/examples_rclpy_minimal_action_server:/home/wade/ros2_ws/install/examples_rclpy_minimal_action_client:/home/wade/ros2_ws/install/examples_rclpy_guard_conditions:/home/wade/ros2_ws/install/examples_rclpy_executors:/opt/ros/humble /usr/bin/cmake --build /home/wade/ros2_ws/build/more_interfaces -- -j12 -l12
[0.046s] [35m[1mConsolidate compiler generated dependencies of target more_interfaces__rosidl_generator_c[0m
[0.053s] [  9%] Built target more_interfaces__rosidl_generator_c
[0.053s] [ 12%] Built target more_interfaces__cpp
[0.060s] [ 12%] Built target ament_cmake_python_copy_more_interfaces
[0.060s] [35m[1mConsolidate compiler generated dependencies of target more_interfaces__rosidl_typesupport_introspection_c[0m
[0.060s] [35m[1mConsolidate compiler generated dependencies of target more_interfaces__rosidl_typesupport_fastrtps_c[0m
[0.061s] [35m[1mConsolidate compiler generated dependencies of target more_interfaces__rosidl_typesupport_c[0m
[0.061s] [35m[1mConsolidate compiler generated dependencies of target more_interfaces__rosidl_typesupport_fastrtps_cpp[0m
[0.062s] [35m[1mConsolidate compiler generated dependencies of target more_interfaces__rosidl_typesupport_introspection_cpp[0m
[0.068s] [ 32%] Built target more_interfaces__rosidl_typesupport_c
[0.068s] [ 32%] Built target more_interfaces__rosidl_typesupport_introspection_c
[0.068s] [35m[1mConsolidate compiler generated dependencies of target more_interfaces__rosidl_typesupport_cpp[0m
[0.069s] [ 41%] Built target more_interfaces__rosidl_typesupport_fastrtps_c
[0.069s] [ 51%] Built target more_interfaces__rosidl_typesupport_fastrtps_cpp
[0.071s] [ 61%] Built target more_interfaces__rosidl_typesupport_introspection_cpp
[0.077s] [ 70%] Built target more_interfaces__rosidl_typesupport_cpp
[0.094s] [ 70%] Built target more_interfaces
[0.110s] [ 74%] Built target more_interfaces__py
[0.120s] [35m[1mConsolidate compiler generated dependencies of target more_interfaces__rosidl_generator_py[0m
[0.130s] [ 80%] Built target more_interfaces__rosidl_generator_py
[0.139s] [35m[1mConsolidate compiler generated dependencies of target more_interfaces__rosidl_typesupport_introspection_c__pyext[0m
[0.139s] [35m[1mConsolidate compiler generated dependencies of target more_interfaces__rosidl_typesupport_fastrtps_c__pyext[0m
[0.139s] [35m[1mConsolidate compiler generated dependencies of target more_interfaces__rosidl_typesupport_c__pyext[0m
[0.148s] [100%] Built target more_interfaces__rosidl_typesupport_fastrtps_c__pyext
[0.148s] [100%] Built target more_interfaces__rosidl_typesupport_c__pyext
[0.148s] [100%] Built target more_interfaces__rosidl_typesupport_introspection_c__pyext
[0.197s] running egg_info
[0.197s] writing more_interfaces.egg-info/PKG-INFO
[0.198s] writing dependency_links to more_interfaces.egg-info/dependency_links.txt
[0.198s] writing top-level names to more_interfaces.egg-info/top_level.txt
[0.199s] reading manifest file 'more_interfaces.egg-info/SOURCES.txt'
[0.199s] writing manifest file 'more_interfaces.egg-info/SOURCES.txt'
[0.217s] [100%] Built target ament_cmake_python_build_more_interfaces_egg
[0.229s] Invoked command in '/home/wade/ros2_ws/build/more_interfaces' returned '0': CMAKE_PREFIX_PATH=${CMAKE_PREFIX_PATH}:/home/wade/ros2_ws/install/py_srvcli:/home/wade/ros2_ws/install/py_pubsub:/home/wade/ros2_ws/install/my_package:/home/wade/ros2_ws/install/launch_testing_examples:/home/wade/ros2_ws/install/examples_rclpy_pointcloud_publisher:/home/wade/ros2_ws/install/examples_rclpy_minimal_subscriber:/home/wade/ros2_ws/install/examples_rclpy_minimal_service:/home/wade/ros2_ws/install/examples_rclpy_minimal_publisher:/home/wade/ros2_ws/install/examples_rclpy_minimal_client:/home/wade/ros2_ws/install/examples_rclpy_minimal_action_server:/home/wade/ros2_ws/install/examples_rclpy_minimal_action_client:/home/wade/ros2_ws/install/examples_rclpy_guard_conditions:/home/wade/ros2_ws/install/examples_rclpy_executors:/opt/ros/humble /usr/bin/cmake --build /home/wade/ros2_ws/build/more_interfaces -- -j12 -l12
[0.237s] Invoking command in '/home/wade/ros2_ws/build/more_interfaces': CMAKE_PREFIX_PATH=${CMAKE_PREFIX_PATH}:/home/wade/ros2_ws/install/py_srvcli:/home/wade/ros2_ws/install/py_pubsub:/home/wade/ros2_ws/install/my_package:/home/wade/ros2_ws/install/launch_testing_examples:/home/wade/ros2_ws/install/examples_rclpy_pointcloud_publisher:/home/wade/ros2_ws/install/examples_rclpy_minimal_subscriber:/home/wade/ros2_ws/install/examples_rclpy_minimal_service:/home/wade/ros2_ws/install/examples_rclpy_minimal_publisher:/home/wade/ros2_ws/install/examples_rclpy_minimal_client:/home/wade/ros2_ws/install/examples_rclpy_minimal_action_server:/home/wade/ros2_ws/install/examples_rclpy_minimal_action_client:/home/wade/ros2_ws/install/examples_rclpy_guard_conditions:/home/wade/ros2_ws/install/examples_rclpy_executors:/opt/ros/humble /usr/bin/cmake --install /home/wade/ros2_ws/build/more_interfaces
[0.244s] -- Install configuration: ""
[0.244s] -- Up-to-date: /home/wade/ros2_ws/install/more_interfaces/share/ament_index/resource_index/rosidl_interfaces/more_interfaces
[0.244s] -- Up-to-date: /home/wade/ros2_ws/install/more_interfaces/include/more_interfaces/more_interfaces
[0.244s] -- Up-to-date: /home/wade/ros2_ws/install/more_interfaces/include/more_interfaces/more_interfaces/msg
[0.244s] -- Up-to-date: /home/wade/ros2_ws/install/more_interfaces/include/more_interfaces/more_interfaces/msg/detail
[0.244s] -- Up-to-date: /home/wade/ros2_ws/install/more_interfaces/include/more_interfaces/more_interfaces/msg/detail/address_book__struct.h
[0.244s] -- Up-to-date: /home/wade/ros2_ws/install/more_interfaces/include/more_interfaces/more_interfaces/msg/detail/address_book__type_support.h
[0.244s] -- Up-to-date: /home/wade/ros2_ws/install/more_interfaces/include/more_interfaces/more_interfaces/msg/detail/address_book__functions.h
[0.244s] -- Up-to-date: /home/wade/ros2_ws/install/more_interfaces/include/more_interfaces/more_interfaces/msg/detail/address_book__functions.c
[0.244s] -- Up-to-date: /home/wade/ros2_ws/install/more_interfaces/include/more_interfaces/more_interfaces/msg/rosidl_generator_c__visibility_control.h
[0.244s] -- Up-to-date: /home/wade/ros2_ws/install/more_interfaces/include/more_interfaces/more_interfaces/msg/address_book.h
[0.244s] -- Up-to-date: /home/wade/ros2_ws/install/more_interfaces/share/more_interfaces/environment/library_path.sh
[0.244s] -- Up-to-date: /home/wade/ros2_ws/install/more_interfaces/share/more_interfaces/environment/library_path.dsv
[0.245s] -- Up-to-date: /home/wade/ros2_ws/install/more_interfaces/lib/libmore_interfaces__rosidl_generator_c.so
[0.245s] -- Up-to-date: /home/wade/ros2_ws/install/more_interfaces/include/more_interfaces/more_interfaces
[0.245s] -- Up-to-date: /home/wade/ros2_ws/install/more_interfaces/include/more_interfaces/more_interfaces/msg
[0.245s] -- Up-to-date: /home/wade/ros2_ws/install/more_interfaces/include/more_interfaces/more_interfaces/msg/detail
[0.245s] -- Up-to-date: /home/wade/ros2_ws/install/more_interfaces/include/more_interfaces/more_interfaces/msg/detail/address_book__rosidl_typesupport_fastrtps_c.h
[0.245s] -- Up-to-date: /home/wade/ros2_ws/install/more_interfaces/include/more_interfaces/more_interfaces/msg/rosidl_typesupport_fastrtps_c__visibility_control.h
[0.245s] -- Up-to-date: /home/wade/ros2_ws/install/more_interfaces/lib/libmore_interfaces__rosidl_typesupport_fastrtps_c.so
[0.245s] -- Up-to-date: /home/wade/ros2_ws/install/more_interfaces/include/more_interfaces/more_interfaces
[0.245s] -- Up-to-date: /home/wade/ros2_ws/install/more_interfaces/include/more_interfaces/more_interfaces/msg
[0.245s] -- Up-to-date: /home/wade/ros2_ws/install/more_interfaces/include/more_interfaces/more_interfaces/msg/detail
[0.245s] -- Up-to-date: /home/wade/ros2_ws/install/more_interfaces/include/more_interfaces/more_interfaces/msg/detail/address_book__type_support.c
[0.245s] -- Up-to-date: /home/wade/ros2_ws/install/more_interfaces/include/more_interfaces/more_interfaces/msg/detail/address_book__rosidl_typesupport_introspection_c.h
[0.245s] -- Up-to-date: /home/wade/ros2_ws/install/more_interfaces/include/more_interfaces/more_interfaces/msg/rosidl_typesupport_introspection_c__visibility_control.h
[0.245s] -- Up-to-date: /home/wade/ros2_ws/install/more_interfaces/lib/libmore_interfaces__rosidl_typesupport_introspection_c.so
[0.245s] -- Up-to-date: /home/wade/ros2_ws/install/more_interfaces/lib/libmore_interfaces__rosidl_typesupport_c.so
[0.245s] -- Up-to-date: /home/wade/ros2_ws/install/more_interfaces/include/more_interfaces/more_interfaces
[0.245s] -- Up-to-date: /home/wade/ros2_ws/install/more_interfaces/include/more_interfaces/more_interfaces/msg
[0.245s] -- Up-to-date: /home/wade/ros2_ws/install/more_interfaces/include/more_interfaces/more_interfaces/msg/address_book.hpp
[0.245s] -- Up-to-date: /home/wade/ros2_ws/install/more_interfaces/include/more_interfaces/more_interfaces/msg/detail
[0.245s] -- Up-to-date: /home/wade/ros2_ws/install/more_interfaces/include/more_interfaces/more_interfaces/msg/detail/address_book__type_support.hpp
[0.245s] -- Up-to-date: /home/wade/ros2_ws/install/more_interfaces/include/more_interfaces/more_interfaces/msg/detail/address_book__traits.hpp
[0.246s] -- Up-to-date: /home/wade/ros2_ws/install/more_interfaces/include/more_interfaces/more_interfaces/msg/detail/address_book__builder.hpp
[0.246s] -- Up-to-date: /home/wade/ros2_ws/install/more_interfaces/include/more_interfaces/more_interfaces/msg/detail/address_book__struct.hpp
[0.246s] -- Up-to-date: /home/wade/ros2_ws/install/more_interfaces/include/more_interfaces/more_interfaces/msg/rosidl_generator_cpp__visibility_control.hpp
[0.246s] -- Up-to-date: /home/wade/ros2_ws/install/more_interfaces/include/more_interfaces/more_interfaces
[0.246s] -- Up-to-date: /home/wade/ros2_ws/install/more_interfaces/include/more_interfaces/more_interfaces/msg
[0.246s] -- Up-to-date: /home/wade/ros2_ws/install/more_interfaces/include/more_interfaces/more_interfaces/msg/rosidl_typesupport_fastrtps_cpp__visibility_control.h
[0.246s] -- Up-to-date: /home/wade/ros2_ws/install/more_interfaces/include/more_interfaces/more_interfaces/msg/detail
[0.246s] -- Up-to-date: /home/wade/ros2_ws/install/more_interfaces/include/more_interfaces/more_interfaces/msg/detail/address_book__rosidl_typesupport_fastrtps_cpp.hpp
[0.246s] -- Up-to-date: /home/wade/ros2_ws/install/more_interfaces/include/more_interfaces/more_interfaces/msg/detail/dds_fastrtps
[0.246s] -- Up-to-date: /home/wade/ros2_ws/install/more_interfaces/lib/libmore_interfaces__rosidl_typesupport_fastrtps_cpp.so
[0.246s] -- Up-to-date: /home/wade/ros2_ws/install/more_interfaces/include/more_interfaces/more_interfaces
[0.246s] -- Up-to-date: /home/wade/ros2_ws/install/more_interfaces/include/more_interfaces/more_interfaces/msg
[0.246s] -- Up-to-date: /home/wade/ros2_ws/install/more_interfaces/include/more_interfaces/more_interfaces/msg/detail
[0.246s] -- Up-to-date: /home/wade/ros2_ws/install/more_interfaces/include/more_interfaces/more_interfaces/msg/detail/address_book__type_support.cpp
[0.246s] -- Up-to-date: /home/wade/ros2_ws/install/more_interfaces/include/more_interfaces/more_interfaces/msg/detail/address_book__rosidl_typesupport_introspection_cpp.hpp
[0.246s] -- Up-to-date: /home/wade/ros2_ws/install/more_interfaces/lib/libmore_interfaces__rosidl_typesupport_introspection_cpp.so
[0.246s] -- Up-to-date: /home/wade/ros2_ws/install/more_interfaces/lib/libmore_interfaces__rosidl_typesupport_cpp.so
[0.246s] -- Up-to-date: /home/wade/ros2_ws/install/more_interfaces/share/more_interfaces/environment/pythonpath.sh
[0.246s] -- Up-to-date: /home/wade/ros2_ws/install/more_interfaces/share/more_interfaces/environment/pythonpath.dsv
[0.246s] -- Up-to-date: /home/wade/ros2_ws/install/more_interfaces/local/lib/python3.10/dist-packages/more_interfaces-0.0.0-py3.10.egg-info
[0.246s] -- Installing: /home/wade/ros2_ws/install/more_interfaces/local/lib/python3.10/dist-packages/more_interfaces-0.0.0-py3.10.egg-info/top_level.txt
[0.246s] -- Installing: /home/wade/ros2_ws/install/more_interfaces/local/lib/python3.10/dist-packages/more_interfaces-0.0.0-py3.10.egg-info/SOURCES.txt
[0.246s] -- Installing: /home/wade/ros2_ws/install/more_interfaces/local/lib/python3.10/dist-packages/more_interfaces-0.0.0-py3.10.egg-info/dependency_links.txt
[0.246s] -- Installing: /home/wade/ros2_ws/install/more_interfaces/local/lib/python3.10/dist-packages/more_interfaces-0.0.0-py3.10.egg-info/PKG-INFO
[0.246s] -- Up-to-date: /home/wade/ros2_ws/install/more_interfaces/local/lib/python3.10/dist-packages/more_interfaces
[0.246s] -- Up-to-date: /home/wade/ros2_ws/install/more_interfaces/local/lib/python3.10/dist-packages/more_interfaces/_more_interfaces_s.ep.rosidl_typesupport_introspection_c.c
[0.246s] -- Up-to-date: /home/wade/ros2_ws/install/more_interfaces/local/lib/python3.10/dist-packages/more_interfaces/libmore_interfaces__rosidl_generator_py.so
[0.246s] -- Up-to-date: /home/wade/ros2_ws/install/more_interfaces/local/lib/python3.10/dist-packages/more_interfaces/_more_interfaces_s.ep.rosidl_typesupport_c.c
[0.246s] -- Up-to-date: /home/wade/ros2_ws/install/more_interfaces/local/lib/python3.10/dist-packages/more_interfaces/__init__.py
[0.246s] -- Up-to-date: /home/wade/ros2_ws/install/more_interfaces/local/lib/python3.10/dist-packages/more_interfaces/more_interfaces_s__rosidl_typesupport_c.cpython-310-x86_64-linux-gnu.so
[0.246s] -- Up-to-date: /home/wade/ros2_ws/install/more_interfaces/local/lib/python3.10/dist-packages/more_interfaces/more_interfaces_s__rosidl_typesupport_fastrtps_c.cpython-310-x86_64-linux-gnu.so
[0.246s] -- Up-to-date: /home/wade/ros2_ws/install/more_interfaces/local/lib/python3.10/dist-packages/more_interfaces/_more_interfaces_s.ep.rosidl_typesupport_fastrtps_c.c
[0.246s] -- Up-to-date: /home/wade/ros2_ws/install/more_interfaces/local/lib/python3.10/dist-packages/more_interfaces/msg
[0.246s] -- Up-to-date: /home/wade/ros2_ws/install/more_interfaces/local/lib/python3.10/dist-packages/more_interfaces/msg/_address_book.py
[0.246s] -- Up-to-date: /home/wade/ros2_ws/install/more_interfaces/local/lib/python3.10/dist-packages/more_interfaces/msg/__init__.py
[0.246s] -- Up-to-date: /home/wade/ros2_ws/install/more_interfaces/local/lib/python3.10/dist-packages/more_interfaces/msg/_address_book_s.c
[0.247s] -- Up-to-date: /home/wade/ros2_ws/install/more_interfaces/local/lib/python3.10/dist-packages/more_interfaces/more_interfaces_s__rosidl_typesupport_introspection_c.cpython-310-x86_64-linux-gnu.so
[0.270s] Listing '/home/wade/ros2_ws/install/more_interfaces/local/lib/python3.10/dist-packages/more_interfaces'...
[0.270s] Listing '/home/wade/ros2_ws/install/more_interfaces/local/lib/python3.10/dist-packages/more_interfaces/msg'...
[0.273s] -- Up-to-date: /home/wade/ros2_ws/install/more_interfaces/local/lib/python3.10/dist-packages/more_interfaces/more_interfaces_s__rosidl_typesupport_fastrtps_c.cpython-310-x86_64-linux-gnu.so
[0.273s] -- Up-to-date: /home/wade/ros2_ws/install/more_interfaces/local/lib/python3.10/dist-packages/more_interfaces/more_interfaces_s__rosidl_typesupport_introspection_c.cpython-310-x86_64-linux-gnu.so
[0.273s] -- Up-to-date: /home/wade/ros2_ws/install/more_interfaces/local/lib/python3.10/dist-packages/more_interfaces/more_interfaces_s__rosidl_typesupport_c.cpython-310-x86_64-linux-gnu.so
[0.274s] -- Up-to-date: /home/wade/ros2_ws/install/more_interfaces/lib/libmore_interfaces__rosidl_generator_py.so
[0.274s] -- Up-to-date: /home/wade/ros2_ws/install/more_interfaces/share/more_interfaces/msg/AddressBook.idl
[0.274s] -- Up-to-date: /home/wade/ros2_ws/install/more_interfaces/share/more_interfaces/msg/AddressBook.msg
[0.274s] -- Up-to-date: /home/wade/ros2_ws/install/more_interfaces/share/ament_index/resource_index/package_run_dependencies/more_interfaces
[0.274s] -- Up-to-date: /home/wade/ros2_ws/install/more_interfaces/share/ament_index/resource_index/parent_prefix_path/more_interfaces
[0.274s] -- Up-to-date: /home/wade/ros2_ws/install/more_interfaces/share/more_interfaces/environment/ament_prefix_path.sh
[0.274s] -- Up-to-date: /home/wade/ros2_ws/install/more_interfaces/share/more_interfaces/environment/ament_prefix_path.dsv
[0.274s] -- Up-to-date: /home/wade/ros2_ws/install/more_interfaces/share/more_interfaces/environment/path.sh
[0.274s] -- Up-to-date: /home/wade/ros2_ws/install/more_interfaces/share/more_interfaces/environment/path.dsv
[0.275s] -- Up-to-date: /home/wade/ros2_ws/install/more_interfaces/share/more_interfaces/local_setup.bash
[0.275s] -- Up-to-date: /home/wade/ros2_ws/install/more_interfaces/share/more_interfaces/local_setup.sh
[0.275s] -- Up-to-date: /home/wade/ros2_ws/install/more_interfaces/share/more_interfaces/local_setup.zsh
[0.275s] -- Up-to-date: /home/wade/ros2_ws/install/more_interfaces/share/more_interfaces/local_setup.dsv
[0.275s] -- Installing: /home/wade/ros2_ws/install/more_interfaces/share/more_interfaces/package.dsv
[0.275s] -- Up-to-date: /home/wade/ros2_ws/install/more_interfaces/share/ament_index/resource_index/packages/more_interfaces
[0.275s] -- Up-to-date: /home/wade/ros2_ws/install/more_interfaces/share/more_interfaces/cmake/export_more_interfaces__rosidl_generator_cExport.cmake
[0.275s] -- Up-to-date: /home/wade/ros2_ws/install/more_interfaces/share/more_interfaces/cmake/export_more_interfaces__rosidl_generator_cExport-noconfig.cmake
[0.275s] -- Up-to-date: /home/wade/ros2_ws/install/more_interfaces/share/more_interfaces/cmake/export_more_interfaces__rosidl_typesupport_fastrtps_cExport.cmake
[0.275s] -- Up-to-date: /home/wade/ros2_ws/install/more_interfaces/share/more_interfaces/cmake/export_more_interfaces__rosidl_typesupport_fastrtps_cExport-noconfig.cmake
[0.275s] -- Up-to-date: /home/wade/ros2_ws/install/more_interfaces/share/more_interfaces/cmake/more_interfaces__rosidl_typesupport_introspection_cExport.cmake
[0.275s] -- Up-to-date: /home/wade/ros2_ws/install/more_interfaces/share/more_interfaces/cmake/more_interfaces__rosidl_typesupport_introspection_cExport-noconfig.cmake
[0.275s] -- Up-to-date: /home/wade/ros2_ws/install/more_interfaces/share/more_interfaces/cmake/more_interfaces__rosidl_typesupport_cExport.cmake
[0.276s] -- Up-to-date: /home/wade/ros2_ws/install/more_interfaces/share/more_interfaces/cmake/more_interfaces__rosidl_typesupport_cExport-noconfig.cmake
[0.276s] -- Up-to-date: /home/wade/ros2_ws/install/more_interfaces/share/more_interfaces/cmake/export_more_interfaces__rosidl_generator_cppExport.cmake
[0.276s] -- Up-to-date: /home/wade/ros2_ws/install/more_interfaces/share/more_interfaces/cmake/export_more_interfaces__rosidl_typesupport_fastrtps_cppExport.cmake
[0.276s] -- Up-to-date: /home/wade/ros2_ws/install/more_interfaces/share/more_interfaces/cmake/export_more_interfaces__rosidl_typesupport_fastrtps_cppExport-noconfig.cmake
[0.276s] -- Up-to-date: /home/wade/ros2_ws/install/more_interfaces/share/more_interfaces/cmake/more_interfaces__rosidl_typesupport_introspection_cppExport.cmake
[0.276s] -- Up-to-date: /home/wade/ros2_ws/install/more_interfaces/share/more_interfaces/cmake/more_interfaces__rosidl_typesupport_introspection_cppExport-noconfig.cmake
[0.276s] -- Up-to-date: /home/wade/ros2_ws/install/more_interfaces/share/more_interfaces/cmake/more_interfaces__rosidl_typesupport_cppExport.cmake
[0.276s] -- Up-to-date: /home/wade/ros2_ws/install/more_interfaces/share/more_interfaces/cmake/more_interfaces__rosidl_typesupport_cppExport-noconfig.cmake
[0.276s] -- Up-to-date: /home/wade/ros2_ws/install/more_interfaces/share/more_interfaces/cmake/export_more_interfaces__rosidl_generator_pyExport.cmake
[0.276s] -- Up-to-date: /home/wade/ros2_ws/install/more_interfaces/share/more_interfaces/cmake/export_more_interfaces__rosidl_generator_pyExport-noconfig.cmake
[0.276s] -- Up-to-date: /home/wade/ros2_ws/install/more_interfaces/share/more_interfaces/cmake/rosidl_cmake-extras.cmake
[0.276s] -- Up-to-date: /home/wade/ros2_ws/install/more_interfaces/share/more_interfaces/cmake/ament_cmake_export_include_directories-extras.cmake
[0.276s] -- Up-to-date: /home/wade/ros2_ws/install/more_interfaces/share/more_interfaces/cmake/ament_cmake_export_libraries-extras.cmake
[0.276s] -- Up-to-date: /home/wade/ros2_ws/install/more_interfaces/share/more_interfaces/cmake/ament_cmake_export_targets-extras.cmake
[0.276s] -- Up-to-date: /home/wade/ros2_ws/install/more_interfaces/share/more_interfaces/cmake/rosidl_cmake_export_typesupport_targets-extras.cmake
[0.276s] -- Up-to-date: /home/wade/ros2_ws/install/more_interfaces/share/more_interfaces/cmake/ament_cmake_export_dependencies-extras.cmake
[0.276s] -- Up-to-date: /home/wade/ros2_ws/install/more_interfaces/share/more_interfaces/cmake/rosidl_cmake_export_typesupport_libraries-extras.cmake
[0.276s] -- Up-to-date: /home/wade/ros2_ws/install/more_interfaces/share/more_interfaces/cmake/more_interfacesConfig.cmake
[0.276s] -- Up-to-date: /home/wade/ros2_ws/install/more_interfaces/share/more_interfaces/cmake/more_interfacesConfig-version.cmake
[0.276s] -- Up-to-date: /home/wade/ros2_ws/install/more_interfaces/share/more_interfaces/package.xml
[0.278s] Invoked command in '/home/wade/ros2_ws/build/more_interfaces' returned '0': CMAKE_PREFIX_PATH=${CMAKE_PREFIX_PATH}:/home/wade/ros2_ws/install/py_srvcli:/home/wade/ros2_ws/install/py_pubsub:/home/wade/ros2_ws/install/my_package:/home/wade/ros2_ws/install/launch_testing_examples:/home/wade/ros2_ws/install/examples_rclpy_pointcloud_publisher:/home/wade/ros2_ws/install/examples_rclpy_minimal_subscriber:/home/wade/ros2_ws/install/examples_rclpy_minimal_service:/home/wade/ros2_ws/install/examples_rclpy_minimal_publisher:/home/wade/ros2_ws/install/examples_rclpy_minimal_client:/home/wade/ros2_ws/install/examples_rclpy_minimal_action_server:/home/wade/ros2_ws/install/examples_rclpy_minimal_action_client:/home/wade/ros2_ws/install/examples_rclpy_guard_conditions:/home/wade/ros2_ws/install/examples_rclpy_executors:/opt/ros/humble /usr/bin/cmake --install /home/wade/ros2_ws/build/more_interfaces
