[1.819s] Invoking command in '/home/wade/ros2_ws/build/examples_rclpy_minimal_publisher': PYTHONPATH=/home/wade/ros2_ws/build/examples_rclpy_minimal_publisher/prefix_override:/usr/lib/python3/dist-packages/colcon_core/task/python/colcon_distutils_commands:/home/wade/ros2_ws/install/examples_rclpy_minimal_publisher/lib/python3.10/site-packages:${PYTHONPATH} /usr/bin/python3 -W ignore:setup.py install is deprecated -W ignore:easy_install command is deprecated setup.py develop --editable --build-directory /home/wade/ros2_ws/build/examples_rclpy_minimal_publisher/build --no-deps symlink_data --force
[2.212s] running develop
[2.228s] running egg_info
[2.230s] writing examples_rclpy_minimal_publisher.egg-info/PKG-INFO
[2.231s] writing dependency_links to examples_rclpy_minimal_publisher.egg-info/dependency_links.txt
[2.231s] writing entry points to examples_rclpy_minimal_publisher.egg-info/entry_points.txt
[2.231s] writing requirements to examples_rclpy_minimal_publisher.egg-info/requires.txt
[2.231s] writing top-level names to examples_rclpy_minimal_publisher.egg-info/top_level.txt
[2.231s] reading manifest file 'examples_rclpy_minimal_publisher.egg-info/SOURCES.txt'
[2.238s] writing manifest file 'examples_rclpy_minimal_publisher.egg-info/SOURCES.txt'
[2.238s] running build_ext
[2.238s] Creating /home/wade/ros2_ws/install/examples_rclpy_minimal_publisher/lib/python3.10/site-packages/examples-rclpy-minimal-publisher.egg-link (link to .)
[2.238s] Installing publisher_local_function script to /home/wade/ros2_ws/install/examples_rclpy_minimal_publisher/lib/examples_rclpy_minimal_publisher
[2.238s] Installing publisher_member_function script to /home/wade/ros2_ws/install/examples_rclpy_minimal_publisher/lib/examples_rclpy_minimal_publisher
[2.238s] Installing publisher_old_school script to /home/wade/ros2_ws/install/examples_rclpy_minimal_publisher/lib/examples_rclpy_minimal_publisher
[2.238s] 
[2.238s] Installed /home/wade/ros2_ws/build/examples_rclpy_minimal_publisher
[2.238s] running symlink_data
[2.238s] symbolically linking /home/wade/ros2_ws/build/examples_rclpy_minimal_publisher/resource/examples_rclpy_minimal_publisher -> /home/wade/ros2_ws/install/examples_rclpy_minimal_publisher/share/ament_index/resource_index/packages
[2.238s] symbolically linking /home/wade/ros2_ws/build/examples_rclpy_minimal_publisher/package.xml -> /home/wade/ros2_ws/install/examples_rclpy_minimal_publisher/share/examples_rclpy_minimal_publisher
[2.436s] Invoked command in '/home/wade/ros2_ws/build/examples_rclpy_minimal_publisher' returned '0': PYTHONPATH=/home/wade/ros2_ws/build/examples_rclpy_minimal_publisher/prefix_override:/usr/lib/python3/dist-packages/colcon_core/task/python/colcon_distutils_commands:/home/wade/ros2_ws/install/examples_rclpy_minimal_publisher/lib/python3.10/site-packages:${PYTHONPATH} /usr/bin/python3 -W ignore:setup.py install is deprecated -W ignore:easy_install command is deprecated setup.py develop --editable --build-directory /home/wade/ros2_ws/build/examples_rclpy_minimal_publisher/build --no-deps symlink_data --force
