[1.752s] Invoking command in '/home/wade/ros2_ws/src/examples/rclpy/services/minimal_service': PYTHONPATH=/home/wade/ros2_ws/build/examples_rclpy_minimal_service/prefix_override:/usr/lib/python3/dist-packages/colcon_core/task/python/colcon_distutils_commands:/home/wade/ros2_ws/install/examples_rclpy_minimal_service/lib/python3.10/site-packages:${PYTHONPATH} /usr/bin/python3 -W ignore:setup.py install is deprecated -W ignore:easy_install command is deprecated setup.py egg_info --egg-base ../../../../../build/examples_rclpy_minimal_service build --build-base /home/wade/ros2_ws/build/examples_rclpy_minimal_service/build install --record /home/wade/ros2_ws/build/examples_rclpy_minimal_service/install.log --single-version-externally-managed install_data
[1.893s] running egg_info
[1.893s] writing ../../../../../build/examples_rclpy_minimal_service/examples_rclpy_minimal_service.egg-info/PKG-INFO
[1.893s] writing dependency_links to ../../../../../build/examples_rclpy_minimal_service/examples_rclpy_minimal_service.egg-info/dependency_links.txt
[1.893s] writing entry points to ../../../../../build/examples_rclpy_minimal_service/examples_rclpy_minimal_service.egg-info/entry_points.txt
[1.894s] writing requirements to ../../../../../build/examples_rclpy_minimal_service/examples_rclpy_minimal_service.egg-info/requires.txt
[1.894s] writing top-level names to ../../../../../build/examples_rclpy_minimal_service/examples_rclpy_minimal_service.egg-info/top_level.txt
[1.895s] reading manifest file '../../../../../build/examples_rclpy_minimal_service/examples_rclpy_minimal_service.egg-info/SOURCES.txt'
[1.895s] writing manifest file '../../../../../build/examples_rclpy_minimal_service/examples_rclpy_minimal_service.egg-info/SOURCES.txt'
[1.895s] running build
[1.895s] running build_py
[1.896s] running install
[1.896s] running install_lib
[1.897s] running install_data
[1.897s] running install_egg_info
[1.898s] removing '/home/wade/ros2_ws/install/examples_rclpy_minimal_service/lib/python3.10/site-packages/examples_rclpy_minimal_service-0.15.3-py3.10.egg-info' (and everything under it)
[1.898s] Copying ../../../../../build/examples_rclpy_minimal_service/examples_rclpy_minimal_service.egg-info to /home/wade/ros2_ws/install/examples_rclpy_minimal_service/lib/python3.10/site-packages/examples_rclpy_minimal_service-0.15.3-py3.10.egg-info
[1.898s] running install_scripts
[1.912s] Installing service script to /home/wade/ros2_ws/install/examples_rclpy_minimal_service/lib/examples_rclpy_minimal_service
[1.912s] Installing service_member_function script to /home/wade/ros2_ws/install/examples_rclpy_minimal_service/lib/examples_rclpy_minimal_service
[1.912s] writing list of installed files to '/home/wade/ros2_ws/build/examples_rclpy_minimal_service/install.log'
[2.168s] Invoked command in '/home/wade/ros2_ws/src/examples/rclpy/services/minimal_service' returned '0': PYTHONPATH=/home/wade/ros2_ws/build/examples_rclpy_minimal_service/prefix_override:/usr/lib/python3/dist-packages/colcon_core/task/python/colcon_distutils_commands:/home/wade/ros2_ws/install/examples_rclpy_minimal_service/lib/python3.10/site-packages:${PYTHONPATH} /usr/bin/python3 -W ignore:setup.py install is deprecated -W ignore:easy_install command is deprecated setup.py egg_info --egg-base ../../../../../build/examples_rclpy_minimal_service build --build-base /home/wade/ros2_ws/build/examples_rclpy_minimal_service/build install --record /home/wade/ros2_ws/build/examples_rclpy_minimal_service/install.log --single-version-externally-managed install_data
