[0.040s] Invoking command in '/home/wade/ros2_ws/build/examples_rclcpp_wait_set': CMAKE_PREFIX_PATH=/opt/ros/humble /usr/bin/cmake /home/wade/ros2_ws/src/examples/rclcpp/wait_set -DAMENT_CMAKE_SYMLINK_INSTALL=1 -DCMAKE_INSTALL_PREFIX=/home/wade/ros2_ws/install/examples_rclcpp_wait_set
[1.576s] -- The C compiler identification is GNU 11.4.0
[1.576s] -- The CXX compiler identification is GNU 11.4.0
[1.576s] -- Detecting C compiler ABI info
[1.576s] -- Detecting C compiler ABI info - done
[1.576s] -- Check for working C compiler: /usr/bin/cc - skipped
[1.576s] -- Detecting C compile features
[1.576s] -- Detecting C compile features - done
[1.576s] -- Detecting CXX compiler ABI info
[1.576s] -- Detecting CXX compiler ABI info - done
[1.577s] -- Check for working CXX compiler: /usr/bin/c++ - skipped
[1.577s] -- Detecting CXX compile features
[1.577s] -- Detecting CXX compile features - done
[1.577s] -- Found ament_cmake: 1.3.11 (/opt/ros/humble/share/ament_cmake/cmake)
[1.577s] -- Found Python3: /usr/bin/python3 (found version "3.10.12") found components: Interpreter 
[1.577s] -- Override CMake install command with custom implementation using symlinks instead of copying resources
[1.577s] -- Found example_interfaces: 0.9.3 (/opt/ros/humble/share/example_interfaces/cmake)
[1.577s] -- Found rosidl_generator_c: 3.1.6 (/opt/ros/humble/share/rosidl_generator_c/cmake)
[1.577s] -- Found rosidl_adapter: 3.1.6 (/opt/ros/humble/share/rosidl_adapter/cmake)
[1.577s] -- Found rosidl_generator_cpp: 3.1.6 (/opt/ros/humble/share/rosidl_generator_cpp/cmake)
[1.577s] -- Using all available rosidl_typesupport_c: rosidl_typesupport_fastrtps_c;rosidl_typesupport_introspection_c
[1.577s] -- Using all available rosidl_typesupport_cpp: rosidl_typesupport_fastrtps_cpp;rosidl_typesupport_introspection_cpp
[1.577s] -- Found rclcpp: 16.0.11 (/opt/ros/humble/share/rclcpp/cmake)
[1.577s] -- Found rmw_implementation_cmake: 6.1.2 (/opt/ros/humble/share/rmw_implementation_cmake/cmake)
[1.577s] -- Found rmw_fastrtps_cpp: 6.2.7 (/opt/ros/humble/share/rmw_fastrtps_cpp/cmake)
[1.577s] -- Found OpenSSL: /usr/lib/x86_64-linux-gnu/libcrypto.so (found version "3.0.2")  
[1.577s] -- Found FastRTPS: /opt/ros/humble/include  
[1.577s] -- Using RMW implementation 'rmw_fastrtps_cpp' as default
[1.577s] -- Looking for pthread.h
[1.578s] -- Looking for pthread.h - found
[1.578s] -- Performing Test CMAKE_HAVE_LIBC_PTHREAD
[1.578s] -- Performing Test CMAKE_HAVE_LIBC_PTHREAD - Success
[1.578s] -- Found Threads: TRUE  
[1.578s] -- Found rclcpp_components: 16.0.11 (/opt/ros/humble/share/rclcpp_components/cmake)
[1.578s] -- Found ament_lint_auto: 0.12.11 (/opt/ros/humble/share/ament_lint_auto/cmake)
[1.580s] -- Added test 'copyright' to check source files copyright and LICENSE
[1.581s] -- Added test 'cppcheck' to perform static code analysis on C / C++ code
[1.581s] -- Configured cppcheck include dirs: /home/wade/ros2_ws/src/examples/rclcpp/wait_set/include
[1.581s] -- Configured cppcheck exclude dirs and/or files: 
[1.582s] -- Added test 'cpplint' to check C / C++ code against the Google style
[1.582s] -- Configured cpplint exclude dirs and/or files: 
[1.582s] -- Added test 'lint_cmake' to check CMake code style
[1.583s] -- Added test 'uncrustify' to check C / C++ code style
[1.583s] -- Configured uncrustify additional arguments: 
[1.583s] -- Added test 'xmllint' to check XML markup files
[1.583s] -- Configuring done
[1.633s] -- Generating done
[1.669s] -- Build files have been written to: /home/wade/ros2_ws/build/examples_rclcpp_wait_set
[1.714s] Invoked command in '/home/wade/ros2_ws/build/examples_rclcpp_wait_set' returned '0': CMAKE_PREFIX_PATH=/opt/ros/humble /usr/bin/cmake /home/wade/ros2_ws/src/examples/rclcpp/wait_set -DAMENT_CMAKE_SYMLINK_INSTALL=1 -DCMAKE_INSTALL_PREFIX=/home/wade/ros2_ws/install/examples_rclcpp_wait_set
[1.714s] Invoking command in '/home/wade/ros2_ws/build/examples_rclcpp_wait_set': CMAKE_PREFIX_PATH=/opt/ros/humble /usr/bin/cmake --build /home/wade/ros2_ws/build/examples_rclcpp_wait_set -- -j12 -l12
[28.514s] [  4%] [32mBuilding CXX object CMakeFiles/listener.dir/src/listener.cpp.o[0m
[28.515s] [  8%] [32mBuilding CXX object CMakeFiles/wait_set_talker.dir/rclcpp_components/node_main_wait_set_talker.cpp.o[0m
[28.515s] [ 12%] [32mBuilding CXX object CMakeFiles/talker.dir/src/talker.cpp.o[0m
[28.515s] [ 16%] [32mBuilding CXX object CMakeFiles/wait_set.dir/src/wait_set.cpp.o[0m
[28.515s] [ 20%] [32mBuilding CXX object CMakeFiles/thread_safe_wait_set.dir/src/thread_safe_wait_set.cpp.o[0m
[28.515s] [ 25%] [32mBuilding CXX object CMakeFiles/wait_set_topics_and_timer.dir/src/wait_set_topics_and_timer.cpp.o[0m
[28.515s] [ 33%] [32mBuilding CXX object CMakeFiles/wait_set_listener.dir/rclcpp_components/node_main_wait_set_listener.cpp.o[0m
[28.515s] [ 29%] [32mBuilding CXX object CMakeFiles/static_wait_set.dir/src/static_wait_set.cpp.o[0m
[28.515s] [ 37%] [32mBuilding CXX object CMakeFiles/executor_random_order.dir/src/executor_random_order.cpp.o[0m
[28.515s] [ 41%] [32mBuilding CXX object CMakeFiles/wait_set_random_order.dir/src/wait_set_random_order.cpp.o[0m
[28.515s] [ 45%] [32mBuilding CXX object CMakeFiles/wait_set_topics_with_different_rates.dir/src/wait_set_topics_with_different_rates.cpp.o[0m
[28.515s] [ 50%] [32m[1mLinking CXX executable wait_set_talker[0m
[28.515s] [ 50%] Built target wait_set_talker
[28.515s] [ 54%] [32m[1mLinking CXX executable wait_set_listener[0m
[28.515s] [ 54%] Built target wait_set_listener
[28.515s] [ 58%] [32m[1mLinking CXX executable static_wait_set[0m
[28.515s] [ 58%] Built target static_wait_set
[31.118s] [ 62%] [32m[1mLinking CXX shared library libtalker.so[0m
[31.612s] [ 62%] Built target talker
[35.350s] [ 66%] [32m[1mLinking CXX executable executor_random_order[0m
[36.172s] [ 66%] Built target executor_random_order
[37.274s] [ 70%] [32m[1mLinking CXX executable wait_set_topics_and_timer[0m
[37.708s] [ 75%] [32m[1mLinking CXX shared library liblistener.so[0m
[38.240s] [ 75%] Built target wait_set_topics_and_timer
[38.465s] [ 75%] Built target listener
[39.023s] [ 79%] [32m[1mLinking CXX executable wait_set[0m
[39.559s] [ 79%] Built target wait_set
[39.571s] [ 83%] [32m[1mLinking CXX executable thread_safe_wait_set[0m
[40.089s] [ 83%] Built target thread_safe_wait_set
[40.415s] [ 87%] [32m[1mLinking CXX executable wait_set_topics_with_different_rates[0m
[40.439s] [ 91%] [32m[1mLinking CXX executable wait_set_random_order[0m
[40.755s] [ 91%] Built target wait_set_topics_with_different_rates
[40.808s] [ 91%] Built target wait_set_random_order
[40.824s] [ 95%] [32mBuilding CXX object CMakeFiles/wait_set_composed.dir/src/wait_set_composed.cpp.o[0m
[42.693s] [100%] [32m[1mLinking CXX executable wait_set_composed[0m
[42.818s] [100%] Built target wait_set_composed
[42.852s] Invoked command in '/home/wade/ros2_ws/build/examples_rclcpp_wait_set' returned '0': CMAKE_PREFIX_PATH=/opt/ros/humble /usr/bin/cmake --build /home/wade/ros2_ws/build/examples_rclcpp_wait_set -- -j12 -l12
[42.853s] Invoking command in '/home/wade/ros2_ws/build/examples_rclcpp_wait_set': CMAKE_PREFIX_PATH=/opt/ros/humble /usr/bin/cmake --install /home/wade/ros2_ws/build/examples_rclcpp_wait_set
[42.860s] -- Install configuration: ""
[42.860s] -- Execute custom install script
[42.861s] -- Symlinking: /home/wade/ros2_ws/install/examples_rclcpp_wait_set/lib/examples_rclcpp_wait_set/wait_set_talker
[42.869s] -- Symlinking: /home/wade/ros2_ws/install/examples_rclcpp_wait_set/lib/examples_rclcpp_wait_set/wait_set_listener
[42.877s] -- Symlinking: /home/wade/ros2_ws/install/examples_rclcpp_wait_set/lib/libtalker.so
[42.885s] -- Symlinking: /home/wade/ros2_ws/install/examples_rclcpp_wait_set/lib/liblistener.so
[42.893s] -- Symlinking: /home/wade/ros2_ws/install/examples_rclcpp_wait_set/lib/examples_rclcpp_wait_set/wait_set
[42.900s] -- Symlinking: /home/wade/ros2_ws/install/examples_rclcpp_wait_set/lib/examples_rclcpp_wait_set/static_wait_set
[42.908s] -- Symlinking: /home/wade/ros2_ws/install/examples_rclcpp_wait_set/lib/examples_rclcpp_wait_set/thread_safe_wait_set
[42.916s] -- Symlinking: /home/wade/ros2_ws/install/examples_rclcpp_wait_set/lib/examples_rclcpp_wait_set/wait_set_topics_and_timer
[42.923s] -- Symlinking: /home/wade/ros2_ws/install/examples_rclcpp_wait_set/lib/examples_rclcpp_wait_set/wait_set_random_order
[42.931s] -- Symlinking: /home/wade/ros2_ws/install/examples_rclcpp_wait_set/lib/examples_rclcpp_wait_set/executor_random_order
[42.940s] -- Symlinking: /home/wade/ros2_ws/install/examples_rclcpp_wait_set/lib/examples_rclcpp_wait_set/wait_set_topics_with_different_rates
[42.947s] -- Symlinking: /home/wade/ros2_ws/install/examples_rclcpp_wait_set/lib/examples_rclcpp_wait_set/wait_set_composed
[42.956s] -- Symlinking: /home/wade/ros2_ws/install/examples_rclcpp_wait_set/share/ament_index/resource_index/package_run_dependencies/examples_rclcpp_wait_set
[42.962s] -- Symlinking: /home/wade/ros2_ws/install/examples_rclcpp_wait_set/share/ament_index/resource_index/parent_prefix_path/examples_rclcpp_wait_set
[42.969s] -- Symlinking: /home/wade/ros2_ws/install/examples_rclcpp_wait_set/share/examples_rclcpp_wait_set/environment/ament_prefix_path.sh
[42.977s] -- Symlinking: /home/wade/ros2_ws/install/examples_rclcpp_wait_set/share/examples_rclcpp_wait_set/environment/ament_prefix_path.dsv
[42.987s] -- Symlinking: /home/wade/ros2_ws/install/examples_rclcpp_wait_set/share/examples_rclcpp_wait_set/environment/path.sh
[42.996s] -- Symlinking: /home/wade/ros2_ws/install/examples_rclcpp_wait_set/share/examples_rclcpp_wait_set/environment/path.dsv
[43.004s] -- Symlinking: /home/wade/ros2_ws/install/examples_rclcpp_wait_set/share/examples_rclcpp_wait_set/local_setup.bash
[43.011s] -- Symlinking: /home/wade/ros2_ws/install/examples_rclcpp_wait_set/share/examples_rclcpp_wait_set/local_setup.sh
[43.019s] -- Symlinking: /home/wade/ros2_ws/install/examples_rclcpp_wait_set/share/examples_rclcpp_wait_set/local_setup.zsh
[43.028s] -- Symlinking: /home/wade/ros2_ws/install/examples_rclcpp_wait_set/share/examples_rclcpp_wait_set/local_setup.dsv
[43.037s] -- Symlinking: /home/wade/ros2_ws/install/examples_rclcpp_wait_set/share/examples_rclcpp_wait_set/package.dsv
[43.044s] -- Symlinking: /home/wade/ros2_ws/install/examples_rclcpp_wait_set/share/ament_index/resource_index/packages/examples_rclcpp_wait_set
[43.051s] -- Symlinking: /home/wade/ros2_ws/install/examples_rclcpp_wait_set/share/ament_index/resource_index/rclcpp_components/examples_rclcpp_wait_set
[43.058s] -- Symlinking: /home/wade/ros2_ws/install/examples_rclcpp_wait_set/share/examples_rclcpp_wait_set/cmake/examples_rclcpp_wait_setConfig.cmake
[43.065s] -- Symlinking: /home/wade/ros2_ws/install/examples_rclcpp_wait_set/share/examples_rclcpp_wait_set/cmake/examples_rclcpp_wait_setConfig-version.cmake
[43.071s] -- Symlinking: /home/wade/ros2_ws/install/examples_rclcpp_wait_set/share/examples_rclcpp_wait_set/package.xml
[43.081s] Invoked command in '/home/wade/ros2_ws/build/examples_rclcpp_wait_set' returned '0': CMAKE_PREFIX_PATH=/opt/ros/humble /usr/bin/cmake --install /home/wade/ros2_ws/build/examples_rclcpp_wait_set
