[0.138s] Invoking command in '/home/wade/ros2_ws/build/examples_rclcpp_cbg_executor': CMAKE_PREFIX_PATH=${CMAKE_PREFIX_PATH}:/home/wade/ros2_ws/install/py_srvcli:/home/wade/ros2_ws/install/py_pubsub:/home/wade/ros2_ws/install/robot_math:/home/wade/ros2_ws/install/python_parameters:/home/wade/ros2_ws/install/my_turtlebot3_sim:/home/wade/ros2_ws/install/my_package:/home/wade/ros2_ws/install/launch_testing_examples:/home/wade/ros2_ws/install/examples_rclpy_pointcloud_publisher:/home/wade/ros2_ws/install/examples_rclpy_minimal_subscriber:/home/wade/ros2_ws/install/examples_rclpy_minimal_service:/home/wade/ros2_ws/install/examples_rclpy_minimal_publisher:/home/wade/ros2_ws/install/examples_rclpy_minimal_client:/home/wade/ros2_ws/install/examples_rclpy_minimal_action_server:/home/wade/ros2_ws/install/examples_rclpy_minimal_action_client:/home/wade/ros2_ws/install/examples_rclpy_guard_conditions:/home/wade/ros2_ws/install/examples_rclpy_executors:/opt/ros/humble /usr/bin/cmake /home/wade/ros2_ws/src/examples/rclcpp/executors/cbg_executor -DAMENT_CMAKE_SYMLINK_INSTALL=1 -DCMAKE_INSTALL_PREFIX=/home/wade/ros2_ws/install/examples_rclcpp_cbg_executor
[0.187s] -- Found ament_cmake: 1.3.11 (/opt/ros/humble/share/ament_cmake/cmake)
[0.544s] -- Override CMake install command with custom implementation using symlinks instead of copying resources
[0.552s] -- Found rclcpp: 16.0.11 (/opt/ros/humble/share/rclcpp/cmake)
[0.588s] -- Found rosidl_generator_c: 3.1.6 (/opt/ros/humble/share/rosidl_generator_c/cmake)
[0.593s] -- Found rosidl_adapter: 3.1.6 (/opt/ros/humble/share/rosidl_adapter/cmake)
[0.600s] -- Found rosidl_generator_cpp: 3.1.6 (/opt/ros/humble/share/rosidl_generator_cpp/cmake)
[0.612s] -- Using all available rosidl_typesupport_c: rosidl_typesupport_fastrtps_c;rosidl_typesupport_introspection_c
[0.626s] -- Using all available rosidl_typesupport_cpp: rosidl_typesupport_fastrtps_cpp;rosidl_typesupport_introspection_cpp
[0.660s] -- Found rmw_implementation_cmake: 6.1.2 (/opt/ros/humble/share/rmw_implementation_cmake/cmake)
[0.662s] -- Found rmw_fastrtps_cpp: 6.2.7 (/opt/ros/humble/share/rmw_fastrtps_cpp/cmake)
[0.802s] -- Using RMW implementation 'rmw_fastrtps_cpp' as default
[0.859s] -- Found ament_lint_auto: 0.12.11 (/opt/ros/humble/share/ament_lint_auto/cmake)
[0.972s] -- Added test 'copyright' to check source files copyright and LICENSE
[0.974s] -- Added test 'cppcheck' to perform static code analysis on C / C++ code
[0.974s] -- Configured cppcheck include dirs: /home/wade/ros2_ws/src/examples/rclcpp/executors/cbg_executor/include
[0.974s] -- Configured cppcheck exclude dirs and/or files: 
[0.976s] -- Added test 'cpplint' to check C / C++ code against the Google style
[0.976s] -- Configured cpplint exclude dirs and/or files: 
[0.976s] -- Added test 'lint_cmake' to check CMake code style
[0.983s] -- Added test 'uncrustify' to check C / C++ code style
[0.983s] -- Configured uncrustify additional arguments: 
[0.984s] -- Added test 'xmllint' to check XML markup files
[0.984s] -- Configuring done
[0.998s] -- Generating done
[1.010s] -- Build files have been written to: /home/wade/ros2_ws/build/examples_rclcpp_cbg_executor
[1.027s] Invoked command in '/home/wade/ros2_ws/build/examples_rclcpp_cbg_executor' returned '0': CMAKE_PREFIX_PATH=${CMAKE_PREFIX_PATH}:/home/wade/ros2_ws/install/py_srvcli:/home/wade/ros2_ws/install/py_pubsub:/home/wade/ros2_ws/install/robot_math:/home/wade/ros2_ws/install/python_parameters:/home/wade/ros2_ws/install/my_turtlebot3_sim:/home/wade/ros2_ws/install/my_package:/home/wade/ros2_ws/install/launch_testing_examples:/home/wade/ros2_ws/install/examples_rclpy_pointcloud_publisher:/home/wade/ros2_ws/install/examples_rclpy_minimal_subscriber:/home/wade/ros2_ws/install/examples_rclpy_minimal_service:/home/wade/ros2_ws/install/examples_rclpy_minimal_publisher:/home/wade/ros2_ws/install/examples_rclpy_minimal_client:/home/wade/ros2_ws/install/examples_rclpy_minimal_action_server:/home/wade/ros2_ws/install/examples_rclpy_minimal_action_client:/home/wade/ros2_ws/install/examples_rclpy_guard_conditions:/home/wade/ros2_ws/install/examples_rclpy_executors:/opt/ros/humble /usr/bin/cmake /home/wade/ros2_ws/src/examples/rclcpp/executors/cbg_executor -DAMENT_CMAKE_SYMLINK_INSTALL=1 -DCMAKE_INSTALL_PREFIX=/home/wade/ros2_ws/install/examples_rclcpp_cbg_executor
[1.028s] Invoking command in '/home/wade/ros2_ws/build/examples_rclcpp_cbg_executor': CMAKE_PREFIX_PATH=${CMAKE_PREFIX_PATH}:/home/wade/ros2_ws/install/py_srvcli:/home/wade/ros2_ws/install/py_pubsub:/home/wade/ros2_ws/install/robot_math:/home/wade/ros2_ws/install/python_parameters:/home/wade/ros2_ws/install/my_turtlebot3_sim:/home/wade/ros2_ws/install/my_package:/home/wade/ros2_ws/install/launch_testing_examples:/home/wade/ros2_ws/install/examples_rclpy_pointcloud_publisher:/home/wade/ros2_ws/install/examples_rclpy_minimal_subscriber:/home/wade/ros2_ws/install/examples_rclpy_minimal_service:/home/wade/ros2_ws/install/examples_rclpy_minimal_publisher:/home/wade/ros2_ws/install/examples_rclpy_minimal_client:/home/wade/ros2_ws/install/examples_rclpy_minimal_action_server:/home/wade/ros2_ws/install/examples_rclpy_minimal_action_client:/home/wade/ros2_ws/install/examples_rclpy_guard_conditions:/home/wade/ros2_ws/install/examples_rclpy_executors:/opt/ros/humble /usr/bin/cmake --build /home/wade/ros2_ws/build/examples_rclcpp_cbg_executor -- -j12 -l12
[1.074s] [35m[1mConsolidate compiler generated dependencies of target ping[0m
[1.074s] [35m[1mConsolidate compiler generated dependencies of target pong[0m
[1.074s] [35m[1mConsolidate compiler generated dependencies of target ping_pong[0m
[1.105s] [ 60%] Built target pong
[1.106s] [ 60%] Built target ping
[1.123s] [100%] Built target ping_pong
[1.162s] Invoked command in '/home/wade/ros2_ws/build/examples_rclcpp_cbg_executor' returned '0': CMAKE_PREFIX_PATH=${CMAKE_PREFIX_PATH}:/home/wade/ros2_ws/install/py_srvcli:/home/wade/ros2_ws/install/py_pubsub:/home/wade/ros2_ws/install/robot_math:/home/wade/ros2_ws/install/python_parameters:/home/wade/ros2_ws/install/my_turtlebot3_sim:/home/wade/ros2_ws/install/my_package:/home/wade/ros2_ws/install/launch_testing_examples:/home/wade/ros2_ws/install/examples_rclpy_pointcloud_publisher:/home/wade/ros2_ws/install/examples_rclpy_minimal_subscriber:/home/wade/ros2_ws/install/examples_rclpy_minimal_service:/home/wade/ros2_ws/install/examples_rclpy_minimal_publisher:/home/wade/ros2_ws/install/examples_rclpy_minimal_client:/home/wade/ros2_ws/install/examples_rclpy_minimal_action_server:/home/wade/ros2_ws/install/examples_rclpy_minimal_action_client:/home/wade/ros2_ws/install/examples_rclpy_guard_conditions:/home/wade/ros2_ws/install/examples_rclpy_executors:/opt/ros/humble /usr/bin/cmake --build /home/wade/ros2_ws/build/examples_rclcpp_cbg_executor -- -j12 -l12
[1.164s] Invoking command in '/home/wade/ros2_ws/build/examples_rclcpp_cbg_executor': CMAKE_PREFIX_PATH=${CMAKE_PREFIX_PATH}:/home/wade/ros2_ws/install/py_srvcli:/home/wade/ros2_ws/install/py_pubsub:/home/wade/ros2_ws/install/robot_math:/home/wade/ros2_ws/install/python_parameters:/home/wade/ros2_ws/install/my_turtlebot3_sim:/home/wade/ros2_ws/install/my_package:/home/wade/ros2_ws/install/launch_testing_examples:/home/wade/ros2_ws/install/examples_rclpy_pointcloud_publisher:/home/wade/ros2_ws/install/examples_rclpy_minimal_subscriber:/home/wade/ros2_ws/install/examples_rclpy_minimal_service:/home/wade/ros2_ws/install/examples_rclpy_minimal_publisher:/home/wade/ros2_ws/install/examples_rclpy_minimal_client:/home/wade/ros2_ws/install/examples_rclpy_minimal_action_server:/home/wade/ros2_ws/install/examples_rclpy_minimal_action_client:/home/wade/ros2_ws/install/examples_rclpy_guard_conditions:/home/wade/ros2_ws/install/examples_rclpy_executors:/opt/ros/humble /usr/bin/cmake --install /home/wade/ros2_ws/build/examples_rclcpp_cbg_executor
[1.174s] -- Install configuration: ""
[1.174s] -- Execute custom install script
[1.174s] -- Up-to-date symlink: /home/wade/ros2_ws/install/examples_rclcpp_cbg_executor/lib/examples_rclcpp_cbg_executor/ping
[1.177s] -- Up-to-date symlink: /home/wade/ros2_ws/install/examples_rclcpp_cbg_executor/lib/examples_rclcpp_cbg_executor/pong
[1.177s] -- Up-to-date symlink: /home/wade/ros2_ws/install/examples_rclcpp_cbg_executor/lib/examples_rclcpp_cbg_executor/ping_pong
[1.177s] -- Up-to-date symlink: /home/wade/ros2_ws/install/examples_rclcpp_cbg_executor/include/examples_rclcpp_cbg_executor/ping_node.hpp
[1.177s] -- Up-to-date symlink: /home/wade/ros2_ws/install/examples_rclcpp_cbg_executor/include/examples_rclcpp_cbg_executor/pong_node.hpp
[1.177s] -- Up-to-date symlink: /home/wade/ros2_ws/install/examples_rclcpp_cbg_executor/share/ament_index/resource_index/package_run_dependencies/examples_rclcpp_cbg_executor
[1.177s] -- Up-to-date symlink: /home/wade/ros2_ws/install/examples_rclcpp_cbg_executor/share/ament_index/resource_index/parent_prefix_path/examples_rclcpp_cbg_executor
[1.177s] -- Up-to-date symlink: /home/wade/ros2_ws/install/examples_rclcpp_cbg_executor/share/examples_rclcpp_cbg_executor/environment/ament_prefix_path.sh
[1.177s] -- Up-to-date symlink: /home/wade/ros2_ws/install/examples_rclcpp_cbg_executor/share/examples_rclcpp_cbg_executor/environment/ament_prefix_path.dsv
[1.177s] -- Up-to-date symlink: /home/wade/ros2_ws/install/examples_rclcpp_cbg_executor/share/examples_rclcpp_cbg_executor/environment/path.sh
[1.177s] -- Up-to-date symlink: /home/wade/ros2_ws/install/examples_rclcpp_cbg_executor/share/examples_rclcpp_cbg_executor/environment/path.dsv
[1.177s] -- Up-to-date symlink: /home/wade/ros2_ws/install/examples_rclcpp_cbg_executor/share/examples_rclcpp_cbg_executor/local_setup.bash
[1.177s] -- Up-to-date symlink: /home/wade/ros2_ws/install/examples_rclcpp_cbg_executor/share/examples_rclcpp_cbg_executor/local_setup.sh
[1.178s] -- Up-to-date symlink: /home/wade/ros2_ws/install/examples_rclcpp_cbg_executor/share/examples_rclcpp_cbg_executor/local_setup.zsh
[1.178s] -- Up-to-date symlink: /home/wade/ros2_ws/install/examples_rclcpp_cbg_executor/share/examples_rclcpp_cbg_executor/local_setup.dsv
[1.178s] -- Symlinking: /home/wade/ros2_ws/install/examples_rclcpp_cbg_executor/share/examples_rclcpp_cbg_executor/package.dsv
[1.214s] -- Up-to-date symlink: /home/wade/ros2_ws/install/examples_rclcpp_cbg_executor/share/ament_index/resource_index/packages/examples_rclcpp_cbg_executor
[1.214s] -- Up-to-date symlink: /home/wade/ros2_ws/install/examples_rclcpp_cbg_executor/share/examples_rclcpp_cbg_executor/cmake/ament_cmake_export_dependencies-extras.cmake
[1.214s] -- Up-to-date symlink: /home/wade/ros2_ws/install/examples_rclcpp_cbg_executor/share/examples_rclcpp_cbg_executor/cmake/examples_rclcpp_cbg_executorConfig.cmake
[1.214s] -- Up-to-date symlink: /home/wade/ros2_ws/install/examples_rclcpp_cbg_executor/share/examples_rclcpp_cbg_executor/cmake/examples_rclcpp_cbg_executorConfig-version.cmake
[1.214s] -- Up-to-date symlink: /home/wade/ros2_ws/install/examples_rclcpp_cbg_executor/share/examples_rclcpp_cbg_executor/package.xml
[1.261s] Invoked command in '/home/wade/ros2_ws/build/examples_rclcpp_cbg_executor' returned '0': CMAKE_PREFIX_PATH=${CMAKE_PREFIX_PATH}:/home/wade/ros2_ws/install/py_srvcli:/home/wade/ros2_ws/install/py_pubsub:/home/wade/ros2_ws/install/robot_math:/home/wade/ros2_ws/install/python_parameters:/home/wade/ros2_ws/install/my_turtlebot3_sim:/home/wade/ros2_ws/install/my_package:/home/wade/ros2_ws/install/launch_testing_examples:/home/wade/ros2_ws/install/examples_rclpy_pointcloud_publisher:/home/wade/ros2_ws/install/examples_rclpy_minimal_subscriber:/home/wade/ros2_ws/install/examples_rclpy_minimal_service:/home/wade/ros2_ws/install/examples_rclpy_minimal_publisher:/home/wade/ros2_ws/install/examples_rclpy_minimal_client:/home/wade/ros2_ws/install/examples_rclpy_minimal_action_server:/home/wade/ros2_ws/install/examples_rclpy_minimal_action_client:/home/wade/ros2_ws/install/examples_rclpy_guard_conditions:/home/wade/ros2_ws/install/examples_rclpy_executors:/opt/ros/humble /usr/bin/cmake --install /home/wade/ros2_ws/build/examples_rclcpp_cbg_executor
