[1.895s] Invoking command in '/home/wade/ros2_ws/src/my_package': PYTHONPATH=/home/wade/ros2_ws/build/my_package/prefix_override:/usr/lib/python3/dist-packages/colcon_core/task/python/colcon_distutils_commands:/home/wade/ros2_ws/install/my_package/lib/python3.10/site-packages:${PYTHONPATH} /usr/bin/python3 -W ignore:setup.py install is deprecated -W ignore:easy_install command is deprecated setup.py egg_info --egg-base ../../build/my_package build --build-base /home/wade/ros2_ws/build/my_package/build install --record /home/wade/ros2_ws/build/my_package/install.log --single-version-externally-managed install_data
[2.137s] running egg_info
[2.137s] writing ../../build/my_package/my_package.egg-info/PKG-INFO
[2.138s] writing dependency_links to ../../build/my_package/my_package.egg-info/dependency_links.txt
[2.138s] writing entry points to ../../build/my_package/my_package.egg-info/entry_points.txt
[2.138s] writing requirements to ../../build/my_package/my_package.egg-info/requires.txt
[2.138s] writing top-level names to ../../build/my_package/my_package.egg-info/top_level.txt
[2.139s] reading manifest file '../../build/my_package/my_package.egg-info/SOURCES.txt'
[2.140s] adding license file 'LICENSE'
[2.140s] writing manifest file '../../build/my_package/my_package.egg-info/SOURCES.txt'
[2.140s] running build
[2.140s] running build_py
[2.140s] running install
[2.141s] running install_lib
[2.142s] running install_data
[2.142s] running install_egg_info
[2.144s] removing '/home/wade/ros2_ws/install/my_package/lib/python3.10/site-packages/my_package-0.0.0-py3.10.egg-info' (and everything under it)
[2.144s] Copying ../../build/my_package/my_package.egg-info to /home/wade/ros2_ws/install/my_package/lib/python3.10/site-packages/my_package-0.0.0-py3.10.egg-info
[2.145s] running install_scripts
[2.163s] Installing my_node script to /home/wade/ros2_ws/install/my_package/lib/my_package
[2.164s] writing list of installed files to '/home/wade/ros2_ws/build/my_package/install.log'
[2.373s] Invoked command in '/home/wade/ros2_ws/src/my_package' returned '0': PYTHONPATH=/home/wade/ros2_ws/build/my_package/prefix_override:/usr/lib/python3/dist-packages/colcon_core/task/python/colcon_distutils_commands:/home/wade/ros2_ws/install/my_package/lib/python3.10/site-packages:${PYTHONPATH} /usr/bin/python3 -W ignore:setup.py install is deprecated -W ignore:easy_install command is deprecated setup.py egg_info --egg-base ../../build/my_package build --build-base /home/wade/ros2_ws/build/my_package/build install --record /home/wade/ros2_ws/build/my_package/install.log --single-version-externally-managed install_data
