[0.042s] Invoking command in '/home/wade/ros2_ws/build/examples_rclcpp_minimal_action_client': CMAKE_PREFIX_PATH=/opt/ros/humble /usr/bin/cmake /home/wade/ros2_ws/src/examples/rclcpp/actions/minimal_action_client -DAMENT_CMAKE_SYMLINK_INSTALL=1 -DCMAKE_INSTALL_PREFIX=/home/wade/ros2_ws/install/examples_rclcpp_minimal_action_client
[0.174s] -- The C compiler identification is GNU 11.4.0
[0.322s] -- The CXX compiler identification is GNU 11.4.0
[0.334s] -- Detecting C compiler ABI info
[0.481s] -- Detecting C compiler ABI info - done
[0.492s] -- Check for working C compiler: /usr/bin/cc - skipped
[0.493s] -- Detecting C compile features
[0.493s] -- Detecting C compile features - done
[0.499s] -- Detecting CXX compiler ABI info
[0.636s] -- Detecting CXX compiler ABI info - done
[0.649s] -- Check for working CXX compiler: /usr/bin/c++ - skipped
[0.649s] -- Detecting CXX compile features
[0.649s] -- Detecting CXX compile features - done
[0.653s] -- Found ament_cmake: 1.3.11 (/opt/ros/humble/share/ament_cmake/cmake)
[0.859s] -- Found Python3: /usr/bin/python3 (found version "3.10.12") found components: Interpreter 
[0.934s] -- Override CMake install command with custom implementation using symlinks instead of copying resources
[0.960s] -- Found example_interfaces: 0.9.3 (/opt/ros/humble/share/example_interfaces/cmake)
[1.001s] -- Found rosidl_generator_c: 3.1.6 (/opt/ros/humble/share/rosidl_generator_c/cmake)
[1.006s] -- Found rosidl_adapter: 3.1.6 (/opt/ros/humble/share/rosidl_adapter/cmake)
[1.015s] -- Found rosidl_generator_cpp: 3.1.6 (/opt/ros/humble/share/rosidl_generator_cpp/cmake)
[1.031s] -- Using all available rosidl_typesupport_c: rosidl_typesupport_fastrtps_c;rosidl_typesupport_introspection_c
[1.047s] -- Using all available rosidl_typesupport_cpp: rosidl_typesupport_fastrtps_cpp;rosidl_typesupport_introspection_cpp
[1.106s] -- Found rclcpp: 16.0.11 (/opt/ros/humble/share/rclcpp/cmake)
[1.140s] -- Found rmw_implementation_cmake: 6.1.2 (/opt/ros/humble/share/rmw_implementation_cmake/cmake)
[1.141s] -- Found rmw_fastrtps_cpp: 6.2.7 (/opt/ros/humble/share/rmw_fastrtps_cpp/cmake)
[1.223s] -- Found OpenSSL: /usr/lib/x86_64-linux-gnu/libcrypto.so (found version "3.0.2")  
[1.251s] -- Found FastRTPS: /opt/ros/humble/include  
[1.288s] -- Using RMW implementation 'rmw_fastrtps_cpp' as default
[1.294s] -- Looking for pthread.h
[1.369s] -- Looking for pthread.h - found
[1.369s] -- Performing Test CMAKE_HAVE_LIBC_PTHREAD
[1.443s] -- Performing Test CMAKE_HAVE_LIBC_PTHREAD - Success
[1.444s] -- Found Threads: TRUE  
[1.489s] -- Found rclcpp_action: 16.0.11 (/opt/ros/humble/share/rclcpp_action/cmake)
[1.504s] -- Found ament_lint_auto: 0.12.11 (/opt/ros/humble/share/ament_lint_auto/cmake)
[1.578s] -- Added test 'copyright' to check source files copyright and LICENSE
[1.578s] -- Added test 'cppcheck' to perform static code analysis on C / C++ code
[1.578s] -- Configured cppcheck include dirs: 
[1.578s] -- Configured cppcheck exclude dirs and/or files: 
[1.579s] -- Added test 'cpplint' to check C / C++ code against the Google style
[1.579s] -- Configured cpplint exclude dirs and/or files: 
[1.580s] -- Added test 'lint_cmake' to check CMake code style
[1.580s] -- Added test 'uncrustify' to check C / C++ code style
[1.580s] -- Configured uncrustify additional arguments: 
[1.581s] -- Added test 'xmllint' to check XML markup files
[1.582s] -- Configuring done
[1.609s] -- Generating done
[1.609s] -- Build files have been written to: /home/wade/ros2_ws/build/examples_rclcpp_minimal_action_client
[1.621s] Invoked command in '/home/wade/ros2_ws/build/examples_rclcpp_minimal_action_client' returned '0': CMAKE_PREFIX_PATH=/opt/ros/humble /usr/bin/cmake /home/wade/ros2_ws/src/examples/rclcpp/actions/minimal_action_client -DAMENT_CMAKE_SYMLINK_INSTALL=1 -DCMAKE_INSTALL_PREFIX=/home/wade/ros2_ws/install/examples_rclcpp_minimal_action_client
[1.624s] Invoking command in '/home/wade/ros2_ws/build/examples_rclcpp_minimal_action_client': CMAKE_PREFIX_PATH=/opt/ros/humble /usr/bin/cmake --build /home/wade/ros2_ws/build/examples_rclcpp_minimal_action_client -- -j12 -l12
[1.742s] [ 12%] [32mBuilding CXX object CMakeFiles/action_client_not_composable.dir/not_composable.cpp.o[0m
[1.743s] [ 25%] [32mBuilding CXX object CMakeFiles/action_client_not_composable_with_cancel.dir/not_composable_with_cancel.cpp.o[0m
[1.743s] [ 37%] [32mBuilding CXX object CMakeFiles/action_client_member_functions.dir/member_functions.cpp.o[0m
[1.743s] [ 50%] [32mBuilding CXX object CMakeFiles/action_client_not_composable_with_feedback.dir/not_composable_with_feedback.cpp.o[0m
[27.605s] [ 62%] [32m[1mLinking CXX executable action_client_not_composable_with_feedback[0m
[28.142s] [ 62%] Built target action_client_not_composable_with_feedback
[28.365s] [ 75%] [32m[1mLinking CXX executable action_client_member_functions[0m
[28.789s] [ 75%] Built target action_client_member_functions
[28.803s] [ 87%] [32m[1mLinking CXX executable action_client_not_composable_with_cancel[0m
[29.307s] [ 87%] Built target action_client_not_composable_with_cancel
[29.682s] [100%] [32m[1mLinking CXX executable action_client_not_composable[0m
[29.963s] [100%] Built target action_client_not_composable
[32.453s] Invoked command in '/home/wade/ros2_ws/build/examples_rclcpp_minimal_action_client' returned '0': CMAKE_PREFIX_PATH=/opt/ros/humble /usr/bin/cmake --build /home/wade/ros2_ws/build/examples_rclcpp_minimal_action_client -- -j12 -l12
[32.454s] Invoking command in '/home/wade/ros2_ws/build/examples_rclcpp_minimal_action_client': CMAKE_PREFIX_PATH=/opt/ros/humble /usr/bin/cmake --install /home/wade/ros2_ws/build/examples_rclcpp_minimal_action_client
[32.510s] -- Install configuration: ""
[32.510s] -- Execute custom install script
[32.510s] -- Symlinking: /home/wade/ros2_ws/install/examples_rclcpp_minimal_action_client/lib/examples_rclcpp_minimal_action_client/action_client_member_functions
[32.510s] -- Symlinking: /home/wade/ros2_ws/install/examples_rclcpp_minimal_action_client/lib/examples_rclcpp_minimal_action_client/action_client_not_composable
[32.544s] -- Symlinking: /home/wade/ros2_ws/install/examples_rclcpp_minimal_action_client/lib/examples_rclcpp_minimal_action_client/action_client_not_composable_with_cancel
[32.558s] -- Symlinking: /home/wade/ros2_ws/install/examples_rclcpp_minimal_action_client/lib/examples_rclcpp_minimal_action_client/action_client_not_composable_with_feedback
[32.586s] -- Symlinking: /home/wade/ros2_ws/install/examples_rclcpp_minimal_action_client/share/ament_index/resource_index/package_run_dependencies/examples_rclcpp_minimal_action_client
[32.613s] -- Symlinking: /home/wade/ros2_ws/install/examples_rclcpp_minimal_action_client/share/ament_index/resource_index/parent_prefix_path/examples_rclcpp_minimal_action_client
[32.644s] -- Symlinking: /home/wade/ros2_ws/install/examples_rclcpp_minimal_action_client/share/examples_rclcpp_minimal_action_client/environment/ament_prefix_path.sh
[32.681s] -- Symlinking: /home/wade/ros2_ws/install/examples_rclcpp_minimal_action_client/share/examples_rclcpp_minimal_action_client/environment/ament_prefix_path.dsv
[32.701s] -- Symlinking: /home/wade/ros2_ws/install/examples_rclcpp_minimal_action_client/share/examples_rclcpp_minimal_action_client/environment/path.sh
[32.722s] -- Symlinking: /home/wade/ros2_ws/install/examples_rclcpp_minimal_action_client/share/examples_rclcpp_minimal_action_client/environment/path.dsv
[32.744s] -- Symlinking: /home/wade/ros2_ws/install/examples_rclcpp_minimal_action_client/share/examples_rclcpp_minimal_action_client/local_setup.bash
[32.762s] -- Symlinking: /home/wade/ros2_ws/install/examples_rclcpp_minimal_action_client/share/examples_rclcpp_minimal_action_client/local_setup.sh
[32.785s] -- Symlinking: /home/wade/ros2_ws/install/examples_rclcpp_minimal_action_client/share/examples_rclcpp_minimal_action_client/local_setup.zsh
[32.807s] -- Symlinking: /home/wade/ros2_ws/install/examples_rclcpp_minimal_action_client/share/examples_rclcpp_minimal_action_client/local_setup.dsv
[32.829s] -- Symlinking: /home/wade/ros2_ws/install/examples_rclcpp_minimal_action_client/share/examples_rclcpp_minimal_action_client/package.dsv
[32.857s] -- Symlinking: /home/wade/ros2_ws/install/examples_rclcpp_minimal_action_client/share/ament_index/resource_index/packages/examples_rclcpp_minimal_action_client
[32.880s] -- Symlinking: /home/wade/ros2_ws/install/examples_rclcpp_minimal_action_client/share/examples_rclcpp_minimal_action_client/cmake/examples_rclcpp_minimal_action_clientConfig.cmake
[32.901s] -- Symlinking: /home/wade/ros2_ws/install/examples_rclcpp_minimal_action_client/share/examples_rclcpp_minimal_action_client/cmake/examples_rclcpp_minimal_action_clientConfig-version.cmake
[32.924s] -- Symlinking: /home/wade/ros2_ws/install/examples_rclcpp_minimal_action_client/share/examples_rclcpp_minimal_action_client/package.xml
[33.372s] Invoked command in '/home/wade/ros2_ws/build/examples_rclcpp_minimal_action_client' returned '0': CMAKE_PREFIX_PATH=/opt/ros/humble /usr/bin/cmake --install /home/wade/ros2_ws/build/examples_rclcpp_minimal_action_client
