[0.997s] Invoking command in '/home/wade/ros2_ws/src/turtlesim_goal': PYTHONPATH=/home/wade/ros2_ws/build/turtlesim_goal/prefix_override:/usr/lib/python3/dist-packages/colcon_core/task/python/colcon_distutils_commands:/home/wade/ros2_ws/install/turtlesim_goal/lib/python3.10/site-packages:${PYTHONPATH} /usr/bin/python3 -W ignore:setup.py install is deprecated -W ignore:easy_install command is deprecated setup.py egg_info --egg-base ../../build/turtlesim_goal build --build-base /home/wade/ros2_ws/build/turtlesim_goal/build install --record /home/wade/ros2_ws/build/turtlesim_goal/install.log --single-version-externally-managed install_data
[1.161s] running egg_info
[1.161s] writing ../../build/turtlesim_goal/turtlesim_goal.egg-info/PKG-INFO
[1.161s] writing dependency_links to ../../build/turtlesim_goal/turtlesim_goal.egg-info/dependency_links.txt
[1.162s] writing entry points to ../../build/turtlesim_goal/turtlesim_goal.egg-info/entry_points.txt
[1.162s] writing requirements to ../../build/turtlesim_goal/turtlesim_goal.egg-info/requires.txt
[1.162s] writing top-level names to ../../build/turtlesim_goal/turtlesim_goal.egg-info/top_level.txt
[1.163s] reading manifest file '../../build/turtlesim_goal/turtlesim_goal.egg-info/SOURCES.txt'
[1.163s] writing manifest file '../../build/turtlesim_goal/turtlesim_goal.egg-info/SOURCES.txt'
[1.163s] running build
[1.163s] running build_py
[1.163s] running install
[1.164s] running install_lib
[1.165s] running install_data
[1.165s] running install_egg_info
[1.166s] removing '/home/wade/ros2_ws/install/turtlesim_goal/lib/python3.10/site-packages/turtlesim_goal-0.0.0-py3.10.egg-info' (and everything under it)
[1.166s] Copying ../../build/turtlesim_goal/turtlesim_goal.egg-info to /home/wade/ros2_ws/install/turtlesim_goal/lib/python3.10/site-packages/turtlesim_goal-0.0.0-py3.10.egg-info
[1.167s] running install_scripts
[1.181s] Installing go_to_goal script to /home/wade/ros2_ws/install/turtlesim_goal/lib/turtlesim_goal
[1.182s] writing list of installed files to '/home/wade/ros2_ws/build/turtlesim_goal/install.log'
[1.202s] Invoked command in '/home/wade/ros2_ws/src/turtlesim_goal' returned '0': PYTHONPATH=/home/wade/ros2_ws/build/turtlesim_goal/prefix_override:/usr/lib/python3/dist-packages/colcon_core/task/python/colcon_distutils_commands:/home/wade/ros2_ws/install/turtlesim_goal/lib/python3.10/site-packages:${PYTHONPATH} /usr/bin/python3 -W ignore:setup.py install is deprecated -W ignore:easy_install command is deprecated setup.py egg_info --egg-base ../../build/turtlesim_goal build --build-base /home/wade/ros2_ws/build/turtlesim_goal/build install --record /home/wade/ros2_ws/build/turtlesim_goal/install.log --single-version-externally-managed install_data
