[1.055s] Invoking command in '/home/wade/ros2_ws/src/robot_math': PYTHONPATH=/home/wade/ros2_ws/build/robot_math/prefix_override:/usr/lib/python3/dist-packages/colcon_core/task/python/colcon_distutils_commands:/home/wade/ros2_ws/install/robot_math/lib/python3.10/site-packages:${PYTHONPATH} /usr/bin/python3 -W ignore:setup.py install is deprecated -W ignore:easy_install command is deprecated setup.py egg_info --egg-base ../../build/robot_math build --build-base /home/wade/ros2_ws/build/robot_math/build install --record /home/wade/ros2_ws/build/robot_math/install.log --single-version-externally-managed install_data
[1.195s] running egg_info
[1.195s] writing ../../build/robot_math/robot_math.egg-info/PKG-INFO
[1.196s] writing dependency_links to ../../build/robot_math/robot_math.egg-info/dependency_links.txt
[1.197s] writing entry points to ../../build/robot_math/robot_math.egg-info/entry_points.txt
[1.197s] writing requirements to ../../build/robot_math/robot_math.egg-info/requires.txt
[1.197s] writing top-level names to ../../build/robot_math/robot_math.egg-info/top_level.txt
[1.197s] reading manifest file '../../build/robot_math/robot_math.egg-info/SOURCES.txt'
[1.198s] adding license file 'LICENSE'
[1.198s] writing manifest file '../../build/robot_math/robot_math.egg-info/SOURCES.txt'
[1.198s] running build
[1.198s] running build_py
[1.199s] copying robot_math/gtg.py -> /home/wade/ros2_ws/build/robot_math/build/lib/robot_math
[1.199s] running install
[1.199s] running install_lib
[1.201s] copying /home/wade/ros2_ws/build/robot_math/build/lib/robot_math/gtg.py -> /home/wade/ros2_ws/install/robot_math/lib/python3.10/site-packages/robot_math
[1.202s] byte-compiling /home/wade/ros2_ws/install/robot_math/lib/python3.10/site-packages/robot_math/gtg.py to gtg.cpython-310.pyc
[1.202s] Sorry: IndentationError: unindent does not match any outer indentation level (gtg.py, line 14)
[1.202s] running install_data
[1.202s] running install_egg_info
[1.204s] removing '/home/wade/ros2_ws/install/robot_math/lib/python3.10/site-packages/robot_math-0.0.0-py3.10.egg-info' (and everything under it)
[1.204s] Copying ../../build/robot_math/robot_math.egg-info to /home/wade/ros2_ws/install/robot_math/lib/python3.10/site-packages/robot_math-0.0.0-py3.10.egg-info
[1.205s] running install_scripts
[1.219s] Installing circle_motion_node script to /home/wade/ros2_ws/install/robot_math/lib/robot_math
[1.219s] Installing go_To_Goal_node script to /home/wade/ros2_ws/install/robot_math/lib/robot_math
[1.220s] writing list of installed files to '/home/wade/ros2_ws/build/robot_math/install.log'
[1.246s] Invoked command in '/home/wade/ros2_ws/src/robot_math' returned '0': PYTHONPATH=/home/wade/ros2_ws/build/robot_math/prefix_override:/usr/lib/python3/dist-packages/colcon_core/task/python/colcon_distutils_commands:/home/wade/ros2_ws/install/robot_math/lib/python3.10/site-packages:${PYTHONPATH} /usr/bin/python3 -W ignore:setup.py install is deprecated -W ignore:easy_install command is deprecated setup.py egg_info --egg-base ../../build/robot_math build --build-base /home/wade/ros2_ws/build/robot_math/build install --record /home/wade/ros2_ws/build/robot_math/install.log --single-version-externally-managed install_data
