[0.876s] Invoking command in '/home/wade/ros2_ws/src/python_parameters': PYTHONPATH=/home/wade/ros2_ws/build/python_parameters/prefix_override:/usr/lib/python3/dist-packages/colcon_core/task/python/colcon_distutils_commands:/home/wade/ros2_ws/install/python_parameters/lib/python3.10/site-packages:${PYTHONPATH} /usr/bin/python3 -W ignore:setup.py install is deprecated -W ignore:easy_install command is deprecated setup.py egg_info --egg-base ../../build/python_parameters build --build-base /home/wade/ros2_ws/build/python_parameters/build install --record /home/wade/ros2_ws/build/python_parameters/install.log --single-version-externally-managed install_data
[1.027s] running egg_info
[1.028s] writing ../../build/python_parameters/python_parameters.egg-info/PKG-INFO
[1.028s] writing dependency_links to ../../build/python_parameters/python_parameters.egg-info/dependency_links.txt
[1.028s] writing entry points to ../../build/python_parameters/python_parameters.egg-info/entry_points.txt
[1.028s] writing requirements to ../../build/python_parameters/python_parameters.egg-info/requires.txt
[1.028s] writing top-level names to ../../build/python_parameters/python_parameters.egg-info/top_level.txt
[1.029s] reading manifest file '../../build/python_parameters/python_parameters.egg-info/SOURCES.txt'
[1.029s] adding license file 'LICENSE'
[1.030s] writing manifest file '../../build/python_parameters/python_parameters.egg-info/SOURCES.txt'
[1.030s] running build
[1.030s] running build_py
[1.030s] running install
[1.030s] running install_lib
[1.031s] running install_data
[1.031s] running install_egg_info
[1.032s] removing '/home/wade/ros2_ws/install/python_parameters/lib/python3.10/site-packages/python_parameters-0.0.0-py3.10.egg-info' (and everything under it)
[1.032s] Copying ../../build/python_parameters/python_parameters.egg-info to /home/wade/ros2_ws/install/python_parameters/lib/python3.10/site-packages/python_parameters-0.0.0-py3.10.egg-info
[1.033s] running install_scripts
[1.048s] Installing minimal_param_node script to /home/wade/ros2_ws/install/python_parameters/lib/python_parameters
[1.048s] writing list of installed files to '/home/wade/ros2_ws/build/python_parameters/install.log'
[1.071s] Invoked command in '/home/wade/ros2_ws/src/python_parameters' returned '0': PYTHONPATH=/home/wade/ros2_ws/build/python_parameters/prefix_override:/usr/lib/python3/dist-packages/colcon_core/task/python/colcon_distutils_commands:/home/wade/ros2_ws/install/python_parameters/lib/python3.10/site-packages:${PYTHONPATH} /usr/bin/python3 -W ignore:setup.py install is deprecated -W ignore:easy_install command is deprecated setup.py egg_info --egg-base ../../build/python_parameters build --build-base /home/wade/ros2_ws/build/python_parameters/build install --record /home/wade/ros2_ws/build/python_parameters/install.log --single-version-externally-managed install_data
