[1.755s] Invoking command in '/home/wade/ros2_ws/src/examples/rclpy/services/minimal_client': PYTHONPATH=/home/wade/ros2_ws/build/examples_rclpy_minimal_client/prefix_override:/usr/lib/python3/dist-packages/colcon_core/task/python/colcon_distutils_commands:/home/wade/ros2_ws/install/examples_rclpy_minimal_client/lib/python3.10/site-packages:${PYTHONPATH} /usr/bin/python3 -W ignore:setup.py install is deprecated -W ignore:easy_install command is deprecated setup.py egg_info --egg-base ../../../../../build/examples_rclpy_minimal_client build --build-base /home/wade/ros2_ws/build/examples_rclpy_minimal_client/build install --record /home/wade/ros2_ws/build/examples_rclpy_minimal_client/install.log --single-version-externally-managed install_data
[1.903s] running egg_info
[1.903s] writing ../../../../../build/examples_rclpy_minimal_client/examples_rclpy_minimal_client.egg-info/PKG-INFO
[1.904s] writing dependency_links to ../../../../../build/examples_rclpy_minimal_client/examples_rclpy_minimal_client.egg-info/dependency_links.txt
[1.904s] writing entry points to ../../../../../build/examples_rclpy_minimal_client/examples_rclpy_minimal_client.egg-info/entry_points.txt
[1.904s] writing requirements to ../../../../../build/examples_rclpy_minimal_client/examples_rclpy_minimal_client.egg-info/requires.txt
[1.904s] writing top-level names to ../../../../../build/examples_rclpy_minimal_client/examples_rclpy_minimal_client.egg-info/top_level.txt
[1.905s] reading manifest file '../../../../../build/examples_rclpy_minimal_client/examples_rclpy_minimal_client.egg-info/SOURCES.txt'
[1.905s] writing manifest file '../../../../../build/examples_rclpy_minimal_client/examples_rclpy_minimal_client.egg-info/SOURCES.txt'
[1.905s] running build
[1.905s] running build_py
[1.906s] running install
[1.906s] running install_lib
[1.907s] running install_data
[1.907s] running install_egg_info
[1.908s] removing '/home/wade/ros2_ws/install/examples_rclpy_minimal_client/lib/python3.10/site-packages/examples_rclpy_minimal_client-0.15.3-py3.10.egg-info' (and everything under it)
[1.908s] Copying ../../../../../build/examples_rclpy_minimal_client/examples_rclpy_minimal_client.egg-info to /home/wade/ros2_ws/install/examples_rclpy_minimal_client/lib/python3.10/site-packages/examples_rclpy_minimal_client-0.15.3-py3.10.egg-info
[1.908s] running install_scripts
[1.921s] Installing client script to /home/wade/ros2_ws/install/examples_rclpy_minimal_client/lib/examples_rclpy_minimal_client
[1.921s] Installing client_async script to /home/wade/ros2_ws/install/examples_rclpy_minimal_client/lib/examples_rclpy_minimal_client
[1.921s] Installing client_async_callback script to /home/wade/ros2_ws/install/examples_rclpy_minimal_client/lib/examples_rclpy_minimal_client
[1.922s] Installing client_async_member_function script to /home/wade/ros2_ws/install/examples_rclpy_minimal_client/lib/examples_rclpy_minimal_client
[1.922s] writing list of installed files to '/home/wade/ros2_ws/build/examples_rclpy_minimal_client/install.log'
[1.955s] Invoked command in '/home/wade/ros2_ws/src/examples/rclpy/services/minimal_client' returned '0': PYTHONPATH=/home/wade/ros2_ws/build/examples_rclpy_minimal_client/prefix_override:/usr/lib/python3/dist-packages/colcon_core/task/python/colcon_distutils_commands:/home/wade/ros2_ws/install/examples_rclpy_minimal_client/lib/python3.10/site-packages:${PYTHONPATH} /usr/bin/python3 -W ignore:setup.py install is deprecated -W ignore:easy_install command is deprecated setup.py egg_info --egg-base ../../../../../build/examples_rclpy_minimal_client build --build-base /home/wade/ros2_ws/build/examples_rclpy_minimal_client/build install --record /home/wade/ros2_ws/build/examples_rclpy_minimal_client/install.log --single-version-externally-managed install_data
