[4.550s] Invoking command in '/home/wade/ros2_ws/build/examples_rclpy_guard_conditions': PYTHONPATH=/home/wade/ros2_ws/build/examples_rclpy_guard_conditions/prefix_override:/usr/lib/python3/dist-packages/colcon_core/task/python/colcon_distutils_commands:/home/wade/ros2_ws/install/examples_rclpy_guard_conditions/lib/python3.10/site-packages:${PYTHONPATH} /usr/bin/python3 -W ignore:setup.py install is deprecated -W ignore:easy_install command is deprecated setup.py develop --editable --build-directory /home/wade/ros2_ws/build/examples_rclpy_guard_conditions/build --no-deps symlink_data
[5.129s] running develop
[5.470s] running egg_info
[5.470s] creating examples_rclpy_guard_conditions.egg-info
[5.470s] writing examples_rclpy_guard_conditions.egg-info/PKG-INFO
[5.470s] writing dependency_links to examples_rclpy_guard_conditions.egg-info/dependency_links.txt
[5.470s] writing entry points to examples_rclpy_guard_conditions.egg-info/entry_points.txt
[5.471s] writing requirements to examples_rclpy_guard_conditions.egg-info/requires.txt
[5.471s] writing top-level names to examples_rclpy_guard_conditions.egg-info/top_level.txt
[5.478s] writing manifest file 'examples_rclpy_guard_conditions.egg-info/SOURCES.txt'
[5.486s] reading manifest file 'examples_rclpy_guard_conditions.egg-info/SOURCES.txt'
[5.488s] writing manifest file 'examples_rclpy_guard_conditions.egg-info/SOURCES.txt'
[5.488s] running build_ext
[5.488s] Creating /home/wade/ros2_ws/install/examples_rclpy_guard_conditions/lib/python3.10/site-packages/examples-rclpy-guard-conditions.egg-link (link to .)
[5.488s] Installing trigger_guard_condition script to /home/wade/ros2_ws/install/examples_rclpy_guard_conditions/lib/examples_rclpy_guard_conditions
[5.488s] 
[5.489s] Installed /home/wade/ros2_ws/build/examples_rclpy_guard_conditions
[5.489s] running symlink_data
[5.489s] creating /home/wade/ros2_ws/install/examples_rclpy_guard_conditions/share/ament_index
[5.489s] creating /home/wade/ros2_ws/install/examples_rclpy_guard_conditions/share/ament_index/resource_index
[5.489s] creating /home/wade/ros2_ws/install/examples_rclpy_guard_conditions/share/ament_index/resource_index/packages
[5.489s] symbolically linking /home/wade/ros2_ws/build/examples_rclpy_guard_conditions/resource/examples_rclpy_guard_conditions -> /home/wade/ros2_ws/install/examples_rclpy_guard_conditions/share/ament_index/resource_index/packages
[5.489s] symbolically linking /home/wade/ros2_ws/build/examples_rclpy_guard_conditions/package.xml -> /home/wade/ros2_ws/install/examples_rclpy_guard_conditions/share/examples_rclpy_guard_conditions
[6.513s] Invoked command in '/home/wade/ros2_ws/build/examples_rclpy_guard_conditions' returned '0': PYTHONPATH=/home/wade/ros2_ws/build/examples_rclpy_guard_conditions/prefix_override:/usr/lib/python3/dist-packages/colcon_core/task/python/colcon_distutils_commands:/home/wade/ros2_ws/install/examples_rclpy_guard_conditions/lib/python3.10/site-packages:${PYTHONPATH} /usr/bin/python3 -W ignore:setup.py install is deprecated -W ignore:easy_install command is deprecated setup.py develop --editable --build-directory /home/wade/ros2_ws/build/examples_rclpy_guard_conditions/build --no-deps symlink_data
