[1.807s] Invoking command in '/home/wade/ros2_ws/build/examples_rclpy_minimal_service': PYTHONPATH=/home/wade/ros2_ws/build/examples_rclpy_minimal_service/prefix_override:/usr/lib/python3/dist-packages/colcon_core/task/python/colcon_distutils_commands:/home/wade/ros2_ws/install/examples_rclpy_minimal_service/lib/python3.10/site-packages:${PYTHONPATH} /usr/bin/python3 -W ignore:setup.py install is deprecated -W ignore:easy_install command is deprecated setup.py develop --editable --build-directory /home/wade/ros2_ws/build/examples_rclpy_minimal_service/build --no-deps symlink_data --force
[2.065s] running develop
[2.187s] running egg_info
[2.187s] writing examples_rclpy_minimal_service.egg-info/PKG-INFO
[2.188s] writing dependency_links to examples_rclpy_minimal_service.egg-info/dependency_links.txt
[2.188s] writing entry points to examples_rclpy_minimal_service.egg-info/entry_points.txt
[2.188s] writing requirements to examples_rclpy_minimal_service.egg-info/requires.txt
[2.188s] writing top-level names to examples_rclpy_minimal_service.egg-info/top_level.txt
[2.190s] reading manifest file 'examples_rclpy_minimal_service.egg-info/SOURCES.txt'
[2.190s] writing manifest file 'examples_rclpy_minimal_service.egg-info/SOURCES.txt'
[2.190s] running build_ext
[2.190s] Creating /home/wade/ros2_ws/install/examples_rclpy_minimal_service/lib/python3.10/site-packages/examples-rclpy-minimal-service.egg-link (link to .)
[2.191s] Installing service script to /home/wade/ros2_ws/install/examples_rclpy_minimal_service/lib/examples_rclpy_minimal_service
[2.191s] Installing service_member_function script to /home/wade/ros2_ws/install/examples_rclpy_minimal_service/lib/examples_rclpy_minimal_service
[2.191s] 
[2.191s] Installed /home/wade/ros2_ws/build/examples_rclpy_minimal_service
[2.191s] running symlink_data
[2.192s] symbolically linking /home/wade/ros2_ws/build/examples_rclpy_minimal_service/resource/examples_rclpy_minimal_service -> /home/wade/ros2_ws/install/examples_rclpy_minimal_service/share/ament_index/resource_index/packages
[2.192s] symbolically linking /home/wade/ros2_ws/build/examples_rclpy_minimal_service/package.xml -> /home/wade/ros2_ws/install/examples_rclpy_minimal_service/share/examples_rclpy_minimal_service
[2.407s] Invoked command in '/home/wade/ros2_ws/build/examples_rclpy_minimal_service' returned '0': PYTHONPATH=/home/wade/ros2_ws/build/examples_rclpy_minimal_service/prefix_override:/usr/lib/python3/dist-packages/colcon_core/task/python/colcon_distutils_commands:/home/wade/ros2_ws/install/examples_rclpy_minimal_service/lib/python3.10/site-packages:${PYTHONPATH} /usr/bin/python3 -W ignore:setup.py install is deprecated -W ignore:easy_install command is deprecated setup.py develop --editable --build-directory /home/wade/ros2_ws/build/examples_rclpy_minimal_service/build --no-deps symlink_data --force
