[0.040s] Invoking command in '/home/wade/ros2_ws/build/examples_rclcpp_minimal_client': CMAKE_PREFIX_PATH=/opt/ros/humble /usr/bin/cmake /home/wade/ros2_ws/src/examples/rclcpp/services/minimal_client -DAMENT_CMAKE_SYMLINK_INSTALL=1 -DCMAKE_INSTALL_PREFIX=/home/wade/ros2_ws/install/examples_rclcpp_minimal_client
[0.169s] -- The C compiler identification is GNU 11.4.0
[0.305s] -- The CXX compiler identification is GNU 11.4.0
[0.318s] -- Detecting C compiler ABI info
[0.443s] -- Detecting C compiler ABI info - done
[0.455s] -- Check for working C compiler: /usr/bin/cc - skipped
[0.456s] -- Detecting C compile features
[0.461s] -- Detecting C compile features - done
[0.463s] -- Detecting CXX compiler ABI info
[0.601s] -- Detecting CXX compiler ABI info - done
[0.614s] -- Check for working CXX compiler: /usr/bin/c++ - skipped
[0.615s] -- Detecting CXX compile features
[0.615s] -- Detecting CXX compile features - done
[0.620s] -- Found ament_cmake: 1.3.11 (/opt/ros/humble/share/ament_cmake/cmake)
[0.833s] -- Found Python3: /usr/bin/python3 (found version "3.10.12") found components: Interpreter 
[0.919s] -- Override CMake install command with custom implementation using symlinks instead of copying resources
[0.949s] -- Found example_interfaces: 0.9.3 (/opt/ros/humble/share/example_interfaces/cmake)
[0.994s] -- Found rosidl_generator_c: 3.1.6 (/opt/ros/humble/share/rosidl_generator_c/cmake)
[0.999s] -- Found rosidl_adapter: 3.1.6 (/opt/ros/humble/share/rosidl_adapter/cmake)
[1.008s] -- Found rosidl_generator_cpp: 3.1.6 (/opt/ros/humble/share/rosidl_generator_cpp/cmake)
[1.025s] -- Using all available rosidl_typesupport_c: rosidl_typesupport_fastrtps_c;rosidl_typesupport_introspection_c
[1.043s] -- Using all available rosidl_typesupport_cpp: rosidl_typesupport_fastrtps_cpp;rosidl_typesupport_introspection_cpp
[1.099s] -- Found rclcpp: 16.0.11 (/opt/ros/humble/share/rclcpp/cmake)
[1.135s] -- Found rmw_implementation_cmake: 6.1.2 (/opt/ros/humble/share/rmw_implementation_cmake/cmake)
[1.138s] -- Found rmw_fastrtps_cpp: 6.2.7 (/opt/ros/humble/share/rmw_fastrtps_cpp/cmake)
[1.220s] -- Found OpenSSL: /usr/lib/x86_64-linux-gnu/libcrypto.so (found version "3.0.2")  
[1.247s] -- Found FastRTPS: /opt/ros/humble/include  
[1.284s] -- Using RMW implementation 'rmw_fastrtps_cpp' as default
[1.290s] -- Looking for pthread.h
[1.359s] -- Looking for pthread.h - found
[1.359s] -- Performing Test CMAKE_HAVE_LIBC_PTHREAD
[1.436s] -- Performing Test CMAKE_HAVE_LIBC_PTHREAD - Success
[1.437s] -- Found Threads: TRUE  
[1.485s] -- Found ament_lint_auto: 0.12.11 (/opt/ros/humble/share/ament_lint_auto/cmake)
[1.571s] -- Added test 'copyright' to check source files copyright and LICENSE
[1.571s] -- Added test 'cppcheck' to perform static code analysis on C / C++ code
[1.571s] -- Configured cppcheck include dirs: 
[1.571s] -- Configured cppcheck exclude dirs and/or files: 
[1.571s] -- Added test 'cpplint' to check C / C++ code against the Google style
[1.571s] -- Configured cpplint exclude dirs and/or files: 
[1.571s] -- Added test 'lint_cmake' to check CMake code style
[1.571s] -- Added test 'uncrustify' to check C / C++ code style
[1.571s] -- Configured uncrustify additional arguments: 
[1.571s] -- Added test 'xmllint' to check XML markup files
[1.571s] -- Configuring done
[1.580s] -- Generating done
[1.584s] -- Build files have been written to: /home/wade/ros2_ws/build/examples_rclcpp_minimal_client
[1.606s] Invoked command in '/home/wade/ros2_ws/build/examples_rclcpp_minimal_client' returned '0': CMAKE_PREFIX_PATH=/opt/ros/humble /usr/bin/cmake /home/wade/ros2_ws/src/examples/rclcpp/services/minimal_client -DAMENT_CMAKE_SYMLINK_INSTALL=1 -DCMAKE_INSTALL_PREFIX=/home/wade/ros2_ws/install/examples_rclcpp_minimal_client
[1.608s] Invoking command in '/home/wade/ros2_ws/build/examples_rclcpp_minimal_client': CMAKE_PREFIX_PATH=/opt/ros/humble /usr/bin/cmake --build /home/wade/ros2_ws/build/examples_rclcpp_minimal_client -- -j12 -l12
[1.682s] [ 50%] [32mBuilding CXX object CMakeFiles/client_main.dir/main.cpp.o[0m
[26.549s] [100%] [32m[1mLinking CXX executable client_main[0m
[27.239s] [100%] Built target client_main
[27.316s] Invoked command in '/home/wade/ros2_ws/build/examples_rclcpp_minimal_client' returned '0': CMAKE_PREFIX_PATH=/opt/ros/humble /usr/bin/cmake --build /home/wade/ros2_ws/build/examples_rclcpp_minimal_client -- -j12 -l12
[27.321s] Invoking command in '/home/wade/ros2_ws/build/examples_rclcpp_minimal_client': CMAKE_PREFIX_PATH=/opt/ros/humble /usr/bin/cmake --install /home/wade/ros2_ws/build/examples_rclcpp_minimal_client
[29.238s] -- Install configuration: ""
[29.238s] -- Execute custom install script
[29.238s] -- Symlinking: /home/wade/ros2_ws/install/examples_rclcpp_minimal_client/lib/examples_rclcpp_minimal_client/client_main
[29.238s] -- Symlinking: /home/wade/ros2_ws/install/examples_rclcpp_minimal_client/share/ament_index/resource_index/package_run_dependencies/examples_rclcpp_minimal_client
[29.238s] -- Symlinking: /home/wade/ros2_ws/install/examples_rclcpp_minimal_client/share/ament_index/resource_index/parent_prefix_path/examples_rclcpp_minimal_client
[29.238s] -- Symlinking: /home/wade/ros2_ws/install/examples_rclcpp_minimal_client/share/examples_rclcpp_minimal_client/environment/ament_prefix_path.sh
[29.238s] -- Symlinking: /home/wade/ros2_ws/install/examples_rclcpp_minimal_client/share/examples_rclcpp_minimal_client/environment/ament_prefix_path.dsv
[29.238s] -- Symlinking: /home/wade/ros2_ws/install/examples_rclcpp_minimal_client/share/examples_rclcpp_minimal_client/environment/path.sh
[29.238s] -- Symlinking: /home/wade/ros2_ws/install/examples_rclcpp_minimal_client/share/examples_rclcpp_minimal_client/environment/path.dsv
[29.238s] -- Symlinking: /home/wade/ros2_ws/install/examples_rclcpp_minimal_client/share/examples_rclcpp_minimal_client/local_setup.bash
[29.238s] -- Symlinking: /home/wade/ros2_ws/install/examples_rclcpp_minimal_client/share/examples_rclcpp_minimal_client/local_setup.sh
[29.238s] -- Symlinking: /home/wade/ros2_ws/install/examples_rclcpp_minimal_client/share/examples_rclcpp_minimal_client/local_setup.zsh
[29.238s] -- Symlinking: /home/wade/ros2_ws/install/examples_rclcpp_minimal_client/share/examples_rclcpp_minimal_client/local_setup.dsv
[29.238s] -- Symlinking: /home/wade/ros2_ws/install/examples_rclcpp_minimal_client/share/examples_rclcpp_minimal_client/package.dsv
[29.238s] -- Symlinking: /home/wade/ros2_ws/install/examples_rclcpp_minimal_client/share/ament_index/resource_index/packages/examples_rclcpp_minimal_client
[29.238s] -- Symlinking: /home/wade/ros2_ws/install/examples_rclcpp_minimal_client/share/examples_rclcpp_minimal_client/cmake/examples_rclcpp_minimal_clientConfig.cmake
[29.238s] -- Symlinking: /home/wade/ros2_ws/install/examples_rclcpp_minimal_client/share/examples_rclcpp_minimal_client/cmake/examples_rclcpp_minimal_clientConfig-version.cmake
[29.238s] -- Symlinking: /home/wade/ros2_ws/install/examples_rclcpp_minimal_client/share/examples_rclcpp_minimal_client/package.xml
[29.507s] Invoked command in '/home/wade/ros2_ws/build/examples_rclcpp_minimal_client' returned '0': CMAKE_PREFIX_PATH=/opt/ros/humble /usr/bin/cmake --install /home/wade/ros2_ws/build/examples_rclcpp_minimal_client
