[1.055s] Invoking command in '/home/wade/ros2_ws/src/py_pubsub': PYTHONPATH=/home/wade/ros2_ws/build/py_pubsub/prefix_override:/usr/lib/python3/dist-packages/colcon_core/task/python/colcon_distutils_commands:/home/wade/ros2_ws/install/py_pubsub/lib/python3.10/site-packages:${PYTHONPATH} /usr/bin/python3 -W ignore:setup.py install is deprecated -W ignore:easy_install command is deprecated setup.py egg_info --egg-base ../../build/py_pubsub build --build-base /home/wade/ros2_ws/build/py_pubsub/build install --record /home/wade/ros2_ws/build/py_pubsub/install.log --single-version-externally-managed install_data
[1.196s] running egg_info
[1.197s] writing ../../build/py_pubsub/py_pubsub.egg-info/PKG-INFO
[1.197s] writing dependency_links to ../../build/py_pubsub/py_pubsub.egg-info/dependency_links.txt
[1.197s] writing entry points to ../../build/py_pubsub/py_pubsub.egg-info/entry_points.txt
[1.197s] writing requirements to ../../build/py_pubsub/py_pubsub.egg-info/requires.txt
[1.197s] writing top-level names to ../../build/py_pubsub/py_pubsub.egg-info/top_level.txt
[1.198s] reading manifest file '../../build/py_pubsub/py_pubsub.egg-info/SOURCES.txt'
[1.198s] adding license file 'LICENSE'
[1.199s] writing manifest file '../../build/py_pubsub/py_pubsub.egg-info/SOURCES.txt'
[1.199s] running build
[1.199s] running build_py
[1.199s] running install
[1.199s] running install_lib
[1.201s] running install_data
[1.201s] running install_egg_info
[1.202s] removing '/home/wade/ros2_ws/install/py_pubsub/lib/python3.10/site-packages/py_pubsub-0.0.0-py3.10.egg-info' (and everything under it)
[1.202s] Copying ../../build/py_pubsub/py_pubsub.egg-info to /home/wade/ros2_ws/install/py_pubsub/lib/python3.10/site-packages/py_pubsub-0.0.0-py3.10.egg-info
[1.203s] running install_scripts
[1.217s] Installing listener script to /home/wade/ros2_ws/install/py_pubsub/lib/py_pubsub
[1.217s] Installing talker script to /home/wade/ros2_ws/install/py_pubsub/lib/py_pubsub
[1.217s] writing list of installed files to '/home/wade/ros2_ws/build/py_pubsub/install.log'
[1.247s] Invoked command in '/home/wade/ros2_ws/src/py_pubsub' returned '0': PYTHONPATH=/home/wade/ros2_ws/build/py_pubsub/prefix_override:/usr/lib/python3/dist-packages/colcon_core/task/python/colcon_distutils_commands:/home/wade/ros2_ws/install/py_pubsub/lib/python3.10/site-packages:${PYTHONPATH} /usr/bin/python3 -W ignore:setup.py install is deprecated -W ignore:easy_install command is deprecated setup.py egg_info --egg-base ../../build/py_pubsub build --build-base /home/wade/ros2_ws/build/py_pubsub/build install --record /home/wade/ros2_ws/build/py_pubsub/install.log --single-version-externally-managed install_data
