[3.881s] Invoking command in '/home/wade/ros2_ws/build/examples_rclpy_minimal_action_server': PYTHONPATH=/home/wade/ros2_ws/build/examples_rclpy_minimal_action_server/prefix_override:/usr/lib/python3/dist-packages/colcon_core/task/python/colcon_distutils_commands:/home/wade/ros2_ws/install/examples_rclpy_minimal_action_server/lib/python3.10/site-packages:${PYTHONPATH} /usr/bin/python3 -W ignore:setup.py install is deprecated -W ignore:easy_install command is deprecated setup.py develop --editable --build-directory /home/wade/ros2_ws/build/examples_rclpy_minimal_action_server/build --no-deps symlink_data
[4.472s] running develop
[4.819s] running egg_info
[4.819s] creating examples_rclpy_minimal_action_server.egg-info
[4.819s] writing examples_rclpy_minimal_action_server.egg-info/PKG-INFO
[4.819s] writing dependency_links to examples_rclpy_minimal_action_server.egg-info/dependency_links.txt
[4.819s] writing entry points to examples_rclpy_minimal_action_server.egg-info/entry_points.txt
[4.819s] writing requirements to examples_rclpy_minimal_action_server.egg-info/requires.txt
[4.819s] writing top-level names to examples_rclpy_minimal_action_server.egg-info/top_level.txt
[4.819s] writing manifest file 'examples_rclpy_minimal_action_server.egg-info/SOURCES.txt'
[4.826s] reading manifest file 'examples_rclpy_minimal_action_server.egg-info/SOURCES.txt'
[4.826s] writing manifest file 'examples_rclpy_minimal_action_server.egg-info/SOURCES.txt'
[4.833s] running build_ext
[4.833s] Creating /home/wade/ros2_ws/install/examples_rclpy_minimal_action_server/lib/python3.10/site-packages/examples-rclpy-minimal-action-server.egg-link (link to .)
[4.833s] Installing server script to /home/wade/ros2_ws/install/examples_rclpy_minimal_action_server/lib/examples_rclpy_minimal_action_server
[4.833s] Installing server_defer script to /home/wade/ros2_ws/install/examples_rclpy_minimal_action_server/lib/examples_rclpy_minimal_action_server
[4.833s] Installing server_not_composable script to /home/wade/ros2_ws/install/examples_rclpy_minimal_action_server/lib/examples_rclpy_minimal_action_server
[4.833s] Installing server_queue_goals script to /home/wade/ros2_ws/install/examples_rclpy_minimal_action_server/lib/examples_rclpy_minimal_action_server
[4.833s] Installing server_single_goal script to /home/wade/ros2_ws/install/examples_rclpy_minimal_action_server/lib/examples_rclpy_minimal_action_server
[4.833s] 
[4.833s] Installed /home/wade/ros2_ws/build/examples_rclpy_minimal_action_server
[4.833s] running symlink_data
[4.833s] creating /home/wade/ros2_ws/install/examples_rclpy_minimal_action_server/share/ament_index
[4.833s] creating /home/wade/ros2_ws/install/examples_rclpy_minimal_action_server/share/ament_index/resource_index
[4.833s] creating /home/wade/ros2_ws/install/examples_rclpy_minimal_action_server/share/ament_index/resource_index/packages
[4.833s] symbolically linking /home/wade/ros2_ws/build/examples_rclpy_minimal_action_server/resource/examples_rclpy_minimal_action_server -> /home/wade/ros2_ws/install/examples_rclpy_minimal_action_server/share/ament_index/resource_index/packages
[4.834s] symbolically linking /home/wade/ros2_ws/build/examples_rclpy_minimal_action_server/package.xml -> /home/wade/ros2_ws/install/examples_rclpy_minimal_action_server/share/examples_rclpy_minimal_action_server
[5.215s] Invoked command in '/home/wade/ros2_ws/build/examples_rclpy_minimal_action_server' returned '0': PYTHONPATH=/home/wade/ros2_ws/build/examples_rclpy_minimal_action_server/prefix_override:/usr/lib/python3/dist-packages/colcon_core/task/python/colcon_distutils_commands:/home/wade/ros2_ws/install/examples_rclpy_minimal_action_server/lib/python3.10/site-packages:${PYTHONPATH} /usr/bin/python3 -W ignore:setup.py install is deprecated -W ignore:easy_install command is deprecated setup.py develop --editable --build-directory /home/wade/ros2_ws/build/examples_rclpy_minimal_action_server/build --no-deps symlink_data
