[0.008s] Invoking command in '/home/wade/ros2_ws/build/more_interfaces': CMAKE_PREFIX_PATH=${CMAKE_PREFIX_PATH}:/home/wade/ros2_ws/install/py_srvcli:/home/wade/ros2_ws/install/py_pubsub:/home/wade/ros2_ws/install/my_package:/home/wade/ros2_ws/install/launch_testing_examples:/home/wade/ros2_ws/install/examples_rclpy_pointcloud_publisher:/home/wade/ros2_ws/install/examples_rclpy_minimal_subscriber:/home/wade/ros2_ws/install/examples_rclpy_minimal_service:/home/wade/ros2_ws/install/examples_rclpy_minimal_publisher:/home/wade/ros2_ws/install/examples_rclpy_minimal_client:/home/wade/ros2_ws/install/examples_rclpy_minimal_action_server:/home/wade/ros2_ws/install/examples_rclpy_minimal_action_client:/home/wade/ros2_ws/install/examples_rclpy_guard_conditions:/home/wade/ros2_ws/install/examples_rclpy_executors:/opt/ros/humble /usr/bin/cmake /home/wade/ros2_ws/more_interfaces -DCMAKE_INSTALL_PREFIX=/home/wade/ros2_ws/install/more_interfaces
[0.056s] -- The C compiler identification is GNU 11.4.0
[0.097s] -- The CXX compiler identification is GNU 11.4.0
[0.102s] -- Detecting C compiler ABI info
[0.159s] -- Detecting C compiler ABI info - done
[0.163s] -- Check for working C compiler: /usr/bin/cc - skipped
[0.163s] -- Detecting C compile features
[0.163s] -- Detecting C compile features - done
[0.165s] -- Detecting CXX compiler ABI info
[0.231s] -- Detecting CXX compiler ABI info - done
[0.237s] -- Check for working CXX compiler: /usr/bin/c++ - skipped
[0.237s] -- Detecting CXX compile features
[0.238s] -- Detecting CXX compile features - done
[0.244s] -- Found ament_cmake: 1.3.11 (/opt/ros/humble/share/ament_cmake/cmake)
[0.362s] -- Found Python3: /usr/bin/python3 (found version "3.10.12") found components: Interpreter 
[0.453s] -- Found rosidl_default_generators: 1.2.0 (/opt/ros/humble/share/rosidl_default_generators/cmake)
[0.459s] -- Using all available rosidl_typesupport_c: rosidl_typesupport_fastrtps_c;rosidl_typesupport_introspection_c
[0.469s] -- Found rosidl_adapter: 3.1.6 (/opt/ros/humble/share/rosidl_adapter/cmake)
[0.511s] -- Using all available rosidl_typesupport_cpp: rosidl_typesupport_fastrtps_cpp;rosidl_typesupport_introspection_cpp
[0.710s] -- Found ament_cmake_ros: 0.10.0 (/opt/ros/humble/share/ament_cmake_ros/cmake)
[0.850s] -- Using all available rosidl_typesupport_c: rosidl_typesupport_fastrtps_c;rosidl_typesupport_introspection_c
[1.021s] -- Using all available rosidl_typesupport_cpp: rosidl_typesupport_fastrtps_cpp;rosidl_typesupport_introspection_cpp
[1.041s] -- Found PythonInterp: /usr/bin/python3 (found suitable version "3.10.12", minimum required is "3.6") 
[1.044s] -- Found python_cmake_module: 0.10.0 (/opt/ros/humble/share/python_cmake_module/cmake)
[1.064s] -- Found PythonLibs: /usr/lib/x86_64-linux-gnu/libpython3.10.so (found suitable version "3.10.12", minimum required is "3.5") 
[1.064s] -- Using PYTHON_EXECUTABLE: /usr/bin/python3
[1.065s] -- Using PYTHON_INCLUDE_DIRS: /usr/include/python3.10
[1.065s] -- Using PYTHON_LIBRARIES: /usr/lib/x86_64-linux-gnu/libpython3.10.so
[1.082s] -- Found PythonExtra: .so  
[1.112s] -- Found ament_lint_auto: 0.12.11 (/opt/ros/humble/share/ament_lint_auto/cmake)
[1.137s] -- Added test 'cppcheck' to perform static code analysis on C / C++ code
[1.137s] -- Configured cppcheck include dirs: 
[1.138s] -- Configured cppcheck exclude dirs and/or files: 
[1.139s] -- Added test 'lint_cmake' to check CMake code style
[1.140s] -- Added test 'uncrustify' to check C / C++ code style
[1.140s] -- Configured uncrustify additional arguments: 
[1.141s] -- Added test 'xmllint' to check XML markup files
[1.143s] -- Configuring done
[1.160s] -- Generating done
[1.166s] -- Build files have been written to: /home/wade/ros2_ws/build/more_interfaces
[1.172s] Invoked command in '/home/wade/ros2_ws/build/more_interfaces' returned '0': CMAKE_PREFIX_PATH=${CMAKE_PREFIX_PATH}:/home/wade/ros2_ws/install/py_srvcli:/home/wade/ros2_ws/install/py_pubsub:/home/wade/ros2_ws/install/my_package:/home/wade/ros2_ws/install/launch_testing_examples:/home/wade/ros2_ws/install/examples_rclpy_pointcloud_publisher:/home/wade/ros2_ws/install/examples_rclpy_minimal_subscriber:/home/wade/ros2_ws/install/examples_rclpy_minimal_service:/home/wade/ros2_ws/install/examples_rclpy_minimal_publisher:/home/wade/ros2_ws/install/examples_rclpy_minimal_client:/home/wade/ros2_ws/install/examples_rclpy_minimal_action_server:/home/wade/ros2_ws/install/examples_rclpy_minimal_action_client:/home/wade/ros2_ws/install/examples_rclpy_guard_conditions:/home/wade/ros2_ws/install/examples_rclpy_executors:/opt/ros/humble /usr/bin/cmake /home/wade/ros2_ws/more_interfaces -DCMAKE_INSTALL_PREFIX=/home/wade/ros2_ws/install/more_interfaces
[1.172s] Invoking command in '/home/wade/ros2_ws/build/more_interfaces': CMAKE_PREFIX_PATH=${CMAKE_PREFIX_PATH}:/home/wade/ros2_ws/install/py_srvcli:/home/wade/ros2_ws/install/py_pubsub:/home/wade/ros2_ws/install/my_package:/home/wade/ros2_ws/install/launch_testing_examples:/home/wade/ros2_ws/install/examples_rclpy_pointcloud_publisher:/home/wade/ros2_ws/install/examples_rclpy_minimal_subscriber:/home/wade/ros2_ws/install/examples_rclpy_minimal_service:/home/wade/ros2_ws/install/examples_rclpy_minimal_publisher:/home/wade/ros2_ws/install/examples_rclpy_minimal_client:/home/wade/ros2_ws/install/examples_rclpy_minimal_action_server:/home/wade/ros2_ws/install/examples_rclpy_minimal_action_client:/home/wade/ros2_ws/install/examples_rclpy_guard_conditions:/home/wade/ros2_ws/install/examples_rclpy_executors:/opt/ros/humble /usr/bin/cmake --build /home/wade/ros2_ws/build/more_interfaces -- -j12 -l12
[1.204s] [  3%] [34m[1mGenerating C code for ROS interfaces[0m
[1.212s] [  6%] [34m[1mGenerating C++ code for ROS interfaces[0m
[1.217s] [  6%] Built target ament_cmake_python_copy_more_interfaces
[1.361s] running egg_info
[1.361s] creating more_interfaces.egg-info
[1.361s] writing more_interfaces.egg-info/PKG-INFO
[1.361s] writing dependency_links to more_interfaces.egg-info/dependency_links.txt
[1.361s] writing top-level names to more_interfaces.egg-info/top_level.txt
[1.361s] writing manifest file 'more_interfaces.egg-info/SOURCES.txt'
[1.361s] [  9%] [32mBuilding C object CMakeFiles/more_interfaces__rosidl_generator_c.dir/rosidl_generator_c/more_interfaces/msg/detail/address_book__functions.c.o[0m
[1.362s] reading manifest file 'more_interfaces.egg-info/SOURCES.txt'
[1.362s] writing manifest file 'more_interfaces.egg-info/SOURCES.txt'
[1.363s] [  9%] Built target more_interfaces__cpp
[1.371s] [ 16%] [34m[1mGenerating C++ introspection for ROS interfaces[0m
[1.371s] [ 16%] [34m[1mGenerating C++ type support for eProsima Fast-RTPS[0m
[1.371s] [ 19%] [34m[1mGenerating C++ type support dispatch for ROS interfaces[0m
[1.384s] [ 19%] Built target ament_cmake_python_build_more_interfaces_egg
[1.395s] [ 22%] [32m[1mLinking C shared library libmore_interfaces__rosidl_generator_c.so[0m
[1.425s] [ 22%] Built target more_interfaces__rosidl_generator_c
[1.434s] [ 29%] [34m[1mGenerating C type support for eProsima Fast-RTPS[0m
[1.434s] [ 29%] [34m[1mGenerating C introspection for ROS interfaces[0m
[1.435s] [ 32%] [34m[1mGenerating C type support dispatch for ROS interfaces[0m
[1.522s] [ 35%] [32mBuilding CXX object CMakeFiles/more_interfaces__rosidl_typesupport_cpp.dir/rosidl_typesupport_cpp/more_interfaces/msg/address_book__type_support.cpp.o[0m
[1.531s] [ 38%] [32mBuilding CXX object CMakeFiles/more_interfaces__rosidl_typesupport_introspection_cpp.dir/rosidl_typesupport_introspection_cpp/more_interfaces/msg/detail/address_book__type_support.cpp.o[0m
[1.540s] [ 41%] [32mBuilding CXX object CMakeFiles/more_interfaces__rosidl_typesupport_fastrtps_cpp.dir/rosidl_typesupport_fastrtps_cpp/more_interfaces/msg/detail/dds_fastrtps/address_book__type_support.cpp.o[0m
[1.598s] [ 48%] [32mBuilding CXX object CMakeFiles/more_interfaces__rosidl_typesupport_fastrtps_c.dir/rosidl_typesupport_fastrtps_c/more_interfaces/msg/detail/address_book__type_support_c.cpp.o[0m
[1.598s] [ 48%] [32mBuilding C object CMakeFiles/more_interfaces__rosidl_typesupport_introspection_c.dir/rosidl_typesupport_introspection_c/more_interfaces/msg/detail/address_book__type_support.c.o[0m
[1.623s] [ 51%] [32m[1mLinking C shared library libmore_interfaces__rosidl_typesupport_introspection_c.so[0m
[1.641s] [ 54%] [32mBuilding CXX object CMakeFiles/more_interfaces__rosidl_typesupport_c.dir/rosidl_typesupport_c/more_interfaces/msg/address_book__type_support.cpp.o[0m
[1.648s] [ 54%] Built target more_interfaces__rosidl_typesupport_introspection_c
[1.667s] [ 58%] [32m[1mLinking CXX shared library libmore_interfaces__rosidl_typesupport_c.so[0m
[1.690s] [ 61%] [32m[1mLinking CXX shared library libmore_interfaces__rosidl_typesupport_cpp.so[0m
[1.699s] [ 61%] Built target more_interfaces__rosidl_typesupport_c
[1.722s] [ 61%] Built target more_interfaces__rosidl_typesupport_cpp
[1.759s] [ 64%] [32m[1mLinking CXX shared library libmore_interfaces__rosidl_typesupport_introspection_cpp.so[0m
[1.783s] [ 67%] [32m[1mLinking CXX shared library libmore_interfaces__rosidl_typesupport_fastrtps_cpp.so[0m
[1.801s] [ 70%] [32m[1mLinking CXX shared library libmore_interfaces__rosidl_typesupport_fastrtps_c.so[0m
[1.806s] [ 70%] Built target more_interfaces__rosidl_typesupport_introspection_cpp
[1.837s] [ 70%] Built target more_interfaces__rosidl_typesupport_fastrtps_cpp
[1.856s] [ 70%] Built target more_interfaces__rosidl_typesupport_fastrtps_c
[1.873s] [ 70%] Built target more_interfaces
[1.890s] [ 74%] [34m[1mGenerating Python code for ROS interfaces[0m
[2.070s] [ 74%] Built target more_interfaces__py
[2.087s] [ 77%] [32mBuilding C object CMakeFiles/more_interfaces__rosidl_generator_py.dir/rosidl_generator_py/more_interfaces/msg/_address_book_s.c.o[0m
[2.152s] [ 80%] [32m[1mLinking C shared library rosidl_generator_py/more_interfaces/libmore_interfaces__rosidl_generator_py.so[0m
[2.186s] [ 80%] Built target more_interfaces__rosidl_generator_py
[2.202s] [ 87%] [32mBuilding C object CMakeFiles/more_interfaces__rosidl_typesupport_introspection_c__pyext.dir/rosidl_generator_py/more_interfaces/_more_interfaces_s.ep.rosidl_typesupport_introspection_c.c.o[0m
[2.202s] [ 87%] [32mBuilding C object CMakeFiles/more_interfaces__rosidl_typesupport_c__pyext.dir/rosidl_generator_py/more_interfaces/_more_interfaces_s.ep.rosidl_typesupport_c.c.o[0m
[2.202s] [ 90%] [32mBuilding C object CMakeFiles/more_interfaces__rosidl_typesupport_fastrtps_c__pyext.dir/rosidl_generator_py/more_interfaces/_more_interfaces_s.ep.rosidl_typesupport_fastrtps_c.c.o[0m
[2.261s] [ 93%] [32m[1mLinking C shared library rosidl_generator_py/more_interfaces/more_interfaces_s__rosidl_typesupport_c.cpython-310-x86_64-linux-gnu.so[0m
[2.261s] [ 96%] [32m[1mLinking C shared library rosidl_generator_py/more_interfaces/more_interfaces_s__rosidl_typesupport_introspection_c.cpython-310-x86_64-linux-gnu.so[0m
[2.263s] [100%] [32m[1mLinking C shared library rosidl_generator_py/more_interfaces/more_interfaces_s__rosidl_typesupport_fastrtps_c.cpython-310-x86_64-linux-gnu.so[0m
[2.285s] [100%] Built target more_interfaces__rosidl_typesupport_introspection_c__pyext
[2.285s] [100%] Built target more_interfaces__rosidl_typesupport_c__pyext
[2.287s] [100%] Built target more_interfaces__rosidl_typesupport_fastrtps_c__pyext
[2.295s] Invoked command in '/home/wade/ros2_ws/build/more_interfaces' returned '0': CMAKE_PREFIX_PATH=${CMAKE_PREFIX_PATH}:/home/wade/ros2_ws/install/py_srvcli:/home/wade/ros2_ws/install/py_pubsub:/home/wade/ros2_ws/install/my_package:/home/wade/ros2_ws/install/launch_testing_examples:/home/wade/ros2_ws/install/examples_rclpy_pointcloud_publisher:/home/wade/ros2_ws/install/examples_rclpy_minimal_subscriber:/home/wade/ros2_ws/install/examples_rclpy_minimal_service:/home/wade/ros2_ws/install/examples_rclpy_minimal_publisher:/home/wade/ros2_ws/install/examples_rclpy_minimal_client:/home/wade/ros2_ws/install/examples_rclpy_minimal_action_server:/home/wade/ros2_ws/install/examples_rclpy_minimal_action_client:/home/wade/ros2_ws/install/examples_rclpy_guard_conditions:/home/wade/ros2_ws/install/examples_rclpy_executors:/opt/ros/humble /usr/bin/cmake --build /home/wade/ros2_ws/build/more_interfaces -- -j12 -l12
[2.302s] Invoking command in '/home/wade/ros2_ws/build/more_interfaces': CMAKE_PREFIX_PATH=${CMAKE_PREFIX_PATH}:/home/wade/ros2_ws/install/py_srvcli:/home/wade/ros2_ws/install/py_pubsub:/home/wade/ros2_ws/install/my_package:/home/wade/ros2_ws/install/launch_testing_examples:/home/wade/ros2_ws/install/examples_rclpy_pointcloud_publisher:/home/wade/ros2_ws/install/examples_rclpy_minimal_subscriber:/home/wade/ros2_ws/install/examples_rclpy_minimal_service:/home/wade/ros2_ws/install/examples_rclpy_minimal_publisher:/home/wade/ros2_ws/install/examples_rclpy_minimal_client:/home/wade/ros2_ws/install/examples_rclpy_minimal_action_server:/home/wade/ros2_ws/install/examples_rclpy_minimal_action_client:/home/wade/ros2_ws/install/examples_rclpy_guard_conditions:/home/wade/ros2_ws/install/examples_rclpy_executors:/opt/ros/humble /usr/bin/cmake --install /home/wade/ros2_ws/build/more_interfaces
[2.308s] -- Install configuration: ""
[2.308s] -- Installing: /home/wade/ros2_ws/install/more_interfaces/share/ament_index/resource_index/rosidl_interfaces/more_interfaces
[2.308s] -- Installing: /home/wade/ros2_ws/install/more_interfaces/include/more_interfaces/more_interfaces
[2.308s] -- Installing: /home/wade/ros2_ws/install/more_interfaces/include/more_interfaces/more_interfaces/msg
[2.308s] -- Installing: /home/wade/ros2_ws/install/more_interfaces/include/more_interfaces/more_interfaces/msg/detail
[2.308s] -- Installing: /home/wade/ros2_ws/install/more_interfaces/include/more_interfaces/more_interfaces/msg/detail/address_book__struct.h
[2.308s] -- Installing: /home/wade/ros2_ws/install/more_interfaces/include/more_interfaces/more_interfaces/msg/detail/address_book__type_support.h
[2.309s] -- Installing: /home/wade/ros2_ws/install/more_interfaces/include/more_interfaces/more_interfaces/msg/detail/address_book__functions.h
[2.309s] -- Installing: /home/wade/ros2_ws/install/more_interfaces/include/more_interfaces/more_interfaces/msg/detail/address_book__functions.c
[2.309s] -- Installing: /home/wade/ros2_ws/install/more_interfaces/include/more_interfaces/more_interfaces/msg/rosidl_generator_c__visibility_control.h
[2.309s] -- Installing: /home/wade/ros2_ws/install/more_interfaces/include/more_interfaces/more_interfaces/msg/address_book.h
[2.309s] -- Installing: /home/wade/ros2_ws/install/more_interfaces/share/more_interfaces/environment/library_path.sh
[2.309s] -- Installing: /home/wade/ros2_ws/install/more_interfaces/share/more_interfaces/environment/library_path.dsv
[2.309s] -- Installing: /home/wade/ros2_ws/install/more_interfaces/lib/libmore_interfaces__rosidl_generator_c.so
[2.309s] -- Set runtime path of "/home/wade/ros2_ws/install/more_interfaces/lib/libmore_interfaces__rosidl_generator_c.so" to ""
[2.309s] -- Up-to-date: /home/wade/ros2_ws/install/more_interfaces/include/more_interfaces/more_interfaces
[2.309s] -- Up-to-date: /home/wade/ros2_ws/install/more_interfaces/include/more_interfaces/more_interfaces/msg
[2.309s] -- Up-to-date: /home/wade/ros2_ws/install/more_interfaces/include/more_interfaces/more_interfaces/msg/detail
[2.310s] -- Installing: /home/wade/ros2_ws/install/more_interfaces/include/more_interfaces/more_interfaces/msg/detail/address_book__rosidl_typesupport_fastrtps_c.h
[2.310s] -- Installing: /home/wade/ros2_ws/install/more_interfaces/include/more_interfaces/more_interfaces/msg/rosidl_typesupport_fastrtps_c__visibility_control.h
[2.310s] -- Installing: /home/wade/ros2_ws/install/more_interfaces/lib/libmore_interfaces__rosidl_typesupport_fastrtps_c.so
[2.310s] -- Set runtime path of "/home/wade/ros2_ws/install/more_interfaces/lib/libmore_interfaces__rosidl_typesupport_fastrtps_c.so" to ""
[2.310s] -- Up-to-date: /home/wade/ros2_ws/install/more_interfaces/include/more_interfaces/more_interfaces
[2.310s] -- Up-to-date: /home/wade/ros2_ws/install/more_interfaces/include/more_interfaces/more_interfaces/msg
[2.310s] -- Up-to-date: /home/wade/ros2_ws/install/more_interfaces/include/more_interfaces/more_interfaces/msg/detail
[2.310s] -- Installing: /home/wade/ros2_ws/install/more_interfaces/include/more_interfaces/more_interfaces/msg/detail/address_book__type_support.c
[2.310s] -- Installing: /home/wade/ros2_ws/install/more_interfaces/include/more_interfaces/more_interfaces/msg/detail/address_book__rosidl_typesupport_introspection_c.h
[2.310s] -- Installing: /home/wade/ros2_ws/install/more_interfaces/include/more_interfaces/more_interfaces/msg/rosidl_typesupport_introspection_c__visibility_control.h
[2.310s] -- Installing: /home/wade/ros2_ws/install/more_interfaces/lib/libmore_interfaces__rosidl_typesupport_introspection_c.so
[2.310s] -- Set runtime path of "/home/wade/ros2_ws/install/more_interfaces/lib/libmore_interfaces__rosidl_typesupport_introspection_c.so" to ""
[2.310s] -- Installing: /home/wade/ros2_ws/install/more_interfaces/lib/libmore_interfaces__rosidl_typesupport_c.so
[2.311s] -- Set runtime path of "/home/wade/ros2_ws/install/more_interfaces/lib/libmore_interfaces__rosidl_typesupport_c.so" to ""
[2.311s] -- Up-to-date: /home/wade/ros2_ws/install/more_interfaces/include/more_interfaces/more_interfaces
[2.311s] -- Up-to-date: /home/wade/ros2_ws/install/more_interfaces/include/more_interfaces/more_interfaces/msg
[2.311s] -- Installing: /home/wade/ros2_ws/install/more_interfaces/include/more_interfaces/more_interfaces/msg/address_book.hpp
[2.311s] -- Up-to-date: /home/wade/ros2_ws/install/more_interfaces/include/more_interfaces/more_interfaces/msg/detail
[2.311s] -- Installing: /home/wade/ros2_ws/install/more_interfaces/include/more_interfaces/more_interfaces/msg/detail/address_book__type_support.hpp
[2.311s] -- Installing: /home/wade/ros2_ws/install/more_interfaces/include/more_interfaces/more_interfaces/msg/detail/address_book__traits.hpp
[2.311s] -- Installing: /home/wade/ros2_ws/install/more_interfaces/include/more_interfaces/more_interfaces/msg/detail/address_book__builder.hpp
[2.311s] -- Installing: /home/wade/ros2_ws/install/more_interfaces/include/more_interfaces/more_interfaces/msg/detail/address_book__struct.hpp
[2.311s] -- Installing: /home/wade/ros2_ws/install/more_interfaces/include/more_interfaces/more_interfaces/msg/rosidl_generator_cpp__visibility_control.hpp
[2.311s] -- Up-to-date: /home/wade/ros2_ws/install/more_interfaces/include/more_interfaces/more_interfaces
[2.311s] -- Up-to-date: /home/wade/ros2_ws/install/more_interfaces/include/more_interfaces/more_interfaces/msg
[2.311s] -- Installing: /home/wade/ros2_ws/install/more_interfaces/include/more_interfaces/more_interfaces/msg/rosidl_typesupport_fastrtps_cpp__visibility_control.h
[2.311s] -- Up-to-date: /home/wade/ros2_ws/install/more_interfaces/include/more_interfaces/more_interfaces/msg/detail
[2.311s] -- Installing: /home/wade/ros2_ws/install/more_interfaces/include/more_interfaces/more_interfaces/msg/detail/address_book__rosidl_typesupport_fastrtps_cpp.hpp
[2.311s] -- Installing: /home/wade/ros2_ws/install/more_interfaces/include/more_interfaces/more_interfaces/msg/detail/dds_fastrtps
[2.312s] -- Installing: /home/wade/ros2_ws/install/more_interfaces/lib/libmore_interfaces__rosidl_typesupport_fastrtps_cpp.so
[2.312s] -- Set runtime path of "/home/wade/ros2_ws/install/more_interfaces/lib/libmore_interfaces__rosidl_typesupport_fastrtps_cpp.so" to ""
[2.312s] -- Up-to-date: /home/wade/ros2_ws/install/more_interfaces/include/more_interfaces/more_interfaces
[2.312s] -- Up-to-date: /home/wade/ros2_ws/install/more_interfaces/include/more_interfaces/more_interfaces/msg
[2.312s] -- Up-to-date: /home/wade/ros2_ws/install/more_interfaces/include/more_interfaces/more_interfaces/msg/detail
[2.312s] -- Installing: /home/wade/ros2_ws/install/more_interfaces/include/more_interfaces/more_interfaces/msg/detail/address_book__type_support.cpp
[2.312s] -- Installing: /home/wade/ros2_ws/install/more_interfaces/include/more_interfaces/more_interfaces/msg/detail/address_book__rosidl_typesupport_introspection_cpp.hpp
[2.312s] -- Installing: /home/wade/ros2_ws/install/more_interfaces/lib/libmore_interfaces__rosidl_typesupport_introspection_cpp.so
[2.312s] -- Set runtime path of "/home/wade/ros2_ws/install/more_interfaces/lib/libmore_interfaces__rosidl_typesupport_introspection_cpp.so" to ""
[2.312s] -- Installing: /home/wade/ros2_ws/install/more_interfaces/lib/libmore_interfaces__rosidl_typesupport_cpp.so
[2.312s] -- Set runtime path of "/home/wade/ros2_ws/install/more_interfaces/lib/libmore_interfaces__rosidl_typesupport_cpp.so" to ""
[2.313s] -- Installing: /home/wade/ros2_ws/install/more_interfaces/share/more_interfaces/environment/pythonpath.sh
[2.313s] -- Installing: /home/wade/ros2_ws/install/more_interfaces/share/more_interfaces/environment/pythonpath.dsv
[2.313s] -- Installing: /home/wade/ros2_ws/install/more_interfaces/local/lib/python3.10/dist-packages/more_interfaces-0.0.0-py3.10.egg-info
[2.313s] -- Installing: /home/wade/ros2_ws/install/more_interfaces/local/lib/python3.10/dist-packages/more_interfaces-0.0.0-py3.10.egg-info/top_level.txt
[2.313s] -- Installing: /home/wade/ros2_ws/install/more_interfaces/local/lib/python3.10/dist-packages/more_interfaces-0.0.0-py3.10.egg-info/SOURCES.txt
[2.313s] -- Installing: /home/wade/ros2_ws/install/more_interfaces/local/lib/python3.10/dist-packages/more_interfaces-0.0.0-py3.10.egg-info/dependency_links.txt
[2.313s] -- Installing: /home/wade/ros2_ws/install/more_interfaces/local/lib/python3.10/dist-packages/more_interfaces-0.0.0-py3.10.egg-info/PKG-INFO
[2.313s] -- Installing: /home/wade/ros2_ws/install/more_interfaces/local/lib/python3.10/dist-packages/more_interfaces
[2.313s] -- Installing: /home/wade/ros2_ws/install/more_interfaces/local/lib/python3.10/dist-packages/more_interfaces/_more_interfaces_s.ep.rosidl_typesupport_introspection_c.c
[2.313s] -- Installing: /home/wade/ros2_ws/install/more_interfaces/local/lib/python3.10/dist-packages/more_interfaces/libmore_interfaces__rosidl_generator_py.so
[2.313s] -- Installing: /home/wade/ros2_ws/install/more_interfaces/local/lib/python3.10/dist-packages/more_interfaces/_more_interfaces_s.ep.rosidl_typesupport_c.c
[2.313s] -- Installing: /home/wade/ros2_ws/install/more_interfaces/local/lib/python3.10/dist-packages/more_interfaces/__init__.py
[2.314s] -- Installing: /home/wade/ros2_ws/install/more_interfaces/local/lib/python3.10/dist-packages/more_interfaces/more_interfaces_s__rosidl_typesupport_c.cpython-310-x86_64-linux-gnu.so
[2.314s] -- Installing: /home/wade/ros2_ws/install/more_interfaces/local/lib/python3.10/dist-packages/more_interfaces/more_interfaces_s__rosidl_typesupport_fastrtps_c.cpython-310-x86_64-linux-gnu.so
[2.314s] -- Installing: /home/wade/ros2_ws/install/more_interfaces/local/lib/python3.10/dist-packages/more_interfaces/_more_interfaces_s.ep.rosidl_typesupport_fastrtps_c.c
[2.314s] -- Installing: /home/wade/ros2_ws/install/more_interfaces/local/lib/python3.10/dist-packages/more_interfaces/msg
[2.314s] -- Installing: /home/wade/ros2_ws/install/more_interfaces/local/lib/python3.10/dist-packages/more_interfaces/msg/_address_book.py
[2.314s] -- Installing: /home/wade/ros2_ws/install/more_interfaces/local/lib/python3.10/dist-packages/more_interfaces/msg/__init__.py
[2.314s] -- Installing: /home/wade/ros2_ws/install/more_interfaces/local/lib/python3.10/dist-packages/more_interfaces/msg/_address_book_s.c
[2.314s] -- Installing: /home/wade/ros2_ws/install/more_interfaces/local/lib/python3.10/dist-packages/more_interfaces/more_interfaces_s__rosidl_typesupport_introspection_c.cpython-310-x86_64-linux-gnu.so
[2.337s] Listing '/home/wade/ros2_ws/install/more_interfaces/local/lib/python3.10/dist-packages/more_interfaces'...
[2.337s] Compiling '/home/wade/ros2_ws/install/more_interfaces/local/lib/python3.10/dist-packages/more_interfaces/__init__.py'...
[2.338s] Listing '/home/wade/ros2_ws/install/more_interfaces/local/lib/python3.10/dist-packages/more_interfaces/msg'...
[2.338s] Compiling '/home/wade/ros2_ws/install/more_interfaces/local/lib/python3.10/dist-packages/more_interfaces/msg/__init__.py'...
[2.338s] Compiling '/home/wade/ros2_ws/install/more_interfaces/local/lib/python3.10/dist-packages/more_interfaces/msg/_address_book.py'...
[2.342s] -- Installing: /home/wade/ros2_ws/install/more_interfaces/local/lib/python3.10/dist-packages/more_interfaces/more_interfaces_s__rosidl_typesupport_fastrtps_c.cpython-310-x86_64-linux-gnu.so
[2.342s] -- Set runtime path of "/home/wade/ros2_ws/install/more_interfaces/local/lib/python3.10/dist-packages/more_interfaces/more_interfaces_s__rosidl_typesupport_fastrtps_c.cpython-310-x86_64-linux-gnu.so" to ""
[2.342s] -- Installing: /home/wade/ros2_ws/install/more_interfaces/local/lib/python3.10/dist-packages/more_interfaces/more_interfaces_s__rosidl_typesupport_introspection_c.cpython-310-x86_64-linux-gnu.so
[2.343s] -- Set runtime path of "/home/wade/ros2_ws/install/more_interfaces/local/lib/python3.10/dist-packages/more_interfaces/more_interfaces_s__rosidl_typesupport_introspection_c.cpython-310-x86_64-linux-gnu.so" to ""
[2.343s] -- Installing: /home/wade/ros2_ws/install/more_interfaces/local/lib/python3.10/dist-packages/more_interfaces/more_interfaces_s__rosidl_typesupport_c.cpython-310-x86_64-linux-gnu.so
[2.343s] -- Set runtime path of "/home/wade/ros2_ws/install/more_interfaces/local/lib/python3.10/dist-packages/more_interfaces/more_interfaces_s__rosidl_typesupport_c.cpython-310-x86_64-linux-gnu.so" to ""
[2.343s] -- Installing: /home/wade/ros2_ws/install/more_interfaces/lib/libmore_interfaces__rosidl_generator_py.so
[2.343s] -- Set runtime path of "/home/wade/ros2_ws/install/more_interfaces/lib/libmore_interfaces__rosidl_generator_py.so" to ""
[2.343s] -- Installing: /home/wade/ros2_ws/install/more_interfaces/share/more_interfaces/msg/AddressBook.idl
[2.343s] -- Installing: /home/wade/ros2_ws/install/more_interfaces/share/more_interfaces/msg/AddressBook.msg
[2.343s] -- Installing: /home/wade/ros2_ws/install/more_interfaces/share/ament_index/resource_index/package_run_dependencies/more_interfaces
[2.344s] -- Installing: /home/wade/ros2_ws/install/more_interfaces/share/ament_index/resource_index/parent_prefix_path/more_interfaces
[2.344s] -- Installing: /home/wade/ros2_ws/install/more_interfaces/share/more_interfaces/environment/ament_prefix_path.sh
[2.344s] -- Installing: /home/wade/ros2_ws/install/more_interfaces/share/more_interfaces/environment/ament_prefix_path.dsv
[2.344s] -- Installing: /home/wade/ros2_ws/install/more_interfaces/share/more_interfaces/environment/path.sh
[2.344s] -- Installing: /home/wade/ros2_ws/install/more_interfaces/share/more_interfaces/environment/path.dsv
[2.344s] -- Installing: /home/wade/ros2_ws/install/more_interfaces/share/more_interfaces/local_setup.bash
[2.344s] -- Installing: /home/wade/ros2_ws/install/more_interfaces/share/more_interfaces/local_setup.sh
[2.344s] -- Installing: /home/wade/ros2_ws/install/more_interfaces/share/more_interfaces/local_setup.zsh
[2.344s] -- Installing: /home/wade/ros2_ws/install/more_interfaces/share/more_interfaces/local_setup.dsv
[2.344s] -- Installing: /home/wade/ros2_ws/install/more_interfaces/share/more_interfaces/package.dsv
[2.344s] -- Installing: /home/wade/ros2_ws/install/more_interfaces/share/ament_index/resource_index/packages/more_interfaces
[2.345s] -- Installing: /home/wade/ros2_ws/install/more_interfaces/share/more_interfaces/cmake/export_more_interfaces__rosidl_generator_cExport.cmake
[2.345s] -- Installing: /home/wade/ros2_ws/install/more_interfaces/share/more_interfaces/cmake/export_more_interfaces__rosidl_generator_cExport-noconfig.cmake
[2.345s] -- Installing: /home/wade/ros2_ws/install/more_interfaces/share/more_interfaces/cmake/export_more_interfaces__rosidl_typesupport_fastrtps_cExport.cmake
[2.345s] -- Installing: /home/wade/ros2_ws/install/more_interfaces/share/more_interfaces/cmake/export_more_interfaces__rosidl_typesupport_fastrtps_cExport-noconfig.cmake
[2.345s] -- Installing: /home/wade/ros2_ws/install/more_interfaces/share/more_interfaces/cmake/more_interfaces__rosidl_typesupport_introspection_cExport.cmake
[2.345s] -- Installing: /home/wade/ros2_ws/install/more_interfaces/share/more_interfaces/cmake/more_interfaces__rosidl_typesupport_introspection_cExport-noconfig.cmake
[2.345s] -- Installing: /home/wade/ros2_ws/install/more_interfaces/share/more_interfaces/cmake/more_interfaces__rosidl_typesupport_cExport.cmake
[2.345s] -- Installing: /home/wade/ros2_ws/install/more_interfaces/share/more_interfaces/cmake/more_interfaces__rosidl_typesupport_cExport-noconfig.cmake
[2.345s] -- Installing: /home/wade/ros2_ws/install/more_interfaces/share/more_interfaces/cmake/export_more_interfaces__rosidl_generator_cppExport.cmake
[2.345s] -- Installing: /home/wade/ros2_ws/install/more_interfaces/share/more_interfaces/cmake/export_more_interfaces__rosidl_typesupport_fastrtps_cppExport.cmake
[2.346s] -- Installing: /home/wade/ros2_ws/install/more_interfaces/share/more_interfaces/cmake/export_more_interfaces__rosidl_typesupport_fastrtps_cppExport-noconfig.cmake
[2.346s] -- Installing: /home/wade/ros2_ws/install/more_interfaces/share/more_interfaces/cmake/more_interfaces__rosidl_typesupport_introspection_cppExport.cmake
[2.346s] -- Installing: /home/wade/ros2_ws/install/more_interfaces/share/more_interfaces/cmake/more_interfaces__rosidl_typesupport_introspection_cppExport-noconfig.cmake
[2.346s] -- Installing: /home/wade/ros2_ws/install/more_interfaces/share/more_interfaces/cmake/more_interfaces__rosidl_typesupport_cppExport.cmake
[2.346s] -- Installing: /home/wade/ros2_ws/install/more_interfaces/share/more_interfaces/cmake/more_interfaces__rosidl_typesupport_cppExport-noconfig.cmake
[2.346s] -- Installing: /home/wade/ros2_ws/install/more_interfaces/share/more_interfaces/cmake/export_more_interfaces__rosidl_generator_pyExport.cmake
[2.346s] -- Installing: /home/wade/ros2_ws/install/more_interfaces/share/more_interfaces/cmake/export_more_interfaces__rosidl_generator_pyExport-noconfig.cmake
[2.346s] -- Installing: /home/wade/ros2_ws/install/more_interfaces/share/more_interfaces/cmake/rosidl_cmake-extras.cmake
[2.346s] -- Installing: /home/wade/ros2_ws/install/more_interfaces/share/more_interfaces/cmake/ament_cmake_export_include_directories-extras.cmake
[2.346s] -- Installing: /home/wade/ros2_ws/install/more_interfaces/share/more_interfaces/cmake/ament_cmake_export_libraries-extras.cmake
[2.347s] -- Installing: /home/wade/ros2_ws/install/more_interfaces/share/more_interfaces/cmake/ament_cmake_export_targets-extras.cmake
[2.347s] -- Installing: /home/wade/ros2_ws/install/more_interfaces/share/more_interfaces/cmake/rosidl_cmake_export_typesupport_targets-extras.cmake
[2.347s] -- Installing: /home/wade/ros2_ws/install/more_interfaces/share/more_interfaces/cmake/ament_cmake_export_dependencies-extras.cmake
[2.347s] -- Installing: /home/wade/ros2_ws/install/more_interfaces/share/more_interfaces/cmake/rosidl_cmake_export_typesupport_libraries-extras.cmake
[2.347s] -- Installing: /home/wade/ros2_ws/install/more_interfaces/share/more_interfaces/cmake/more_interfacesConfig.cmake
[2.347s] -- Installing: /home/wade/ros2_ws/install/more_interfaces/share/more_interfaces/cmake/more_interfacesConfig-version.cmake
[2.347s] -- Installing: /home/wade/ros2_ws/install/more_interfaces/share/more_interfaces/package.xml
[2.349s] Invoked command in '/home/wade/ros2_ws/build/more_interfaces' returned '0': CMAKE_PREFIX_PATH=${CMAKE_PREFIX_PATH}:/home/wade/ros2_ws/install/py_srvcli:/home/wade/ros2_ws/install/py_pubsub:/home/wade/ros2_ws/install/my_package:/home/wade/ros2_ws/install/launch_testing_examples:/home/wade/ros2_ws/install/examples_rclpy_pointcloud_publisher:/home/wade/ros2_ws/install/examples_rclpy_minimal_subscriber:/home/wade/ros2_ws/install/examples_rclpy_minimal_service:/home/wade/ros2_ws/install/examples_rclpy_minimal_publisher:/home/wade/ros2_ws/install/examples_rclpy_minimal_client:/home/wade/ros2_ws/install/examples_rclpy_minimal_action_server:/home/wade/ros2_ws/install/examples_rclpy_minimal_action_client:/home/wade/ros2_ws/install/examples_rclpy_guard_conditions:/home/wade/ros2_ws/install/examples_rclpy_executors:/opt/ros/humble /usr/bin/cmake --install /home/wade/ros2_ws/build/more_interfaces
