[0.045s] Invoking command in '/home/wade/ros2_ws/build/examples_rclcpp_cbg_executor': CMAKE_PREFIX_PATH=/opt/ros/humble /usr/bin/cmake /home/wade/ros2_ws/src/examples/rclcpp/executors/cbg_executor -DAMENT_CMAKE_SYMLINK_INSTALL=1 -DCMAKE_INSTALL_PREFIX=/home/wade/ros2_ws/install/examples_rclcpp_cbg_executor
[0.182s] -- The C compiler identification is GNU 11.4.0
[0.306s] -- The CXX compiler identification is GNU 11.4.0
[0.326s] -- Detecting C compiler ABI info
[0.460s] -- Detecting C compiler ABI info - done
[0.472s] -- Check for working C compiler: /usr/bin/cc - skipped
[0.472s] -- Detecting C compile features
[0.473s] -- Detecting C compile features - done
[0.478s] -- Detecting CXX compiler ABI info
[0.616s] -- Detecting CXX compiler ABI info - done
[0.630s] -- Check for working CXX compiler: /usr/bin/c++ - skipped
[0.630s] -- Detecting CXX compile features
[0.630s] -- Detecting CXX compile features - done
[0.633s] -- Found ament_cmake: 1.3.11 (/opt/ros/humble/share/ament_cmake/cmake)
[0.849s] -- Found Python3: /usr/bin/python3 (found version "3.10.12") found components: Interpreter 
[0.927s] -- Override CMake install command with custom implementation using symlinks instead of copying resources
[0.961s] -- Found rclcpp: 16.0.11 (/opt/ros/humble/share/rclcpp/cmake)
[1.006s] -- Found rosidl_generator_c: 3.1.6 (/opt/ros/humble/share/rosidl_generator_c/cmake)
[1.010s] -- Found rosidl_adapter: 3.1.6 (/opt/ros/humble/share/rosidl_adapter/cmake)
[1.019s] -- Found rosidl_generator_cpp: 3.1.6 (/opt/ros/humble/share/rosidl_generator_cpp/cmake)
[1.035s] -- Using all available rosidl_typesupport_c: rosidl_typesupport_fastrtps_c;rosidl_typesupport_introspection_c
[1.052s] -- Using all available rosidl_typesupport_cpp: rosidl_typesupport_fastrtps_cpp;rosidl_typesupport_introspection_cpp
[1.099s] -- Found rmw_implementation_cmake: 6.1.2 (/opt/ros/humble/share/rmw_implementation_cmake/cmake)
[1.102s] -- Found rmw_fastrtps_cpp: 6.2.7 (/opt/ros/humble/share/rmw_fastrtps_cpp/cmake)
[1.195s] -- Found OpenSSL: /usr/lib/x86_64-linux-gnu/libcrypto.so (found version "3.0.2")  
[1.224s] -- Found FastRTPS: /opt/ros/humble/include  
[1.264s] -- Using RMW implementation 'rmw_fastrtps_cpp' as default
[1.271s] -- Looking for pthread.h
[1.346s] -- Looking for pthread.h - found
[1.346s] -- Performing Test CMAKE_HAVE_LIBC_PTHREAD
[1.415s] -- Performing Test CMAKE_HAVE_LIBC_PTHREAD - Success
[1.418s] -- Found Threads: TRUE  
[1.477s] -- Found ament_lint_auto: 0.12.11 (/opt/ros/humble/share/ament_lint_auto/cmake)
[1.560s] -- Added test 'copyright' to check source files copyright and LICENSE
[1.564s] -- Added test 'cppcheck' to perform static code analysis on C / C++ code
[1.564s] -- Configured cppcheck include dirs: /home/wade/ros2_ws/src/examples/rclcpp/executors/cbg_executor/include
[1.564s] -- Configured cppcheck exclude dirs and/or files: 
[1.564s] -- Added test 'cpplint' to check C / C++ code against the Google style
[1.564s] -- Configured cpplint exclude dirs and/or files: 
[1.565s] -- Added test 'lint_cmake' to check CMake code style
[1.566s] -- Added test 'uncrustify' to check C / C++ code style
[1.566s] -- Configured uncrustify additional arguments: 
[1.567s] -- Added test 'xmllint' to check XML markup files
[1.570s] -- Configuring done
[1.584s] -- Generating done
[1.591s] -- Build files have been written to: /home/wade/ros2_ws/build/examples_rclcpp_cbg_executor
[1.614s] Invoked command in '/home/wade/ros2_ws/build/examples_rclcpp_cbg_executor' returned '0': CMAKE_PREFIX_PATH=/opt/ros/humble /usr/bin/cmake /home/wade/ros2_ws/src/examples/rclcpp/executors/cbg_executor -DAMENT_CMAKE_SYMLINK_INSTALL=1 -DCMAKE_INSTALL_PREFIX=/home/wade/ros2_ws/install/examples_rclcpp_cbg_executor
[1.615s] Invoking command in '/home/wade/ros2_ws/build/examples_rclcpp_cbg_executor': CMAKE_PREFIX_PATH=/opt/ros/humble /usr/bin/cmake --build /home/wade/ros2_ws/build/examples_rclcpp_cbg_executor -- -j12 -l12
[1.675s] [ 10%] [32mBuilding CXX object CMakeFiles/pong.dir/src/pong.cpp.o[0m
[1.675s] [ 20%] [32mBuilding CXX object CMakeFiles/ping.dir/src/examples_rclcpp_cbg_executor/ping_node.cpp.o[0m
[1.675s] [ 30%] [32mBuilding CXX object CMakeFiles/ping_pong.dir/src/ping_pong.cpp.o[0m
[1.676s] [ 40%] [32mBuilding CXX object CMakeFiles/pong.dir/src/examples_rclcpp_cbg_executor/pong_node.cpp.o[0m
[1.678s] [ 50%] [32mBuilding CXX object CMakeFiles/ping_pong.dir/src/examples_rclcpp_cbg_executor/pong_node.cpp.o[0m
[1.684s] [ 60%] [32mBuilding CXX object CMakeFiles/ping.dir/src/ping.cpp.o[0m
[1.692s] [ 70%] [32mBuilding CXX object CMakeFiles/ping_pong.dir/src/examples_rclcpp_cbg_executor/ping_node.cpp.o[0m
[39.175s] [ 80%] [32m[1mLinking CXX executable ping[0m
[39.640s] [ 90%] [32m[1mLinking CXX executable pong[0m
[39.679s] [ 90%] Built target ping
[40.117s] [ 90%] Built target pong
[40.184s] [100%] [32m[1mLinking CXX executable ping_pong[0m
[40.699s] [100%] Built target ping_pong
[40.721s] Invoked command in '/home/wade/ros2_ws/build/examples_rclcpp_cbg_executor' returned '0': CMAKE_PREFIX_PATH=/opt/ros/humble /usr/bin/cmake --build /home/wade/ros2_ws/build/examples_rclcpp_cbg_executor -- -j12 -l12
[40.723s] Invoking command in '/home/wade/ros2_ws/build/examples_rclcpp_cbg_executor': CMAKE_PREFIX_PATH=/opt/ros/humble /usr/bin/cmake --install /home/wade/ros2_ws/build/examples_rclcpp_cbg_executor
[40.732s] -- Install configuration: ""
[40.733s] -- Execute custom install script
[40.733s] -- Symlinking: /home/wade/ros2_ws/install/examples_rclcpp_cbg_executor/lib/examples_rclcpp_cbg_executor/ping
[40.743s] -- Symlinking: /home/wade/ros2_ws/install/examples_rclcpp_cbg_executor/lib/examples_rclcpp_cbg_executor/pong
[40.754s] -- Symlinking: /home/wade/ros2_ws/install/examples_rclcpp_cbg_executor/lib/examples_rclcpp_cbg_executor/ping_pong
[40.766s] -- Symlinking: /home/wade/ros2_ws/install/examples_rclcpp_cbg_executor/include/examples_rclcpp_cbg_executor/ping_node.hpp
[40.779s] -- Symlinking: /home/wade/ros2_ws/install/examples_rclcpp_cbg_executor/include/examples_rclcpp_cbg_executor/pong_node.hpp
[40.788s] -- Symlinking: /home/wade/ros2_ws/install/examples_rclcpp_cbg_executor/share/ament_index/resource_index/package_run_dependencies/examples_rclcpp_cbg_executor
[40.797s] -- Symlinking: /home/wade/ros2_ws/install/examples_rclcpp_cbg_executor/share/ament_index/resource_index/parent_prefix_path/examples_rclcpp_cbg_executor
[40.805s] -- Symlinking: /home/wade/ros2_ws/install/examples_rclcpp_cbg_executor/share/examples_rclcpp_cbg_executor/environment/ament_prefix_path.sh
[40.812s] -- Symlinking: /home/wade/ros2_ws/install/examples_rclcpp_cbg_executor/share/examples_rclcpp_cbg_executor/environment/ament_prefix_path.dsv
[40.820s] -- Symlinking: /home/wade/ros2_ws/install/examples_rclcpp_cbg_executor/share/examples_rclcpp_cbg_executor/environment/path.sh
[40.828s] -- Symlinking: /home/wade/ros2_ws/install/examples_rclcpp_cbg_executor/share/examples_rclcpp_cbg_executor/environment/path.dsv
[40.835s] -- Symlinking: /home/wade/ros2_ws/install/examples_rclcpp_cbg_executor/share/examples_rclcpp_cbg_executor/local_setup.bash
[40.842s] -- Symlinking: /home/wade/ros2_ws/install/examples_rclcpp_cbg_executor/share/examples_rclcpp_cbg_executor/local_setup.sh
[40.849s] -- Symlinking: /home/wade/ros2_ws/install/examples_rclcpp_cbg_executor/share/examples_rclcpp_cbg_executor/local_setup.zsh
[40.857s] -- Symlinking: /home/wade/ros2_ws/install/examples_rclcpp_cbg_executor/share/examples_rclcpp_cbg_executor/local_setup.dsv
[40.867s] -- Symlinking: /home/wade/ros2_ws/install/examples_rclcpp_cbg_executor/share/examples_rclcpp_cbg_executor/package.dsv
[40.875s] -- Symlinking: /home/wade/ros2_ws/install/examples_rclcpp_cbg_executor/share/ament_index/resource_index/packages/examples_rclcpp_cbg_executor
[40.882s] -- Symlinking: /home/wade/ros2_ws/install/examples_rclcpp_cbg_executor/share/examples_rclcpp_cbg_executor/cmake/ament_cmake_export_dependencies-extras.cmake
[40.890s] -- Symlinking: /home/wade/ros2_ws/install/examples_rclcpp_cbg_executor/share/examples_rclcpp_cbg_executor/cmake/examples_rclcpp_cbg_executorConfig.cmake
[40.897s] -- Symlinking: /home/wade/ros2_ws/install/examples_rclcpp_cbg_executor/share/examples_rclcpp_cbg_executor/cmake/examples_rclcpp_cbg_executorConfig-version.cmake
[40.905s] -- Symlinking: /home/wade/ros2_ws/install/examples_rclcpp_cbg_executor/share/examples_rclcpp_cbg_executor/package.xml
[40.914s] Invoked command in '/home/wade/ros2_ws/build/examples_rclcpp_cbg_executor' returned '0': CMAKE_PREFIX_PATH=/opt/ros/humble /usr/bin/cmake --install /home/wade/ros2_ws/build/examples_rclcpp_cbg_executor
