[0.640s] Invoking command in '/home/wade/ros2_ws/src/python_parameters': PYTHONPATH=/home/wade/ros2_ws/build/python_parameters/prefix_override:/usr/lib/python3/dist-packages/colcon_core/task/python/colcon_distutils_commands:/home/wade/ros2_ws/install/python_parameters/lib/python3.10/site-packages:${PYTHONPATH} /usr/bin/python3 -W ignore:setup.py install is deprecated -W ignore:easy_install command is deprecated setup.py egg_info --egg-base ../../build/python_parameters build --build-base /home/wade/ros2_ws/build/python_parameters/build install --record /home/wade/ros2_ws/build/python_parameters/install.log --single-version-externally-managed install_data
[0.843s] running egg_info
[0.843s] creating ../../build/python_parameters/python_parameters.egg-info
[0.843s] writing ../../build/python_parameters/python_parameters.egg-info/PKG-INFO
[0.844s] writing dependency_links to ../../build/python_parameters/python_parameters.egg-info/dependency_links.txt
[0.844s] writing entry points to ../../build/python_parameters/python_parameters.egg-info/entry_points.txt
[0.844s] writing requirements to ../../build/python_parameters/python_parameters.egg-info/requires.txt
[0.844s] writing top-level names to ../../build/python_parameters/python_parameters.egg-info/top_level.txt
[0.844s] writing manifest file '../../build/python_parameters/python_parameters.egg-info/SOURCES.txt'
[0.845s] reading manifest file '../../build/python_parameters/python_parameters.egg-info/SOURCES.txt'
[0.845s] adding license file 'LICENSE'
[0.845s] writing manifest file '../../build/python_parameters/python_parameters.egg-info/SOURCES.txt'
[0.846s] running build
[0.846s] running build_py
[0.846s] creating /home/wade/ros2_ws/build/python_parameters/build
[0.846s] creating /home/wade/ros2_ws/build/python_parameters/build/lib
[0.846s] creating /home/wade/ros2_ws/build/python_parameters/build/lib/python_parameters
[0.846s] copying python_parameters/__init__.py -> /home/wade/ros2_ws/build/python_parameters/build/lib/python_parameters
[0.846s] copying python_parameters/python_parameters_node.py -> /home/wade/ros2_ws/build/python_parameters/build/lib/python_parameters
[0.846s] running install
[0.846s] running install_lib
[0.847s] creating /home/wade/ros2_ws/install/python_parameters/lib/python3.10/site-packages/python_parameters
[0.847s] copying /home/wade/ros2_ws/build/python_parameters/build/lib/python_parameters/__init__.py -> /home/wade/ros2_ws/install/python_parameters/lib/python3.10/site-packages/python_parameters
[0.847s] copying /home/wade/ros2_ws/build/python_parameters/build/lib/python_parameters/python_parameters_node.py -> /home/wade/ros2_ws/install/python_parameters/lib/python3.10/site-packages/python_parameters
[0.847s] byte-compiling /home/wade/ros2_ws/install/python_parameters/lib/python3.10/site-packages/python_parameters/__init__.py to __init__.cpython-310.pyc
[0.848s] byte-compiling /home/wade/ros2_ws/install/python_parameters/lib/python3.10/site-packages/python_parameters/python_parameters_node.py to python_parameters_node.cpython-310.pyc
[0.848s] running install_data
[0.848s] creating /home/wade/ros2_ws/install/python_parameters/share/ament_index
[0.848s] creating /home/wade/ros2_ws/install/python_parameters/share/ament_index/resource_index
[0.848s] creating /home/wade/ros2_ws/install/python_parameters/share/ament_index/resource_index/packages
[0.848s] copying resource/python_parameters -> /home/wade/ros2_ws/install/python_parameters/share/ament_index/resource_index/packages
[0.848s] copying package.xml -> /home/wade/ros2_ws/install/python_parameters/share/python_parameters
[0.848s] running install_egg_info
[0.849s] Copying ../../build/python_parameters/python_parameters.egg-info to /home/wade/ros2_ws/install/python_parameters/lib/python3.10/site-packages/python_parameters-0.0.0-py3.10.egg-info
[0.850s] running install_scripts
[0.868s] Installing minimal_param_node script to /home/wade/ros2_ws/install/python_parameters/lib/python_parameters
[0.868s] writing list of installed files to '/home/wade/ros2_ws/build/python_parameters/install.log'
[0.886s] Invoked command in '/home/wade/ros2_ws/src/python_parameters' returned '0': PYTHONPATH=/home/wade/ros2_ws/build/python_parameters/prefix_override:/usr/lib/python3/dist-packages/colcon_core/task/python/colcon_distutils_commands:/home/wade/ros2_ws/install/python_parameters/lib/python3.10/site-packages:${PYTHONPATH} /usr/bin/python3 -W ignore:setup.py install is deprecated -W ignore:easy_install command is deprecated setup.py egg_info --egg-base ../../build/python_parameters build --build-base /home/wade/ros2_ws/build/python_parameters/build install --record /home/wade/ros2_ws/build/python_parameters/install.log --single-version-externally-managed install_data
