[0.039s] Invoking command in '/home/wade/ros2_ws/build/examples_rclcpp_minimal_composition': CMAKE_PREFIX_PATH=/opt/ros/humble /usr/bin/cmake /home/wade/ros2_ws/src/examples/rclcpp/composition/minimal_composition -DAMENT_CMAKE_SYMLINK_INSTALL=1 -DCMAKE_INSTALL_PREFIX=/home/wade/ros2_ws/install/examples_rclcpp_minimal_composition
[0.163s] -- The C compiler identification is GNU 11.4.0
[0.291s] -- The CXX compiler identification is GNU 11.4.0
[0.303s] -- Detecting C compiler ABI info
[0.455s] -- Detecting C compiler ABI info - done
[0.472s] -- Check for working C compiler: /usr/bin/cc - skipped
[0.472s] -- Detecting C compile features
[0.472s] -- Detecting C compile features - done
[0.473s] -- Detecting CXX compiler ABI info
[0.607s] -- Detecting CXX compiler ABI info - done
[0.621s] -- Check for working CXX compiler: /usr/bin/c++ - skipped
[0.621s] -- Detecting CXX compile features
[0.622s] -- Detecting CXX compile features - done
[0.624s] -- Found ament_cmake: 1.3.11 (/opt/ros/humble/share/ament_cmake/cmake)
[0.829s] -- Found Python3: /usr/bin/python3 (found version "3.10.12") found components: Interpreter 
[0.912s] -- Override CMake install command with custom implementation using symlinks instead of copying resources
[0.946s] -- Found rclcpp: 16.0.11 (/opt/ros/humble/share/rclcpp/cmake)
[0.991s] -- Found rosidl_generator_c: 3.1.6 (/opt/ros/humble/share/rosidl_generator_c/cmake)
[0.996s] -- Found rosidl_adapter: 3.1.6 (/opt/ros/humble/share/rosidl_adapter/cmake)
[1.005s] -- Found rosidl_generator_cpp: 3.1.6 (/opt/ros/humble/share/rosidl_generator_cpp/cmake)
[1.021s] -- Using all available rosidl_typesupport_c: rosidl_typesupport_fastrtps_c;rosidl_typesupport_introspection_c
[1.037s] -- Using all available rosidl_typesupport_cpp: rosidl_typesupport_fastrtps_cpp;rosidl_typesupport_introspection_cpp
[1.085s] -- Found rmw_implementation_cmake: 6.1.2 (/opt/ros/humble/share/rmw_implementation_cmake/cmake)
[1.088s] -- Found rmw_fastrtps_cpp: 6.2.7 (/opt/ros/humble/share/rmw_fastrtps_cpp/cmake)
[1.181s] -- Found OpenSSL: /usr/lib/x86_64-linux-gnu/libcrypto.so (found version "3.0.2")  
[1.210s] -- Found FastRTPS: /opt/ros/humble/include  
[1.247s] -- Using RMW implementation 'rmw_fastrtps_cpp' as default
[1.256s] -- Looking for pthread.h
[1.330s] -- Looking for pthread.h - found
[1.331s] -- Performing Test CMAKE_HAVE_LIBC_PTHREAD
[1.403s] -- Performing Test CMAKE_HAVE_LIBC_PTHREAD - Success
[1.403s] -- Found Threads: TRUE  
[1.461s] -- Found rclcpp_components: 16.0.11 (/opt/ros/humble/share/rclcpp_components/cmake)
[1.495s] -- Found ament_lint_auto: 0.12.11 (/opt/ros/humble/share/ament_lint_auto/cmake)
[1.571s] -- Added test 'copyright' to check source files copyright and LICENSE
[1.571s] -- Added test 'cppcheck' to perform static code analysis on C / C++ code
[1.571s] -- Configured cppcheck include dirs: /home/wade/ros2_ws/src/examples/rclcpp/composition/minimal_composition/include
[1.571s] -- Configured cppcheck exclude dirs and/or files: 
[1.572s] -- Added test 'cpplint' to check C / C++ code against the Google style
[1.572s] -- Configured cpplint exclude dirs and/or files: 
[1.573s] -- Added test 'lint_cmake' to check CMake code style
[1.576s] -- Added test 'uncrustify' to check C / C++ code style
[1.576s] -- Configured uncrustify additional arguments: 
[1.577s] -- Added test 'xmllint' to check XML markup files
[1.577s] -- Configuring done
[1.599s] -- Generating done
[1.602s] -- Build files have been written to: /home/wade/ros2_ws/build/examples_rclcpp_minimal_composition
[1.624s] Invoked command in '/home/wade/ros2_ws/build/examples_rclcpp_minimal_composition' returned '0': CMAKE_PREFIX_PATH=/opt/ros/humble /usr/bin/cmake /home/wade/ros2_ws/src/examples/rclcpp/composition/minimal_composition -DAMENT_CMAKE_SYMLINK_INSTALL=1 -DCMAKE_INSTALL_PREFIX=/home/wade/ros2_ws/install/examples_rclcpp_minimal_composition
[1.624s] Invoking command in '/home/wade/ros2_ws/build/examples_rclcpp_minimal_composition': CMAKE_PREFIX_PATH=/opt/ros/humble /usr/bin/cmake --build /home/wade/ros2_ws/build/examples_rclcpp_minimal_composition -- -j12 -l12
[26.080s] [ 11%] [32mBuilding CXX object CMakeFiles/composition_nodes.dir/src/publisher_node.cpp.o[0m
[26.081s] [ 22%] [32mBuilding CXX object CMakeFiles/composition_nodes.dir/src/subscriber_node.cpp.o[0m
[26.082s] [ 33%] [32m[1mLinking CXX shared library libcomposition_nodes.so[0m
[26.759s] [ 33%] Built target composition_nodes
[26.833s] [ 44%] [32mBuilding CXX object CMakeFiles/composition_publisher.dir/src/standalone_publisher.cpp.o[0m
[32.474s] [ 55%] [32m[1mLinking CXX executable composition_publisher[0m
[33.102s] [ 55%] Built target composition_publisher
[33.170s] [ 66%] [32mBuilding CXX object CMakeFiles/composition_composed.dir/src/composed.cpp.o[0m
[39.429s] [ 77%] [32m[1mLinking CXX executable composition_composed[0m
[39.704s] [ 77%] Built target composition_composed
[39.731s] [ 88%] [32mBuilding CXX object CMakeFiles/composition_subscriber.dir/src/standalone_subscriber.cpp.o[0m
[42.060s] [100%] [32m[1mLinking CXX executable composition_subscriber[0m
[42.180s] [100%] Built target composition_subscriber
[42.201s] Invoked command in '/home/wade/ros2_ws/build/examples_rclcpp_minimal_composition' returned '0': CMAKE_PREFIX_PATH=/opt/ros/humble /usr/bin/cmake --build /home/wade/ros2_ws/build/examples_rclcpp_minimal_composition -- -j12 -l12
[42.203s] Invoking command in '/home/wade/ros2_ws/build/examples_rclcpp_minimal_composition': CMAKE_PREFIX_PATH=/opt/ros/humble /usr/bin/cmake --install /home/wade/ros2_ws/build/examples_rclcpp_minimal_composition
[42.209s] -- Install configuration: ""
[42.210s] -- Execute custom install script
[42.210s] -- Symlinking: /home/wade/ros2_ws/install/examples_rclcpp_minimal_composition/share/examples_rclcpp_minimal_composition/environment/library_path.sh
[42.218s] -- Symlinking: /home/wade/ros2_ws/install/examples_rclcpp_minimal_composition/share/examples_rclcpp_minimal_composition/environment/library_path.dsv
[42.226s] -- Symlinking: /home/wade/ros2_ws/install/examples_rclcpp_minimal_composition/lib/libcomposition_nodes.so
[42.234s] -- Symlinking: /home/wade/ros2_ws/install/examples_rclcpp_minimal_composition/lib/examples_rclcpp_minimal_composition/composition_publisher
[42.242s] -- Symlinking: /home/wade/ros2_ws/install/examples_rclcpp_minimal_composition/lib/examples_rclcpp_minimal_composition/composition_subscriber
[42.250s] -- Symlinking: /home/wade/ros2_ws/install/examples_rclcpp_minimal_composition/lib/examples_rclcpp_minimal_composition/composition_composed
[42.259s] -- Symlinking: /home/wade/ros2_ws/install/examples_rclcpp_minimal_composition/share/ament_index/resource_index/package_run_dependencies/examples_rclcpp_minimal_composition
[42.266s] -- Symlinking: /home/wade/ros2_ws/install/examples_rclcpp_minimal_composition/share/ament_index/resource_index/parent_prefix_path/examples_rclcpp_minimal_composition
[42.273s] -- Symlinking: /home/wade/ros2_ws/install/examples_rclcpp_minimal_composition/share/examples_rclcpp_minimal_composition/environment/ament_prefix_path.sh
[42.280s] -- Symlinking: /home/wade/ros2_ws/install/examples_rclcpp_minimal_composition/share/examples_rclcpp_minimal_composition/environment/ament_prefix_path.dsv
[42.287s] -- Symlinking: /home/wade/ros2_ws/install/examples_rclcpp_minimal_composition/share/examples_rclcpp_minimal_composition/environment/path.sh
[42.295s] -- Symlinking: /home/wade/ros2_ws/install/examples_rclcpp_minimal_composition/share/examples_rclcpp_minimal_composition/environment/path.dsv
[42.302s] -- Symlinking: /home/wade/ros2_ws/install/examples_rclcpp_minimal_composition/share/examples_rclcpp_minimal_composition/local_setup.bash
[42.310s] -- Symlinking: /home/wade/ros2_ws/install/examples_rclcpp_minimal_composition/share/examples_rclcpp_minimal_composition/local_setup.sh
[42.318s] -- Symlinking: /home/wade/ros2_ws/install/examples_rclcpp_minimal_composition/share/examples_rclcpp_minimal_composition/local_setup.zsh
[42.325s] -- Symlinking: /home/wade/ros2_ws/install/examples_rclcpp_minimal_composition/share/examples_rclcpp_minimal_composition/local_setup.dsv
[42.332s] -- Symlinking: /home/wade/ros2_ws/install/examples_rclcpp_minimal_composition/share/examples_rclcpp_minimal_composition/package.dsv
[42.338s] -- Symlinking: /home/wade/ros2_ws/install/examples_rclcpp_minimal_composition/share/ament_index/resource_index/packages/examples_rclcpp_minimal_composition
[42.346s] -- Symlinking: /home/wade/ros2_ws/install/examples_rclcpp_minimal_composition/share/examples_rclcpp_minimal_composition/cmake/examples_rclcpp_minimal_compositionConfig.cmake
[42.355s] -- Symlinking: /home/wade/ros2_ws/install/examples_rclcpp_minimal_composition/share/examples_rclcpp_minimal_composition/cmake/examples_rclcpp_minimal_compositionConfig-version.cmake
[42.362s] -- Symlinking: /home/wade/ros2_ws/install/examples_rclcpp_minimal_composition/share/examples_rclcpp_minimal_composition/package.xml
[42.372s] Invoked command in '/home/wade/ros2_ws/build/examples_rclcpp_minimal_composition' returned '0': CMAKE_PREFIX_PATH=/opt/ros/humble /usr/bin/cmake --install /home/wade/ros2_ws/build/examples_rclcpp_minimal_composition
