[0.035s] Invoking command in '/home/wade/ros2_ws/build/examples_rclcpp_wait_set': CMAKE_PREFIX_PATH=${CMAKE_PREFIX_PATH}:/home/wade/ros2_ws/install/py_srvcli:/home/wade/ros2_ws/install/py_pubsub:/home/wade/ros2_ws/install/robot_math:/home/wade/ros2_ws/install/python_parameters:/home/wade/ros2_ws/install/my_turtlebot3_sim:/home/wade/ros2_ws/install/my_package:/home/wade/ros2_ws/install/launch_testing_examples:/home/wade/ros2_ws/install/examples_rclpy_pointcloud_publisher:/home/wade/ros2_ws/install/examples_rclpy_minimal_subscriber:/home/wade/ros2_ws/install/examples_rclpy_minimal_service:/home/wade/ros2_ws/install/examples_rclpy_minimal_publisher:/home/wade/ros2_ws/install/examples_rclpy_minimal_client:/home/wade/ros2_ws/install/examples_rclpy_minimal_action_server:/home/wade/ros2_ws/install/examples_rclpy_minimal_action_client:/home/wade/ros2_ws/install/examples_rclpy_guard_conditions:/home/wade/ros2_ws/install/examples_rclpy_executors:/opt/ros/humble /usr/bin/cmake --build /home/wade/ros2_ws/build/examples_rclcpp_wait_set -- -j12 -l12
[0.160s] [  8%] Built target wait_set_talker
[0.161s] [ 16%] Built target talker
[0.161s] [ 25%] Built target listener
[0.162s] [ 41%] Built target wait_set
[0.162s] [ 33%] Built target wait_set_listener
[0.162s] [ 50%] Built target thread_safe_wait_set
[0.163s] [ 58%] Built target static_wait_set
[0.178s] [ 66%] Built target wait_set_topics_and_timer
[0.178s] [ 75%] Built target wait_set_random_order
[0.181s] [ 83%] Built target executor_random_order
[0.181s] [ 91%] Built target wait_set_topics_with_different_rates
[0.181s] [100%] Built target wait_set_composed
[0.251s] Invoked command in '/home/wade/ros2_ws/build/examples_rclcpp_wait_set' returned '0': CMAKE_PREFIX_PATH=${CMAKE_PREFIX_PATH}:/home/wade/ros2_ws/install/py_srvcli:/home/wade/ros2_ws/install/py_pubsub:/home/wade/ros2_ws/install/robot_math:/home/wade/ros2_ws/install/python_parameters:/home/wade/ros2_ws/install/my_turtlebot3_sim:/home/wade/ros2_ws/install/my_package:/home/wade/ros2_ws/install/launch_testing_examples:/home/wade/ros2_ws/install/examples_rclpy_pointcloud_publisher:/home/wade/ros2_ws/install/examples_rclpy_minimal_subscriber:/home/wade/ros2_ws/install/examples_rclpy_minimal_service:/home/wade/ros2_ws/install/examples_rclpy_minimal_publisher:/home/wade/ros2_ws/install/examples_rclpy_minimal_client:/home/wade/ros2_ws/install/examples_rclpy_minimal_action_server:/home/wade/ros2_ws/install/examples_rclpy_minimal_action_client:/home/wade/ros2_ws/install/examples_rclpy_guard_conditions:/home/wade/ros2_ws/install/examples_rclpy_executors:/opt/ros/humble /usr/bin/cmake --build /home/wade/ros2_ws/build/examples_rclcpp_wait_set -- -j12 -l12
[0.252s] Invoking command in '/home/wade/ros2_ws/build/examples_rclcpp_wait_set': CMAKE_PREFIX_PATH=${CMAKE_PREFIX_PATH}:/home/wade/ros2_ws/install/py_srvcli:/home/wade/ros2_ws/install/py_pubsub:/home/wade/ros2_ws/install/robot_math:/home/wade/ros2_ws/install/python_parameters:/home/wade/ros2_ws/install/my_turtlebot3_sim:/home/wade/ros2_ws/install/my_package:/home/wade/ros2_ws/install/launch_testing_examples:/home/wade/ros2_ws/install/examples_rclpy_pointcloud_publisher:/home/wade/ros2_ws/install/examples_rclpy_minimal_subscriber:/home/wade/ros2_ws/install/examples_rclpy_minimal_service:/home/wade/ros2_ws/install/examples_rclpy_minimal_publisher:/home/wade/ros2_ws/install/examples_rclpy_minimal_client:/home/wade/ros2_ws/install/examples_rclpy_minimal_action_server:/home/wade/ros2_ws/install/examples_rclpy_minimal_action_client:/home/wade/ros2_ws/install/examples_rclpy_guard_conditions:/home/wade/ros2_ws/install/examples_rclpy_executors:/opt/ros/humble /usr/bin/cmake --install /home/wade/ros2_ws/build/examples_rclcpp_wait_set
[0.284s] -- Install configuration: ""
[0.284s] -- Execute custom install script
[0.284s] -- Up-to-date symlink: /home/wade/ros2_ws/install/examples_rclcpp_wait_set/lib/examples_rclcpp_wait_set/wait_set_talker
[0.284s] -- Up-to-date symlink: /home/wade/ros2_ws/install/examples_rclcpp_wait_set/lib/examples_rclcpp_wait_set/wait_set_listener
[0.284s] -- Up-to-date symlink: /home/wade/ros2_ws/install/examples_rclcpp_wait_set/lib/libtalker.so
[0.284s] -- Up-to-date symlink: /home/wade/ros2_ws/install/examples_rclcpp_wait_set/lib/liblistener.so
[0.284s] -- Up-to-date symlink: /home/wade/ros2_ws/install/examples_rclcpp_wait_set/lib/examples_rclcpp_wait_set/wait_set
[0.284s] -- Up-to-date symlink: /home/wade/ros2_ws/install/examples_rclcpp_wait_set/lib/examples_rclcpp_wait_set/static_wait_set
[0.284s] -- Up-to-date symlink: /home/wade/ros2_ws/install/examples_rclcpp_wait_set/lib/examples_rclcpp_wait_set/thread_safe_wait_set
[0.284s] -- Up-to-date symlink: /home/wade/ros2_ws/install/examples_rclcpp_wait_set/lib/examples_rclcpp_wait_set/wait_set_topics_and_timer
[0.284s] -- Up-to-date symlink: /home/wade/ros2_ws/install/examples_rclcpp_wait_set/lib/examples_rclcpp_wait_set/wait_set_random_order
[0.284s] -- Up-to-date symlink: /home/wade/ros2_ws/install/examples_rclcpp_wait_set/lib/examples_rclcpp_wait_set/executor_random_order
[0.284s] -- Up-to-date symlink: /home/wade/ros2_ws/install/examples_rclcpp_wait_set/lib/examples_rclcpp_wait_set/wait_set_topics_with_different_rates
[0.284s] -- Up-to-date symlink: /home/wade/ros2_ws/install/examples_rclcpp_wait_set/lib/examples_rclcpp_wait_set/wait_set_composed
[0.284s] -- Up-to-date symlink: /home/wade/ros2_ws/install/examples_rclcpp_wait_set/share/ament_index/resource_index/package_run_dependencies/examples_rclcpp_wait_set
[0.284s] -- Up-to-date symlink: /home/wade/ros2_ws/install/examples_rclcpp_wait_set/share/ament_index/resource_index/parent_prefix_path/examples_rclcpp_wait_set
[0.284s] -- Up-to-date symlink: /home/wade/ros2_ws/install/examples_rclcpp_wait_set/share/examples_rclcpp_wait_set/environment/ament_prefix_path.sh
[0.284s] -- Up-to-date symlink: /home/wade/ros2_ws/install/examples_rclcpp_wait_set/share/examples_rclcpp_wait_set/environment/ament_prefix_path.dsv
[0.284s] -- Up-to-date symlink: /home/wade/ros2_ws/install/examples_rclcpp_wait_set/share/examples_rclcpp_wait_set/environment/path.sh
[0.284s] -- Up-to-date symlink: /home/wade/ros2_ws/install/examples_rclcpp_wait_set/share/examples_rclcpp_wait_set/environment/path.dsv
[0.284s] -- Up-to-date symlink: /home/wade/ros2_ws/install/examples_rclcpp_wait_set/share/examples_rclcpp_wait_set/local_setup.bash
[0.284s] -- Up-to-date symlink: /home/wade/ros2_ws/install/examples_rclcpp_wait_set/share/examples_rclcpp_wait_set/local_setup.sh
[0.284s] -- Up-to-date symlink: /home/wade/ros2_ws/install/examples_rclcpp_wait_set/share/examples_rclcpp_wait_set/local_setup.zsh
[0.284s] -- Up-to-date symlink: /home/wade/ros2_ws/install/examples_rclcpp_wait_set/share/examples_rclcpp_wait_set/local_setup.dsv
[0.284s] -- Symlinking: /home/wade/ros2_ws/install/examples_rclcpp_wait_set/share/examples_rclcpp_wait_set/package.dsv
[0.284s] -- Up-to-date symlink: /home/wade/ros2_ws/install/examples_rclcpp_wait_set/share/ament_index/resource_index/packages/examples_rclcpp_wait_set
[0.284s] -- Up-to-date symlink: /home/wade/ros2_ws/install/examples_rclcpp_wait_set/share/ament_index/resource_index/rclcpp_components/examples_rclcpp_wait_set
[0.284s] -- Up-to-date symlink: /home/wade/ros2_ws/install/examples_rclcpp_wait_set/share/examples_rclcpp_wait_set/cmake/examples_rclcpp_wait_setConfig.cmake
[0.285s] -- Up-to-date symlink: /home/wade/ros2_ws/install/examples_rclcpp_wait_set/share/examples_rclcpp_wait_set/cmake/examples_rclcpp_wait_setConfig-version.cmake
[0.285s] -- Up-to-date symlink: /home/wade/ros2_ws/install/examples_rclcpp_wait_set/share/examples_rclcpp_wait_set/package.xml
[0.929s] Invoked command in '/home/wade/ros2_ws/build/examples_rclcpp_wait_set' returned '0': CMAKE_PREFIX_PATH=${CMAKE_PREFIX_PATH}:/home/wade/ros2_ws/install/py_srvcli:/home/wade/ros2_ws/install/py_pubsub:/home/wade/ros2_ws/install/robot_math:/home/wade/ros2_ws/install/python_parameters:/home/wade/ros2_ws/install/my_turtlebot3_sim:/home/wade/ros2_ws/install/my_package:/home/wade/ros2_ws/install/launch_testing_examples:/home/wade/ros2_ws/install/examples_rclpy_pointcloud_publisher:/home/wade/ros2_ws/install/examples_rclpy_minimal_subscriber:/home/wade/ros2_ws/install/examples_rclpy_minimal_service:/home/wade/ros2_ws/install/examples_rclpy_minimal_publisher:/home/wade/ros2_ws/install/examples_rclpy_minimal_client:/home/wade/ros2_ws/install/examples_rclpy_minimal_action_server:/home/wade/ros2_ws/install/examples_rclpy_minimal_action_client:/home/wade/ros2_ws/install/examples_rclpy_guard_conditions:/home/wade/ros2_ws/install/examples_rclpy_executors:/opt/ros/humble /usr/bin/cmake --install /home/wade/ros2_ws/build/examples_rclcpp_wait_set
