[1.135s] Invoking command in '/home/wade/ros2_ws/src/py_srvcli': PYTHONPATH=/home/wade/ros2_ws/build/py_srvcli/prefix_override:/usr/lib/python3/dist-packages/colcon_core/task/python/colcon_distutils_commands:/home/wade/ros2_ws/install/py_srvcli/lib/python3.10/site-packages:${PYTHONPATH} /usr/bin/python3 -W ignore:setup.py install is deprecated -W ignore:easy_install command is deprecated setup.py egg_info --egg-base ../../build/py_srvcli build --build-base /home/wade/ros2_ws/build/py_srvcli/build install --record /home/wade/ros2_ws/build/py_srvcli/install.log --single-version-externally-managed install_data
[1.566s] running egg_info
[1.567s] writing ../../build/py_srvcli/py_srvcli.egg-info/PKG-INFO
[1.568s] writing dependency_links to ../../build/py_srvcli/py_srvcli.egg-info/dependency_links.txt
[1.568s] writing entry points to ../../build/py_srvcli/py_srvcli.egg-info/entry_points.txt
[1.568s] writing requirements to ../../build/py_srvcli/py_srvcli.egg-info/requires.txt
[1.568s] writing top-level names to ../../build/py_srvcli/py_srvcli.egg-info/top_level.txt
[1.571s] reading manifest file '../../build/py_srvcli/py_srvcli.egg-info/SOURCES.txt'
[1.572s] adding license file 'LICENSE'
[1.573s] writing manifest file '../../build/py_srvcli/py_srvcli.egg-info/SOURCES.txt'
[1.573s] running build
[1.573s] running build_py
[1.574s] running install
[1.574s] running install_lib
[1.577s] running install_data
[1.577s] running install_egg_info
[1.580s] removing '/home/wade/ros2_ws/install/py_srvcli/lib/python3.10/site-packages/py_srvcli-0.0.0-py3.10.egg-info' (and everything under it)
[1.581s] Copying ../../build/py_srvcli/py_srvcli.egg-info to /home/wade/ros2_ws/install/py_srvcli/lib/python3.10/site-packages/py_srvcli-0.0.0-py3.10.egg-info
[1.583s] running install_scripts
[1.621s] Installing client script to /home/wade/ros2_ws/install/py_srvcli/lib/py_srvcli
[1.622s] Installing service script to /home/wade/ros2_ws/install/py_srvcli/lib/py_srvcli
[1.622s] writing list of installed files to '/home/wade/ros2_ws/build/py_srvcli/install.log'
[1.662s] Invoked command in '/home/wade/ros2_ws/src/py_srvcli' returned '0': PYTHONPATH=/home/wade/ros2_ws/build/py_srvcli/prefix_override:/usr/lib/python3/dist-packages/colcon_core/task/python/colcon_distutils_commands:/home/wade/ros2_ws/install/py_srvcli/lib/python3.10/site-packages:${PYTHONPATH} /usr/bin/python3 -W ignore:setup.py install is deprecated -W ignore:easy_install command is deprecated setup.py egg_info --egg-base ../../build/py_srvcli build --build-base /home/wade/ros2_ws/build/py_srvcli/build install --record /home/wade/ros2_ws/build/py_srvcli/install.log --single-version-externally-managed install_data
