[0.047s] Invoking command in '/home/wade/ros2_ws/build/examples_rclcpp_minimal_action_server': CMAKE_PREFIX_PATH=${CMAKE_PREFIX_PATH}:/home/wade/ros2_ws/install/py_srvcli:/home/wade/ros2_ws/install/py_pubsub:/home/wade/ros2_ws/install/robot_math:/home/wade/ros2_ws/install/python_parameters:/home/wade/ros2_ws/install/my_turtlebot3_sim:/home/wade/ros2_ws/install/my_package:/home/wade/ros2_ws/install/launch_testing_examples:/home/wade/ros2_ws/install/examples_rclpy_pointcloud_publisher:/home/wade/ros2_ws/install/examples_rclpy_minimal_subscriber:/home/wade/ros2_ws/install/examples_rclpy_minimal_service:/home/wade/ros2_ws/install/examples_rclpy_minimal_publisher:/home/wade/ros2_ws/install/examples_rclpy_minimal_client:/home/wade/ros2_ws/install/examples_rclpy_minimal_action_server:/home/wade/ros2_ws/install/examples_rclpy_minimal_action_client:/home/wade/ros2_ws/install/examples_rclpy_guard_conditions:/home/wade/ros2_ws/install/examples_rclpy_executors:/opt/ros/humble /usr/bin/cmake --build /home/wade/ros2_ws/build/examples_rclcpp_minimal_action_server -- -j12 -l12
[0.174s] [ 50%] Built target action_server_member_functions
[0.186s] [100%] Built target action_server_not_composable
[0.240s] Invoked command in '/home/wade/ros2_ws/build/examples_rclcpp_minimal_action_server' returned '0': CMAKE_PREFIX_PATH=${CMAKE_PREFIX_PATH}:/home/wade/ros2_ws/install/py_srvcli:/home/wade/ros2_ws/install/py_pubsub:/home/wade/ros2_ws/install/robot_math:/home/wade/ros2_ws/install/python_parameters:/home/wade/ros2_ws/install/my_turtlebot3_sim:/home/wade/ros2_ws/install/my_package:/home/wade/ros2_ws/install/launch_testing_examples:/home/wade/ros2_ws/install/examples_rclpy_pointcloud_publisher:/home/wade/ros2_ws/install/examples_rclpy_minimal_subscriber:/home/wade/ros2_ws/install/examples_rclpy_minimal_service:/home/wade/ros2_ws/install/examples_rclpy_minimal_publisher:/home/wade/ros2_ws/install/examples_rclpy_minimal_client:/home/wade/ros2_ws/install/examples_rclpy_minimal_action_server:/home/wade/ros2_ws/install/examples_rclpy_minimal_action_client:/home/wade/ros2_ws/install/examples_rclpy_guard_conditions:/home/wade/ros2_ws/install/examples_rclpy_executors:/opt/ros/humble /usr/bin/cmake --build /home/wade/ros2_ws/build/examples_rclcpp_minimal_action_server -- -j12 -l12
[0.242s] Invoking command in '/home/wade/ros2_ws/build/examples_rclcpp_minimal_action_server': CMAKE_PREFIX_PATH=${CMAKE_PREFIX_PATH}:/home/wade/ros2_ws/install/py_srvcli:/home/wade/ros2_ws/install/py_pubsub:/home/wade/ros2_ws/install/robot_math:/home/wade/ros2_ws/install/python_parameters:/home/wade/ros2_ws/install/my_turtlebot3_sim:/home/wade/ros2_ws/install/my_package:/home/wade/ros2_ws/install/launch_testing_examples:/home/wade/ros2_ws/install/examples_rclpy_pointcloud_publisher:/home/wade/ros2_ws/install/examples_rclpy_minimal_subscriber:/home/wade/ros2_ws/install/examples_rclpy_minimal_service:/home/wade/ros2_ws/install/examples_rclpy_minimal_publisher:/home/wade/ros2_ws/install/examples_rclpy_minimal_client:/home/wade/ros2_ws/install/examples_rclpy_minimal_action_server:/home/wade/ros2_ws/install/examples_rclpy_minimal_action_client:/home/wade/ros2_ws/install/examples_rclpy_guard_conditions:/home/wade/ros2_ws/install/examples_rclpy_executors:/opt/ros/humble /usr/bin/cmake --install /home/wade/ros2_ws/build/examples_rclcpp_minimal_action_server
[0.246s] -- Install configuration: ""
[0.246s] -- Execute custom install script
[0.246s] -- Up-to-date symlink: /home/wade/ros2_ws/install/examples_rclcpp_minimal_action_server/lib/examples_rclcpp_minimal_action_server/action_server_not_composable
[0.246s] -- Up-to-date symlink: /home/wade/ros2_ws/install/examples_rclcpp_minimal_action_server/lib/examples_rclcpp_minimal_action_server/action_server_member_functions
[0.246s] -- Up-to-date symlink: /home/wade/ros2_ws/install/examples_rclcpp_minimal_action_server/share/ament_index/resource_index/package_run_dependencies/examples_rclcpp_minimal_action_server
[0.248s] -- Up-to-date symlink: /home/wade/ros2_ws/install/examples_rclcpp_minimal_action_server/share/ament_index/resource_index/parent_prefix_path/examples_rclcpp_minimal_action_server
[0.248s] -- Up-to-date symlink: /home/wade/ros2_ws/install/examples_rclcpp_minimal_action_server/share/examples_rclcpp_minimal_action_server/environment/ament_prefix_path.sh
[0.248s] -- Up-to-date symlink: /home/wade/ros2_ws/install/examples_rclcpp_minimal_action_server/share/examples_rclcpp_minimal_action_server/environment/ament_prefix_path.dsv
[0.248s] -- Up-to-date symlink: /home/wade/ros2_ws/install/examples_rclcpp_minimal_action_server/share/examples_rclcpp_minimal_action_server/environment/path.sh
[0.248s] -- Up-to-date symlink: /home/wade/ros2_ws/install/examples_rclcpp_minimal_action_server/share/examples_rclcpp_minimal_action_server/environment/path.dsv
[0.248s] -- Up-to-date symlink: /home/wade/ros2_ws/install/examples_rclcpp_minimal_action_server/share/examples_rclcpp_minimal_action_server/local_setup.bash
[0.248s] -- Up-to-date symlink: /home/wade/ros2_ws/install/examples_rclcpp_minimal_action_server/share/examples_rclcpp_minimal_action_server/local_setup.sh
[0.250s] -- Up-to-date symlink: /home/wade/ros2_ws/install/examples_rclcpp_minimal_action_server/share/examples_rclcpp_minimal_action_server/local_setup.zsh
[0.250s] -- Up-to-date symlink: /home/wade/ros2_ws/install/examples_rclcpp_minimal_action_server/share/examples_rclcpp_minimal_action_server/local_setup.dsv
[0.250s] -- Symlinking: /home/wade/ros2_ws/install/examples_rclcpp_minimal_action_server/share/examples_rclcpp_minimal_action_server/package.dsv
[0.253s] -- Up-to-date symlink: /home/wade/ros2_ws/install/examples_rclcpp_minimal_action_server/share/ament_index/resource_index/packages/examples_rclcpp_minimal_action_server
[0.254s] -- Up-to-date symlink: /home/wade/ros2_ws/install/examples_rclcpp_minimal_action_server/share/examples_rclcpp_minimal_action_server/cmake/examples_rclcpp_minimal_action_serverConfig.cmake
[0.254s] -- Up-to-date symlink: /home/wade/ros2_ws/install/examples_rclcpp_minimal_action_server/share/examples_rclcpp_minimal_action_server/cmake/examples_rclcpp_minimal_action_serverConfig-version.cmake
[0.254s] -- Up-to-date symlink: /home/wade/ros2_ws/install/examples_rclcpp_minimal_action_server/share/examples_rclcpp_minimal_action_server/package.xml
[0.338s] Invoked command in '/home/wade/ros2_ws/build/examples_rclcpp_minimal_action_server' returned '0': CMAKE_PREFIX_PATH=${CMAKE_PREFIX_PATH}:/home/wade/ros2_ws/install/py_srvcli:/home/wade/ros2_ws/install/py_pubsub:/home/wade/ros2_ws/install/robot_math:/home/wade/ros2_ws/install/python_parameters:/home/wade/ros2_ws/install/my_turtlebot3_sim:/home/wade/ros2_ws/install/my_package:/home/wade/ros2_ws/install/launch_testing_examples:/home/wade/ros2_ws/install/examples_rclpy_pointcloud_publisher:/home/wade/ros2_ws/install/examples_rclpy_minimal_subscriber:/home/wade/ros2_ws/install/examples_rclpy_minimal_service:/home/wade/ros2_ws/install/examples_rclpy_minimal_publisher:/home/wade/ros2_ws/install/examples_rclpy_minimal_client:/home/wade/ros2_ws/install/examples_rclpy_minimal_action_server:/home/wade/ros2_ws/install/examples_rclpy_minimal_action_client:/home/wade/ros2_ws/install/examples_rclpy_guard_conditions:/home/wade/ros2_ws/install/examples_rclpy_executors:/opt/ros/humble /usr/bin/cmake --install /home/wade/ros2_ws/build/examples_rclcpp_minimal_action_server
