[0.931s] Invoking command in '/home/wade/ros2_ws/build/my_package': PYTHONPATH=/home/wade/ros2_ws/build/my_package/prefix_override:/usr/lib/python3/dist-packages/colcon_core/task/python/colcon_distutils_commands:/home/wade/ros2_ws/install/my_package/lib/python3.10/site-packages:${PYTHONPATH} /usr/bin/python3 -W ignore:setup.py install is deprecated -W ignore:easy_install command is deprecated setup.py develop --uninstall --editable --build-directory /home/wade/ros2_ws/build/my_package/build
[1.152s] running develop
[1.294s] Removing /home/wade/ros2_ws/install/my_package/lib/python3.10/site-packages/my-package.egg-link (link to .)
[1.545s] Invoked command in '/home/wade/ros2_ws/build/my_package' returned '0': PYTHONPATH=/home/wade/ros2_ws/build/my_package/prefix_override:/usr/lib/python3/dist-packages/colcon_core/task/python/colcon_distutils_commands:/home/wade/ros2_ws/install/my_package/lib/python3.10/site-packages:${PYTHONPATH} /usr/bin/python3 -W ignore:setup.py install is deprecated -W ignore:easy_install command is deprecated setup.py develop --uninstall --editable --build-directory /home/wade/ros2_ws/build/my_package/build
[1.546s] Invoking command in '/home/wade/ros2_ws/src/my_package': PYTHONPATH=/home/wade/ros2_ws/build/my_package/prefix_override:/usr/lib/python3/dist-packages/colcon_core/task/python/colcon_distutils_commands:/home/wade/ros2_ws/install/my_package/lib/python3.10/site-packages:${PYTHONPATH} /usr/bin/python3 -W ignore:setup.py install is deprecated -W ignore:easy_install command is deprecated setup.py egg_info --egg-base ../../build/my_package build --build-base /home/wade/ros2_ws/build/my_package/build install --record /home/wade/ros2_ws/build/my_package/install.log --single-version-externally-managed install_data --force
[1.683s] running egg_info
[1.683s] writing ../../build/my_package/my_package.egg-info/PKG-INFO
[1.683s] writing dependency_links to ../../build/my_package/my_package.egg-info/dependency_links.txt
[1.683s] writing entry points to ../../build/my_package/my_package.egg-info/entry_points.txt
[1.684s] writing requirements to ../../build/my_package/my_package.egg-info/requires.txt
[1.684s] writing top-level names to ../../build/my_package/my_package.egg-info/top_level.txt
[1.685s] reading manifest file '../../build/my_package/my_package.egg-info/SOURCES.txt'
[1.685s] adding license file 'LICENSE'
[1.685s] writing manifest file '../../build/my_package/my_package.egg-info/SOURCES.txt'
[1.685s] running build
[1.685s] running build_py
[1.685s] running install
[1.686s] running install_lib
[1.686s] creating /home/wade/ros2_ws/install/my_package/lib/python3.10/site-packages/my_package
[1.686s] copying /home/wade/ros2_ws/build/my_package/build/lib/my_package/my_node.py -> /home/wade/ros2_ws/install/my_package/lib/python3.10/site-packages/my_package
[1.686s] copying /home/wade/ros2_ws/build/my_package/build/lib/my_package/__init__.py -> /home/wade/ros2_ws/install/my_package/lib/python3.10/site-packages/my_package
[1.687s] byte-compiling /home/wade/ros2_ws/install/my_package/lib/python3.10/site-packages/my_package/my_node.py to my_node.cpython-310.pyc
[1.687s] byte-compiling /home/wade/ros2_ws/install/my_package/lib/python3.10/site-packages/my_package/__init__.py to __init__.cpython-310.pyc
[1.687s] running install_data
[1.687s] copying resource/my_package -> /home/wade/ros2_ws/install/my_package/share/ament_index/resource_index/packages
[1.687s] copying package.xml -> /home/wade/ros2_ws/install/my_package/share/my_package
[1.687s] running install_egg_info
[1.689s] Copying ../../build/my_package/my_package.egg-info to /home/wade/ros2_ws/install/my_package/lib/python3.10/site-packages/my_package-0.0.0-py3.10.egg-info
[1.690s] running install_scripts
[1.703s] Installing my_node script to /home/wade/ros2_ws/install/my_package/lib/my_package
[1.703s] writing list of installed files to '/home/wade/ros2_ws/build/my_package/install.log'
[1.876s] Invoked command in '/home/wade/ros2_ws/src/my_package' returned '0': PYTHONPATH=/home/wade/ros2_ws/build/my_package/prefix_override:/usr/lib/python3/dist-packages/colcon_core/task/python/colcon_distutils_commands:/home/wade/ros2_ws/install/my_package/lib/python3.10/site-packages:${PYTHONPATH} /usr/bin/python3 -W ignore:setup.py install is deprecated -W ignore:easy_install command is deprecated setup.py egg_info --egg-base ../../build/my_package build --build-base /home/wade/ros2_ws/build/my_package/build install --record /home/wade/ros2_ws/build/my_package/install.log --single-version-externally-managed install_data --force
