[1.532s] Invoking command in '/home/wade/ros2_ws/src/examples/rclpy/executors': PYTHONPATH=/home/wade/ros2_ws/build/examples_rclpy_executors/prefix_override:/usr/lib/python3/dist-packages/colcon_core/task/python/colcon_distutils_commands:/home/wade/ros2_ws/install/examples_rclpy_executors/lib/python3.10/site-packages:${PYTHONPATH} /usr/bin/python3 -W ignore:setup.py install is deprecated -W ignore:easy_install command is deprecated setup.py egg_info --egg-base ../../../../build/examples_rclpy_executors build --build-base /home/wade/ros2_ws/build/examples_rclpy_executors/build install --record /home/wade/ros2_ws/build/examples_rclpy_executors/install.log --single-version-externally-managed install_data
[1.741s] running egg_info
[1.741s] writing ../../../../build/examples_rclpy_executors/examples_rclpy_executors.egg-info/PKG-INFO
[1.741s] writing dependency_links to ../../../../build/examples_rclpy_executors/examples_rclpy_executors.egg-info/dependency_links.txt
[1.742s] writing entry points to ../../../../build/examples_rclpy_executors/examples_rclpy_executors.egg-info/entry_points.txt
[1.742s] writing requirements to ../../../../build/examples_rclpy_executors/examples_rclpy_executors.egg-info/requires.txt
[1.742s] writing top-level names to ../../../../build/examples_rclpy_executors/examples_rclpy_executors.egg-info/top_level.txt
[1.744s] reading manifest file '../../../../build/examples_rclpy_executors/examples_rclpy_executors.egg-info/SOURCES.txt'
[1.745s] writing manifest file '../../../../build/examples_rclpy_executors/examples_rclpy_executors.egg-info/SOURCES.txt'
[1.746s] running build
[1.746s] running build_py
[1.746s] running install
[1.746s] running install_lib
[1.748s] running install_data
[1.748s] running install_egg_info
[1.751s] removing '/home/wade/ros2_ws/install/examples_rclpy_executors/lib/python3.10/site-packages/examples_rclpy_executors-0.15.3-py3.10.egg-info' (and everything under it)
[1.751s] Copying ../../../../build/examples_rclpy_executors/examples_rclpy_executors.egg-info to /home/wade/ros2_ws/install/examples_rclpy_executors/lib/python3.10/site-packages/examples_rclpy_executors-0.15.3-py3.10.egg-info
[1.752s] running install_scripts
[1.780s] Installing callback_group script to /home/wade/ros2_ws/install/examples_rclpy_executors/lib/examples_rclpy_executors
[1.780s] Installing composed script to /home/wade/ros2_ws/install/examples_rclpy_executors/lib/examples_rclpy_executors
[1.780s] Installing custom_callback_group script to /home/wade/ros2_ws/install/examples_rclpy_executors/lib/examples_rclpy_executors
[1.780s] Installing custom_executor script to /home/wade/ros2_ws/install/examples_rclpy_executors/lib/examples_rclpy_executors
[1.780s] Installing listener script to /home/wade/ros2_ws/install/examples_rclpy_executors/lib/examples_rclpy_executors
[1.780s] Installing talker script to /home/wade/ros2_ws/install/examples_rclpy_executors/lib/examples_rclpy_executors
[1.780s] writing list of installed files to '/home/wade/ros2_ws/build/examples_rclpy_executors/install.log'
[1.842s] Invoked command in '/home/wade/ros2_ws/src/examples/rclpy/executors' returned '0': PYTHONPATH=/home/wade/ros2_ws/build/examples_rclpy_executors/prefix_override:/usr/lib/python3/dist-packages/colcon_core/task/python/colcon_distutils_commands:/home/wade/ros2_ws/install/examples_rclpy_executors/lib/python3.10/site-packages:${PYTHONPATH} /usr/bin/python3 -W ignore:setup.py install is deprecated -W ignore:easy_install command is deprecated setup.py egg_info --egg-base ../../../../build/examples_rclpy_executors build --build-base /home/wade/ros2_ws/build/examples_rclpy_executors/build install --record /home/wade/ros2_ws/build/examples_rclpy_executors/install.log --single-version-externally-managed install_data
