[1.677s] Invoking command in '/home/wade/ros2_ws/build/turtlesim': CMAKE_PREFIX_PATH=/opt/ros/humble /usr/bin/cmake --build /home/wade/ros2_ws/build/turtlesim -- -j12 -l12
[1.759s] [  1%] Built target turtlesim__cpp
[1.767s] [ 11%] Built target turtlesim__rosidl_generator_c
[1.795s] [ 11%] Built target ament_cmake_python_copy_turtlesim
[1.830s] [ 29%] Built target turtlesim__rosidl_typesupport_introspection_c
[1.830s] [ 39%] Built target turtlesim__rosidl_typesupport_introspection_cpp
[1.833s] [ 49%] Built target turtlesim__rosidl_typesupport_fastrtps_cpp
[1.837s] [ 59%] Built target turtlesim__rosidl_typesupport_fastrtps_c
[1.840s] [ 61%] Built target turtlesim__rosidl_typesupport_cpp
[1.857s] [ 71%] Built target turtlesim__rosidl_typesupport_c
[1.893s] [35m[1mConsolidate compiler generated dependencies of target turtlesim_node[0m
[1.906s] [ 71%] Built target turtlesim
[1.906s] [ 73%] Built target mimic
[1.906s] [ 75%] Built target draw_square
[1.909s] [ 77%] Built target turtle_teleop_key
[1.943s] [ 78%] Built target turtlesim__py
[1.945s] [ 84%] Built target turtlesim_node
[1.984s] [ 93%] Built target turtlesim__rosidl_generator_py
[2.040s] [ 97%] Built target turtlesim__rosidl_typesupport_c__pyext
[2.040s] [ 97%] Built target turtlesim__rosidl_typesupport_introspection_c__pyext
[2.043s] [100%] Built target turtlesim__rosidl_typesupport_fastrtps_c__pyext
[2.050s] running egg_info
[2.050s] writing turtlesim.egg-info/PKG-INFO
[2.050s] writing dependency_links to turtlesim.egg-info/dependency_links.txt
[2.050s] writing top-level names to turtlesim.egg-info/top_level.txt
[2.051s] reading manifest file 'turtlesim.egg-info/SOURCES.txt'
[2.053s] writing manifest file 'turtlesim.egg-info/SOURCES.txt'
[2.086s] [100%] Built target ament_cmake_python_build_turtlesim_egg
[2.101s] Invoked command in '/home/wade/ros2_ws/build/turtlesim' returned '0': CMAKE_PREFIX_PATH=/opt/ros/humble /usr/bin/cmake --build /home/wade/ros2_ws/build/turtlesim -- -j12 -l12
[2.103s] Invoking command in '/home/wade/ros2_ws/build/turtlesim': CMAKE_PREFIX_PATH=/opt/ros/humble /usr/bin/cmake --install /home/wade/ros2_ws/build/turtlesim
[2.310s] -- Install configuration: ""
[2.310s] -- Up-to-date: /home/wade/ros2_ws/install/turtlesim/share/ament_index/resource_index/rosidl_interfaces/turtlesim
[2.310s] -- Up-to-date: /home/wade/ros2_ws/install/turtlesim/include/turtlesim/turtlesim
[2.310s] -- Up-to-date: /home/wade/ros2_ws/install/turtlesim/include/turtlesim/turtlesim/srv
[2.310s] -- Up-to-date: /home/wade/ros2_ws/install/turtlesim/include/turtlesim/turtlesim/srv/spawn.h
[2.310s] -- Up-to-date: /home/wade/ros2_ws/install/turtlesim/include/turtlesim/turtlesim/srv/set_pen.h
[2.310s] -- Up-to-date: /home/wade/ros2_ws/install/turtlesim/include/turtlesim/turtlesim/srv/detail
[2.310s] -- Up-to-date: /home/wade/ros2_ws/install/turtlesim/include/turtlesim/turtlesim/srv/detail/teleport_absolute__functions.c
[2.310s] -- Up-to-date: /home/wade/ros2_ws/install/turtlesim/include/turtlesim/turtlesim/srv/detail/teleport_relative__struct.h
[2.310s] -- Up-to-date: /home/wade/ros2_ws/install/turtlesim/include/turtlesim/turtlesim/srv/detail/spawn__functions.h
[2.310s] -- Up-to-date: /home/wade/ros2_ws/install/turtlesim/include/turtlesim/turtlesim/srv/detail/spawn__functions.c
[2.310s] -- Up-to-date: /home/wade/ros2_ws/install/turtlesim/include/turtlesim/turtlesim/srv/detail/set_pen__functions.c
[2.310s] -- Up-to-date: /home/wade/ros2_ws/install/turtlesim/include/turtlesim/turtlesim/srv/detail/teleport_absolute__functions.h
[2.310s] -- Up-to-date: /home/wade/ros2_ws/install/turtlesim/include/turtlesim/turtlesim/srv/detail/kill__type_support.h
[2.310s] -- Up-to-date: /home/wade/ros2_ws/install/turtlesim/include/turtlesim/turtlesim/srv/detail/spawn__type_support.h
[2.310s] -- Up-to-date: /home/wade/ros2_ws/install/turtlesim/include/turtlesim/turtlesim/srv/detail/teleport_relative__functions.h
[2.310s] -- Up-to-date: /home/wade/ros2_ws/install/turtlesim/include/turtlesim/turtlesim/srv/detail/set_pen__functions.h
[2.311s] -- Up-to-date: /home/wade/ros2_ws/install/turtlesim/include/turtlesim/turtlesim/srv/detail/set_pen__struct.h
[2.311s] -- Up-to-date: /home/wade/ros2_ws/install/turtlesim/include/turtlesim/turtlesim/srv/detail/teleport_relative__functions.c
[2.311s] -- Up-to-date: /home/wade/ros2_ws/install/turtlesim/include/turtlesim/turtlesim/srv/detail/teleport_absolute__type_support.h
[2.311s] -- Up-to-date: /home/wade/ros2_ws/install/turtlesim/include/turtlesim/turtlesim/srv/detail/kill__functions.c
[2.311s] -- Up-to-date: /home/wade/ros2_ws/install/turtlesim/include/turtlesim/turtlesim/srv/detail/teleport_relative__type_support.h
[2.311s] -- Up-to-date: /home/wade/ros2_ws/install/turtlesim/include/turtlesim/turtlesim/srv/detail/kill__functions.h
[2.311s] -- Up-to-date: /home/wade/ros2_ws/install/turtlesim/include/turtlesim/turtlesim/srv/detail/teleport_absolute__struct.h
[2.311s] -- Up-to-date: /home/wade/ros2_ws/install/turtlesim/include/turtlesim/turtlesim/srv/detail/spawn__struct.h
[2.311s] -- Up-to-date: /home/wade/ros2_ws/install/turtlesim/include/turtlesim/turtlesim/srv/detail/set_pen__type_support.h
[2.311s] -- Up-to-date: /home/wade/ros2_ws/install/turtlesim/include/turtlesim/turtlesim/srv/detail/kill__struct.h
[2.311s] -- Up-to-date: /home/wade/ros2_ws/install/turtlesim/include/turtlesim/turtlesim/srv/kill.h
[2.311s] -- Up-to-date: /home/wade/ros2_ws/install/turtlesim/include/turtlesim/turtlesim/srv/teleport_absolute.h
[2.311s] -- Up-to-date: /home/wade/ros2_ws/install/turtlesim/include/turtlesim/turtlesim/srv/teleport_relative.h
[2.311s] -- Up-to-date: /home/wade/ros2_ws/install/turtlesim/include/turtlesim/turtlesim/action
[2.311s] -- Up-to-date: /home/wade/ros2_ws/install/turtlesim/include/turtlesim/turtlesim/action/detail
[2.311s] -- Up-to-date: /home/wade/ros2_ws/install/turtlesim/include/turtlesim/turtlesim/action/detail/rotate_absolute__functions.h
[2.311s] -- Up-to-date: /home/wade/ros2_ws/install/turtlesim/include/turtlesim/turtlesim/action/detail/rotate_absolute__struct.h
[2.311s] -- Up-to-date: /home/wade/ros2_ws/install/turtlesim/include/turtlesim/turtlesim/action/detail/rotate_absolute__functions.c
[2.311s] -- Up-to-date: /home/wade/ros2_ws/install/turtlesim/include/turtlesim/turtlesim/action/detail/rotate_absolute__type_support.h
[2.311s] -- Up-to-date: /home/wade/ros2_ws/install/turtlesim/include/turtlesim/turtlesim/action/rotate_absolute.h
[2.311s] -- Up-to-date: /home/wade/ros2_ws/install/turtlesim/include/turtlesim/turtlesim/msg
[2.311s] -- Up-to-date: /home/wade/ros2_ws/install/turtlesim/include/turtlesim/turtlesim/msg/detail
[2.312s] -- Up-to-date: /home/wade/ros2_ws/install/turtlesim/include/turtlesim/turtlesim/msg/detail/pose__type_support.h
[2.312s] -- Up-to-date: /home/wade/ros2_ws/install/turtlesim/include/turtlesim/turtlesim/msg/detail/color__functions.h
[2.312s] -- Up-to-date: /home/wade/ros2_ws/install/turtlesim/include/turtlesim/turtlesim/msg/detail/pose__functions.c
[2.312s] -- Up-to-date: /home/wade/ros2_ws/install/turtlesim/include/turtlesim/turtlesim/msg/detail/color__functions.c
[2.312s] -- Up-to-date: /home/wade/ros2_ws/install/turtlesim/include/turtlesim/turtlesim/msg/detail/pose__functions.h
[2.312s] -- Up-to-date: /home/wade/ros2_ws/install/turtlesim/include/turtlesim/turtlesim/msg/detail/color__type_support.h
[2.312s] -- Up-to-date: /home/wade/ros2_ws/install/turtlesim/include/turtlesim/turtlesim/msg/detail/pose__struct.h
[2.312s] -- Up-to-date: /home/wade/ros2_ws/install/turtlesim/include/turtlesim/turtlesim/msg/detail/color__struct.h
[2.312s] -- Up-to-date: /home/wade/ros2_ws/install/turtlesim/include/turtlesim/turtlesim/msg/pose.h
[2.312s] -- Up-to-date: /home/wade/ros2_ws/install/turtlesim/include/turtlesim/turtlesim/msg/color.h
[2.312s] -- Up-to-date: /home/wade/ros2_ws/install/turtlesim/include/turtlesim/turtlesim/msg/rosidl_generator_c__visibility_control.h
[2.312s] -- Up-to-date: /home/wade/ros2_ws/install/turtlesim/share/turtlesim/environment/library_path.sh
[2.312s] -- Up-to-date: /home/wade/ros2_ws/install/turtlesim/share/turtlesim/environment/library_path.dsv
[2.312s] -- Up-to-date: /home/wade/ros2_ws/install/turtlesim/lib/libturtlesim__rosidl_generator_c.so
[2.312s] -- Up-to-date: /home/wade/ros2_ws/install/turtlesim/include/turtlesim/turtlesim
[2.312s] -- Up-to-date: /home/wade/ros2_ws/install/turtlesim/include/turtlesim/turtlesim/srv
[2.312s] -- Up-to-date: /home/wade/ros2_ws/install/turtlesim/include/turtlesim/turtlesim/srv/detail
[2.312s] -- Up-to-date: /home/wade/ros2_ws/install/turtlesim/include/turtlesim/turtlesim/srv/detail/spawn__rosidl_typesupport_fastrtps_c.h
[2.312s] -- Up-to-date: /home/wade/ros2_ws/install/turtlesim/include/turtlesim/turtlesim/srv/detail/teleport_relative__rosidl_typesupport_fastrtps_c.h
[2.312s] -- Up-to-date: /home/wade/ros2_ws/install/turtlesim/include/turtlesim/turtlesim/srv/detail/set_pen__rosidl_typesupport_fastrtps_c.h
[2.312s] -- Up-to-date: /home/wade/ros2_ws/install/turtlesim/include/turtlesim/turtlesim/srv/detail/teleport_absolute__rosidl_typesupport_fastrtps_c.h
[2.312s] -- Up-to-date: /home/wade/ros2_ws/install/turtlesim/include/turtlesim/turtlesim/srv/detail/kill__rosidl_typesupport_fastrtps_c.h
[2.313s] -- Up-to-date: /home/wade/ros2_ws/install/turtlesim/include/turtlesim/turtlesim/action
[2.313s] -- Up-to-date: /home/wade/ros2_ws/install/turtlesim/include/turtlesim/turtlesim/action/detail
[2.313s] -- Up-to-date: /home/wade/ros2_ws/install/turtlesim/include/turtlesim/turtlesim/action/detail/rotate_absolute__rosidl_typesupport_fastrtps_c.h
[2.313s] -- Up-to-date: /home/wade/ros2_ws/install/turtlesim/include/turtlesim/turtlesim/msg
[2.313s] -- Up-to-date: /home/wade/ros2_ws/install/turtlesim/include/turtlesim/turtlesim/msg/detail
[2.313s] -- Up-to-date: /home/wade/ros2_ws/install/turtlesim/include/turtlesim/turtlesim/msg/detail/color__rosidl_typesupport_fastrtps_c.h
[2.313s] -- Up-to-date: /home/wade/ros2_ws/install/turtlesim/include/turtlesim/turtlesim/msg/detail/pose__rosidl_typesupport_fastrtps_c.h
[2.313s] -- Up-to-date: /home/wade/ros2_ws/install/turtlesim/include/turtlesim/turtlesim/msg/rosidl_typesupport_fastrtps_c__visibility_control.h
[2.313s] -- Up-to-date: /home/wade/ros2_ws/install/turtlesim/lib/libturtlesim__rosidl_typesupport_fastrtps_c.so
[2.313s] -- Up-to-date: /home/wade/ros2_ws/install/turtlesim/include/turtlesim/turtlesim
[2.313s] -- Up-to-date: /home/wade/ros2_ws/install/turtlesim/include/turtlesim/turtlesim/srv
[2.313s] -- Up-to-date: /home/wade/ros2_ws/install/turtlesim/include/turtlesim/turtlesim/srv/teleport_relative.hpp
[2.313s] -- Up-to-date: /home/wade/ros2_ws/install/turtlesim/include/turtlesim/turtlesim/srv/detail
[2.313s] -- Up-to-date: /home/wade/ros2_ws/install/turtlesim/include/turtlesim/turtlesim/srv/detail/teleport_absolute__builder.hpp
[2.313s] -- Up-to-date: /home/wade/ros2_ws/install/turtlesim/include/turtlesim/turtlesim/srv/detail/set_pen__struct.hpp
[2.313s] -- Up-to-date: /home/wade/ros2_ws/install/turtlesim/include/turtlesim/turtlesim/srv/detail/set_pen__traits.hpp
[2.313s] -- Up-to-date: /home/wade/ros2_ws/install/turtlesim/include/turtlesim/turtlesim/srv/detail/set_pen__type_support.hpp
[2.313s] -- Up-to-date: /home/wade/ros2_ws/install/turtlesim/include/turtlesim/turtlesim/srv/detail/teleport_absolute__type_support.hpp
[2.313s] -- Up-to-date: /home/wade/ros2_ws/install/turtlesim/include/turtlesim/turtlesim/srv/detail/spawn__builder.hpp
[2.313s] -- Up-to-date: /home/wade/ros2_ws/install/turtlesim/include/turtlesim/turtlesim/srv/detail/spawn__struct.hpp
[2.313s] -- Up-to-date: /home/wade/ros2_ws/install/turtlesim/include/turtlesim/turtlesim/srv/detail/teleport_absolute__struct.hpp
[2.313s] -- Up-to-date: /home/wade/ros2_ws/install/turtlesim/include/turtlesim/turtlesim/srv/detail/teleport_relative__builder.hpp
[2.313s] -- Up-to-date: /home/wade/ros2_ws/install/turtlesim/include/turtlesim/turtlesim/srv/detail/set_pen__builder.hpp
[2.314s] -- Up-to-date: /home/wade/ros2_ws/install/turtlesim/include/turtlesim/turtlesim/srv/detail/teleport_relative__type_support.hpp
[2.314s] -- Up-to-date: /home/wade/ros2_ws/install/turtlesim/include/turtlesim/turtlesim/srv/detail/spawn__type_support.hpp
[2.314s] -- Up-to-date: /home/wade/ros2_ws/install/turtlesim/include/turtlesim/turtlesim/srv/detail/spawn__traits.hpp
[2.314s] -- Up-to-date: /home/wade/ros2_ws/install/turtlesim/include/turtlesim/turtlesim/srv/detail/teleport_relative__traits.hpp
[2.314s] -- Up-to-date: /home/wade/ros2_ws/install/turtlesim/include/turtlesim/turtlesim/srv/detail/kill__traits.hpp
[2.314s] -- Up-to-date: /home/wade/ros2_ws/install/turtlesim/include/turtlesim/turtlesim/srv/detail/kill__builder.hpp
[2.314s] -- Up-to-date: /home/wade/ros2_ws/install/turtlesim/include/turtlesim/turtlesim/srv/detail/kill__struct.hpp
[2.314s] -- Up-to-date: /home/wade/ros2_ws/install/turtlesim/include/turtlesim/turtlesim/srv/detail/teleport_absolute__traits.hpp
[2.314s] -- Up-to-date: /home/wade/ros2_ws/install/turtlesim/include/turtlesim/turtlesim/srv/detail/kill__type_support.hpp
[2.314s] -- Up-to-date: /home/wade/ros2_ws/install/turtlesim/include/turtlesim/turtlesim/srv/detail/teleport_relative__struct.hpp
[2.314s] -- Up-to-date: /home/wade/ros2_ws/install/turtlesim/include/turtlesim/turtlesim/srv/spawn.hpp
[2.314s] -- Up-to-date: /home/wade/ros2_ws/install/turtlesim/include/turtlesim/turtlesim/srv/set_pen.hpp
[2.314s] -- Up-to-date: /home/wade/ros2_ws/install/turtlesim/include/turtlesim/turtlesim/srv/kill.hpp
[2.314s] -- Up-to-date: /home/wade/ros2_ws/install/turtlesim/include/turtlesim/turtlesim/srv/teleport_absolute.hpp
[2.314s] -- Up-to-date: /home/wade/ros2_ws/install/turtlesim/include/turtlesim/turtlesim/action
[2.314s] -- Up-to-date: /home/wade/ros2_ws/install/turtlesim/include/turtlesim/turtlesim/action/detail
[2.314s] -- Up-to-date: /home/wade/ros2_ws/install/turtlesim/include/turtlesim/turtlesim/action/detail/rotate_absolute__builder.hpp
[2.314s] -- Up-to-date: /home/wade/ros2_ws/install/turtlesim/include/turtlesim/turtlesim/action/detail/rotate_absolute__type_support.hpp
[2.314s] -- Up-to-date: /home/wade/ros2_ws/install/turtlesim/include/turtlesim/turtlesim/action/detail/rotate_absolute__struct.hpp
[2.314s] -- Up-to-date: /home/wade/ros2_ws/install/turtlesim/include/turtlesim/turtlesim/action/detail/rotate_absolute__traits.hpp
[2.314s] -- Up-to-date: /home/wade/ros2_ws/install/turtlesim/include/turtlesim/turtlesim/action/rotate_absolute.hpp
[2.314s] -- Up-to-date: /home/wade/ros2_ws/install/turtlesim/include/turtlesim/turtlesim/msg
[2.314s] -- Up-to-date: /home/wade/ros2_ws/install/turtlesim/include/turtlesim/turtlesim/msg/pose.hpp
[2.315s] -- Up-to-date: /home/wade/ros2_ws/install/turtlesim/include/turtlesim/turtlesim/msg/color.hpp
[2.315s] -- Up-to-date: /home/wade/ros2_ws/install/turtlesim/include/turtlesim/turtlesim/msg/detail
[2.315s] -- Up-to-date: /home/wade/ros2_ws/install/turtlesim/include/turtlesim/turtlesim/msg/detail/color__type_support.hpp
[2.315s] -- Up-to-date: /home/wade/ros2_ws/install/turtlesim/include/turtlesim/turtlesim/msg/detail/pose__type_support.hpp
[2.315s] -- Up-to-date: /home/wade/ros2_ws/install/turtlesim/include/turtlesim/turtlesim/msg/detail/pose__builder.hpp
[2.315s] -- Up-to-date: /home/wade/ros2_ws/install/turtlesim/include/turtlesim/turtlesim/msg/detail/pose__struct.hpp
[2.315s] -- Up-to-date: /home/wade/ros2_ws/install/turtlesim/include/turtlesim/turtlesim/msg/detail/color__struct.hpp
[2.315s] -- Up-to-date: /home/wade/ros2_ws/install/turtlesim/include/turtlesim/turtlesim/msg/detail/color__traits.hpp
[2.315s] -- Up-to-date: /home/wade/ros2_ws/install/turtlesim/include/turtlesim/turtlesim/msg/detail/pose__traits.hpp
[2.315s] -- Up-to-date: /home/wade/ros2_ws/install/turtlesim/include/turtlesim/turtlesim/msg/detail/color__builder.hpp
[2.315s] -- Up-to-date: /home/wade/ros2_ws/install/turtlesim/include/turtlesim/turtlesim/msg/rosidl_generator_cpp__visibility_control.hpp
[2.315s] -- Up-to-date: /home/wade/ros2_ws/install/turtlesim/include/turtlesim/turtlesim
[2.315s] -- Up-to-date: /home/wade/ros2_ws/install/turtlesim/include/turtlesim/turtlesim/srv
[2.315s] -- Up-to-date: /home/wade/ros2_ws/install/turtlesim/include/turtlesim/turtlesim/srv/detail
[2.315s] -- Up-to-date: /home/wade/ros2_ws/install/turtlesim/include/turtlesim/turtlesim/srv/detail/teleport_absolute__rosidl_typesupport_fastrtps_cpp.hpp
[2.315s] -- Up-to-date: /home/wade/ros2_ws/install/turtlesim/include/turtlesim/turtlesim/srv/detail/kill__rosidl_typesupport_fastrtps_cpp.hpp
[2.315s] -- Up-to-date: /home/wade/ros2_ws/install/turtlesim/include/turtlesim/turtlesim/srv/detail/spawn__rosidl_typesupport_fastrtps_cpp.hpp
[2.315s] -- Up-to-date: /home/wade/ros2_ws/install/turtlesim/include/turtlesim/turtlesim/srv/detail/teleport_relative__rosidl_typesupport_fastrtps_cpp.hpp
[2.315s] -- Up-to-date: /home/wade/ros2_ws/install/turtlesim/include/turtlesim/turtlesim/srv/detail/dds_fastrtps
[2.315s] -- Up-to-date: /home/wade/ros2_ws/install/turtlesim/include/turtlesim/turtlesim/srv/detail/set_pen__rosidl_typesupport_fastrtps_cpp.hpp
[2.315s] -- Up-to-date: /home/wade/ros2_ws/install/turtlesim/include/turtlesim/turtlesim/action
[2.315s] -- Up-to-date: /home/wade/ros2_ws/install/turtlesim/include/turtlesim/turtlesim/action/detail
[2.315s] -- Up-to-date: /home/wade/ros2_ws/install/turtlesim/include/turtlesim/turtlesim/action/detail/rotate_absolute__rosidl_typesupport_fastrtps_cpp.hpp
[2.315s] -- Up-to-date: /home/wade/ros2_ws/install/turtlesim/include/turtlesim/turtlesim/action/detail/dds_fastrtps
[2.315s] -- Up-to-date: /home/wade/ros2_ws/install/turtlesim/include/turtlesim/turtlesim/msg
[2.316s] -- Up-to-date: /home/wade/ros2_ws/install/turtlesim/include/turtlesim/turtlesim/msg/rosidl_typesupport_fastrtps_cpp__visibility_control.h
[2.316s] -- Up-to-date: /home/wade/ros2_ws/install/turtlesim/include/turtlesim/turtlesim/msg/detail
[2.316s] -- Up-to-date: /home/wade/ros2_ws/install/turtlesim/include/turtlesim/turtlesim/msg/detail/pose__rosidl_typesupport_fastrtps_cpp.hpp
[2.316s] -- Up-to-date: /home/wade/ros2_ws/install/turtlesim/include/turtlesim/turtlesim/msg/detail/color__rosidl_typesupport_fastrtps_cpp.hpp
[2.316s] -- Up-to-date: /home/wade/ros2_ws/install/turtlesim/include/turtlesim/turtlesim/msg/detail/dds_fastrtps
[2.316s] -- Up-to-date: /home/wade/ros2_ws/install/turtlesim/lib/libturtlesim__rosidl_typesupport_fastrtps_cpp.so
[2.316s] -- Up-to-date: /home/wade/ros2_ws/install/turtlesim/include/turtlesim/turtlesim
[2.316s] -- Up-to-date: /home/wade/ros2_ws/install/turtlesim/include/turtlesim/turtlesim/srv
[2.316s] -- Up-to-date: /home/wade/ros2_ws/install/turtlesim/include/turtlesim/turtlesim/srv/detail
[2.316s] -- Up-to-date: /home/wade/ros2_ws/install/turtlesim/include/turtlesim/turtlesim/srv/detail/teleport_absolute__type_support.c
[2.316s] -- Up-to-date: /home/wade/ros2_ws/install/turtlesim/include/turtlesim/turtlesim/srv/detail/kill__type_support.c
[2.316s] -- Up-to-date: /home/wade/ros2_ws/install/turtlesim/include/turtlesim/turtlesim/srv/detail/kill__rosidl_typesupport_introspection_c.h
[2.316s] -- Up-to-date: /home/wade/ros2_ws/install/turtlesim/include/turtlesim/turtlesim/srv/detail/set_pen__rosidl_typesupport_introspection_c.h
[2.316s] -- Up-to-date: /home/wade/ros2_ws/install/turtlesim/include/turtlesim/turtlesim/srv/detail/set_pen__type_support.c
[2.316s] -- Up-to-date: /home/wade/ros2_ws/install/turtlesim/include/turtlesim/turtlesim/srv/detail/teleport_relative__rosidl_typesupport_introspection_c.h
[2.316s] -- Up-to-date: /home/wade/ros2_ws/install/turtlesim/include/turtlesim/turtlesim/srv/detail/spawn__type_support.c
[2.316s] -- Up-to-date: /home/wade/ros2_ws/install/turtlesim/include/turtlesim/turtlesim/srv/detail/teleport_relative__type_support.c
[2.316s] -- Up-to-date: /home/wade/ros2_ws/install/turtlesim/include/turtlesim/turtlesim/srv/detail/spawn__rosidl_typesupport_introspection_c.h
[2.316s] -- Up-to-date: /home/wade/ros2_ws/install/turtlesim/include/turtlesim/turtlesim/srv/detail/teleport_absolute__rosidl_typesupport_introspection_c.h
[2.316s] -- Up-to-date: /home/wade/ros2_ws/install/turtlesim/include/turtlesim/turtlesim/action
[2.316s] -- Up-to-date: /home/wade/ros2_ws/install/turtlesim/include/turtlesim/turtlesim/action/detail
[2.317s] -- Up-to-date: /home/wade/ros2_ws/install/turtlesim/include/turtlesim/turtlesim/action/detail/rotate_absolute__rosidl_typesupport_introspection_c.h
[2.317s] -- Up-to-date: /home/wade/ros2_ws/install/turtlesim/include/turtlesim/turtlesim/action/detail/rotate_absolute__type_support.c
[2.317s] -- Up-to-date: /home/wade/ros2_ws/install/turtlesim/include/turtlesim/turtlesim/msg
[2.317s] -- Up-to-date: /home/wade/ros2_ws/install/turtlesim/include/turtlesim/turtlesim/msg/detail
[2.317s] -- Up-to-date: /home/wade/ros2_ws/install/turtlesim/include/turtlesim/turtlesim/msg/detail/pose__rosidl_typesupport_introspection_c.h
[2.317s] -- Up-to-date: /home/wade/ros2_ws/install/turtlesim/include/turtlesim/turtlesim/msg/detail/color__rosidl_typesupport_introspection_c.h
[2.317s] -- Up-to-date: /home/wade/ros2_ws/install/turtlesim/include/turtlesim/turtlesim/msg/detail/pose__type_support.c
[2.317s] -- Up-to-date: /home/wade/ros2_ws/install/turtlesim/include/turtlesim/turtlesim/msg/detail/color__type_support.c
[2.317s] -- Up-to-date: /home/wade/ros2_ws/install/turtlesim/include/turtlesim/turtlesim/msg/rosidl_typesupport_introspection_c__visibility_control.h
[2.317s] -- Up-to-date: /home/wade/ros2_ws/install/turtlesim/lib/libturtlesim__rosidl_typesupport_introspection_c.so
[2.317s] -- Up-to-date: /home/wade/ros2_ws/install/turtlesim/lib/libturtlesim__rosidl_typesupport_c.so
[2.317s] -- Up-to-date: /home/wade/ros2_ws/install/turtlesim/include/turtlesim/turtlesim
[2.317s] -- Up-to-date: /home/wade/ros2_ws/install/turtlesim/include/turtlesim/turtlesim/srv
[2.317s] -- Up-to-date: /home/wade/ros2_ws/install/turtlesim/include/turtlesim/turtlesim/srv/detail
[2.317s] -- Up-to-date: /home/wade/ros2_ws/install/turtlesim/include/turtlesim/turtlesim/srv/detail/spawn__type_support.cpp
[2.317s] -- Up-to-date: /home/wade/ros2_ws/install/turtlesim/include/turtlesim/turtlesim/srv/detail/teleport_absolute__rosidl_typesupport_introspection_cpp.hpp
[2.317s] -- Up-to-date: /home/wade/ros2_ws/install/turtlesim/include/turtlesim/turtlesim/srv/detail/kill__rosidl_typesupport_introspection_cpp.hpp
[2.317s] -- Up-to-date: /home/wade/ros2_ws/install/turtlesim/include/turtlesim/turtlesim/srv/detail/teleport_absolute__type_support.cpp
[2.317s] -- Up-to-date: /home/wade/ros2_ws/install/turtlesim/include/turtlesim/turtlesim/srv/detail/teleport_relative__type_support.cpp
[2.317s] -- Up-to-date: /home/wade/ros2_ws/install/turtlesim/include/turtlesim/turtlesim/srv/detail/spawn__rosidl_typesupport_introspection_cpp.hpp
[2.317s] -- Up-to-date: /home/wade/ros2_ws/install/turtlesim/include/turtlesim/turtlesim/srv/detail/set_pen__rosidl_typesupport_introspection_cpp.hpp
[2.317s] -- Up-to-date: /home/wade/ros2_ws/install/turtlesim/include/turtlesim/turtlesim/srv/detail/teleport_relative__rosidl_typesupport_introspection_cpp.hpp
[2.317s] -- Up-to-date: /home/wade/ros2_ws/install/turtlesim/include/turtlesim/turtlesim/srv/detail/set_pen__type_support.cpp
[2.317s] -- Up-to-date: /home/wade/ros2_ws/install/turtlesim/include/turtlesim/turtlesim/srv/detail/kill__type_support.cpp
[2.317s] -- Up-to-date: /home/wade/ros2_ws/install/turtlesim/include/turtlesim/turtlesim/action
[2.317s] -- Up-to-date: /home/wade/ros2_ws/install/turtlesim/include/turtlesim/turtlesim/action/detail
[2.317s] -- Up-to-date: /home/wade/ros2_ws/install/turtlesim/include/turtlesim/turtlesim/action/detail/rotate_absolute__type_support.cpp
[2.318s] -- Up-to-date: /home/wade/ros2_ws/install/turtlesim/include/turtlesim/turtlesim/action/detail/rotate_absolute__rosidl_typesupport_introspection_cpp.hpp
[2.318s] -- Up-to-date: /home/wade/ros2_ws/install/turtlesim/include/turtlesim/turtlesim/msg
[2.318s] -- Up-to-date: /home/wade/ros2_ws/install/turtlesim/include/turtlesim/turtlesim/msg/detail
[2.318s] -- Up-to-date: /home/wade/ros2_ws/install/turtlesim/include/turtlesim/turtlesim/msg/detail/pose__rosidl_typesupport_introspection_cpp.hpp
[2.318s] -- Up-to-date: /home/wade/ros2_ws/install/turtlesim/include/turtlesim/turtlesim/msg/detail/color__rosidl_typesupport_introspection_cpp.hpp
[2.318s] -- Up-to-date: /home/wade/ros2_ws/install/turtlesim/include/turtlesim/turtlesim/msg/detail/color__type_support.cpp
[2.318s] -- Up-to-date: /home/wade/ros2_ws/install/turtlesim/include/turtlesim/turtlesim/msg/detail/pose__type_support.cpp
[2.318s] -- Up-to-date: /home/wade/ros2_ws/install/turtlesim/lib/libturtlesim__rosidl_typesupport_introspection_cpp.so
[2.318s] -- Up-to-date: /home/wade/ros2_ws/install/turtlesim/lib/libturtlesim__rosidl_typesupport_cpp.so
[2.318s] -- Up-to-date: /home/wade/ros2_ws/install/turtlesim/share/turtlesim/environment/pythonpath.sh
[2.318s] -- Up-to-date: /home/wade/ros2_ws/install/turtlesim/share/turtlesim/environment/pythonpath.dsv
[2.318s] -- Up-to-date: /home/wade/ros2_ws/install/turtlesim/local/lib/python3.10/dist-packages/turtlesim-1.4.2-py3.10.egg-info
[2.318s] -- Installing: /home/wade/ros2_ws/install/turtlesim/local/lib/python3.10/dist-packages/turtlesim-1.4.2-py3.10.egg-info/top_level.txt
[2.318s] -- Installing: /home/wade/ros2_ws/install/turtlesim/local/lib/python3.10/dist-packages/turtlesim-1.4.2-py3.10.egg-info/SOURCES.txt
[2.318s] -- Installing: /home/wade/ros2_ws/install/turtlesim/local/lib/python3.10/dist-packages/turtlesim-1.4.2-py3.10.egg-info/dependency_links.txt
[2.318s] -- Installing: /home/wade/ros2_ws/install/turtlesim/local/lib/python3.10/dist-packages/turtlesim-1.4.2-py3.10.egg-info/PKG-INFO
[2.318s] -- Up-to-date: /home/wade/ros2_ws/install/turtlesim/local/lib/python3.10/dist-packages/turtlesim
[2.318s] -- Up-to-date: /home/wade/ros2_ws/install/turtlesim/local/lib/python3.10/dist-packages/turtlesim/_turtlesim_s.ep.rosidl_typesupport_c.c
[2.318s] -- Up-to-date: /home/wade/ros2_ws/install/turtlesim/local/lib/python3.10/dist-packages/turtlesim/libturtlesim__rosidl_generator_py.so
[2.318s] -- Up-to-date: /home/wade/ros2_ws/install/turtlesim/local/lib/python3.10/dist-packages/turtlesim/srv
[2.318s] -- Up-to-date: /home/wade/ros2_ws/install/turtlesim/local/lib/python3.10/dist-packages/turtlesim/srv/__init__.py
[2.318s] -- Up-to-date: /home/wade/ros2_ws/install/turtlesim/local/lib/python3.10/dist-packages/turtlesim/srv/_teleport_absolute_s.c
[2.318s] -- Up-to-date: /home/wade/ros2_ws/install/turtlesim/local/lib/python3.10/dist-packages/turtlesim/srv/_spawn_s.c
[2.318s] -- Up-to-date: /home/wade/ros2_ws/install/turtlesim/local/lib/python3.10/dist-packages/turtlesim/srv/_teleport_relative_s.c
[2.318s] -- Up-to-date: /home/wade/ros2_ws/install/turtlesim/local/lib/python3.10/dist-packages/turtlesim/srv/_spawn.py
[2.318s] -- Up-to-date: /home/wade/ros2_ws/install/turtlesim/local/lib/python3.10/dist-packages/turtlesim/srv/_kill.py
[2.318s] -- Up-to-date: /home/wade/ros2_ws/install/turtlesim/local/lib/python3.10/dist-packages/turtlesim/srv/_teleport_absolute.py
[2.318s] -- Up-to-date: /home/wade/ros2_ws/install/turtlesim/local/lib/python3.10/dist-packages/turtlesim/srv/_kill_s.c
[2.318s] -- Up-to-date: /home/wade/ros2_ws/install/turtlesim/local/lib/python3.10/dist-packages/turtlesim/srv/_set_pen_s.c
[2.318s] -- Up-to-date: /home/wade/ros2_ws/install/turtlesim/local/lib/python3.10/dist-packages/turtlesim/srv/_set_pen.py
[2.318s] -- Up-to-date: /home/wade/ros2_ws/install/turtlesim/local/lib/python3.10/dist-packages/turtlesim/srv/_teleport_relative.py
[2.318s] -- Up-to-date: /home/wade/ros2_ws/install/turtlesim/local/lib/python3.10/dist-packages/turtlesim/__init__.py
[2.319s] -- Up-to-date: /home/wade/ros2_ws/install/turtlesim/local/lib/python3.10/dist-packages/turtlesim/turtlesim_s__rosidl_typesupport_c.cpython-310-x86_64-linux-gnu.so
[2.319s] -- Up-to-date: /home/wade/ros2_ws/install/turtlesim/local/lib/python3.10/dist-packages/turtlesim/_turtlesim_s.ep.rosidl_typesupport_introspection_c.c
[2.319s] -- Up-to-date: /home/wade/ros2_ws/install/turtlesim/local/lib/python3.10/dist-packages/turtlesim/_turtlesim_s.ep.rosidl_typesupport_fastrtps_c.c
[2.319s] -- Up-to-date: /home/wade/ros2_ws/install/turtlesim/local/lib/python3.10/dist-packages/turtlesim/action
[2.319s] -- Up-to-date: /home/wade/ros2_ws/install/turtlesim/local/lib/python3.10/dist-packages/turtlesim/action/_rotate_absolute_s.c
[2.319s] -- Up-to-date: /home/wade/ros2_ws/install/turtlesim/local/lib/python3.10/dist-packages/turtlesim/action/__init__.py
[2.319s] -- Up-to-date: /home/wade/ros2_ws/install/turtlesim/local/lib/python3.10/dist-packages/turtlesim/action/_rotate_absolute.py
[2.319s] -- Up-to-date: /home/wade/ros2_ws/install/turtlesim/local/lib/python3.10/dist-packages/turtlesim/turtlesim_s__rosidl_typesupport_fastrtps_c.cpython-310-x86_64-linux-gnu.so
[2.319s] -- Up-to-date: /home/wade/ros2_ws/install/turtlesim/local/lib/python3.10/dist-packages/turtlesim/msg
[2.319s] -- Up-to-date: /home/wade/ros2_ws/install/turtlesim/local/lib/python3.10/dist-packages/turtlesim/msg/_pose.py
[2.319s] -- Up-to-date: /home/wade/ros2_ws/install/turtlesim/local/lib/python3.10/dist-packages/turtlesim/msg/_color.py
[2.319s] -- Up-to-date: /home/wade/ros2_ws/install/turtlesim/local/lib/python3.10/dist-packages/turtlesim/msg/__init__.py
[2.319s] -- Up-to-date: /home/wade/ros2_ws/install/turtlesim/local/lib/python3.10/dist-packages/turtlesim/msg/_color_s.c
[2.319s] -- Up-to-date: /home/wade/ros2_ws/install/turtlesim/local/lib/python3.10/dist-packages/turtlesim/msg/_pose_s.c
[2.319s] -- Up-to-date: /home/wade/ros2_ws/install/turtlesim/local/lib/python3.10/dist-packages/turtlesim/turtlesim_s__rosidl_typesupport_introspection_c.cpython-310-x86_64-linux-gnu.so
[2.334s] Listing '/home/wade/ros2_ws/install/turtlesim/local/lib/python3.10/dist-packages/turtlesim'...
[2.334s] Listing '/home/wade/ros2_ws/install/turtlesim/local/lib/python3.10/dist-packages/turtlesim/action'...
[2.334s] Listing '/home/wade/ros2_ws/install/turtlesim/local/lib/python3.10/dist-packages/turtlesim/msg'...
[2.334s] Listing '/home/wade/ros2_ws/install/turtlesim/local/lib/python3.10/dist-packages/turtlesim/srv'...
[2.337s] -- Up-to-date: /home/wade/ros2_ws/install/turtlesim/local/lib/python3.10/dist-packages/turtlesim/turtlesim_s__rosidl_typesupport_fastrtps_c.cpython-310-x86_64-linux-gnu.so
[2.338s] -- Up-to-date: /home/wade/ros2_ws/install/turtlesim/local/lib/python3.10/dist-packages/turtlesim/turtlesim_s__rosidl_typesupport_introspection_c.cpython-310-x86_64-linux-gnu.so
[2.338s] -- Up-to-date: /home/wade/ros2_ws/install/turtlesim/local/lib/python3.10/dist-packages/turtlesim/turtlesim_s__rosidl_typesupport_c.cpython-310-x86_64-linux-gnu.so
[2.339s] -- Up-to-date: /home/wade/ros2_ws/install/turtlesim/lib/libturtlesim__rosidl_generator_py.so
[2.339s] -- Up-to-date: /home/wade/ros2_ws/install/turtlesim/share/turtlesim/action/RotateAbsolute.idl
[2.339s] -- Up-to-date: /home/wade/ros2_ws/install/turtlesim/share/turtlesim/msg/Color.idl
[2.339s] -- Up-to-date: /home/wade/ros2_ws/install/turtlesim/share/turtlesim/msg/Pose.idl
[2.339s] -- Up-to-date: /home/wade/ros2_ws/install/turtlesim/share/turtlesim/srv/Kill.idl
[2.340s] -- Up-to-date: /home/wade/ros2_ws/install/turtlesim/share/turtlesim/srv/SetPen.idl
[2.340s] -- Up-to-date: /home/wade/ros2_ws/install/turtlesim/share/turtlesim/srv/Spawn.idl
[2.340s] -- Up-to-date: /home/wade/ros2_ws/install/turtlesim/share/turtlesim/srv/TeleportAbsolute.idl
[2.340s] -- Up-to-date: /home/wade/ros2_ws/install/turtlesim/share/turtlesim/srv/TeleportRelative.idl
[2.340s] -- Up-to-date: /home/wade/ros2_ws/install/turtlesim/share/turtlesim/action/RotateAbsolute.action
[2.340s] -- Up-to-date: /home/wade/ros2_ws/install/turtlesim/share/turtlesim/msg/Color.msg
[2.340s] -- Up-to-date: /home/wade/ros2_ws/install/turtlesim/share/turtlesim/msg/Pose.msg
[2.340s] -- Up-to-date: /home/wade/ros2_ws/install/turtlesim/share/turtlesim/srv/Kill.srv
[2.340s] -- Up-to-date: /home/wade/ros2_ws/install/turtlesim/share/turtlesim/srv/Kill_Request.msg
[2.340s] -- Up-to-date: /home/wade/ros2_ws/install/turtlesim/share/turtlesim/srv/Kill_Response.msg
[2.340s] -- Up-to-date: /home/wade/ros2_ws/install/turtlesim/share/turtlesim/srv/SetPen.srv
[2.340s] -- Up-to-date: /home/wade/ros2_ws/install/turtlesim/share/turtlesim/srv/SetPen_Request.msg
[2.340s] -- Up-to-date: /home/wade/ros2_ws/install/turtlesim/share/turtlesim/srv/SetPen_Response.msg
[2.340s] -- Up-to-date: /home/wade/ros2_ws/install/turtlesim/share/turtlesim/srv/Spawn.srv
[2.340s] -- Up-to-date: /home/wade/ros2_ws/install/turtlesim/share/turtlesim/srv/Spawn_Request.msg
[2.340s] -- Up-to-date: /home/wade/ros2_ws/install/turtlesim/share/turtlesim/srv/Spawn_Response.msg
[2.340s] -- Up-to-date: /home/wade/ros2_ws/install/turtlesim/share/turtlesim/srv/TeleportAbsolute.srv
[2.340s] -- Up-to-date: /home/wade/ros2_ws/install/turtlesim/share/turtlesim/srv/TeleportAbsolute_Request.msg
[2.340s] -- Up-to-date: /home/wade/ros2_ws/install/turtlesim/share/turtlesim/srv/TeleportAbsolute_Response.msg
[2.340s] -- Up-to-date: /home/wade/ros2_ws/install/turtlesim/share/turtlesim/srv/TeleportRelative.srv
[2.340s] -- Up-to-date: /home/wade/ros2_ws/install/turtlesim/share/turtlesim/srv/TeleportRelative_Request.msg
[2.340s] -- Up-to-date: /home/wade/ros2_ws/install/turtlesim/share/turtlesim/srv/TeleportRelative_Response.msg
[2.340s] -- Up-to-date: /home/wade/ros2_ws/install/turtlesim/lib/turtlesim/turtlesim_node
[2.341s] -- Up-to-date: /home/wade/ros2_ws/install/turtlesim/lib/turtlesim/turtle_teleop_key
[2.342s] -- Up-to-date: /home/wade/ros2_ws/install/turtlesim/lib/turtlesim/draw_square
[2.343s] -- Up-to-date: /home/wade/ros2_ws/install/turtlesim/lib/turtlesim/mimic
[2.343s] -- Up-to-date: /home/wade/ros2_ws/install/turtlesim/share/turtlesim/images
[2.343s] -- Up-to-date: /home/wade/ros2_ws/install/turtlesim/share/turtlesim/images/foxy.png
[2.343s] -- Up-to-date: /home/wade/ros2_ws/install/turtlesim/share/turtlesim/images/galactic.png
[2.343s] -- Up-to-date: /home/wade/ros2_ws/install/turtlesim/share/turtlesim/images/rolling.png
[2.343s] -- Up-to-date: /home/wade/ros2_ws/install/turtlesim/share/turtlesim/images/humble.png
[2.343s] -- Up-to-date: /home/wade/ros2_ws/install/turtlesim/share/turtlesim/images/ardent.png
[2.343s] -- Up-to-date: /home/wade/ros2_ws/install/turtlesim/share/turtlesim/images/dashing.png
[2.343s] -- Up-to-date: /home/wade/ros2_ws/install/turtlesim/share/turtlesim/images/crystal.png
[2.343s] -- Up-to-date: /home/wade/ros2_ws/install/turtlesim/share/turtlesim/images/bouncy.png
[2.343s] -- Up-to-date: /home/wade/ros2_ws/install/turtlesim/share/turtlesim/images/eloquent.png
[2.343s] -- Up-to-date: /home/wade/ros2_ws/install/turtlesim/share/turtlesim/launch
[2.343s] -- Up-to-date: /home/wade/ros2_ws/install/turtlesim/share/turtlesim/launch/multisim.launch.py
[2.343s] -- Up-to-date: /home/wade/ros2_ws/install/turtlesim/share/ament_index/resource_index/package_run_dependencies/turtlesim
[2.343s] -- Up-to-date: /home/wade/ros2_ws/install/turtlesim/share/ament_index/resource_index/parent_prefix_path/turtlesim
[2.343s] -- Up-to-date: /home/wade/ros2_ws/install/turtlesim/share/turtlesim/environment/ament_prefix_path.sh
[2.343s] -- Up-to-date: /home/wade/ros2_ws/install/turtlesim/share/turtlesim/environment/ament_prefix_path.dsv
[2.343s] -- Up-to-date: /home/wade/ros2_ws/install/turtlesim/share/turtlesim/environment/path.sh
[2.343s] -- Up-to-date: /home/wade/ros2_ws/install/turtlesim/share/turtlesim/environment/path.dsv
[2.344s] -- Up-to-date: /home/wade/ros2_ws/install/turtlesim/share/turtlesim/local_setup.bash
[2.344s] -- Up-to-date: /home/wade/ros2_ws/install/turtlesim/share/turtlesim/local_setup.sh
[2.344s] -- Up-to-date: /home/wade/ros2_ws/install/turtlesim/share/turtlesim/local_setup.zsh
[2.344s] -- Up-to-date: /home/wade/ros2_ws/install/turtlesim/share/turtlesim/local_setup.dsv
[2.344s] -- Installing: /home/wade/ros2_ws/install/turtlesim/share/turtlesim/package.dsv
[2.344s] -- Up-to-date: /home/wade/ros2_ws/install/turtlesim/share/ament_index/resource_index/packages/turtlesim
[2.344s] -- Up-to-date: /home/wade/ros2_ws/install/turtlesim/share/turtlesim/cmake/export_turtlesim__rosidl_generator_cExport.cmake
[2.344s] -- Up-to-date: /home/wade/ros2_ws/install/turtlesim/share/turtlesim/cmake/export_turtlesim__rosidl_generator_cExport-noconfig.cmake
[2.344s] -- Up-to-date: /home/wade/ros2_ws/install/turtlesim/share/turtlesim/cmake/export_turtlesim__rosidl_typesupport_fastrtps_cExport.cmake
[2.344s] -- Up-to-date: /home/wade/ros2_ws/install/turtlesim/share/turtlesim/cmake/export_turtlesim__rosidl_typesupport_fastrtps_cExport-noconfig.cmake
[2.344s] -- Up-to-date: /home/wade/ros2_ws/install/turtlesim/share/turtlesim/cmake/export_turtlesim__rosidl_generator_cppExport.cmake
[2.344s] -- Up-to-date: /home/wade/ros2_ws/install/turtlesim/share/turtlesim/cmake/export_turtlesim__rosidl_typesupport_fastrtps_cppExport.cmake
[2.345s] -- Up-to-date: /home/wade/ros2_ws/install/turtlesim/share/turtlesim/cmake/export_turtlesim__rosidl_typesupport_fastrtps_cppExport-noconfig.cmake
[2.345s] -- Up-to-date: /home/wade/ros2_ws/install/turtlesim/share/turtlesim/cmake/turtlesim__rosidl_typesupport_introspection_cExport.cmake
[2.345s] -- Up-to-date: /home/wade/ros2_ws/install/turtlesim/share/turtlesim/cmake/turtlesim__rosidl_typesupport_introspection_cExport-noconfig.cmake
[2.345s] -- Up-to-date: /home/wade/ros2_ws/install/turtlesim/share/turtlesim/cmake/turtlesim__rosidl_typesupport_cExport.cmake
[2.345s] -- Up-to-date: /home/wade/ros2_ws/install/turtlesim/share/turtlesim/cmake/turtlesim__rosidl_typesupport_cExport-noconfig.cmake
[2.345s] -- Up-to-date: /home/wade/ros2_ws/install/turtlesim/share/turtlesim/cmake/turtlesim__rosidl_typesupport_introspection_cppExport.cmake
[2.345s] -- Up-to-date: /home/wade/ros2_ws/install/turtlesim/share/turtlesim/cmake/turtlesim__rosidl_typesupport_introspection_cppExport-noconfig.cmake
[2.346s] -- Up-to-date: /home/wade/ros2_ws/install/turtlesim/share/turtlesim/cmake/turtlesim__rosidl_typesupport_cppExport.cmake
[2.346s] -- Up-to-date: /home/wade/ros2_ws/install/turtlesim/share/turtlesim/cmake/turtlesim__rosidl_typesupport_cppExport-noconfig.cmake
[2.346s] -- Up-to-date: /home/wade/ros2_ws/install/turtlesim/share/turtlesim/cmake/export_turtlesim__rosidl_generator_pyExport.cmake
[2.346s] -- Up-to-date: /home/wade/ros2_ws/install/turtlesim/share/turtlesim/cmake/export_turtlesim__rosidl_generator_pyExport-noconfig.cmake
[2.346s] -- Up-to-date: /home/wade/ros2_ws/install/turtlesim/share/turtlesim/cmake/rosidl_cmake-extras.cmake
[2.346s] -- Up-to-date: /home/wade/ros2_ws/install/turtlesim/share/turtlesim/cmake/ament_cmake_export_dependencies-extras.cmake
[2.346s] -- Up-to-date: /home/wade/ros2_ws/install/turtlesim/share/turtlesim/cmake/ament_cmake_export_include_directories-extras.cmake
[2.346s] -- Up-to-date: /home/wade/ros2_ws/install/turtlesim/share/turtlesim/cmake/ament_cmake_export_libraries-extras.cmake
[2.346s] -- Up-to-date: /home/wade/ros2_ws/install/turtlesim/share/turtlesim/cmake/ament_cmake_export_targets-extras.cmake
[2.346s] -- Up-to-date: /home/wade/ros2_ws/install/turtlesim/share/turtlesim/cmake/rosidl_cmake_export_typesupport_targets-extras.cmake
[2.346s] -- Up-to-date: /home/wade/ros2_ws/install/turtlesim/share/turtlesim/cmake/rosidl_cmake_export_typesupport_libraries-extras.cmake
[2.346s] -- Up-to-date: /home/wade/ros2_ws/install/turtlesim/share/turtlesim/cmake/turtlesimConfig.cmake
[2.346s] -- Up-to-date: /home/wade/ros2_ws/install/turtlesim/share/turtlesim/cmake/turtlesimConfig-version.cmake
[2.346s] -- Up-to-date: /home/wade/ros2_ws/install/turtlesim/share/turtlesim/package.xml
[2.361s] Invoked command in '/home/wade/ros2_ws/build/turtlesim' returned '0': CMAKE_PREFIX_PATH=/opt/ros/humble /usr/bin/cmake --install /home/wade/ros2_ws/build/turtlesim
