[4.661s] Invoking command in '/home/wade/ros2_ws/build/examples_rclpy_minimal_client': PYTHONPATH=/home/wade/ros2_ws/build/examples_rclpy_minimal_client/prefix_override:/usr/lib/python3/dist-packages/colcon_core/task/python/colcon_distutils_commands:/home/wade/ros2_ws/install/examples_rclpy_minimal_client/lib/python3.10/site-packages:${PYTHONPATH} /usr/bin/python3 -W ignore:setup.py install is deprecated -W ignore:easy_install command is deprecated setup.py develop --uninstall --editable --build-directory /home/wade/ros2_ws/build/examples_rclpy_minimal_client/build
[5.097s] running develop
[5.330s] Removing /home/wade/ros2_ws/install/examples_rclpy_minimal_client/lib/python3.10/site-packages/examples-rclpy-minimal-client.egg-link (link to .)
[5.378s] Invoked command in '/home/wade/ros2_ws/build/examples_rclpy_minimal_client' returned '0': PYTHONPATH=/home/wade/ros2_ws/build/examples_rclpy_minimal_client/prefix_override:/usr/lib/python3/dist-packages/colcon_core/task/python/colcon_distutils_commands:/home/wade/ros2_ws/install/examples_rclpy_minimal_client/lib/python3.10/site-packages:${PYTHONPATH} /usr/bin/python3 -W ignore:setup.py install is deprecated -W ignore:easy_install command is deprecated setup.py develop --uninstall --editable --build-directory /home/wade/ros2_ws/build/examples_rclpy_minimal_client/build
[5.380s] Invoking command in '/home/wade/ros2_ws/src/examples/rclpy/services/minimal_client': PYTHONPATH=/home/wade/ros2_ws/build/examples_rclpy_minimal_client/prefix_override:/usr/lib/python3/dist-packages/colcon_core/task/python/colcon_distutils_commands:/home/wade/ros2_ws/install/examples_rclpy_minimal_client/lib/python3.10/site-packages:${PYTHONPATH} /usr/bin/python3 -W ignore:setup.py install is deprecated -W ignore:easy_install command is deprecated setup.py egg_info --egg-base ../../../../../build/examples_rclpy_minimal_client build --build-base /home/wade/ros2_ws/build/examples_rclpy_minimal_client/build install --record /home/wade/ros2_ws/build/examples_rclpy_minimal_client/install.log --single-version-externally-managed install_data --force
[5.665s] running egg_info
[5.665s] writing ../../../../../build/examples_rclpy_minimal_client/examples_rclpy_minimal_client.egg-info/PKG-INFO
[5.666s] writing dependency_links to ../../../../../build/examples_rclpy_minimal_client/examples_rclpy_minimal_client.egg-info/dependency_links.txt
[5.666s] writing entry points to ../../../../../build/examples_rclpy_minimal_client/examples_rclpy_minimal_client.egg-info/entry_points.txt
[5.666s] writing requirements to ../../../../../build/examples_rclpy_minimal_client/examples_rclpy_minimal_client.egg-info/requires.txt
[5.666s] writing top-level names to ../../../../../build/examples_rclpy_minimal_client/examples_rclpy_minimal_client.egg-info/top_level.txt
[5.669s] reading manifest file '../../../../../build/examples_rclpy_minimal_client/examples_rclpy_minimal_client.egg-info/SOURCES.txt'
[5.670s] writing manifest file '../../../../../build/examples_rclpy_minimal_client/examples_rclpy_minimal_client.egg-info/SOURCES.txt'
[5.670s] running build
[5.670s] running build_py
[5.670s] creating /home/wade/ros2_ws/build/examples_rclpy_minimal_client/build
[5.670s] creating /home/wade/ros2_ws/build/examples_rclpy_minimal_client/build/lib
[5.671s] creating /home/wade/ros2_ws/build/examples_rclpy_minimal_client/build/lib/examples_rclpy_minimal_client
[5.671s] copying examples_rclpy_minimal_client/client_async_callback.py -> /home/wade/ros2_ws/build/examples_rclpy_minimal_client/build/lib/examples_rclpy_minimal_client
[5.671s] copying examples_rclpy_minimal_client/client_async.py -> /home/wade/ros2_ws/build/examples_rclpy_minimal_client/build/lib/examples_rclpy_minimal_client
[5.671s] copying examples_rclpy_minimal_client/__init__.py -> /home/wade/ros2_ws/build/examples_rclpy_minimal_client/build/lib/examples_rclpy_minimal_client
[5.671s] copying examples_rclpy_minimal_client/client_async_member_function.py -> /home/wade/ros2_ws/build/examples_rclpy_minimal_client/build/lib/examples_rclpy_minimal_client
[5.671s] copying examples_rclpy_minimal_client/client.py -> /home/wade/ros2_ws/build/examples_rclpy_minimal_client/build/lib/examples_rclpy_minimal_client
[5.673s] running install
[5.673s] running install_lib
[5.673s] creating /home/wade/ros2_ws/install/examples_rclpy_minimal_client/lib/python3.10/site-packages/examples_rclpy_minimal_client
[5.673s] copying /home/wade/ros2_ws/build/examples_rclpy_minimal_client/build/lib/examples_rclpy_minimal_client/client_async_callback.py -> /home/wade/ros2_ws/install/examples_rclpy_minimal_client/lib/python3.10/site-packages/examples_rclpy_minimal_client
[5.673s] copying /home/wade/ros2_ws/build/examples_rclpy_minimal_client/build/lib/examples_rclpy_minimal_client/client_async.py -> /home/wade/ros2_ws/install/examples_rclpy_minimal_client/lib/python3.10/site-packages/examples_rclpy_minimal_client
[5.673s] copying /home/wade/ros2_ws/build/examples_rclpy_minimal_client/build/lib/examples_rclpy_minimal_client/__init__.py -> /home/wade/ros2_ws/install/examples_rclpy_minimal_client/lib/python3.10/site-packages/examples_rclpy_minimal_client
[5.674s] copying /home/wade/ros2_ws/build/examples_rclpy_minimal_client/build/lib/examples_rclpy_minimal_client/client_async_member_function.py -> /home/wade/ros2_ws/install/examples_rclpy_minimal_client/lib/python3.10/site-packages/examples_rclpy_minimal_client
[5.674s] copying /home/wade/ros2_ws/build/examples_rclpy_minimal_client/build/lib/examples_rclpy_minimal_client/client.py -> /home/wade/ros2_ws/install/examples_rclpy_minimal_client/lib/python3.10/site-packages/examples_rclpy_minimal_client
[5.674s] byte-compiling /home/wade/ros2_ws/install/examples_rclpy_minimal_client/lib/python3.10/site-packages/examples_rclpy_minimal_client/client_async_callback.py to client_async_callback.cpython-310.pyc
[5.676s] byte-compiling /home/wade/ros2_ws/install/examples_rclpy_minimal_client/lib/python3.10/site-packages/examples_rclpy_minimal_client/client_async.py to client_async.cpython-310.pyc
[5.676s] byte-compiling /home/wade/ros2_ws/install/examples_rclpy_minimal_client/lib/python3.10/site-packages/examples_rclpy_minimal_client/__init__.py to __init__.cpython-310.pyc
[5.676s] byte-compiling /home/wade/ros2_ws/install/examples_rclpy_minimal_client/lib/python3.10/site-packages/examples_rclpy_minimal_client/client_async_member_function.py to client_async_member_function.cpython-310.pyc
[5.676s] byte-compiling /home/wade/ros2_ws/install/examples_rclpy_minimal_client/lib/python3.10/site-packages/examples_rclpy_minimal_client/client.py to client.cpython-310.pyc
[5.676s] running install_data
[5.677s] copying resource/examples_rclpy_minimal_client -> /home/wade/ros2_ws/install/examples_rclpy_minimal_client/share/ament_index/resource_index/packages
[5.677s] copying package.xml -> /home/wade/ros2_ws/install/examples_rclpy_minimal_client/share/examples_rclpy_minimal_client
[5.677s] running install_egg_info
[5.679s] Copying ../../../../../build/examples_rclpy_minimal_client/examples_rclpy_minimal_client.egg-info to /home/wade/ros2_ws/install/examples_rclpy_minimal_client/lib/python3.10/site-packages/examples_rclpy_minimal_client-0.15.3-py3.10.egg-info
[5.680s] running install_scripts
[5.702s] Installing client script to /home/wade/ros2_ws/install/examples_rclpy_minimal_client/lib/examples_rclpy_minimal_client
[5.702s] Installing client_async script to /home/wade/ros2_ws/install/examples_rclpy_minimal_client/lib/examples_rclpy_minimal_client
[5.702s] Installing client_async_callback script to /home/wade/ros2_ws/install/examples_rclpy_minimal_client/lib/examples_rclpy_minimal_client
[5.703s] Installing client_async_member_function script to /home/wade/ros2_ws/install/examples_rclpy_minimal_client/lib/examples_rclpy_minimal_client
[5.703s] writing list of installed files to '/home/wade/ros2_ws/build/examples_rclpy_minimal_client/install.log'
[5.731s] Invoked command in '/home/wade/ros2_ws/src/examples/rclpy/services/minimal_client' returned '0': PYTHONPATH=/home/wade/ros2_ws/build/examples_rclpy_minimal_client/prefix_override:/usr/lib/python3/dist-packages/colcon_core/task/python/colcon_distutils_commands:/home/wade/ros2_ws/install/examples_rclpy_minimal_client/lib/python3.10/site-packages:${PYTHONPATH} /usr/bin/python3 -W ignore:setup.py install is deprecated -W ignore:easy_install command is deprecated setup.py egg_info --egg-base ../../../../../build/examples_rclpy_minimal_client build --build-base /home/wade/ros2_ws/build/examples_rclpy_minimal_client/build install --record /home/wade/ros2_ws/build/examples_rclpy_minimal_client/install.log --single-version-externally-managed install_data --force
