[0.993s] Invoking command in '/home/wade/ros2_ws/src/my_package': PYTHONPATH=/home/wade/ros2_ws/build/my_package/prefix_override:/usr/lib/python3/dist-packages/colcon_core/task/python/colcon_distutils_commands:/home/wade/ros2_ws/install/my_package/lib/python3.10/site-packages:${PYTHONPATH} /usr/bin/python3 -W ignore:setup.py install is deprecated -W ignore:easy_install command is deprecated setup.py egg_info --egg-base ../../build/my_package build --build-base /home/wade/ros2_ws/build/my_package/build install --record /home/wade/ros2_ws/build/my_package/install.log --single-version-externally-managed install_data
[1.170s] running egg_info
[1.170s] writing ../../build/my_package/my_package.egg-info/PKG-INFO
[1.171s] writing dependency_links to ../../build/my_package/my_package.egg-info/dependency_links.txt
[1.171s] writing entry points to ../../build/my_package/my_package.egg-info/entry_points.txt
[1.171s] writing requirements to ../../build/my_package/my_package.egg-info/requires.txt
[1.171s] writing top-level names to ../../build/my_package/my_package.egg-info/top_level.txt
[1.172s] reading manifest file '../../build/my_package/my_package.egg-info/SOURCES.txt'
[1.172s] adding license file 'LICENSE'
[1.172s] writing manifest file '../../build/my_package/my_package.egg-info/SOURCES.txt'
[1.172s] running build
[1.173s] running build_py
[1.173s] running install
[1.173s] running install_lib
[1.174s] running install_data
[1.174s] running install_egg_info
[1.175s] removing '/home/wade/ros2_ws/install/my_package/lib/python3.10/site-packages/my_package-0.0.0-py3.10.egg-info' (and everything under it)
[1.176s] Copying ../../build/my_package/my_package.egg-info to /home/wade/ros2_ws/install/my_package/lib/python3.10/site-packages/my_package-0.0.0-py3.10.egg-info
[1.176s] running install_scripts
[1.192s] Installing my_node script to /home/wade/ros2_ws/install/my_package/lib/my_package
[1.192s] writing list of installed files to '/home/wade/ros2_ws/build/my_package/install.log'
[1.389s] Invoked command in '/home/wade/ros2_ws/src/my_package' returned '0': PYTHONPATH=/home/wade/ros2_ws/build/my_package/prefix_override:/usr/lib/python3/dist-packages/colcon_core/task/python/colcon_distutils_commands:/home/wade/ros2_ws/install/my_package/lib/python3.10/site-packages:${PYTHONPATH} /usr/bin/python3 -W ignore:setup.py install is deprecated -W ignore:easy_install command is deprecated setup.py egg_info --egg-base ../../build/my_package build --build-base /home/wade/ros2_ws/build/my_package/build install --record /home/wade/ros2_ws/build/my_package/install.log --single-version-externally-managed install_data
